2022-12-10 17:16:13.125 [info] 로그 수준: Info
2022-12-10 17:16:13.125 [info] "git"에서 찾은 git 유효성을 검사하는 중
2022-12-10 17:16:13.125 [info] "2.7.4"에서 git "git"을(를) 사용하는 중
2022-12-10 17:16:13.125 [info] > git rev-parse --show-toplevel [4ms]
2022-12-10 17:16:13.125 [info] fatal: Not a git repository (or any parent up to mount point /home)
Stopping at filesystem boundary (GIT_DISCOVERY_ACROSS_FILESYSTEM not set).
2022-12-10 17:16:13.125 [info] > git rev-parse --show-toplevel [2ms]
2022-12-10 17:16:13.125 [info] > git rev-parse --git-dir --git-common-dir [1ms]
2022-12-10 17:16:13.125 [info] Open repository: /home/team11/pintos
2022-12-10 17:16:13.125 [info] > git rev-parse --show-toplevel [5ms]
2022-12-10 17:16:13.125 [info] fatal: Not a git repository (or any parent up to mount point /home)
Stopping at filesystem boundary (GIT_DISCOVERY_ACROSS_FILESYSTEM not set).
2022-12-10 17:16:13.125 [info] > git config --get commit.template [5ms]
2022-12-10 17:16:13.125 [info] > git for-each-ref --format=%(refname)%00%(upstream:short)%00%(objectname)%00%(upstream:track) refs/heads/submit_project3 refs/remotes/submit_project3 [4ms]
2022-12-10 17:16:13.125 [info] > git rev-parse --show-toplevel [19ms]
2022-12-10 17:16:13.125 [info] fatal: Not a git repository (or any parent up to mount point /home)
Stopping at filesystem boundary (GIT_DISCOVERY_ACROSS_FILESYSTEM not set).
2022-12-10 17:16:13.125 [info] > git status -z -uall [10ms]
2022-12-10 17:16:13.125 [info] > git for-each-ref --sort -committerdate --format %(refname) %(objectname) %(*objectname) [6ms]
2022-12-10 17:16:13.125 [info] > git rev-parse --show-toplevel [13ms]
2022-12-10 17:16:13.125 [info] fatal: Not a git repository (or any parent up to mount point /home)
Stopping at filesystem boundary (GIT_DISCOVERY_ACROSS_FILESYSTEM not set).
2022-12-10 17:16:13.125 [info] > git config --get commit.template [3ms]
2022-12-10 17:16:13.125 [info] > git rev-parse --show-toplevel [5ms]
2022-12-10 17:16:13.125 [info] fatal: Not a git repository (or any parent up to mount point /home)
Stopping at filesystem boundary (GIT_DISCOVERY_ACROSS_FILESYSTEM not set).
2022-12-10 17:16:13.125 [info] > git for-each-ref --format=%(refname)%00%(upstream:short)%00%(objectname)%00%(upstream:track) refs/heads/submit_project3 refs/remotes/submit_project3 [4ms]
2022-12-10 17:16:13.125 [info] > git rev-parse --show-toplevel [8ms]
2022-12-10 17:16:13.125 [info] fatal: Not a git repository (or any parent up to mount point /home)
Stopping at filesystem boundary (GIT_DISCOVERY_ACROSS_FILESYSTEM not set).
2022-12-10 17:16:13.125 [info] > git status -z -uall [8ms]
2022-12-10 17:16:13.125 [info] > git for-each-ref --sort -committerdate --format %(refname) %(objectname) %(*objectname) [6ms]
2022-12-10 17:16:13.125 [info] > git show --textconv :src/userprog/syscall.c [6ms]
2022-12-10 17:16:13.125 [info] > git ls-files --stage -- /home/team11/pintos/src/userprog/syscall.c [3ms]
2022-12-10 17:16:13.125 [info] > git cat-file -s 124c9506cf5379851ee22c312f4cf8fadd7b6a41 [2ms]
2022-12-10 17:16:13.125 [info] > git check-ignore -v -z --stdin [3ms]
2022-12-10 17:16:13.322 [info] > git rev-parse --show-toplevel [1ms]
2022-12-10 17:16:13.322 [info] fatal: Not a git repository (or any parent up to mount point /home)
Stopping at filesystem boundary (GIT_DISCOVERY_ACROSS_FILESYSTEM not set).
2022-12-10 17:16:13.387 [info] > git rev-parse --show-toplevel [4ms]
2022-12-10 17:16:13.388 [info] fatal: Not a git repository (or any parent up to mount point /home)
Stopping at filesystem boundary (GIT_DISCOVERY_ACROSS_FILESYSTEM not set).
2022-12-10 17:16:13.393 [info] > git rev-parse --show-toplevel [2ms]
2022-12-10 17:16:13.393 [info] fatal: Not a git repository (or any parent up to mount point /home)
Stopping at filesystem boundary (GIT_DISCOVERY_ACROSS_FILESYSTEM not set).
2022-12-10 17:37:50.135 [info] > git show --textconv :src/vm/page.c [5ms]
2022-12-10 17:37:50.136 [info] > git ls-files --stage -- /home/team11/pintos/src/vm/page.c [1ms]
2022-12-10 17:37:50.141 [info] > git cat-file -s 0a6d3afcdaa55bf47a5cecb2641deed57f2197ae [2ms]
2022-12-10 17:37:50.610 [info] > git check-ignore -v -z --stdin [3ms]
2022-12-10 17:38:00.869 [info] > git config --get commit.template [1ms]
2022-12-10 17:38:00.876 [info] > git for-each-ref --format=%(refname)%00%(upstream:short)%00%(objectname)%00%(upstream:track) refs/heads/submit_project3 refs/remotes/submit_project3 [1ms]
2022-12-10 17:38:00.884 [info] > git for-each-ref --sort -committerdate --format %(refname) %(objectname) %(*objectname) [0ms]
2022-12-10 17:38:00.885 [info] > git status -z -uall [5ms]
2022-12-10 17:39:05.984 [info] > git config --get commit.template [7ms]
2022-12-10 17:39:05.985 [info] > git for-each-ref --format=%(refname)%00%(upstream:short)%00%(objectname)%00%(upstream:track) refs/heads/submit_project3 refs/remotes/submit_project3 [2ms]
2022-12-10 17:39:05.999 [info] > git status -z -uall [7ms]
2022-12-10 17:39:06.001 [info] > git for-each-ref --sort -committerdate --format %(refname) %(objectname) %(*objectname) [3ms]
2022-12-10 17:39:18.434 [info] > git config --get commit.template [7ms]
2022-12-10 17:39:18.436 [info] > git for-each-ref --format=%(refname)%00%(upstream:short)%00%(objectname)%00%(upstream:track) refs/heads/submit_project3 refs/remotes/submit_project3 [2ms]
2022-12-10 17:39:18.448 [info] > git status -z -uall [6ms]
2022-12-10 17:39:18.449 [info] > git for-each-ref --sort -committerdate --format %(refname) %(objectname) %(*objectname) [3ms]
2022-12-10 17:39:33.326 [info] > git config --get commit.template [5ms]
2022-12-10 17:39:33.328 [info] > git for-each-ref --format=%(refname)%00%(upstream:short)%00%(objectname)%00%(upstream:track) refs/heads/submit_project3 refs/remotes/submit_project3 [2ms]
2022-12-10 17:39:33.340 [info] > git for-each-ref --sort -committerdate --format %(refname) %(objectname) %(*objectname) [3ms]
2022-12-10 17:39:33.341 [info] > git status -z -uall [8ms]
2022-12-10 17:42:36.155 [info] > git show --textconv :src/userprog/exception.c [7ms]
2022-12-10 17:42:36.156 [info] > git ls-files --stage -- /home/team11/pintos/src/userprog/exception.c [2ms]
2022-12-10 17:42:36.162 [info] > git cat-file -s d4849517cfff866b61c7c5886d337b04bc19d585 [1ms]
2022-12-10 17:42:40.803 [info] > git for-each-ref --format=%(refname)%00%(upstream:short)%00%(objectname)%00%(upstream:track) refs/heads/submit_project3 refs/remotes/submit_project3 [1ms]
2022-12-10 17:42:40.803 [info] > git config --get commit.template [6ms]
2022-12-10 17:42:40.810 [info] > git status -z -uall [3ms]
2022-12-10 17:42:40.812 [info] > git for-each-ref --sort -committerdate --format %(refname) %(objectname) %(*objectname) [2ms]
2022-12-10 17:42:47.046 [info] > git config --get commit.template [2ms]
2022-12-10 17:42:47.053 [info] > git for-each-ref --format=%(refname)%00%(upstream:short)%00%(objectname)%00%(upstream:track) refs/heads/submit_project3 refs/remotes/submit_project3 [2ms]
2022-12-10 17:42:47.062 [info] > git for-each-ref --sort -committerdate --format %(refname) %(objectname) %(*objectname) [1ms]
2022-12-10 17:42:47.062 [info] > git status -z -uall [5ms]
2022-12-10 17:42:52.076 [info] > git config --get commit.template [5ms]
2022-12-10 17:42:52.077 [info] > git for-each-ref --format=%(refname)%00%(upstream:short)%00%(objectname)%00%(upstream:track) refs/heads/submit_project3 refs/remotes/submit_project3 [2ms]
2022-12-10 17:42:52.086 [info] > git status -z -uall [5ms]
2022-12-10 17:42:52.088 [info] > git for-each-ref --sort -committerdate --format %(refname) %(objectname) %(*objectname) [3ms]
2022-12-10 17:42:57.105 [info] > git config --get commit.template [7ms]
2022-12-10 17:42:57.106 [info] > git for-each-ref --format=%(refname)%00%(upstream:short)%00%(objectname)%00%(upstream:track) refs/heads/submit_project3 refs/remotes/submit_project3 [2ms]
2022-12-10 17:42:57.117 [info] > git for-each-ref --sort -committerdate --format %(refname) %(objectname) %(*objectname) [2ms]
2022-12-10 17:42:57.118 [info] > git status -z -uall [7ms]
2022-12-10 17:43:40.042 [info] > git config --get commit.template [6ms]
2022-12-10 17:43:40.044 [info] > git for-each-ref --format=%(refname)%00%(upstream:short)%00%(objectname)%00%(upstream:track) refs/heads/submit_project3 refs/remotes/submit_project3 [2ms]
2022-12-10 17:43:40.056 [info] > git for-each-ref --sort -committerdate --format %(refname) %(objectname) %(*objectname) [3ms]
2022-12-10 17:43:40.057 [info] > git status -z -uall [8ms]
2022-12-10 17:43:47.383 [info] > git config --get commit.template [8ms]
2022-12-10 17:43:47.384 [info] > git for-each-ref --format=%(refname)%00%(upstream:short)%00%(objectname)%00%(upstream:track) refs/heads/submit_project3 refs/remotes/submit_project3 [2ms]
2022-12-10 17:43:47.393 [info] > git status -z -uall [4ms]
2022-12-10 17:43:47.396 [info] > git for-each-ref --sort -committerdate --format %(refname) %(objectname) %(*objectname) [3ms]
2022-12-10 17:43:52.413 [info] > git config --get commit.template [7ms]
2022-12-10 17:43:52.415 [info] > git for-each-ref --format=%(refname)%00%(upstream:short)%00%(objectname)%00%(upstream:track) refs/heads/submit_project3 refs/remotes/submit_project3 [3ms]
2022-12-10 17:43:52.425 [info] > git for-each-ref --sort -committerdate --format %(refname) %(objectname) %(*objectname) [2ms]
2022-12-10 17:43:52.426 [info] > git status -z -uall [7ms]
2022-12-10 17:45:02.001 [info] > git config --get commit.template [8ms]
2022-12-10 17:45:02.002 [info] > git for-each-ref --format=%(refname)%00%(upstream:short)%00%(objectname)%00%(upstream:track) refs/heads/submit_project3 refs/remotes/submit_project3 [2ms]
2022-12-10 17:45:02.016 [info] > git status -z -uall [7ms]
2022-12-10 17:45:02.017 [info] > git for-each-ref --sort -committerdate --format %(refname) %(objectname) %(*objectname) [4ms]
2022-12-10 17:45:07.035 [info] > git config --get commit.template [7ms]
2022-12-10 17:45:07.037 [info] > git for-each-ref --format=%(refname)%00%(upstream:short)%00%(objectname)%00%(upstream:track) refs/heads/submit_project3 refs/remotes/submit_project3 [3ms]
2022-12-10 17:45:07.049 [info] > git for-each-ref --sort -committerdate --format %(refname) %(objectname) %(*objectname) [3ms]
2022-12-10 17:45:07.050 [info] > git status -z -uall [8ms]
2022-12-10 17:45:31.282 [info] > git config --get commit.template [5ms]
2022-12-10 17:45:31.284 [info] > git for-each-ref --format=%(refname)%00%(upstream:short)%00%(objectname)%00%(upstream:track) refs/heads/submit_project3 refs/remotes/submit_project3 [2ms]
2022-12-10 17:45:31.296 [info] > git for-each-ref --sort -committerdate --format %(refname) %(objectname) %(*objectname) [2ms]
2022-12-10 17:45:31.296 [info] > git status -z -uall [8ms]
2022-12-10 17:45:36.307 [info] > git config --get commit.template [4ms]
2022-12-10 17:45:36.307 [info] > git for-each-ref --format=%(refname)%00%(upstream:short)%00%(objectname)%00%(upstream:track) refs/heads/submit_project3 refs/remotes/submit_project3 [1ms]
2022-12-10 17:45:36.315 [info] > git status -z -uall [4ms]
2022-12-10 17:45:36.315 [info] > git for-each-ref --sort -committerdate --format %(refname) %(objectname) %(*objectname) [1ms]
2022-12-10 17:46:33.076 [info] > git config --get commit.template [4ms]
2022-12-10 17:46:33.078 [info] > git for-each-ref --format=%(refname)%00%(upstream:short)%00%(objectname)%00%(upstream:track) refs/heads/submit_project3 refs/remotes/submit_project3 [2ms]
2022-12-10 17:46:33.089 [info] > git for-each-ref --sort -committerdate --format %(refname) %(objectname) %(*objectname) [3ms]
2022-12-10 17:46:33.089 [info] > git status -z -uall [7ms]
2022-12-10 17:46:41.257 [info] > git config --get commit.template [5ms]
2022-12-10 17:46:41.258 [info] > git for-each-ref --format=%(refname)%00%(upstream:short)%00%(objectname)%00%(upstream:track) refs/heads/submit_project3 refs/remotes/submit_project3 [2ms]
2022-12-10 17:46:41.267 [info] > git status -z -uall [5ms]
2022-12-10 17:46:41.269 [info] > git for-each-ref --sort -committerdate --format %(refname) %(objectname) %(*objectname) [2ms]
2022-12-10 17:46:46.286 [info] > git config --get commit.template [6ms]
2022-12-10 17:46:46.287 [info] > git for-each-ref --format=%(refname)%00%(upstream:short)%00%(objectname)%00%(upstream:track) refs/heads/submit_project3 refs/remotes/submit_project3 [1ms]
2022-12-10 17:46:46.294 [info] > git status -z -uall [4ms]
2022-12-10 17:46:46.295 [info] > git for-each-ref --sort -committerdate --format %(refname) %(objectname) %(*objectname) [2ms]
2022-12-10 17:47:40.472 [info] > git config --get commit.template [1ms]
2022-12-10 17:47:40.479 [info] > git for-each-ref --format=%(refname)%00%(upstream:short)%00%(objectname)%00%(upstream:track) refs/heads/submit_project3 refs/remotes/submit_project3 [3ms]
2022-12-10 17:47:40.489 [info] > git status -z -uall [5ms]
2022-12-10 17:47:40.492 [info] > git for-each-ref --sort -committerdate --format %(refname) %(objectname) %(*objectname) [2ms]
2022-12-10 17:48:15.847 [info] > git config --get commit.template [7ms]
2022-12-10 17:48:15.848 [info] > git for-each-ref --format=%(refname)%00%(upstream:short)%00%(objectname)%00%(upstream:track) refs/heads/submit_project3 refs/remotes/submit_project3 [3ms]
2022-12-10 17:48:15.856 [info] > git for-each-ref --sort -committerdate --format %(refname) %(objectname) %(*objectname) [1ms]
2022-12-10 17:48:15.858 [info] > git status -z -uall [7ms]
2022-12-10 17:48:20.877 [info] > git config --get commit.template [7ms]
2022-12-10 17:48:20.879 [info] > git for-each-ref --format=%(refname)%00%(upstream:short)%00%(objectname)%00%(upstream:track) refs/heads/submit_project3 refs/remotes/submit_project3 [2ms]
2022-12-10 17:48:20.891 [info] > git for-each-ref --sort -committerdate --format %(refname) %(objectname) %(*objectname) [2ms]
2022-12-10 17:48:20.892 [info] > git status -z -uall [8ms]
2022-12-10 17:48:58.825 [info] > git show --textconv :src/tests/vm/mmap-unmap.c [8ms]
2022-12-10 17:48:58.826 [info] > git ls-files --stage -- /home/team11/pintos/src/tests/vm/mmap-unmap.c [2ms]
2022-12-10 17:48:58.829 [info] > git cat-file -s d35a79efc128c1a5be38cc13f0def7f0f953669e [1ms]
2022-12-10 17:48:59.460 [info] > git check-ignore -v -z --stdin [1ms]
2022-12-10 17:49:11.706 [info] > git show --textconv :src/tests/vm/mmap-unmap.ck [6ms]
2022-12-10 17:49:11.708 [info] > git ls-files --stage -- /home/team11/pintos/src/tests/vm/mmap-unmap.ck [2ms]
2022-12-10 17:49:11.714 [info] > git cat-file -s 119658c68108451aa1964298cd8e8f513b275bc8 [2ms]
2022-12-10 17:49:12.660 [info] > git show --textconv :src/tests/vm/mmap-read.c [5ms]
2022-12-10 17:49:12.662 [info] > git ls-files --stage -- /home/team11/pintos/src/tests/vm/mmap-read.c [2ms]
2022-12-10 17:49:12.667 [info] > git cat-file -s c0f23a1a3111cdbb113c152789a052852238ecdb [0ms]
2022-12-10 17:49:57.826 [info] > git config --get commit.template [4ms]
2022-12-10 17:49:57.827 [info] > git for-each-ref --format=%(refname)%00%(upstream:short)%00%(objectname)%00%(upstream:track) refs/heads/submit_project3 refs/remotes/submit_project3 [1ms]
2022-12-10 17:49:57.835 [info] > git for-each-ref --sort -committerdate --format %(refname) %(objectname) %(*objectname) [2ms]
2022-12-10 17:49:57.835 [info] > git status -z -uall [5ms]
2022-12-10 17:50:02.848 [info] > git config --get commit.template [5ms]
2022-12-10 17:50:02.849 [info] > git for-each-ref --format=%(refname)%00%(upstream:short)%00%(objectname)%00%(upstream:track) refs/heads/submit_project3 refs/remotes/submit_project3 [2ms]
2022-12-10 17:50:02.859 [info] > git status -z -uall [5ms]
2022-12-10 17:50:02.859 [info] > git for-each-ref --sort -committerdate --format %(refname) %(objectname) %(*objectname) [2ms]
2022-12-10 17:50:07.876 [info] > git config --get commit.template [6ms]
2022-12-10 17:50:07.877 [info] > git for-each-ref --format=%(refname)%00%(upstream:short)%00%(objectname)%00%(upstream:track) refs/heads/submit_project3 refs/remotes/submit_project3 [2ms]
2022-12-10 17:50:07.885 [info] > git status -z -uall [4ms]
2022-12-10 17:50:07.886 [info] > git for-each-ref --sort -committerdate --format %(refname) %(objectname) %(*objectname) [2ms]
2022-12-10 17:51:18.265 [info] > git config --get commit.template [6ms]
2022-12-10 17:51:18.266 [info] > git for-each-ref --format=%(refname)%00%(upstream:short)%00%(objectname)%00%(upstream:track) refs/heads/submit_project3 refs/remotes/submit_project3 [2ms]
2022-12-10 17:51:18.276 [info] > git status -z -uall [6ms]
2022-12-10 17:51:18.278 [info] > git for-each-ref --sort -committerdate --format %(refname) %(objectname) %(*objectname) [3ms]
2022-12-10 17:51:23.293 [info] > git config --get commit.template [5ms]
2022-12-10 17:51:23.293 [info] > git for-each-ref --format=%(refname)%00%(upstream:short)%00%(objectname)%00%(upstream:track) refs/heads/submit_project3 refs/remotes/submit_project3 [1ms]
2022-12-10 17:51:23.300 [info] > git status -z -uall [5ms]
2022-12-10 17:51:23.302 [info] > git for-each-ref --sort -committerdate --format %(refname) %(objectname) %(*objectname) [2ms]
2022-12-10 17:51:56.565 [info] > git config --get commit.template [4ms]
2022-12-10 17:51:56.565 [info] > git for-each-ref --format=%(refname)%00%(upstream:short)%00%(objectname)%00%(upstream:track) refs/heads/submit_project3 refs/remotes/submit_project3 [1ms]
2022-12-10 17:51:56.571 [info] > git status -z -uall [3ms]
2022-12-10 17:51:56.572 [info] > git for-each-ref --sort -committerdate --format %(refname) %(objectname) %(*objectname) [1ms]
2022-12-10 17:52:06.133 [info] > git config --get commit.template [8ms]
2022-12-10 17:52:06.133 [info] > git for-each-ref --format=%(refname)%00%(upstream:short)%00%(objectname)%00%(upstream:track) refs/heads/submit_project3 refs/remotes/submit_project3 [2ms]
2022-12-10 17:52:06.145 [info] > git status -z -uall [5ms]
2022-12-10 17:52:06.147 [info] > git for-each-ref --sort -committerdate --format %(refname) %(objectname) %(*objectname) [3ms]
2022-12-10 17:52:27.604 [info] > git config --get commit.template [7ms]
2022-12-10 17:52:27.606 [info] > git for-each-ref --format=%(refname)%00%(upstream:short)%00%(objectname)%00%(upstream:track) refs/heads/submit_project3 refs/remotes/submit_project3 [2ms]
2022-12-10 17:52:27.614 [info] > git status -z -uall [5ms]
2022-12-10 17:52:27.616 [info] > git for-each-ref --sort -committerdate --format %(refname) %(objectname) %(*objectname) [3ms]
2022-12-10 17:52:32.631 [info] > git config --get commit.template [7ms]
2022-12-10 17:52:32.632 [info] > git for-each-ref --format=%(refname)%00%(upstream:short)%00%(objectname)%00%(upstream:track) refs/heads/submit_project3 refs/remotes/submit_project3 [2ms]
2022-12-10 17:52:32.642 [info] > git for-each-ref --sort -committerdate --format %(refname) %(objectname) %(*objectname) [1ms]
2022-12-10 17:52:32.644 [info] > git status -z -uall [7ms]
2022-12-10 17:54:09.323 [info] > git config --get commit.template [5ms]
2022-12-10 17:54:09.324 [info] > git for-each-ref --format=%(refname)%00%(upstream:short)%00%(objectname)%00%(upstream:track) refs/heads/submit_project3 refs/remotes/submit_project3 [1ms]
2022-12-10 17:54:09.336 [info] > git for-each-ref --sort -committerdate --format %(refname) %(objectname) %(*objectname) [2ms]
2022-12-10 17:54:09.337 [info] > git status -z -uall [7ms]
2022-12-10 17:59:24.632 [info] > git config --get commit.template [4ms]
2022-12-10 17:59:24.633 [info] > git for-each-ref --format=%(refname)%00%(upstream:short)%00%(objectname)%00%(upstream:track) refs/heads/submit_project3 refs/remotes/submit_project3 [2ms]
2022-12-10 17:59:24.643 [info] > git for-each-ref --sort -committerdate --format %(refname) %(objectname) %(*objectname) [1ms]
2022-12-10 17:59:24.643 [info] > git status -z -uall [6ms]
2022-12-10 18:09:59.689 [info] > git config --get commit.template [0ms]
2022-12-10 18:09:59.693 [info] > git for-each-ref --format=%(refname)%00%(upstream:short)%00%(objectname)%00%(upstream:track) refs/heads/submit_project3 refs/remotes/submit_project3 [1ms]
2022-12-10 18:09:59.703 [info] > git status -z -uall [6ms]
2022-12-10 18:09:59.704 [info] > git for-each-ref --sort -committerdate --format %(refname) %(objectname) %(*objectname) [3ms]
2022-12-10 18:11:54.875 [info] > git check-ignore -v -z --stdin [3ms]
2022-12-10 18:11:59.369 [info] > git show --textconv :src/tests/vm/mmap-zero.c [5ms]
2022-12-10 18:11:59.371 [info] > git ls-files --stage -- /home/team11/pintos/src/tests/vm/mmap-zero.c [2ms]
2022-12-10 18:11:59.377 [info] > git cat-file -s 368b759d48e0d989253a145de2c55c3f7b6ad066 [2ms]
2022-12-10 18:12:16.643 [info] > git config --get commit.template [6ms]
2022-12-10 18:12:16.644 [info] > git for-each-ref --format=%(refname)%00%(upstream:short)%00%(objectname)%00%(upstream:track) refs/heads/submit_project3 refs/remotes/submit_project3 [2ms]
2022-12-10 18:12:16.656 [info] > git for-each-ref --sort -committerdate --format %(refname) %(objectname) %(*objectname) [2ms]
2022-12-10 18:12:16.657 [info] > git status -z -uall [8ms]
2022-12-10 18:12:17.908 [info] > git ls-files --stage -- /home/team11/pintos/src/tests/vm/mmap-read.c [6ms]
2022-12-10 18:12:17.911 [info] > git ls-files --stage -- /home/team11/pintos/src/tests/vm/mmap-unmap.ck [13ms]
2022-12-10 18:12:17.916 [info] > git ls-files --stage -- /home/team11/pintos/src/tests/vm/mmap-unmap.c [23ms]
2022-12-10 18:12:17.919 [info] > git ls-files --stage -- /home/team11/pintos/src/userprog/exception.c [31ms]
2022-12-10 18:12:17.923 [info] > git ls-files --stage -- /home/team11/pintos/src/vm/page.c [38ms]
2022-12-10 18:12:17.926 [info] > git ls-files --stage -- /home/team11/pintos/src/userprog/syscall.c [47ms]
2022-12-10 18:12:17.932 [info] > git cat-file -s 0a6d3afcdaa55bf47a5cecb2641deed57f2197ae [5ms]
2022-12-10 18:12:17.932 [info] > git cat-file -s d4849517cfff866b61c7c5886d337b04bc19d585 [10ms]
2022-12-10 18:12:17.933 [info] > git cat-file -s d35a79efc128c1a5be38cc13f0def7f0f953669e [14ms]
2022-12-10 18:12:17.933 [info] > git cat-file -s 119658c68108451aa1964298cd8e8f513b275bc8 [18ms]
2022-12-10 18:12:17.934 [info] > git cat-file -s c0f23a1a3111cdbb113c152789a052852238ecdb [23ms]
2022-12-10 18:12:17.934 [info] > git ls-files --stage -- /home/team11/pintos/src/tests/vm/mmap-zero.c [27ms]
2022-12-10 18:12:17.940 [info] > git cat-file -s 124c9506cf5379851ee22c312f4cf8fadd7b6a41 [10ms]
2022-12-10 18:12:17.941 [info] > git cat-file -s 368b759d48e0d989253a145de2c55c3f7b6ad066 [2ms]
2022-12-10 18:12:18.004 [info] > git show --textconv :src/vm/page.c [25ms]
2022-12-10 18:12:18.004 [info] > git show --textconv :src/userprog/exception.c [20ms]
2022-12-10 18:12:18.004 [info] > git show --textconv :src/tests/vm/mmap-unmap.c [15ms]
2022-12-10 18:12:18.004 [info] > git show --textconv :src/tests/vm/mmap-unmap.ck [10ms]
2022-12-10 18:12:18.004 [info] > git show --textconv :src/tests/vm/mmap-read.c [5ms]
2022-12-10 18:12:18.009 [info] > git show --textconv :src/userprog/syscall.c [6ms]
2022-12-10 18:12:18.011 [info] > git show --textconv :src/tests/vm/mmap-zero.c [2ms]
2022-12-10 18:12:21.672 [info] > git config --get commit.template [5ms]
2022-12-10 18:12:21.674 [info] > git for-each-ref --format=%(refname)%00%(upstream:short)%00%(objectname)%00%(upstream:track) refs/heads/submit_project3 refs/remotes/submit_project3 [2ms]
2022-12-10 18:12:21.684 [info] > git status -z -uall [6ms]
2022-12-10 18:12:21.685 [info] > git for-each-ref --sort -committerdate --format %(refname) %(objectname) %(*objectname) [3ms]
2022-12-10 18:12:22.981 [info] > git show --textconv :src/vm/page.h [5ms]
2022-12-10 18:12:22.982 [info] > git ls-files --stage -- /home/team11/pintos/src/vm/page.h [1ms]
2022-12-10 18:12:22.987 [info] > git cat-file -s 54170ee43968ecff5e6384c4c7eced8cbc5bd707 [1ms]
