2022-12-14 18:48:57.763 [info] Extension host with pid 15318 started
2022-12-14 18:48:57.860 [info] Lock '/home/team11/.vscode-server/data/User/workspaceStorage/3fb11df384854de2cfaff76b760a73f8/vscode.lock': Lock acquired.
2022-12-14 18:48:58.340 [info] ExtensionService#_doActivateExtension vscode.git-base, startup: true, activationEvent: '*', root cause: vscode.git
2022-12-14 18:48:58.816 [info] ExtensionService#_doActivateExtension vscode.git, startup: true, activationEvent: '*'
2022-12-14 18:48:58.817 [info] ExtensionService#_doActivateExtension vscode.github, startup: true, activationEvent: '*'
2022-12-14 18:48:59.197 [info] ExtensionService#_doActivateExtension vscode.debug-auto-launch, startup: false, activationEvent: 'onStartupFinished'
2022-12-14 18:48:59.197 [info] ExtensionService#_doActivateExtension vscode.emmet, startup: false, activationEvent: 'onStartupFinished'
2022-12-14 18:48:59.198 [info] ExtensionService#_doActivateExtension vscode.merge-conflict, startup: false, activationEvent: 'onStartupFinished'
2022-12-14 18:48:59.198 [info] Eager extensions activated
2022-12-14 18:49:00.061 [info] ExtensionService#_doActivateExtension vscode.configuration-editing, startup: false, activationEvent: 'onLanguage:jsonc'
2022-12-14 18:49:00.061 [info] ExtensionService#_doActivateExtension vscode.json-language-features, startup: false, activationEvent: 'onLanguage:jsonc'
2022-12-14 18:49:00.062 [info] ExtensionService#_doActivateExtension vscode.typescript-language-features, startup: false, activationEvent: 'onLanguage:jsonc'
2022-12-14 18:49:00.181 [warning] Using default string since no string found in i18n bundle that has the key: Configure
2022-12-14 18:49:00.181 [warning] Using default string since no string found in i18n bundle that has the key: JSON Language Server
2022-12-14 18:49:00.315 [warning] Using default string since no string found in i18n bundle that has the key: JSON: Schema Resolution Error
2022-12-14 18:49:00.428 [warning] Using default string since no string found in i18n bundle that has the key: Unable to resolve schema. Click to retry.
2022-12-14 18:49:00.429 [warning] Using default string since no string found in i18n bundle that has the key: JSON Validation Status
2022-12-14 18:49:00.429 [warning] Using default string since no string found in i18n bundle that has the key: Loading JSON info
2022-12-14 18:49:00.433 [warning] Using default string since no string found in i18n bundle that has the key: No Schema Validation
2022-12-14 18:49:00.433 [warning] Using default string since no string found in i18n bundle that has the key: no JSON schema configured
2022-12-14 18:49:00.433 [warning] Using default string since no string found in i18n bundle that has the key: Show Schemas
2022-12-14 18:51:30.447 [warning] Using default string since no string found in i18n bundle that has the key: Unable to compute used schemas: No document
2022-12-14 18:51:30.727 [warning] Using default string since no string found in i18n bundle that has the key: Loading JSON info
2022-12-14 18:51:30.735 [warning] Using default string since no string found in i18n bundle that has the key: No Schema Validation
2022-12-14 18:51:30.735 [warning] Using default string since no string found in i18n bundle that has the key: no JSON schema configured
2022-12-14 18:51:30.735 [warning] Using default string since no string found in i18n bundle that has the key: Show Schemas
2022-12-14 18:51:47.048 [warning] Using default string since no string found in i18n bundle that has the key: Unable to compute used schemas: No document
2022-12-14 18:51:47.222 [warning] Using default string since no string found in i18n bundle that has the key: Loading JSON info
2022-12-14 18:51:47.224 [warning] Using default string since no string found in i18n bundle that has the key: No Schema Validation
2022-12-14 18:51:47.224 [warning] Using default string since no string found in i18n bundle that has the key: no JSON schema configured
2022-12-14 18:51:47.224 [warning] Using default string since no string found in i18n bundle that has the key: Show Schemas
2022-12-14 18:51:49.021 [warning] Using default string since no string found in i18n bundle that has the key: Unable to compute used schemas: No document
2022-12-14 18:51:49.145 [warning] Using default string since no string found in i18n bundle that has the key: Loading JSON info
2022-12-14 18:51:49.147 [warning] Using default string since no string found in i18n bundle that has the key: No Schema Validation
2022-12-14 18:51:49.147 [warning] Using default string since no string found in i18n bundle that has the key: no JSON schema configured
2022-12-14 18:51:49.147 [warning] Using default string since no string found in i18n bundle that has the key: Show Schemas
2022-12-14 18:51:52.651 [warning] Using default string since no string found in i18n bundle that has the key: Unable to compute used schemas: No document
2022-12-14 18:51:52.829 [warning] Using default string since no string found in i18n bundle that has the key: Loading JSON info
2022-12-14 18:51:52.830 [warning] Using default string since no string found in i18n bundle that has the key: No Schema Validation
2022-12-14 18:51:52.831 [warning] Using default string since no string found in i18n bundle that has the key: no JSON schema configured
2022-12-14 18:51:52.831 [warning] Using default string since no string found in i18n bundle that has the key: Show Schemas
2022-12-14 18:51:54.803 [warning] Using default string since no string found in i18n bundle that has the key: Unable to compute used schemas: No document
2022-12-14 18:51:54.974 [warning] Using default string since no string found in i18n bundle that has the key: Loading JSON info
2022-12-14 18:51:54.976 [warning] Using default string since no string found in i18n bundle that has the key: No Schema Validation
2022-12-14 18:51:54.976 [warning] Using default string since no string found in i18n bundle that has the key: no JSON schema configured
2022-12-14 18:51:54.976 [warning] Using default string since no string found in i18n bundle that has the key: Show Schemas
2022-12-14 18:53:00.091 [warning] Using default string since no string found in i18n bundle that has the key: Unable to compute used schemas: No document
2022-12-14 18:53:00.092 [warning] Using default string since no string found in i18n bundle that has the key: Loading JSON info
2022-12-14 18:53:00.094 [warning] Using default string since no string found in i18n bundle that has the key: No Schema Validation
2022-12-14 18:53:00.094 [warning] Using default string since no string found in i18n bundle that has the key: no JSON schema configured
2022-12-14 18:53:00.094 [warning] Using default string since no string found in i18n bundle that has the key: Show Schemas
2022-12-14 18:53:02.528 [warning] Using default string since no string found in i18n bundle that has the key: Unable to compute used schemas: No document
2022-12-14 18:53:02.530 [warning] Using default string since no string found in i18n bundle that has the key: Loading JSON info
2022-12-14 18:53:02.532 [warning] Using default string since no string found in i18n bundle that has the key: No Schema Validation
2022-12-14 18:53:02.532 [warning] Using default string since no string found in i18n bundle that has the key: no JSON schema configured
2022-12-14 18:53:02.532 [warning] Using default string since no string found in i18n bundle that has the key: Show Schemas
2022-12-14 18:53:07.273 [warning] Using default string since no string found in i18n bundle that has the key: Unable to compute used schemas: No document
2022-12-14 18:53:07.358 [warning] Using default string since no string found in i18n bundle that has the key: Loading JSON info
2022-12-14 18:53:07.360 [warning] Using default string since no string found in i18n bundle that has the key: No Schema Validation
2022-12-14 18:53:07.360 [warning] Using default string since no string found in i18n bundle that has the key: no JSON schema configured
2022-12-14 18:53:07.360 [warning] Using default string since no string found in i18n bundle that has the key: Show Schemas
2022-12-14 18:53:12.554 [warning] Using default string since no string found in i18n bundle that has the key: Unable to compute used schemas: No document
2022-12-14 18:53:12.716 [warning] Using default string since no string found in i18n bundle that has the key: Loading JSON info
2022-12-14 18:53:12.718 [warning] Using default string since no string found in i18n bundle that has the key: No Schema Validation
2022-12-14 18:53:12.718 [warning] Using default string since no string found in i18n bundle that has the key: no JSON schema configured
2022-12-14 18:53:12.718 [warning] Using default string since no string found in i18n bundle that has the key: Show Schemas
2022-12-14 18:54:41.806 [warning] Using default string since no string found in i18n bundle that has the key: Unable to compute used schemas: No document
2022-12-14 18:54:41.807 [warning] Using default string since no string found in i18n bundle that has the key: Loading JSON info
2022-12-14 18:54:41.809 [warning] Using default string since no string found in i18n bundle that has the key: No Schema Validation
2022-12-14 18:54:41.809 [warning] Using default string since no string found in i18n bundle that has the key: no JSON schema configured
2022-12-14 18:54:41.809 [warning] Using default string since no string found in i18n bundle that has the key: Show Schemas
2022-12-14 18:54:44.353 [warning] Using default string since no string found in i18n bundle that has the key: Unable to compute used schemas: No document
2022-12-14 18:54:44.481 [warning] Using default string since no string found in i18n bundle that has the key: Loading JSON info
2022-12-14 18:54:44.483 [warning] Using default string since no string found in i18n bundle that has the key: No Schema Validation
2022-12-14 18:54:44.483 [warning] Using default string since no string found in i18n bundle that has the key: no JSON schema configured
2022-12-14 18:54:44.483 [warning] Using default string since no string found in i18n bundle that has the key: Show Schemas
2022-12-14 18:54:49.303 [warning] Using default string since no string found in i18n bundle that has the key: Unable to compute used schemas: No document
2022-12-14 18:54:49.419 [warning] Using default string since no string found in i18n bundle that has the key: Loading JSON info
2022-12-14 18:54:49.420 [warning] Using default string since no string found in i18n bundle that has the key: No Schema Validation
2022-12-14 18:54:49.420 [warning] Using default string since no string found in i18n bundle that has the key: no JSON schema configured
2022-12-14 18:54:49.420 [warning] Using default string since no string found in i18n bundle that has the key: Show Schemas
2022-12-14 19:05:19.889 [info] Extension host terminating: renderer disconnected for too long (2)
2022-12-14 19:05:19.889 [info] Lock '/home/team11/.vscode-server/data/User/workspaceStorage/3fb11df384854de2cfaff76b760a73f8/vscode.lock': Marking the lockfile as scheduled to be released in 6000 ms.
2022-12-14 19:05:19.910 [info] Extension host with pid 15318 exiting with code 0
