2023-09-24 17:55:02.736 [info] Log level: Info
2023-09-24 17:55:02.736 [info] Validating found git in: "git"
2023-09-24 17:55:02.736 [info] Using git "2.42.0" from "git"
2023-09-24 17:55:02.736 [info] > git rev-parse --show-toplevel [3ms]
2023-09-24 17:55:02.736 [info] fatal: not a git repository (or any parent up to mount point /)
Stopping at filesystem boundary (GIT_DISCOVERY_ACROSS_FILESYSTEM not set).
2023-09-24 17:55:02.736 [info] > git rev-parse --show-toplevel [2ms]
2023-09-24 17:55:02.736 [info] fatal: not a git repository (or any parent up to mount point /)
Stopping at filesystem boundary (GIT_DISCOVERY_ACROSS_FILESYSTEM not set).
2023-09-24 17:55:02.736 [info] > git rev-parse --show-toplevel [1ms]
2023-09-24 17:55:02.736 [info] fatal: not a git repository (or any parent up to mount point /)
Stopping at filesystem boundary (GIT_DISCOVERY_ACROSS_FILESYSTEM not set).
2023-09-24 17:55:02.736 [info] > git rev-parse --show-toplevel [2ms]
2023-09-24 17:55:02.736 [info] > git rev-parse --git-dir --git-common-dir [1ms]
2023-09-24 17:55:02.736 [info] Open repository: /home/team11/.oh-my-zsh
2023-09-24 17:55:02.736 [info] > git config --get commit.template [8ms]
2023-09-24 17:55:02.736 [info] > git rev-parse --show-toplevel [3ms]
2023-09-24 17:55:02.736 [info] fatal: not a git repository (or any parent up to mount point /)
Stopping at filesystem boundary (GIT_DISCOVERY_ACROSS_FILESYSTEM not set).
2023-09-24 17:55:02.736 [info] > git for-each-ref --format=%(refname)%00%(upstream:short)%00%(objectname)%00%(upstream:track)%00%(upstream:remotename)%00%(upstream:remoteref) refs/heads/master refs/remotes/master [9ms]
2023-09-24 17:55:02.736 [info] > git rev-parse --show-toplevel [11ms]
2023-09-24 17:55:02.736 [info] fatal: not a git repository (or any parent up to mount point /)
Stopping at filesystem boundary (GIT_DISCOVERY_ACROSS_FILESYSTEM not set).
2023-09-24 17:55:02.736 [info] > git status -z -uall [9ms]
2023-09-24 17:55:02.736 [info] > git rev-parse --show-toplevel [18ms]
2023-09-24 17:55:02.736 [info] fatal: not a git repository (or any parent up to mount point /)
Stopping at filesystem boundary (GIT_DISCOVERY_ACROSS_FILESYSTEM not set).
2023-09-24 17:55:02.736 [info] > git config --get commit.template [9ms]
2023-09-24 17:55:02.736 [info] > git rev-parse --show-toplevel [2ms]
2023-09-24 17:55:02.736 [info] fatal: not a git repository (or any parent up to mount point /)
Stopping at filesystem boundary (GIT_DISCOVERY_ACROSS_FILESYSTEM not set).
2023-09-24 17:55:02.736 [info] > git for-each-ref --format=%(refname)%00%(upstream:short)%00%(objectname)%00%(upstream:track)%00%(upstream:remotename)%00%(upstream:remoteref) refs/heads/master refs/remotes/master [4ms]
2023-09-24 17:55:02.740 [info] > git status -z -uall [9ms]
2023-09-24 17:55:03.309 [info] > git check-ignore -v -z --stdin [1ms]
