2022-12-09 22:49:30.203 [info] 로그 수준: Info
2022-12-09 22:49:30.203 [info] "git"에서 찾은 git 유효성을 검사하는 중
2022-12-09 22:49:30.203 [info] "2.7.4"에서 git "git"을(를) 사용하는 중
2022-12-09 22:49:30.203 [info] > git rev-parse --show-toplevel [5ms]
2022-12-09 22:49:30.203 [info] fatal: Not a git repository (or any parent up to mount point /home)
Stopping at filesystem boundary (GIT_DISCOVERY_ACROSS_FILESYSTEM not set).
2022-12-09 22:49:30.203 [info] > git rev-parse --show-toplevel [1ms]
2022-12-09 22:49:30.203 [info] > git rev-parse --git-dir --git-common-dir [2ms]
2022-12-09 22:49:30.203 [info] Open repository: /home/team11/pintos
2022-12-09 22:49:30.203 [info] > git rev-parse --show-toplevel [7ms]
2022-12-09 22:49:30.203 [info] fatal: Not a git repository (or any parent up to mount point /home)
Stopping at filesystem boundary (GIT_DISCOVERY_ACROSS_FILESYSTEM not set).
2022-12-09 22:49:30.203 [info] > git config --get commit.template [6ms]
2022-12-09 22:49:30.203 [info] > git rev-parse --show-toplevel [2ms]
2022-12-09 22:49:30.204 [info] fatal: Not a git repository (or any parent up to mount point /home)
Stopping at filesystem boundary (GIT_DISCOVERY_ACROSS_FILESYSTEM not set).
2022-12-09 22:49:30.204 [info] > git for-each-ref --format=%(refname)%00%(upstream:short)%00%(objectname)%00%(upstream:track) refs/heads/submit_project3 refs/remotes/submit_project3 [5ms]
2022-12-09 22:49:30.204 [info] > git rev-parse --show-toplevel [15ms]
2022-12-09 22:49:30.204 [info] fatal: Not a git repository (or any parent up to mount point /home)
Stopping at filesystem boundary (GIT_DISCOVERY_ACROSS_FILESYSTEM not set).
2022-12-09 22:49:30.204 [info] > git status -z -uall [7ms]
2022-12-09 22:49:30.204 [info] > git for-each-ref --sort -committerdate --format %(refname) %(objectname) %(*objectname) [5ms]
2022-12-09 22:49:30.204 [info] > git rev-parse --show-toplevel [14ms]
2022-12-09 22:49:30.204 [info] fatal: Not a git repository (or any parent up to mount point /home)
Stopping at filesystem boundary (GIT_DISCOVERY_ACROSS_FILESYSTEM not set).
2022-12-09 22:49:30.204 [info] > git config --get commit.template [5ms]
2022-12-09 22:49:30.204 [info] > git rev-parse --show-toplevel [5ms]
2022-12-09 22:49:30.204 [info] fatal: Not a git repository (or any parent up to mount point /home)
Stopping at filesystem boundary (GIT_DISCOVERY_ACROSS_FILESYSTEM not set).
2022-12-09 22:49:30.204 [info] > git for-each-ref --format=%(refname)%00%(upstream:short)%00%(objectname)%00%(upstream:track) refs/heads/submit_project3 refs/remotes/submit_project3 [4ms]
2022-12-09 22:49:30.204 [info] > git for-each-ref --sort -committerdate --format %(refname) %(objectname) %(*objectname) [1ms]
2022-12-09 22:49:30.204 [info] > git status -z -uall [6ms]
2022-12-09 22:49:30.204 [info] > git rev-parse --show-toplevel [1ms]
2022-12-09 22:49:30.204 [info] fatal: Not a git repository (or any parent up to mount point /home)
Stopping at filesystem boundary (GIT_DISCOVERY_ACROSS_FILESYSTEM not set).
2022-12-09 22:49:30.204 [info] > git rev-parse --show-toplevel [3ms]
2022-12-09 22:49:30.204 [info] fatal: Not a git repository (or any parent up to mount point /home)
Stopping at filesystem boundary (GIT_DISCOVERY_ACROSS_FILESYSTEM not set).
2022-12-09 22:49:30.204 [info] > git rev-parse --show-toplevel [1ms]
2022-12-09 22:49:30.204 [info] fatal: Not a git repository (or any parent up to mount point /home)
Stopping at filesystem boundary (GIT_DISCOVERY_ACROSS_FILESYSTEM not set).
2022-12-09 22:49:30.204 [info] > git rev-parse --show-toplevel [2ms]
2022-12-09 22:49:30.204 [info] fatal: Not a git repository (or any parent up to mount point /home)
Stopping at filesystem boundary (GIT_DISCOVERY_ACROSS_FILESYSTEM not set).
2022-12-09 22:49:30.240 [info] > git show --textconv :src/vm/page.c [8ms]
2022-12-09 22:49:30.243 [info] > git ls-files --stage -- /home/team11/pintos/src/vm/page.c [3ms]
2022-12-09 22:49:30.247 [info] > git cat-file -s 0a6d3afcdaa55bf47a5cecb2641deed57f2197ae [1ms]
2022-12-09 22:49:30.409 [info] > git check-ignore -v -z --stdin [3ms]
2022-12-09 22:49:30.744 [info] > git fetch [1374ms]
2022-12-09 22:49:30.744 [info] Missing or invalid credentials.
Skip silent fetch commands
Missing or invalid credentials.
Skip silent fetch commands
remote: HTTP Basic: Access denied. The provided password or token is incorrect or your account has 2FA enabled and you must use a personal access token instead of a password. See https://gitlab.com/help/topics/git/troubleshooting_git#error-on-git-fetch-http-basic-access-denied
fatal: Authentication failed for 'https://gitlab.com/2022-2-operating-systme/team6.git/'
2022-12-09 22:49:30.991 [info] > git ls-files --stage -- /home/team11/pintos/src/vm/page.c [2ms]
2022-12-09 22:49:30.998 [info] > git cat-file -s 0a6d3afcdaa55bf47a5cecb2641deed57f2197ae [2ms]
2022-12-09 22:49:31.029 [info] > git show --textconv :src/vm/page.c [3ms]
2022-12-09 22:50:20.330 [info] > git config --get commit.template [1ms]
2022-12-09 22:50:20.338 [info] > git for-each-ref --format=%(refname)%00%(upstream:short)%00%(objectname)%00%(upstream:track) refs/heads/submit_project3 refs/remotes/submit_project3 [3ms]
2022-12-09 22:50:20.346 [info] > git status -z -uall [4ms]
2022-12-09 22:50:20.349 [info] > git for-each-ref --sort -committerdate --format %(refname) %(objectname) %(*objectname) [2ms]
2022-12-09 22:52:26.650 [info] > git show --textconv :src/userprog/exception.c [4ms]
2022-12-09 22:52:26.651 [info] > git ls-files --stage -- /home/team11/pintos/src/userprog/exception.c [1ms]
2022-12-09 22:52:26.657 [info] > git cat-file -s d4849517cfff866b61c7c5886d337b04bc19d585 [2ms]
2022-12-09 22:52:28.195 [info] > git check-ignore -v -z --stdin [2ms]
2022-12-09 22:53:43.849 [info] > git show --textconv :src/threads/thread.c [6ms]
2022-12-09 22:53:43.851 [info] > git ls-files --stage -- /home/team11/pintos/src/threads/thread.c [2ms]
2022-12-09 22:53:43.855 [info] > git cat-file -s 58fadfdc7240641694740e973368e9ae1155a327 [1ms]
2022-12-09 22:53:44.593 [info] > git check-ignore -v -z --stdin [2ms]
2022-12-09 22:53:50.182 [info] > git show --textconv :src/userprog/process.c [7ms]
2022-12-09 22:53:50.184 [info] > git ls-files --stage -- /home/team11/pintos/src/userprog/process.c [3ms]
2022-12-09 22:53:50.190 [info] > git cat-file -s 6a160c04677e7ce8c5d7244f7f59c2390392239d [3ms]
2022-12-09 23:00:02.292 [info] > git check-ignore -v -z --stdin [3ms]
2022-12-09 23:00:04.298 [info] > git check-ignore -v -z --stdin [3ms]
2022-12-09 23:00:10.547 [info] > git check-ignore -v -z --stdin [3ms]
2022-12-09 23:00:14.115 [info] > git check-ignore -v -z --stdin [3ms]
2022-12-09 23:00:17.474 [info] > git check-ignore -v -z --stdin [3ms]
2022-12-09 23:00:21.985 [info] > git show --textconv :src/tests/userprog/args-single.ck [7ms]
2022-12-09 23:00:21.987 [info] > git ls-files --stage -- /home/team11/pintos/src/tests/userprog/args-single.ck [3ms]
2022-12-09 23:00:21.993 [info] > git cat-file -s 24582b4da4b7e8d8ca00968cbe4986c4fe21a0ad [2ms]
2022-12-09 23:03:01.244 [info] > git check-ignore -v -z --stdin [1ms]
2022-12-09 23:05:39.145 [info] > git config --get commit.template [7ms]
2022-12-09 23:05:39.147 [info] > git for-each-ref --format=%(refname)%00%(upstream:short)%00%(objectname)%00%(upstream:track) refs/heads/submit_project3 refs/remotes/submit_project3 [3ms]
2022-12-09 23:05:39.157 [info] > git for-each-ref --sort -committerdate --format %(refname) %(objectname) %(*objectname) [1ms]
2022-12-09 23:05:39.158 [info] > git status -z -uall [7ms]
2022-12-09 23:07:58.730 [info] > git show --textconv :src/userprog/syscall.c [6ms]
2022-12-09 23:07:58.730 [info] > git ls-files --stage -- /home/team11/pintos/src/userprog/syscall.c [2ms]
2022-12-09 23:07:58.735 [info] > git cat-file -s 124c9506cf5379851ee22c312f4cf8fadd7b6a41 [1ms]
2022-12-09 23:08:21.246 [info] > git show --textconv :src/threads/interrupt.h [6ms]
2022-12-09 23:08:21.246 [info] > git ls-files --stage -- /home/team11/pintos/src/threads/interrupt.h [1ms]
2022-12-09 23:08:21.253 [info] > git cat-file -s d43e06d90831f76d54e04c4693765565f96ded7c [2ms]
2022-12-09 23:08:25.709 [info] > git show --textconv :src/threads/interrupt.c [6ms]
2022-12-09 23:08:25.711 [info] > git ls-files --stage -- /home/team11/pintos/src/threads/interrupt.c [2ms]
2022-12-09 23:08:25.716 [info] > git cat-file -s e3b90dcb566e3512b8ea1b9e69d2544d64e5933b [1ms]
2022-12-09 23:11:35.009 [info] > git show --textconv :src/vm/page.c [6ms]
2022-12-09 23:11:35.010 [info] > git ls-files --stage -- /home/team11/pintos/src/vm/page.c [2ms]
2022-12-09 23:11:35.017 [info] > git cat-file -s 0a6d3afcdaa55bf47a5cecb2641deed57f2197ae [2ms]
2022-12-09 23:13:58.141 [info] > git config --get commit.template [5ms]
2022-12-09 23:13:58.143 [info] > git for-each-ref --format=%(refname)%00%(upstream:short)%00%(objectname)%00%(upstream:track) refs/heads/submit_project3 refs/remotes/submit_project3 [2ms]
2022-12-09 23:13:58.151 [info] > git status -z -uall [5ms]
2022-12-09 23:13:58.153 [info] > git for-each-ref --sort -committerdate --format %(refname) %(objectname) %(*objectname) [3ms]
2022-12-09 23:15:04.610 [info] > git config --get commit.template [5ms]
2022-12-09 23:15:04.612 [info] > git for-each-ref --format=%(refname)%00%(upstream:short)%00%(objectname)%00%(upstream:track) refs/heads/submit_project3 refs/remotes/submit_project3 [1ms]
2022-12-09 23:15:04.620 [info] > git status -z -uall [5ms]
2022-12-09 23:15:04.622 [info] > git for-each-ref --sort -committerdate --format %(refname) %(objectname) %(*objectname) [3ms]
2022-12-09 23:15:10.219 [info] > git config --get commit.template [5ms]
2022-12-09 23:15:10.220 [info] > git for-each-ref --format=%(refname)%00%(upstream:short)%00%(objectname)%00%(upstream:track) refs/heads/submit_project3 refs/remotes/submit_project3 [2ms]
2022-12-09 23:15:10.227 [info] > git status -z -uall [3ms]
2022-12-09 23:15:10.228 [info] > git for-each-ref --sort -committerdate --format %(refname) %(objectname) %(*objectname) [2ms]
2022-12-09 23:15:15.236 [info] > git config --get commit.template [1ms]
2022-12-09 23:15:15.241 [info] > git for-each-ref --format=%(refname)%00%(upstream:short)%00%(objectname)%00%(upstream:track) refs/heads/submit_project3 refs/remotes/submit_project3 [1ms]
2022-12-09 23:15:15.248 [info] > git status -z -uall [4ms]
2022-12-09 23:15:15.249 [info] > git for-each-ref --sort -committerdate --format %(refname) %(objectname) %(*objectname) [1ms]
2022-12-09 23:15:16.468 [info] > git ls-files --stage -- /home/team11/pintos/src/userprog/process.c [4ms]
2022-12-09 23:15:16.471 [info] > git ls-files --stage -- /home/team11/pintos/src/threads/thread.c [10ms]
2022-12-09 23:15:16.474 [info] > git ls-files --stage -- /home/team11/pintos/src/userprog/exception.c [16ms]
2022-12-09 23:15:16.478 [info] > git cat-file -s 58fadfdc7240641694740e973368e9ae1155a327 [4ms]
2022-12-09 23:15:16.478 [info] > git cat-file -s 6a160c04677e7ce8c5d7244f7f59c2390392239d [7ms]
2022-12-09 23:15:16.479 [info] > git ls-files --stage -- /home/team11/pintos/src/vm/page.c [11ms]
2022-12-09 23:15:16.482 [info] > git cat-file -s d4849517cfff866b61c7c5886d337b04bc19d585 [5ms]
2022-12-09 23:15:16.483 [info] > git cat-file -s 0a6d3afcdaa55bf47a5cecb2641deed57f2197ae [0ms]
2022-12-09 23:15:16.520 [info] > git show --textconv :src/threads/thread.c [5ms]
2022-12-09 23:15:16.527 [info] > git show --textconv :src/userprog/process.c [7ms]
2022-12-09 23:15:16.527 [info] > git show --textconv :src/userprog/exception.c [3ms]
2022-12-09 23:15:16.529 [info] > git show --textconv :src/vm/page.c [2ms]
2022-12-09 23:15:20.265 [info] > git config --get commit.template [6ms]
2022-12-09 23:15:20.265 [info] > git for-each-ref --format=%(refname)%00%(upstream:short)%00%(objectname)%00%(upstream:track) refs/heads/submit_project3 refs/remotes/submit_project3 [2ms]
2022-12-09 23:15:20.275 [info] > git status -z -uall [6ms]
2022-12-09 23:15:20.276 [info] > git for-each-ref --sort -committerdate --format %(refname) %(objectname) %(*objectname) [2ms]
2022-12-09 23:15:49.560 [info] > git config --get commit.template [5ms]
2022-12-09 23:15:49.561 [info] > git for-each-ref --format=%(refname)%00%(upstream:short)%00%(objectname)%00%(upstream:track) refs/heads/submit_project3 refs/remotes/submit_project3 [2ms]
2022-12-09 23:15:49.573 [info] > git status -z -uall [6ms]
2022-12-09 23:15:49.575 [info] > git for-each-ref --sort -committerdate --format %(refname) %(objectname) %(*objectname) [3ms]
2022-12-09 23:15:54.586 [info] > git config --get commit.template [1ms]
2022-12-09 23:15:54.593 [info] > git for-each-ref --format=%(refname)%00%(upstream:short)%00%(objectname)%00%(upstream:track) refs/heads/submit_project3 refs/remotes/submit_project3 [1ms]
2022-12-09 23:15:54.602 [info] > git for-each-ref --sort -committerdate --format %(refname) %(objectname) %(*objectname) [2ms]
2022-12-09 23:15:54.603 [info] > git status -z -uall [6ms]
2022-12-09 23:16:05.691 [info] > git config --get commit.template [5ms]
2022-12-09 23:16:05.693 [info] > git for-each-ref --format=%(refname)%00%(upstream:short)%00%(objectname)%00%(upstream:track) refs/heads/submit_project3 refs/remotes/submit_project3 [2ms]
2022-12-09 23:16:05.703 [info] > git status -z -uall [6ms]
2022-12-09 23:16:05.705 [info] > git for-each-ref --sort -committerdate --format %(refname) %(objectname) %(*objectname) [3ms]
2022-12-09 23:17:28.009 [info] > git config --get commit.template [6ms]
2022-12-09 23:17:28.010 [info] > git for-each-ref --format=%(refname)%00%(upstream:short)%00%(objectname)%00%(upstream:track) refs/heads/submit_project3 refs/remotes/submit_project3 [2ms]
2022-12-09 23:17:28.020 [info] > git status -z -uall [6ms]
2022-12-09 23:17:28.022 [info] > git for-each-ref --sort -committerdate --format %(refname) %(objectname) %(*objectname) [3ms]
2022-12-09 23:18:42.933 [info] > git config --get commit.template [5ms]
2022-12-09 23:18:42.934 [info] > git for-each-ref --format=%(refname)%00%(upstream:short)%00%(objectname)%00%(upstream:track) refs/heads/submit_project3 refs/remotes/submit_project3 [1ms]
2022-12-09 23:18:42.941 [info] > git status -z -uall [4ms]
2022-12-09 23:18:42.944 [info] > git for-each-ref --sort -committerdate --format %(refname) %(objectname) %(*objectname) [3ms]
2022-12-09 23:18:47.962 [info] > git config --get commit.template [6ms]
2022-12-09 23:18:47.964 [info] > git for-each-ref --format=%(refname)%00%(upstream:short)%00%(objectname)%00%(upstream:track) refs/heads/submit_project3 refs/remotes/submit_project3 [3ms]
2022-12-09 23:18:47.977 [info] > git for-each-ref --sort -committerdate --format %(refname) %(objectname) %(*objectname) [2ms]
2022-12-09 23:18:47.978 [info] > git status -z -uall [9ms]
2022-12-09 23:19:02.236 [info] > git config --get commit.template [7ms]
2022-12-09 23:19:02.237 [info] > git for-each-ref --format=%(refname)%00%(upstream:short)%00%(objectname)%00%(upstream:track) refs/heads/submit_project3 refs/remotes/submit_project3 [2ms]
2022-12-09 23:19:02.247 [info] > git for-each-ref --sort -committerdate --format %(refname) %(objectname) %(*objectname) [1ms]
2022-12-09 23:19:02.248 [info] > git status -z -uall [6ms]
2022-12-09 23:19:16.626 [info] > git config --get commit.template [5ms]
2022-12-09 23:19:16.628 [info] > git for-each-ref --format=%(refname)%00%(upstream:short)%00%(objectname)%00%(upstream:track) refs/heads/submit_project3 refs/remotes/submit_project3 [2ms]
2022-12-09 23:19:16.637 [info] > git status -z -uall [5ms]
2022-12-09 23:19:16.637 [info] > git for-each-ref --sort -committerdate --format %(refname) %(objectname) %(*objectname) [2ms]
2022-12-09 23:19:21.653 [info] > git config --get commit.template [6ms]
2022-12-09 23:19:21.655 [info] > git for-each-ref --format=%(refname)%00%(upstream:short)%00%(objectname)%00%(upstream:track) refs/heads/submit_project3 refs/remotes/submit_project3 [3ms]
2022-12-09 23:19:21.666 [info] > git for-each-ref --sort -committerdate --format %(refname) %(objectname) %(*objectname) [3ms]
2022-12-09 23:19:21.666 [info] > git status -z -uall [7ms]
2022-12-09 23:23:09.014 [info] > git check-ignore -v -z --stdin [4ms]
2022-12-09 23:23:12.721 [info] > git check-ignore -v -z --stdin [2ms]
2022-12-09 23:23:14.398 [info] > git show --textconv :src/filesys/file.c [5ms]
2022-12-09 23:23:14.400 [info] > git ls-files --stage -- /home/team11/pintos/src/filesys/file.c [2ms]
2022-12-09 23:23:14.406 [info] > git cat-file -s d5fc10de15004e98d4f8490aa8a7ec8a4c7efcff [2ms]
2022-12-09 23:24:36.895 [info] > git config --get commit.template [7ms]
2022-12-09 23:24:36.896 [info] > git for-each-ref --format=%(refname)%00%(upstream:short)%00%(objectname)%00%(upstream:track) refs/heads/submit_project3 refs/remotes/submit_project3 [2ms]
2022-12-09 23:24:36.906 [info] > git for-each-ref --sort -committerdate --format %(refname) %(objectname) %(*objectname) [1ms]
2022-12-09 23:24:36.907 [info] > git status -z -uall [6ms]
2022-12-09 23:24:41.927 [info] > git config --get commit.template [8ms]
2022-12-09 23:24:41.927 [info] > git for-each-ref --format=%(refname)%00%(upstream:short)%00%(objectname)%00%(upstream:track) refs/heads/submit_project3 refs/remotes/submit_project3 [2ms]
2022-12-09 23:24:41.938 [info] > git for-each-ref --sort -committerdate --format %(refname) %(objectname) %(*objectname) [1ms]
2022-12-09 23:24:41.940 [info] > git status -z -uall [7ms]
2022-12-09 23:24:48.239 [info] > git config --get commit.template [7ms]
2022-12-09 23:24:48.240 [info] > git for-each-ref --format=%(refname)%00%(upstream:short)%00%(objectname)%00%(upstream:track) refs/heads/submit_project3 refs/remotes/submit_project3 [2ms]
2022-12-09 23:24:48.252 [info] > git status -z -uall [5ms]
2022-12-09 23:24:48.254 [info] > git for-each-ref --sort -committerdate --format %(refname) %(objectname) %(*objectname) [3ms]
2022-12-09 23:25:52.065 [info] > git config --get commit.template [7ms]
2022-12-09 23:25:52.067 [info] > git for-each-ref --format=%(refname)%00%(upstream:short)%00%(objectname)%00%(upstream:track) refs/heads/submit_project3 refs/remotes/submit_project3 [2ms]
2022-12-09 23:25:52.081 [info] > git status -z -uall [9ms]
2022-12-09 23:25:52.081 [info] > git for-each-ref --sort -committerdate --format %(refname) %(objectname) %(*objectname) [3ms]
2022-12-09 23:25:57.647 [info] > git config --get commit.template [6ms]
2022-12-09 23:25:57.648 [info] > git for-each-ref --format=%(refname)%00%(upstream:short)%00%(objectname)%00%(upstream:track) refs/heads/submit_project3 refs/remotes/submit_project3 [2ms]
2022-12-09 23:25:57.658 [info] > git status -z -uall [6ms]
2022-12-09 23:25:57.660 [info] > git for-each-ref --sort -committerdate --format %(refname) %(objectname) %(*objectname) [2ms]
2022-12-09 23:26:05.027 [info] > git config --get commit.template [7ms]
2022-12-09 23:26:05.028 [info] > git for-each-ref --format=%(refname)%00%(upstream:short)%00%(objectname)%00%(upstream:track) refs/heads/submit_project3 refs/remotes/submit_project3 [2ms]
2022-12-09 23:26:05.038 [info] > git status -z -uall [6ms]
2022-12-09 23:26:05.040 [info] > git for-each-ref --sort -committerdate --format %(refname) %(objectname) %(*objectname) [3ms]
2022-12-09 23:26:10.057 [info] > git config --get commit.template [6ms]
2022-12-09 23:26:10.058 [info] > git for-each-ref --format=%(refname)%00%(upstream:short)%00%(objectname)%00%(upstream:track) refs/heads/submit_project3 refs/remotes/submit_project3 [2ms]
2022-12-09 23:26:10.068 [info] > git status -z -uall [6ms]
2022-12-09 23:26:10.069 [info] > git for-each-ref --sort -committerdate --format %(refname) %(objectname) %(*objectname) [2ms]
2022-12-09 23:26:15.927 [info] > git for-each-ref --format=%(refname)%00%(upstream:short)%00%(objectname)%00%(upstream:track) refs/heads/submit_project3 refs/remotes/submit_project3 [2ms]
2022-12-09 23:26:15.927 [info] > git config --get commit.template [10ms]
2022-12-09 23:26:15.938 [info] > git status -z -uall [5ms]
2022-12-09 23:26:15.940 [info] > git for-each-ref --sort -committerdate --format %(refname) %(objectname) %(*objectname) [2ms]
2022-12-09 23:26:20.955 [info] > git config --get commit.template [6ms]
2022-12-09 23:26:20.957 [info] > git for-each-ref --format=%(refname)%00%(upstream:short)%00%(objectname)%00%(upstream:track) refs/heads/submit_project3 refs/remotes/submit_project3 [3ms]
2022-12-09 23:26:20.970 [info] > git status -z -uall [8ms]
2022-12-09 23:26:20.970 [info] > git for-each-ref --sort -committerdate --format %(refname) %(objectname) %(*objectname) [3ms]
2022-12-09 23:27:00.953 [info] > git config --get commit.template [6ms]
2022-12-09 23:27:00.954 [info] > git for-each-ref --format=%(refname)%00%(upstream:short)%00%(objectname)%00%(upstream:track) refs/heads/submit_project3 refs/remotes/submit_project3 [2ms]
2022-12-09 23:27:00.964 [info] > git status -z -uall [5ms]
2022-12-09 23:27:00.966 [info] > git for-each-ref --sort -committerdate --format %(refname) %(objectname) %(*objectname) [3ms]
2022-12-09 23:27:05.982 [info] > git config --get commit.template [6ms]
2022-12-09 23:27:05.984 [info] > git for-each-ref --format=%(refname)%00%(upstream:short)%00%(objectname)%00%(upstream:track) refs/heads/submit_project3 refs/remotes/submit_project3 [2ms]
2022-12-09 23:27:05.995 [info] > git for-each-ref --sort -committerdate --format %(refname) %(objectname) %(*objectname) [2ms]
2022-12-09 23:27:05.995 [info] > git status -z -uall [6ms]
2022-12-09 23:29:32.485 [info] > git config --get commit.template [5ms]
2022-12-09 23:29:32.486 [info] > git for-each-ref --format=%(refname)%00%(upstream:short)%00%(objectname)%00%(upstream:track) refs/heads/submit_project3 refs/remotes/submit_project3 [2ms]
2022-12-09 23:29:32.495 [info] > git status -z -uall [5ms]
2022-12-09 23:29:32.495 [info] > git for-each-ref --sort -committerdate --format %(refname) %(objectname) %(*objectname) [2ms]
2022-12-09 23:30:07.302 [info] > git config --get commit.template [2ms]
2022-12-09 23:30:07.308 [info] > git for-each-ref --format=%(refname)%00%(upstream:short)%00%(objectname)%00%(upstream:track) refs/heads/submit_project3 refs/remotes/submit_project3 [2ms]
2022-12-09 23:30:07.316 [info] > git status -z -uall [4ms]
2022-12-09 23:30:07.317 [info] > git for-each-ref --sort -committerdate --format %(refname) %(objectname) %(*objectname) [2ms]
2022-12-09 23:30:12.329 [info] > git config --get commit.template [5ms]
2022-12-09 23:30:12.329 [info] > git for-each-ref --format=%(refname)%00%(upstream:short)%00%(objectname)%00%(upstream:track) refs/heads/submit_project3 refs/remotes/submit_project3 [1ms]
2022-12-09 23:30:12.338 [info] > git status -z -uall [5ms]
2022-12-09 23:30:12.340 [info] > git for-each-ref --sort -committerdate --format %(refname) %(objectname) %(*objectname) [3ms]
2022-12-09 23:30:58.014 [info] > git show --textconv :src/userprog/syscall.c [5ms]
2022-12-09 23:30:58.015 [info] > git ls-files --stage -- /home/team11/pintos/src/userprog/syscall.c [2ms]
2022-12-09 23:30:58.019 [info] > git cat-file -s 124c9506cf5379851ee22c312f4cf8fadd7b6a41 [1ms]
2022-12-09 23:33:15.378 [info] > git config --get commit.template [6ms]
2022-12-09 23:33:15.379 [info] > git for-each-ref --format=%(refname)%00%(upstream:short)%00%(objectname)%00%(upstream:track) refs/heads/submit_project3 refs/remotes/submit_project3 [2ms]
2022-12-09 23:33:15.389 [info] > git for-each-ref --sort -committerdate --format %(refname) %(objectname) %(*objectname) [1ms]
2022-12-09 23:33:15.391 [info] > git status -z -uall [7ms]
2022-12-09 23:33:20.404 [info] > git config --get commit.template [5ms]
2022-12-09 23:33:20.406 [info] > git for-each-ref --format=%(refname)%00%(upstream:short)%00%(objectname)%00%(upstream:track) refs/heads/submit_project3 refs/remotes/submit_project3 [3ms]
2022-12-09 23:33:20.413 [info] > git status -z -uall [4ms]
2022-12-09 23:33:20.414 [info] > git for-each-ref --sort -committerdate --format %(refname) %(objectname) %(*objectname) [1ms]
2022-12-09 23:33:25.423 [info] > git config --get commit.template [1ms]
2022-12-09 23:33:25.431 [info] > git for-each-ref --format=%(refname)%00%(upstream:short)%00%(objectname)%00%(upstream:track) refs/heads/submit_project3 refs/remotes/submit_project3 [2ms]
2022-12-09 23:33:25.440 [info] > git status -z -uall [4ms]
2022-12-09 23:33:25.442 [info] > git for-each-ref --sort -committerdate --format %(refname) %(objectname) %(*objectname) [3ms]
2022-12-09 23:33:30.457 [info] > git config --get commit.template [6ms]
2022-12-09 23:33:30.458 [info] > git for-each-ref --format=%(refname)%00%(upstream:short)%00%(objectname)%00%(upstream:track) refs/heads/submit_project3 refs/remotes/submit_project3 [2ms]
2022-12-09 23:33:30.467 [info] > git status -z -uall [4ms]
2022-12-09 23:33:30.469 [info] > git for-each-ref --sort -committerdate --format %(refname) %(objectname) %(*objectname) [3ms]
2022-12-09 23:35:01.227 [info] > git config --get commit.template [6ms]
2022-12-09 23:35:01.228 [info] > git for-each-ref --format=%(refname)%00%(upstream:short)%00%(objectname)%00%(upstream:track) refs/heads/submit_project3 refs/remotes/submit_project3 [2ms]
2022-12-09 23:35:01.238 [info] > git for-each-ref --sort -committerdate --format %(refname) %(objectname) %(*objectname) [2ms]
2022-12-09 23:35:01.240 [info] > git status -z -uall [8ms]
2022-12-09 23:35:06.255 [info] > git config --get commit.template [6ms]
2022-12-09 23:35:06.255 [info] > git for-each-ref --format=%(refname)%00%(upstream:short)%00%(objectname)%00%(upstream:track) refs/heads/submit_project3 refs/remotes/submit_project3 [2ms]
2022-12-09 23:35:06.266 [info] > git status -z -uall [6ms]
2022-12-09 23:35:06.267 [info] > git for-each-ref --sort -committerdate --format %(refname) %(objectname) %(*objectname) [2ms]
2022-12-09 23:35:11.282 [info] > git config --get commit.template [6ms]
2022-12-09 23:35:11.283 [info] > git for-each-ref --format=%(refname)%00%(upstream:short)%00%(objectname)%00%(upstream:track) refs/heads/submit_project3 refs/remotes/submit_project3 [2ms]
2022-12-09 23:35:11.294 [info] > git for-each-ref --sort -committerdate --format %(refname) %(objectname) %(*objectname) [1ms]
2022-12-09 23:35:11.295 [info] > git status -z -uall [7ms]
2022-12-09 23:42:36.743 [info] > git config --get commit.template [0ms]
2022-12-09 23:42:36.749 [info] > git for-each-ref --format=%(refname)%00%(upstream:short)%00%(objectname)%00%(upstream:track) refs/heads/submit_project3 refs/remotes/submit_project3 [1ms]
2022-12-09 23:42:36.758 [info] > git status -z -uall [5ms]
2022-12-09 23:42:36.760 [info] > git for-each-ref --sort -committerdate --format %(refname) %(objectname) %(*objectname) [2ms]
2022-12-09 23:42:41.777 [info] > git config --get commit.template [7ms]
2022-12-09 23:42:41.779 [info] > git for-each-ref --format=%(refname)%00%(upstream:short)%00%(objectname)%00%(upstream:track) refs/heads/submit_project3 refs/remotes/submit_project3 [2ms]
2022-12-09 23:42:41.788 [info] > git for-each-ref --sort -committerdate --format %(refname) %(objectname) %(*objectname) [2ms]
2022-12-09 23:42:41.791 [info] > git status -z -uall [8ms]
2022-12-09 23:43:15.102 [info] > git config --get commit.template [8ms]
2022-12-09 23:43:15.104 [info] > git for-each-ref --format=%(refname)%00%(upstream:short)%00%(objectname)%00%(upstream:track) refs/heads/submit_project3 refs/remotes/submit_project3 [2ms]
2022-12-09 23:43:15.112 [info] > git status -z -uall [4ms]
2022-12-09 23:43:15.114 [info] > git for-each-ref --sort -committerdate --format %(refname) %(objectname) %(*objectname) [2ms]
2022-12-09 23:43:42.034 [info] > git config --get commit.template [6ms]
2022-12-09 23:43:42.036 [info] > git for-each-ref --format=%(refname)%00%(upstream:short)%00%(objectname)%00%(upstream:track) refs/heads/submit_project3 refs/remotes/submit_project3 [2ms]
2022-12-09 23:43:42.049 [info] > git for-each-ref --sort -committerdate --format %(refname) %(objectname) %(*objectname) [4ms]
2022-12-09 23:43:42.050 [info] > git status -z -uall [10ms]
2022-12-09 23:44:20.492 [info] > git config --get commit.template [5ms]
2022-12-09 23:44:20.493 [info] > git for-each-ref --format=%(refname)%00%(upstream:short)%00%(objectname)%00%(upstream:track) refs/heads/submit_project3 refs/remotes/submit_project3 [1ms]
2022-12-09 23:44:20.503 [info] > git status -z -uall [6ms]
2022-12-09 23:44:20.505 [info] > git for-each-ref --sort -committerdate --format %(refname) %(objectname) %(*objectname) [4ms]
2022-12-09 23:44:26.996 [info] > git config --get commit.template [5ms]
2022-12-09 23:44:26.996 [info] > git for-each-ref --format=%(refname)%00%(upstream:short)%00%(objectname)%00%(upstream:track) refs/heads/submit_project3 refs/remotes/submit_project3 [2ms]
2022-12-09 23:44:27.008 [info] > git status -z -uall [6ms]
2022-12-09 23:44:27.010 [info] > git for-each-ref --sort -committerdate --format %(refname) %(objectname) %(*objectname) [2ms]
2022-12-09 23:44:35.607 [info] > git config --get commit.template [6ms]
2022-12-09 23:44:35.607 [info] > git for-each-ref --format=%(refname)%00%(upstream:short)%00%(objectname)%00%(upstream:track) refs/heads/submit_project3 refs/remotes/submit_project3 [2ms]
2022-12-09 23:44:35.616 [info] > git for-each-ref --sort -committerdate --format %(refname) %(objectname) %(*objectname) [1ms]
2022-12-09 23:44:35.617 [info] > git status -z -uall [5ms]
2022-12-09 23:46:05.156 [info] > git config --get commit.template [4ms]
2022-12-09 23:46:05.156 [info] > git for-each-ref --format=%(refname)%00%(upstream:short)%00%(objectname)%00%(upstream:track) refs/heads/submit_project3 refs/remotes/submit_project3 [1ms]
2022-12-09 23:46:05.163 [info] > git status -z -uall [4ms]
2022-12-09 23:46:05.163 [info] > git for-each-ref --sort -committerdate --format %(refname) %(objectname) %(*objectname) [1ms]
2022-12-09 23:46:57.709 [info] > git config --get commit.template [5ms]
2022-12-09 23:46:57.710 [info] > git for-each-ref --format=%(refname)%00%(upstream:short)%00%(objectname)%00%(upstream:track) refs/heads/submit_project3 refs/remotes/submit_project3 [2ms]
2022-12-09 23:46:57.718 [info] > git status -z -uall [5ms]
2022-12-09 23:46:57.719 [info] > git for-each-ref --sort -committerdate --format %(refname) %(objectname) %(*objectname) [2ms]
2022-12-09 23:47:02.737 [info] > git config --get commit.template [6ms]
2022-12-09 23:47:02.738 [info] > git for-each-ref --format=%(refname)%00%(upstream:short)%00%(objectname)%00%(upstream:track) refs/heads/submit_project3 refs/remotes/submit_project3 [2ms]
2022-12-09 23:47:02.746 [info] > git status -z -uall [4ms]
2022-12-09 23:47:02.746 [info] > git for-each-ref --sort -committerdate --format %(refname) %(objectname) %(*objectname) [1ms]
2022-12-09 23:47:07.758 [info] > git config --get commit.template [5ms]
2022-12-09 23:47:07.758 [info] > git for-each-ref --format=%(refname)%00%(upstream:short)%00%(objectname)%00%(upstream:track) refs/heads/submit_project3 refs/remotes/submit_project3 [1ms]
2022-12-09 23:47:07.767 [info] > git status -z -uall [5ms]
2022-12-09 23:47:07.768 [info] > git for-each-ref --sort -committerdate --format %(refname) %(objectname) %(*objectname) [2ms]
2022-12-09 23:47:14.842 [info] > git config --get commit.template [5ms]
2022-12-09 23:47:14.842 [info] > git for-each-ref --format=%(refname)%00%(upstream:short)%00%(objectname)%00%(upstream:track) refs/heads/submit_project3 refs/remotes/submit_project3 [1ms]
2022-12-09 23:47:14.850 [info] > git for-each-ref --sort -committerdate --format %(refname) %(objectname) %(*objectname) [2ms]
2022-12-09 23:47:14.851 [info] > git status -z -uall [5ms]
2022-12-09 23:48:35.082 [info] > git config --get commit.template [6ms]
2022-12-09 23:48:35.083 [info] > git for-each-ref --format=%(refname)%00%(upstream:short)%00%(objectname)%00%(upstream:track) refs/heads/submit_project3 refs/remotes/submit_project3 [1ms]
2022-12-09 23:48:35.091 [info] > git for-each-ref --sort -committerdate --format %(refname) %(objectname) %(*objectname) [1ms]
2022-12-09 23:48:35.093 [info] > git status -z -uall [6ms]
2022-12-09 23:50:08.867 [info] > git config --get commit.template [4ms]
2022-12-09 23:50:08.867 [info] > git for-each-ref --format=%(refname)%00%(upstream:short)%00%(objectname)%00%(upstream:track) refs/heads/submit_project3 refs/remotes/submit_project3 [1ms]
2022-12-09 23:50:08.876 [info] > git status -z -uall [4ms]
2022-12-09 23:50:08.878 [info] > git for-each-ref --sort -committerdate --format %(refname) %(objectname) %(*objectname) [2ms]
2022-12-09 23:55:09.937 [info] > git config --get commit.template [5ms]
2022-12-09 23:55:09.939 [info] > git for-each-ref --format=%(refname)%00%(upstream:short)%00%(objectname)%00%(upstream:track) refs/heads/submit_project3 refs/remotes/submit_project3 [2ms]
2022-12-09 23:55:09.949 [info] > git status -z -uall [5ms]
2022-12-09 23:55:09.949 [info] > git for-each-ref --sort -committerdate --format %(refname) %(objectname) %(*objectname) [2ms]
2022-12-09 23:55:23.153 [info] > git config --get commit.template [4ms]
2022-12-09 23:55:23.153 [info] > git for-each-ref --format=%(refname)%00%(upstream:short)%00%(objectname)%00%(upstream:track) refs/heads/submit_project3 refs/remotes/submit_project3 [1ms]
2022-12-09 23:55:23.163 [info] > git for-each-ref --sort -committerdate --format %(refname) %(objectname) %(*objectname) [2ms]
2022-12-09 23:55:23.165 [info] > git status -z -uall [7ms]
2022-12-09 23:55:59.470 [info] > git config --get commit.template [6ms]
2022-12-09 23:55:59.471 [info] > git for-each-ref --format=%(refname)%00%(upstream:short)%00%(objectname)%00%(upstream:track) refs/heads/submit_project3 refs/remotes/submit_project3 [2ms]
2022-12-09 23:55:59.480 [info] > git status -z -uall [5ms]
2022-12-09 23:55:59.482 [info] > git for-each-ref --sort -committerdate --format %(refname) %(objectname) %(*objectname) [2ms]
2022-12-09 23:56:37.238 [info] > git show --textconv :src/vm/page.c [4ms]
2022-12-09 23:56:37.240 [info] > git ls-files --stage -- /home/team11/pintos/src/vm/page.c [3ms]
2022-12-09 23:56:37.245 [info] > git cat-file -s 0a6d3afcdaa55bf47a5cecb2641deed57f2197ae [1ms]
2022-12-09 23:56:53.128 [info] > git config --get commit.template [5ms]
2022-12-09 23:56:53.128 [info] > git for-each-ref --format=%(refname)%00%(upstream:short)%00%(objectname)%00%(upstream:track) refs/heads/submit_project3 refs/remotes/submit_project3 [1ms]
2022-12-09 23:56:53.138 [info] > git status -z -uall [5ms]
2022-12-09 23:56:53.139 [info] > git for-each-ref --sort -committerdate --format %(refname) %(objectname) %(*objectname) [2ms]
2022-12-09 23:57:38.442 [info] > git config --get commit.template [5ms]
2022-12-09 23:57:38.443 [info] > git for-each-ref --format=%(refname)%00%(upstream:short)%00%(objectname)%00%(upstream:track) refs/heads/submit_project3 refs/remotes/submit_project3 [1ms]
2022-12-09 23:57:38.451 [info] > git status -z -uall [4ms]
2022-12-09 23:57:38.452 [info] > git for-each-ref --sort -committerdate --format %(refname) %(objectname) %(*objectname) [1ms]
2022-12-09 23:59:06.817 [info] > git config --get commit.template [5ms]
2022-12-09 23:59:06.818 [info] > git for-each-ref --format=%(refname)%00%(upstream:short)%00%(objectname)%00%(upstream:track) refs/heads/submit_project3 refs/remotes/submit_project3 [1ms]
2022-12-09 23:59:06.825 [info] > git status -z -uall [4ms]
2022-12-09 23:59:06.825 [info] > git for-each-ref --sort -committerdate --format %(refname) %(objectname) %(*objectname) [1ms]
2022-12-10 00:00:00.662 [info] > git show --textconv :src/tests/userprog/bad-read2.c [5ms]
2022-12-10 00:00:00.663 [info] > git ls-files --stage -- /home/team11/pintos/src/tests/userprog/bad-read2.c [2ms]
2022-12-10 00:00:00.669 [info] > git cat-file -s a2fc23725cd6da1dda4d35be78f411966150150a [1ms]
2022-12-10 00:00:31.352 [info] > git config --get commit.template [5ms]
2022-12-10 00:00:31.354 [info] > git for-each-ref --format=%(refname)%00%(upstream:short)%00%(objectname)%00%(upstream:track) refs/heads/submit_project3 refs/remotes/submit_project3 [3ms]
2022-12-10 00:00:31.365 [info] > git status -z -uall [7ms]
2022-12-10 00:00:31.366 [info] > git for-each-ref --sort -committerdate --format %(refname) %(objectname) %(*objectname) [3ms]
2022-12-10 00:00:43.448 [info] > git config --get commit.template [7ms]
2022-12-10 00:00:43.450 [info] > git for-each-ref --format=%(refname)%00%(upstream:short)%00%(objectname)%00%(upstream:track) refs/heads/submit_project3 refs/remotes/submit_project3 [3ms]
2022-12-10 00:00:43.461 [info] > git for-each-ref --sort -committerdate --format %(refname) %(objectname) %(*objectname) [2ms]
2022-12-10 00:00:43.463 [info] > git status -z -uall [8ms]
2022-12-10 00:01:20.440 [info] > git config --get commit.template [4ms]
2022-12-10 00:01:20.440 [info] > git for-each-ref --format=%(refname)%00%(upstream:short)%00%(objectname)%00%(upstream:track) refs/heads/submit_project3 refs/remotes/submit_project3 [1ms]
2022-12-10 00:01:20.451 [info] > git status -z -uall [6ms]
2022-12-10 00:01:20.454 [info] > git for-each-ref --sort -committerdate --format %(refname) %(objectname) %(*objectname) [4ms]
2022-12-10 00:02:36.191 [info] > git rev-parse --show-toplevel [1ms]
2022-12-10 00:02:36.191 [info] fatal: Not a git repository (or any parent up to mount point /home)
Stopping at filesystem boundary (GIT_DISCOVERY_ACROSS_FILESYSTEM not set).
2022-12-10 00:02:37.180 [info] > git config --get commit.template [1ms]
2022-12-10 00:02:37.187 [info] > git for-each-ref --format=%(refname)%00%(upstream:short)%00%(objectname)%00%(upstream:track) refs/heads/submit_project3 refs/remotes/submit_project3 [1ms]
2022-12-10 00:02:37.195 [info] > git status -z -uall [4ms]
2022-12-10 00:02:37.197 [info] > git for-each-ref --sort -committerdate --format %(refname) %(objectname) %(*objectname) [3ms]
2022-12-10 00:03:19.968 [info] > git show --textconv :src/tests/userprog/read-boundary.c [4ms]
2022-12-10 00:03:19.969 [info] > git ls-files --stage -- /home/team11/pintos/src/tests/userprog/read-boundary.c [2ms]
2022-12-10 00:03:19.973 [info] > git cat-file -s 9c19966fa5cde0e997a005cfe3d97c9e6e170f5c [1ms]
2022-12-10 00:03:50.155 [info] > git show --textconv :src/tests/userprog/read-boundary.ck [6ms]
2022-12-10 00:03:50.155 [info] > git ls-files --stage -- /home/team11/pintos/src/tests/userprog/read-boundary.ck [1ms]
2022-12-10 00:03:50.160 [info] > git cat-file -s 08dc1612734966f0ad460ffb5a589e9e6aa8583c [1ms]
2022-12-10 00:03:53.534 [info] > git show --textconv :src/tests/userprog/read-boundary.c [6ms]
2022-12-10 00:03:53.536 [info] > git ls-files --stage -- /home/team11/pintos/src/tests/userprog/read-boundary.c [2ms]
2022-12-10 00:03:53.541 [info] > git cat-file -s 9c19966fa5cde0e997a005cfe3d97c9e6e170f5c [2ms]
2022-12-10 00:06:21.133 [info] > git config --get commit.template [6ms]
2022-12-10 00:06:21.134 [info] > git for-each-ref --format=%(refname)%00%(upstream:short)%00%(objectname)%00%(upstream:track) refs/heads/submit_project3 refs/remotes/submit_project3 [2ms]
2022-12-10 00:06:21.143 [info] > git for-each-ref --sort -committerdate --format %(refname) %(objectname) %(*objectname) [1ms]
2022-12-10 00:06:21.144 [info] > git status -z -uall [5ms]
2022-12-10 00:06:37.645 [info] > git config --get commit.template [5ms]
2022-12-10 00:06:37.647 [info] > git for-each-ref --format=%(refname)%00%(upstream:short)%00%(objectname)%00%(upstream:track) refs/heads/submit_project3 refs/remotes/submit_project3 [3ms]
2022-12-10 00:06:37.657 [info] > git status -z -uall [6ms]
2022-12-10 00:06:37.658 [info] > git for-each-ref --sort -committerdate --format %(refname) %(objectname) %(*objectname) [2ms]
2022-12-10 00:06:42.671 [info] > git config --get commit.template [0ms]
2022-12-10 00:06:42.678 [info] > git for-each-ref --format=%(refname)%00%(upstream:short)%00%(objectname)%00%(upstream:track) refs/heads/submit_project3 refs/remotes/submit_project3 [2ms]
2022-12-10 00:06:42.686 [info] > git for-each-ref --sort -committerdate --format %(refname) %(objectname) %(*objectname) [1ms]
2022-12-10 00:06:42.687 [info] > git status -z -uall [5ms]
2022-12-10 00:06:47.706 [info] > git config --get commit.template [6ms]
2022-12-10 00:06:47.708 [info] > git for-each-ref --format=%(refname)%00%(upstream:short)%00%(objectname)%00%(upstream:track) refs/heads/submit_project3 refs/remotes/submit_project3 [3ms]
2022-12-10 00:06:47.717 [info] > git for-each-ref --sort -committerdate --format %(refname) %(objectname) %(*objectname) [1ms]
2022-12-10 00:06:47.717 [info] > git status -z -uall [5ms]
2022-12-10 00:07:01.200 [info] > git config --get commit.template [5ms]
2022-12-10 00:07:01.200 [info] > git for-each-ref --format=%(refname)%00%(upstream:short)%00%(objectname)%00%(upstream:track) refs/heads/submit_project3 refs/remotes/submit_project3 [1ms]
2022-12-10 00:07:01.208 [info] > git status -z -uall [4ms]
2022-12-10 00:07:01.210 [info] > git for-each-ref --sort -committerdate --format %(refname) %(objectname) %(*objectname) [2ms]
2022-12-10 00:07:06.226 [info] > git config --get commit.template [6ms]
2022-12-10 00:07:06.226 [info] > git for-each-ref --format=%(refname)%00%(upstream:short)%00%(objectname)%00%(upstream:track) refs/heads/submit_project3 refs/remotes/submit_project3 [2ms]
2022-12-10 00:07:06.235 [info] > git status -z -uall [5ms]
2022-12-10 00:07:06.237 [info] > git for-each-ref --sort -committerdate --format %(refname) %(objectname) %(*objectname) [2ms]
2022-12-10 00:08:34.597 [info] > git config --get commit.template [1ms]
2022-12-10 00:08:34.604 [info] > git for-each-ref --format=%(refname)%00%(upstream:short)%00%(objectname)%00%(upstream:track) refs/heads/submit_project3 refs/remotes/submit_project3 [1ms]
2022-12-10 00:08:34.614 [info] > git status -z -uall [4ms]
2022-12-10 00:08:34.614 [info] > git for-each-ref --sort -committerdate --format %(refname) %(objectname) %(*objectname) [1ms]
2022-12-10 00:08:41.765 [info] > git config --get commit.template [5ms]
2022-12-10 00:08:41.766 [info] > git for-each-ref --format=%(refname)%00%(upstream:short)%00%(objectname)%00%(upstream:track) refs/heads/submit_project3 refs/remotes/submit_project3 [2ms]
2022-12-10 00:08:41.775 [info] > git for-each-ref --sort -committerdate --format %(refname) %(objectname) %(*objectname) [1ms]
2022-12-10 00:08:41.776 [info] > git status -z -uall [6ms]
2022-12-10 00:08:43.052 [info] > git ls-files --stage -- /home/team11/pintos/src/tests/userprog/read-boundary.ck [5ms]
2022-12-10 00:08:43.056 [info] > git ls-files --stage -- /home/team11/pintos/src/vm/page.c [15ms]
2022-12-10 00:08:43.060 [info] > git ls-files --stage -- /home/team11/pintos/src/userprog/syscall.c [22ms]
2022-12-10 00:08:43.063 [info] > git ls-files --stage -- /home/team11/pintos/src/filesys/file.c [29ms]
2022-12-10 00:08:43.068 [info] > git ls-files --stage -- /home/team11/pintos/src/userprog/process.c [37ms]
2022-12-10 00:08:43.073 [info] > git ls-files --stage -- /home/team11/pintos/src/threads/thread.c [45ms]
2022-12-10 00:08:43.077 [info] > git ls-files --stage -- /home/team11/pintos/src/userprog/exception.c [56ms]
2022-12-10 00:08:43.082 [info] > git cat-file -s 58fadfdc7240641694740e973368e9ae1155a327 [5ms]
2022-12-10 00:08:43.083 [info] > git cat-file -s 6a160c04677e7ce8c5d7244f7f59c2390392239d [11ms]
2022-12-10 00:08:43.083 [info] > git cat-file -s d5fc10de15004e98d4f8490aa8a7ec8a4c7efcff [15ms]
2022-12-10 00:08:43.083 [info] > git cat-file -s 124c9506cf5379851ee22c312f4cf8fadd7b6a41 [20ms]
2022-12-10 00:08:43.083 [info] > git cat-file -s 0a6d3afcdaa55bf47a5cecb2641deed57f2197ae [24ms]
2022-12-10 00:08:43.083 [info] > git cat-file -s 08dc1612734966f0ad460ffb5a589e9e6aa8583c [27ms]
2022-12-10 00:08:43.083 [info] > git ls-files --stage -- /home/team11/pintos/src/tests/userprog/read-boundary.c [32ms]
2022-12-10 00:08:43.088 [info] > git cat-file -s d4849517cfff866b61c7c5886d337b04bc19d585 [7ms]
2022-12-10 00:08:43.089 [info] > git cat-file -s 9c19966fa5cde0e997a005cfe3d97c9e6e170f5c [2ms]
2022-12-10 00:08:43.155 [info] > git show --textconv :src/threads/thread.c [21ms]
2022-12-10 00:08:43.156 [info] > git show --textconv :src/userprog/process.c [17ms]
2022-12-10 00:08:43.156 [info] > git show --textconv :src/filesys/file.c [13ms]
2022-12-10 00:08:43.156 [info] > git show --textconv :src/userprog/syscall.c [10ms]
2022-12-10 00:08:43.156 [info] > git show --textconv :src/vm/page.c [5ms]
2022-12-10 00:08:43.157 [info] > git show --textconv :src/tests/userprog/read-boundary.ck [2ms]
2022-12-10 00:08:43.165 [info] > git show --textconv :src/userprog/exception.c [5ms]
2022-12-10 00:08:43.167 [info] > git show --textconv :src/tests/userprog/read-boundary.c [3ms]
2022-12-10 00:08:46.794 [info] > git config --get commit.template [7ms]
2022-12-10 00:08:46.796 [info] > git for-each-ref --format=%(refname)%00%(upstream:short)%00%(objectname)%00%(upstream:track) refs/heads/submit_project3 refs/remotes/submit_project3 [2ms]
2022-12-10 00:08:46.806 [info] > git for-each-ref --sort -committerdate --format %(refname) %(objectname) %(*objectname) [3ms]
2022-12-10 00:08:46.807 [info] > git status -z -uall [7ms]
2022-12-10 00:09:50.409 [info] > git config --get commit.template [6ms]
2022-12-10 00:09:50.410 [info] > git for-each-ref --format=%(refname)%00%(upstream:short)%00%(objectname)%00%(upstream:track) refs/heads/submit_project3 refs/remotes/submit_project3 [2ms]
2022-12-10 00:09:50.418 [info] > git for-each-ref --sort -committerdate --format %(refname) %(objectname) %(*objectname) [1ms]
2022-12-10 00:09:50.419 [info] > git status -z -uall [5ms]
2022-12-10 00:09:55.435 [info] > git config --get commit.template [6ms]
2022-12-10 00:09:55.437 [info] > git for-each-ref --format=%(refname)%00%(upstream:short)%00%(objectname)%00%(upstream:track) refs/heads/submit_project3 refs/remotes/submit_project3 [2ms]
2022-12-10 00:09:55.447 [info] > git status -z -uall [6ms]
2022-12-10 00:09:55.447 [info] > git for-each-ref --sort -committerdate --format %(refname) %(objectname) %(*objectname) [2ms]
2022-12-10 00:10:10.620 [info] > git config --get commit.template [6ms]
2022-12-10 00:10:10.622 [info] > git for-each-ref --format=%(refname)%00%(upstream:short)%00%(objectname)%00%(upstream:track) refs/heads/submit_project3 refs/remotes/submit_project3 [3ms]
2022-12-10 00:10:10.631 [info] > git status -z -uall [5ms]
2022-12-10 00:10:10.634 [info] > git for-each-ref --sort -committerdate --format %(refname) %(objectname) %(*objectname) [3ms]
2022-12-10 00:10:15.650 [info] > git config --get commit.template [7ms]
2022-12-10 00:10:15.651 [info] > git for-each-ref --format=%(refname)%00%(upstream:short)%00%(objectname)%00%(upstream:track) refs/heads/submit_project3 refs/remotes/submit_project3 [2ms]
2022-12-10 00:10:15.661 [info] > git status -z -uall [6ms]
2022-12-10 00:10:15.662 [info] > git for-each-ref --sort -committerdate --format %(refname) %(objectname) %(*objectname) [2ms]
2022-12-10 00:10:28.838 [info] > git config --get commit.template [7ms]
2022-12-10 00:10:28.839 [info] > git for-each-ref --format=%(refname)%00%(upstream:short)%00%(objectname)%00%(upstream:track) refs/heads/submit_project3 refs/remotes/submit_project3 [1ms]
2022-12-10 00:10:28.847 [info] > git status -z -uall [5ms]
2022-12-10 00:10:28.849 [info] > git for-each-ref --sort -committerdate --format %(refname) %(objectname) %(*objectname) [3ms]
2022-12-10 00:10:33.861 [info] > git config --get commit.template [2ms]
2022-12-10 00:10:33.868 [info] > git for-each-ref --format=%(refname)%00%(upstream:short)%00%(objectname)%00%(upstream:track) refs/heads/submit_project3 refs/remotes/submit_project3 [2ms]
2022-12-10 00:10:33.875 [info] > git for-each-ref --sort -committerdate --format %(refname) %(objectname) %(*objectname) [1ms]
2022-12-10 00:10:33.880 [info] > git status -z -uall [8ms]
2022-12-10 00:11:44.763 [info] > git config --get commit.template [7ms]
2022-12-10 00:11:44.763 [info] > git for-each-ref --format=%(refname)%00%(upstream:short)%00%(objectname)%00%(upstream:track) refs/heads/submit_project3 refs/remotes/submit_project3 [2ms]
2022-12-10 00:11:44.773 [info] > git status -z -uall [4ms]
2022-12-10 00:11:44.774 [info] > git for-each-ref --sort -committerdate --format %(refname) %(objectname) %(*objectname) [2ms]
2022-12-10 00:11:52.638 [info] > git config --get commit.template [6ms]
2022-12-10 00:11:52.639 [info] > git for-each-ref --format=%(refname)%00%(upstream:short)%00%(objectname)%00%(upstream:track) refs/heads/submit_project3 refs/remotes/submit_project3 [1ms]
2022-12-10 00:11:52.649 [info] > git status -z -uall [5ms]
2022-12-10 00:11:52.650 [info] > git for-each-ref --sort -committerdate --format %(refname) %(objectname) %(*objectname) [2ms]
2022-12-10 00:11:57.786 [info] > git config --get commit.template [6ms]
2022-12-10 00:11:57.786 [info] > git for-each-ref --format=%(refname)%00%(upstream:short)%00%(objectname)%00%(upstream:track) refs/heads/submit_project3 refs/remotes/submit_project3 [1ms]
2022-12-10 00:11:57.796 [info] > git status -z -uall [5ms]
2022-12-10 00:11:57.798 [info] > git for-each-ref --sort -committerdate --format %(refname) %(objectname) %(*objectname) [3ms]
2022-12-10 00:12:33.533 [info] > git config --get commit.template [7ms]
2022-12-10 00:12:33.533 [info] > git for-each-ref --format=%(refname)%00%(upstream:short)%00%(objectname)%00%(upstream:track) refs/heads/submit_project3 refs/remotes/submit_project3 [1ms]
2022-12-10 00:12:33.543 [info] > git status -z -uall [3ms]
2022-12-10 00:12:33.544 [info] > git for-each-ref --sort -committerdate --format %(refname) %(objectname) %(*objectname) [1ms]
2022-12-10 00:12:47.684 [info] > git config --get commit.template [5ms]
2022-12-10 00:12:47.684 [info] > git for-each-ref --format=%(refname)%00%(upstream:short)%00%(objectname)%00%(upstream:track) refs/heads/submit_project3 refs/remotes/submit_project3 [1ms]
2022-12-10 00:12:47.696 [info] > git status -z -uall [6ms]
2022-12-10 00:12:47.696 [info] > git for-each-ref --sort -committerdate --format %(refname) %(objectname) %(*objectname) [1ms]
2022-12-10 00:12:52.705 [info] > git config --get commit.template [1ms]
2022-12-10 00:12:52.710 [info] > git for-each-ref --format=%(refname)%00%(upstream:short)%00%(objectname)%00%(upstream:track) refs/heads/submit_project3 refs/remotes/submit_project3 [1ms]
2022-12-10 00:12:52.719 [info] > git status -z -uall [5ms]
2022-12-10 00:12:52.719 [info] > git for-each-ref --sort -committerdate --format %(refname) %(objectname) %(*objectname) [1ms]
2022-12-10 00:13:20.116 [info] > git config --get commit.template [7ms]
2022-12-10 00:13:20.116 [info] > git for-each-ref --format=%(refname)%00%(upstream:short)%00%(objectname)%00%(upstream:track) refs/heads/submit_project3 refs/remotes/submit_project3 [1ms]
2022-12-10 00:13:20.132 [info] > git for-each-ref --sort -committerdate --format %(refname) %(objectname) %(*objectname) [1ms]
2022-12-10 00:13:20.133 [info] > git status -z -uall [5ms]
2022-12-10 00:13:25.147 [info] > git config --get commit.template [5ms]
2022-12-10 00:13:25.149 [info] > git for-each-ref --format=%(refname)%00%(upstream:short)%00%(objectname)%00%(upstream:track) refs/heads/submit_project3 refs/remotes/submit_project3 [2ms]
2022-12-10 00:13:25.156 [info] > git status -z -uall [4ms]
2022-12-10 00:13:25.157 [info] > git for-each-ref --sort -committerdate --format %(refname) %(objectname) %(*objectname) [2ms]
2022-12-10 00:13:36.522 [info] > git config --get commit.template [4ms]
2022-12-10 00:13:36.523 [info] > git for-each-ref --format=%(refname)%00%(upstream:short)%00%(objectname)%00%(upstream:track) refs/heads/submit_project3 refs/remotes/submit_project3 [1ms]
2022-12-10 00:13:36.531 [info] > git for-each-ref --sort -committerdate --format %(refname) %(objectname) %(*objectname) [1ms]
2022-12-10 00:13:36.532 [info] > git status -z -uall [4ms]
2022-12-10 00:13:41.545 [info] > git config --get commit.template [5ms]
2022-12-10 00:13:41.545 [info] > git for-each-ref --format=%(refname)%00%(upstream:short)%00%(objectname)%00%(upstream:track) refs/heads/submit_project3 refs/remotes/submit_project3 [1ms]
2022-12-10 00:13:41.552 [info] > git status -z -uall [3ms]
2022-12-10 00:13:41.553 [info] > git for-each-ref --sort -committerdate --format %(refname) %(objectname) %(*objectname) [1ms]
2022-12-10 00:13:51.805 [info] > git config --get commit.template [5ms]
2022-12-10 00:13:51.806 [info] > git for-each-ref --format=%(refname)%00%(upstream:short)%00%(objectname)%00%(upstream:track) refs/heads/submit_project3 refs/remotes/submit_project3 [2ms]
2022-12-10 00:13:51.814 [info] > git status -z -uall [4ms]
2022-12-10 00:13:51.815 [info] > git for-each-ref --sort -committerdate --format %(refname) %(objectname) %(*objectname) [1ms]
2022-12-10 00:14:03.121 [info] > git config --get commit.template [4ms]
2022-12-10 00:14:03.122 [info] > git for-each-ref --format=%(refname)%00%(upstream:short)%00%(objectname)%00%(upstream:track) refs/heads/submit_project3 refs/remotes/submit_project3 [2ms]
2022-12-10 00:14:03.129 [info] > git status -z -uall [4ms]
2022-12-10 00:14:03.132 [info] > git for-each-ref --sort -committerdate --format %(refname) %(objectname) %(*objectname) [3ms]
2022-12-10 00:14:08.144 [info] > git config --get commit.template [4ms]
2022-12-10 00:14:08.144 [info] > git for-each-ref --format=%(refname)%00%(upstream:short)%00%(objectname)%00%(upstream:track) refs/heads/submit_project3 refs/remotes/submit_project3 [1ms]
2022-12-10 00:14:08.152 [info] > git status -z -uall [4ms]
2022-12-10 00:14:08.152 [info] > git for-each-ref --sort -committerdate --format %(refname) %(objectname) %(*objectname) [1ms]
2022-12-10 00:14:35.952 [info] > git config --get commit.template [4ms]
2022-12-10 00:14:35.953 [info] > git for-each-ref --format=%(refname)%00%(upstream:short)%00%(objectname)%00%(upstream:track) refs/heads/submit_project3 refs/remotes/submit_project3 [2ms]
2022-12-10 00:14:35.961 [info] > git status -z -uall [5ms]
2022-12-10 00:14:35.961 [info] > git for-each-ref --sort -committerdate --format %(refname) %(objectname) %(*objectname) [2ms]
2022-12-10 00:14:41.229 [info] > git config --get commit.template [4ms]
2022-12-10 00:14:41.229 [info] > git for-each-ref --format=%(refname)%00%(upstream:short)%00%(objectname)%00%(upstream:track) refs/heads/submit_project3 refs/remotes/submit_project3 [1ms]
2022-12-10 00:14:41.236 [info] > git status -z -uall [3ms]
2022-12-10 00:14:41.237 [info] > git for-each-ref --sort -committerdate --format %(refname) %(objectname) %(*objectname) [1ms]
2022-12-10 00:14:46.246 [info] > git config --get commit.template [1ms]
2022-12-10 00:14:46.251 [info] > git for-each-ref --format=%(refname)%00%(upstream:short)%00%(objectname)%00%(upstream:track) refs/heads/submit_project3 refs/remotes/submit_project3 [1ms]
2022-12-10 00:14:46.258 [info] > git status -z -uall [4ms]
2022-12-10 00:14:46.259 [info] > git for-each-ref --sort -committerdate --format %(refname) %(objectname) %(*objectname) [2ms]
2022-12-10 00:15:11.695 [info] > git config --get commit.template [4ms]
2022-12-10 00:15:11.695 [info] > git for-each-ref --format=%(refname)%00%(upstream:short)%00%(objectname)%00%(upstream:track) refs/heads/submit_project3 refs/remotes/submit_project3 [1ms]
2022-12-10 00:15:11.706 [info] > git status -z -uall [7ms]
2022-12-10 00:15:11.706 [info] > git for-each-ref --sort -committerdate --format %(refname) %(objectname) %(*objectname) [2ms]
2022-12-10 00:15:36.356 [info] > git config --get commit.template [6ms]
2022-12-10 00:15:36.358 [info] > git for-each-ref --format=%(refname)%00%(upstream:short)%00%(objectname)%00%(upstream:track) refs/heads/submit_project3 refs/remotes/submit_project3 [3ms]
2022-12-10 00:15:36.365 [info] > git status -z -uall [4ms]
2022-12-10 00:15:36.366 [info] > git for-each-ref --sort -committerdate --format %(refname) %(objectname) %(*objectname) [1ms]
2022-12-10 00:15:51.495 [info] > git config --get commit.template [5ms]
2022-12-10 00:15:51.495 [info] > git for-each-ref --format=%(refname)%00%(upstream:short)%00%(objectname)%00%(upstream:track) refs/heads/submit_project3 refs/remotes/submit_project3 [1ms]
2022-12-10 00:15:51.502 [info] > git status -z -uall [3ms]
2022-12-10 00:15:51.503 [info] > git for-each-ref --sort -committerdate --format %(refname) %(objectname) %(*objectname) [1ms]
2022-12-10 00:15:56.519 [info] > git for-each-ref --format=%(refname)%00%(upstream:short)%00%(objectname)%00%(upstream:track) refs/heads/submit_project3 refs/remotes/submit_project3 [1ms]
2022-12-10 00:15:56.519 [info] > git config --get commit.template [7ms]
2022-12-10 00:15:56.528 [info] > git status -z -uall [5ms]
2022-12-10 00:15:56.530 [info] > git for-each-ref --sort -committerdate --format %(refname) %(objectname) %(*objectname) [3ms]
2022-12-10 00:16:08.171 [info] > git config --get commit.template [2ms]
2022-12-10 00:16:08.179 [info] > git for-each-ref --format=%(refname)%00%(upstream:short)%00%(objectname)%00%(upstream:track) refs/heads/submit_project3 refs/remotes/submit_project3 [3ms]
2022-12-10 00:16:08.189 [info] > git status -z -uall [5ms]
2022-12-10 00:16:08.190 [info] > git for-each-ref --sort -committerdate --format %(refname) %(objectname) %(*objectname) [2ms]
2022-12-10 00:16:21.410 [info] > git config --get commit.template [6ms]
2022-12-10 00:16:21.412 [info] > git for-each-ref --format=%(refname)%00%(upstream:short)%00%(objectname)%00%(upstream:track) refs/heads/submit_project3 refs/remotes/submit_project3 [2ms]
2022-12-10 00:16:21.423 [info] > git for-each-ref --sort -committerdate --format %(refname) %(objectname) %(*objectname) [3ms]
2022-12-10 00:16:21.424 [info] > git status -z -uall [8ms]
2022-12-10 00:16:26.442 [info] > git config --get commit.template [8ms]
2022-12-10 00:16:26.442 [info] > git for-each-ref --format=%(refname)%00%(upstream:short)%00%(objectname)%00%(upstream:track) refs/heads/submit_project3 refs/remotes/submit_project3 [0ms]
2022-12-10 00:16:26.455 [info] > git status -z -uall [8ms]
2022-12-10 00:16:26.456 [info] > git for-each-ref --sort -committerdate --format %(refname) %(objectname) %(*objectname) [4ms]
2022-12-10 00:16:32.402 [info] > git config --get commit.template [5ms]
2022-12-10 00:16:32.403 [info] > git for-each-ref --format=%(refname)%00%(upstream:short)%00%(objectname)%00%(upstream:track) refs/heads/submit_project3 refs/remotes/submit_project3 [2ms]
2022-12-10 00:16:32.412 [info] > git for-each-ref --sort -committerdate --format %(refname) %(objectname) %(*objectname) [2ms]
2022-12-10 00:16:32.413 [info] > git status -z -uall [6ms]
2022-12-10 00:16:37.428 [info] > git config --get commit.template [6ms]
2022-12-10 00:16:37.430 [info] > git for-each-ref --format=%(refname)%00%(upstream:short)%00%(objectname)%00%(upstream:track) refs/heads/submit_project3 refs/remotes/submit_project3 [3ms]
2022-12-10 00:16:37.439 [info] > git for-each-ref --sort -committerdate --format %(refname) %(objectname) %(*objectname) [2ms]
2022-12-10 00:16:37.441 [info] > git status -z -uall [7ms]
2022-12-10 00:17:27.231 [info] > git config --get commit.template [5ms]
2022-12-10 00:17:27.232 [info] > git for-each-ref --format=%(refname)%00%(upstream:short)%00%(objectname)%00%(upstream:track) refs/heads/submit_project3 refs/remotes/submit_project3 [2ms]
2022-12-10 00:17:27.241 [info] > git status -z -uall [6ms]
2022-12-10 00:17:27.241 [info] > git for-each-ref --sort -committerdate --format %(refname) %(objectname) %(*objectname) [2ms]
2022-12-10 00:17:32.258 [info] > git config --get commit.template [7ms]
2022-12-10 00:17:32.261 [info] > git for-each-ref --format=%(refname)%00%(upstream:short)%00%(objectname)%00%(upstream:track) refs/heads/submit_project3 refs/remotes/submit_project3 [2ms]
2022-12-10 00:17:32.271 [info] > git for-each-ref --sort -committerdate --format %(refname) %(objectname) %(*objectname) [2ms]
2022-12-10 00:17:32.271 [info] > git status -z -uall [7ms]
2022-12-10 00:17:46.672 [info] > git config --get commit.template [7ms]
2022-12-10 00:17:46.674 [info] > git for-each-ref --format=%(refname)%00%(upstream:short)%00%(objectname)%00%(upstream:track) refs/heads/submit_project3 refs/remotes/submit_project3 [2ms]
2022-12-10 00:17:46.683 [info] > git for-each-ref --sort -committerdate --format %(refname) %(objectname) %(*objectname) [2ms]
2022-12-10 00:17:46.683 [info] > git status -z -uall [5ms]
2022-12-10 00:17:51.700 [info] > git config --get commit.template [7ms]
2022-12-10 00:17:51.701 [info] > git for-each-ref --format=%(refname)%00%(upstream:short)%00%(objectname)%00%(upstream:track) refs/heads/submit_project3 refs/remotes/submit_project3 [2ms]
2022-12-10 00:17:51.710 [info] > git for-each-ref --sort -committerdate --format %(refname) %(objectname) %(*objectname) [1ms]
2022-12-10 00:17:51.714 [info] > git status -z -uall [8ms]
2022-12-10 00:18:19.228 [info] > git config --get commit.template [4ms]
2022-12-10 00:18:19.229 [info] > git for-each-ref --format=%(refname)%00%(upstream:short)%00%(objectname)%00%(upstream:track) refs/heads/submit_project3 refs/remotes/submit_project3 [2ms]
2022-12-10 00:18:19.236 [info] > git for-each-ref --sort -committerdate --format %(refname) %(objectname) %(*objectname) [1ms]
2022-12-10 00:18:19.238 [info] > git status -z -uall [6ms]
2022-12-10 00:18:53.336 [info] > git config --get commit.template [1ms]
2022-12-10 00:18:53.342 [info] > git for-each-ref --format=%(refname)%00%(upstream:short)%00%(objectname)%00%(upstream:track) refs/heads/submit_project3 refs/remotes/submit_project3 [1ms]
2022-12-10 00:18:53.351 [info] > git status -z -uall [4ms]
2022-12-10 00:18:53.353 [info] > git for-each-ref --sort -committerdate --format %(refname) %(objectname) %(*objectname) [3ms]
2022-12-10 00:18:58.369 [info] > git config --get commit.template [7ms]
2022-12-10 00:18:58.389 [info] > git for-each-ref --format=%(refname)%00%(upstream:short)%00%(objectname)%00%(upstream:track) refs/heads/submit_project3 refs/remotes/submit_project3 [21ms]
2022-12-10 00:18:58.398 [info] > git status -z -uall [6ms]
2022-12-10 00:18:58.399 [info] > git for-each-ref --sort -committerdate --format %(refname) %(objectname) %(*objectname) [3ms]
2022-12-10 00:19:03.409 [info] > git config --get commit.template [0ms]
2022-12-10 00:19:03.414 [info] > git for-each-ref --format=%(refname)%00%(upstream:short)%00%(objectname)%00%(upstream:track) refs/heads/submit_project3 refs/remotes/submit_project3 [1ms]
2022-12-10 00:19:03.421 [info] > git status -z -uall [4ms]
2022-12-10 00:19:03.422 [info] > git for-each-ref --sort -committerdate --format %(refname) %(objectname) %(*objectname) [2ms]
2022-12-10 00:19:08.435 [info] > git for-each-ref --format=%(refname)%00%(upstream:short)%00%(objectname)%00%(upstream:track) refs/heads/submit_project3 refs/remotes/submit_project3 [2ms]
2022-12-10 00:19:08.436 [info] > git config --get commit.template [7ms]
2022-12-10 00:19:08.444 [info] > git status -z -uall [5ms]
2022-12-10 00:19:08.446 [info] > git for-each-ref --sort -committerdate --format %(refname) %(objectname) %(*objectname) [3ms]
2022-12-10 00:19:11.016 [info] > git show --textconv :src/userprog/tss.c [6ms]
2022-12-10 00:19:11.017 [info] > git ls-files --stage -- /home/team11/pintos/src/userprog/tss.c [1ms]
2022-12-10 00:19:11.021 [info] > git cat-file -s f8ed9a90ab0d7cf0cad855842cac8570a1e720f6 [1ms]
2022-12-10 00:19:13.456 [info] > git config --get commit.template [4ms]
2022-12-10 00:19:13.457 [info] > git for-each-ref --format=%(refname)%00%(upstream:short)%00%(objectname)%00%(upstream:track) refs/heads/submit_project3 refs/remotes/submit_project3 [2ms]
2022-12-10 00:19:13.465 [info] > git for-each-ref --sort -committerdate --format %(refname) %(objectname) %(*objectname) [1ms]
2022-12-10 00:19:13.465 [info] > git status -z -uall [4ms]
2022-12-10 00:19:20.033 [info] > git config --get commit.template [4ms]
2022-12-10 00:19:20.034 [info] > git for-each-ref --format=%(refname)%00%(upstream:short)%00%(objectname)%00%(upstream:track) refs/heads/submit_project3 refs/remotes/submit_project3 [1ms]
2022-12-10 00:19:20.043 [info] > git status -z -uall [5ms]
2022-12-10 00:19:20.044 [info] > git for-each-ref --sort -committerdate --format %(refname) %(objectname) %(*objectname) [2ms]
2022-12-10 00:19:25.060 [info] > git config --get commit.template [6ms]
2022-12-10 00:19:25.061 [info] > git for-each-ref --format=%(refname)%00%(upstream:short)%00%(objectname)%00%(upstream:track) refs/heads/submit_project3 refs/remotes/submit_project3 [2ms]
2022-12-10 00:19:25.071 [info] > git for-each-ref --sort -committerdate --format %(refname) %(objectname) %(*objectname) [2ms]
2022-12-10 00:19:25.071 [info] > git status -z -uall [6ms]
2022-12-10 00:20:31.792 [info] > git rev-parse --show-toplevel [1ms]
2022-12-10 00:20:31.792 [info] fatal: Not a git repository (or any parent up to mount point /home)
Stopping at filesystem boundary (GIT_DISCOVERY_ACROSS_FILESYSTEM not set).
2022-12-10 00:20:32.300 [info] > git check-ignore -v -z --stdin [2ms]
2022-12-10 00:20:51.627 [info] > git show --textconv HEAD:src/userprog/exception.c [6ms]
2022-12-10 00:20:51.628 [info] > git ls-tree -l HEAD -- /home/team11/pintos/src/userprog/exception.c [2ms]
2022-12-10 00:20:59.472 [info] > git show --textconv HEAD:src/userprog/process.c [5ms]
2022-12-10 00:20:59.473 [info] > git ls-tree -l HEAD -- /home/team11/pintos/src/userprog/process.c [2ms]
2022-12-10 00:21:03.477 [info] > git config --get commit.template [5ms]
2022-12-10 00:21:03.478 [info] > git for-each-ref --format=%(refname)%00%(upstream:short)%00%(objectname)%00%(upstream:track) refs/heads/submit_project3 refs/remotes/submit_project3 [2ms]
2022-12-10 00:21:03.487 [info] > git for-each-ref --sort -committerdate --format %(refname) %(objectname) %(*objectname) [2ms]
2022-12-10 00:21:03.489 [info] > git status -z -uall [5ms]
2022-12-10 00:21:14.971 [info] > git show --textconv HEAD:src/userprog/syscall.c [5ms]
2022-12-10 00:21:14.972 [info] > git ls-tree -l HEAD -- /home/team11/pintos/src/userprog/syscall.c [2ms]
2022-12-10 00:21:27.681 [info] > git show --textconv HEAD:src/vm/page.c [5ms]
2022-12-10 00:21:27.682 [info] > git ls-tree -l HEAD -- /home/team11/pintos/src/vm/page.c [1ms]
2022-12-10 00:21:46.491 [info] > git config --get commit.template [5ms]
2022-12-10 00:21:46.492 [info] > git for-each-ref --format=%(refname)%00%(upstream:short)%00%(objectname)%00%(upstream:track) refs/heads/submit_project3 refs/remotes/submit_project3 [2ms]
2022-12-10 00:21:46.503 [info] > git for-each-ref --sort -committerdate --format %(refname) %(objectname) %(*objectname) [2ms]
2022-12-10 00:21:46.503 [info] > git status -z -uall [6ms]
2022-12-10 00:22:39.023 [info] > git ls-tree -l HEAD -- /home/team11/pintos/src/vm/page.c [1ms]
2022-12-10 00:22:42.840 [info] > git show --textconv :src/vm/page.c [6ms]
2022-12-10 00:22:42.841 [info] > git ls-files --stage -- /home/team11/pintos/src/vm/page.c [1ms]
2022-12-10 00:22:42.846 [info] > git cat-file -s 0a6d3afcdaa55bf47a5cecb2641deed57f2197ae [0ms]
2022-12-10 00:22:52.519 [info] > git config --get commit.template [6ms]
2022-12-10 00:22:52.521 [info] > git for-each-ref --format=%(refname)%00%(upstream:short)%00%(objectname)%00%(upstream:track) refs/heads/submit_project3 refs/remotes/submit_project3 [2ms]
2022-12-10 00:22:52.530 [info] > git status -z -uall [6ms]
2022-12-10 00:22:52.531 [info] > git for-each-ref --sort -committerdate --format %(refname) %(objectname) %(*objectname) [2ms]
2022-12-10 00:22:57.544 [info] > git config --get commit.template [5ms]
2022-12-10 00:22:57.545 [info] > git for-each-ref --format=%(refname)%00%(upstream:short)%00%(objectname)%00%(upstream:track) refs/heads/submit_project3 refs/remotes/submit_project3 [1ms]
2022-12-10 00:22:57.555 [info] > git status -z -uall [6ms]
2022-12-10 00:22:57.555 [info] > git for-each-ref --sort -committerdate --format %(refname) %(objectname) %(*objectname) [2ms]
2022-12-10 00:23:02.833 [info] > git show --textconv HEAD:src/vm/page.c [6ms]
2022-12-10 00:23:02.834 [info] > git ls-tree -l HEAD -- /home/team11/pintos/src/vm/page.c [1ms]
2022-12-10 00:23:18.633 [info] > git config --get commit.template [1ms]
2022-12-10 00:23:18.640 [info] > git for-each-ref --format=%(refname)%00%(upstream:short)%00%(objectname)%00%(upstream:track) refs/heads/submit_project3 refs/remotes/submit_project3 [2ms]
2022-12-10 00:23:18.653 [info] > git status -z -uall [4ms]
2022-12-10 00:23:18.654 [info] > git for-each-ref --sort -committerdate --format %(refname) %(objectname) %(*objectname) [2ms]
2022-12-10 00:23:25.555 [info] > git config --get commit.template [1ms]
2022-12-10 00:23:25.560 [info] > git for-each-ref --format=%(refname)%00%(upstream:short)%00%(objectname)%00%(upstream:track) refs/heads/submit_project3 refs/remotes/submit_project3 [1ms]
2022-12-10 00:23:25.568 [info] > git status -z -uall [4ms]
2022-12-10 00:23:25.569 [info] > git for-each-ref --sort -committerdate --format %(refname) %(objectname) %(*objectname) [2ms]
2022-12-10 00:23:54.224 [info] > git config --get commit.template [5ms]
2022-12-10 00:23:54.224 [info] > git for-each-ref --format=%(refname)%00%(upstream:short)%00%(objectname)%00%(upstream:track) refs/heads/submit_project3 refs/remotes/submit_project3 [1ms]
2022-12-10 00:23:54.230 [info] > git status -z -uall [3ms]
2022-12-10 00:23:54.231 [info] > git for-each-ref --sort -committerdate --format %(refname) %(objectname) %(*objectname) [1ms]
2022-12-10 00:25:16.375 [info] > git show --textconv HEAD:src/vm/page.c [6ms]
2022-12-10 00:25:16.377 [info] > git ls-tree -l HEAD -- /home/team11/pintos/src/vm/page.c [2ms]
2022-12-10 00:25:30.083 [info] > git config --get commit.template [5ms]
2022-12-10 00:25:30.083 [info] > git for-each-ref --format=%(refname)%00%(upstream:short)%00%(objectname)%00%(upstream:track) refs/heads/submit_project3 refs/remotes/submit_project3 [1ms]
2022-12-10 00:25:30.091 [info] > git status -z -uall [4ms]
2022-12-10 00:25:30.094 [info] > git for-each-ref --sort -committerdate --format %(refname) %(objectname) %(*objectname) [3ms]
2022-12-10 00:30:24.349 [info] > git config --get commit.template [7ms]
2022-12-10 00:30:24.351 [info] > git for-each-ref --format=%(refname)%00%(upstream:short)%00%(objectname)%00%(upstream:track) refs/heads/submit_project3 refs/remotes/submit_project3 [2ms]
2022-12-10 00:30:24.360 [info] > git for-each-ref --sort -committerdate --format %(refname) %(objectname) %(*objectname) [2ms]
2022-12-10 00:30:24.360 [info] > git status -z -uall [5ms]
2022-12-10 00:31:16.997 [info] > git config --get commit.template [5ms]
2022-12-10 00:31:16.998 [info] > git for-each-ref --format=%(refname)%00%(upstream:short)%00%(objectname)%00%(upstream:track) refs/heads/submit_project3 refs/remotes/submit_project3 [1ms]
2022-12-10 00:31:17.006 [info] > git status -z -uall [4ms]
2022-12-10 00:31:17.007 [info] > git for-each-ref --sort -committerdate --format %(refname) %(objectname) %(*objectname) [2ms]
2022-12-10 00:31:29.405 [info] > git config --get commit.template [6ms]
2022-12-10 00:31:29.405 [info] > git for-each-ref --format=%(refname)%00%(upstream:short)%00%(objectname)%00%(upstream:track) refs/heads/submit_project3 refs/remotes/submit_project3 [1ms]
2022-12-10 00:31:29.414 [info] > git status -z -uall [5ms]
2022-12-10 00:31:29.415 [info] > git for-each-ref --sort -committerdate --format %(refname) %(objectname) %(*objectname) [2ms]
2022-12-10 00:31:34.431 [info] > git config --get commit.template [7ms]
2022-12-10 00:31:34.432 [info] > git for-each-ref --format=%(refname)%00%(upstream:short)%00%(objectname)%00%(upstream:track) refs/heads/submit_project3 refs/remotes/submit_project3 [3ms]
2022-12-10 00:31:34.443 [info] > git status -z -uall [6ms]
2022-12-10 00:31:34.445 [info] > git for-each-ref --sort -committerdate --format %(refname) %(objectname) %(*objectname) [4ms]
2022-12-10 00:32:26.767 [info] > git config --get commit.template [5ms]
2022-12-10 00:32:26.769 [info] > git for-each-ref --format=%(refname)%00%(upstream:short)%00%(objectname)%00%(upstream:track) refs/heads/submit_project3 refs/remotes/submit_project3 [3ms]
2022-12-10 00:32:26.777 [info] > git for-each-ref --sort -committerdate --format %(refname) %(objectname) %(*objectname) [1ms]
2022-12-10 00:32:26.779 [info] > git status -z -uall [7ms]
2022-12-10 00:37:27.805 [info] > git config --get commit.template [5ms]
2022-12-10 00:37:27.806 [info] > git for-each-ref --format=%(refname)%00%(upstream:short)%00%(objectname)%00%(upstream:track) refs/heads/submit_project3 refs/remotes/submit_project3 [2ms]
2022-12-10 00:37:27.813 [info] > git status -z -uall [5ms]
2022-12-10 00:37:27.814 [info] > git for-each-ref --sort -committerdate --format %(refname) %(objectname) %(*objectname) [1ms]
2022-12-10 00:37:35.756 [info] > git config --get commit.template [7ms]
2022-12-10 00:37:35.756 [info] > git for-each-ref --format=%(refname)%00%(upstream:short)%00%(objectname)%00%(upstream:track) refs/heads/submit_project3 refs/remotes/submit_project3 [1ms]
2022-12-10 00:37:35.763 [info] > git status -z -uall [4ms]
2022-12-10 00:37:35.764 [info] > git for-each-ref --sort -committerdate --format %(refname) %(objectname) %(*objectname) [1ms]
2022-12-10 00:37:42.554 [info] > git config --get commit.template [5ms]
2022-12-10 00:37:42.555 [info] > git for-each-ref --format=%(refname)%00%(upstream:short)%00%(objectname)%00%(upstream:track) refs/heads/submit_project3 refs/remotes/submit_project3 [1ms]
2022-12-10 00:37:42.563 [info] > git status -z -uall [4ms]
2022-12-10 00:37:42.564 [info] > git for-each-ref --sort -committerdate --format %(refname) %(objectname) %(*objectname) [1ms]
2022-12-10 00:47:58.803 [info] > git config --get commit.template [4ms]
2022-12-10 00:47:58.804 [info] > git for-each-ref --format=%(refname)%00%(upstream:short)%00%(objectname)%00%(upstream:track) refs/heads/submit_project3 refs/remotes/submit_project3 [2ms]
2022-12-10 00:47:58.815 [info] > git status -z -uall [6ms]
2022-12-10 00:47:58.815 [info] > git for-each-ref --sort -committerdate --format %(refname) %(objectname) %(*objectname) [1ms]
2022-12-10 00:48:18.513 [info] > git config --get commit.template [8ms]
2022-12-10 00:48:18.516 [info] > git for-each-ref --format=%(refname)%00%(upstream:short)%00%(objectname)%00%(upstream:track) refs/heads/submit_project3 refs/remotes/submit_project3 [4ms]
2022-12-10 00:48:18.530 [info] > git for-each-ref --sort -committerdate --format %(refname) %(objectname) %(*objectname) [3ms]
2022-12-10 00:48:18.530 [info] > git status -z -uall [8ms]
