2023-09-22 15:40:49.777 [info] Log level: Info
2023-09-22 15:40:49.777 [info] Validating found git in: "git"
2023-09-22 15:40:49.777 [info] Using git "2.42.0" from "git"
2023-09-22 15:40:49.777 [info] > git rev-parse --show-toplevel [2ms]
2023-09-22 15:40:49.777 [info] fatal: not a git repository (or any parent up to mount point /)
Stopping at filesystem boundary (GIT_DISCOVERY_ACROSS_FILESYSTEM not set).
2023-09-22 15:40:49.777 [info] > git rev-parse --show-toplevel [2ms]
2023-09-22 15:40:49.777 [info] fatal: not a git repository (or any parent up to mount point /)
Stopping at filesystem boundary (GIT_DISCOVERY_ACROSS_FILESYSTEM not set).
2023-09-22 15:40:49.777 [info] > git rev-parse --show-toplevel [1ms]
2023-09-22 15:40:49.777 [info] fatal: not a git repository (or any parent up to mount point /)
Stopping at filesystem boundary (GIT_DISCOVERY_ACROSS_FILESYSTEM not set).
2023-09-22 15:40:49.777 [info] > git rev-parse --show-toplevel [2ms]
2023-09-22 15:40:49.777 [info] > git rev-parse --git-dir --git-common-dir [2ms]
2023-09-22 15:40:49.777 [info] Open repository: /home/team11/.oh-my-zsh
2023-09-22 15:40:49.777 [info] > git config --get commit.template [8ms]
2023-09-22 15:40:49.777 [info] > git rev-parse --show-toplevel [3ms]
2023-09-22 15:40:49.777 [info] fatal: not a git repository (or any parent up to mount point /)
Stopping at filesystem boundary (GIT_DISCOVERY_ACROSS_FILESYSTEM not set).
2023-09-22 15:40:49.777 [info] > git for-each-ref --format=%(refname)%00%(upstream:short)%00%(objectname)%00%(upstream:track)%00%(upstream:remotename)%00%(upstream:remoteref) refs/heads/master refs/remotes/master [10ms]
2023-09-22 15:40:49.777 [info] > git rev-parse --show-toplevel [12ms]
2023-09-22 15:40:49.777 [info] fatal: not a git repository (or any parent up to mount point /)
Stopping at filesystem boundary (GIT_DISCOVERY_ACROSS_FILESYSTEM not set).
2023-09-22 15:40:49.777 [info] > git rev-parse --show-toplevel [1ms]
2023-09-22 15:40:49.777 [info] fatal: not a git repository (or any parent up to mount point /)
Stopping at filesystem boundary (GIT_DISCOVERY_ACROSS_FILESYSTEM not set).
2023-09-22 15:40:49.777 [info] > git rev-parse --show-toplevel [1ms]
2023-09-22 15:40:49.777 [info] fatal: not a git repository (or any parent up to mount point /)
Stopping at filesystem boundary (GIT_DISCOVERY_ACROSS_FILESYSTEM not set).
2023-09-22 15:40:49.777 [info] > git status -z -uall [56ms]
2023-09-22 15:40:49.777 [info] > git config --get commit.template [9ms]
2023-09-22 15:40:49.777 [info] > git for-each-ref --format=%(refname)%00%(upstream:short)%00%(objectname)%00%(upstream:track)%00%(upstream:remotename)%00%(upstream:remoteref) refs/heads/master refs/remotes/master [2ms]
2023-09-22 15:40:49.777 [info] > git status -z -uall [53ms]
2023-09-22 15:40:50.717 [info] > git check-ignore -v -z --stdin [1ms]
2023-09-22 15:40:53.539 [info] > git check-ignore -v -z --stdin [3ms]
2023-09-22 15:40:57.272 [info] > git rev-parse --show-toplevel [1ms]
2023-09-22 15:40:57.272 [info] fatal: not a git repository (or any parent up to mount point /)
Stopping at filesystem boundary (GIT_DISCOVERY_ACROSS_FILESYSTEM not set).
2023-09-22 15:40:58.282 [info] > git rev-parse --show-toplevel [1ms]
2023-09-22 15:40:58.282 [info] fatal: not a git repository (or any parent up to mount point /)
Stopping at filesystem boundary (GIT_DISCOVERY_ACROSS_FILESYSTEM not set).
2023-09-22 15:41:07.391 [info] > git rev-parse --show-toplevel [1ms]
2023-09-22 15:41:07.391 [info] fatal: not a git repository (or any parent up to mount point /)
Stopping at filesystem boundary (GIT_DISCOVERY_ACROSS_FILESYSTEM not set).
2023-09-22 15:42:21.459 [info] > git rev-parse --show-toplevel [2ms]
2023-09-22 15:42:21.459 [info] fatal: not a git repository (or any parent up to mount point /)
Stopping at filesystem boundary (GIT_DISCOVERY_ACROSS_FILESYSTEM not set).
2023-09-22 15:42:36.986 [info] > git config --get commit.template [8ms]
2023-09-22 15:42:36.987 [info] > git for-each-ref --format=%(refname)%00%(upstream:short)%00%(objectname)%00%(upstream:track)%00%(upstream:remotename)%00%(upstream:remoteref) refs/heads/master refs/remotes/master [3ms]
2023-09-22 15:42:37.047 [info] > git status -z -uall [53ms]
2023-09-22 15:42:42.843 [info] > git config --get commit.template [8ms]
2023-09-22 15:42:42.844 [info] > git for-each-ref --format=%(refname)%00%(upstream:short)%00%(objectname)%00%(upstream:track)%00%(upstream:remotename)%00%(upstream:remoteref) refs/heads/master refs/remotes/master [1ms]
2023-09-22 15:42:42.859 [info] > git status -z -uall [9ms]
2023-09-22 15:55:33.853 [info] > git rev-parse --show-toplevel [1ms]
2023-09-22 15:55:33.853 [info] fatal: not a git repository (or any parent up to mount point /)
Stopping at filesystem boundary (GIT_DISCOVERY_ACROSS_FILESYSTEM not set).
2023-09-22 15:55:35.361 [info] > git rev-parse --show-toplevel [1ms]
2023-09-22 15:55:35.361 [info] fatal: not a git repository (or any parent up to mount point /)
Stopping at filesystem boundary (GIT_DISCOVERY_ACROSS_FILESYSTEM not set).
2023-09-22 16:02:31.042 [info] > git rev-parse --show-toplevel [1ms]
2023-09-22 16:02:31.042 [info] fatal: not a git repository (or any parent up to mount point /)
Stopping at filesystem boundary (GIT_DISCOVERY_ACROSS_FILESYSTEM not set).
