2022-12-10 13:47:40.656 [info] 로그 수준: Info
2022-12-10 13:47:40.656 [info] "git"에서 찾은 git 유효성을 검사하는 중
2022-12-10 13:47:40.656 [info] "2.7.4"에서 git "git"을(를) 사용하는 중
2022-12-10 13:47:40.656 [info] > git rev-parse --show-toplevel [5ms]
2022-12-10 13:47:40.656 [info] fatal: Not a git repository (or any parent up to mount point /home)
Stopping at filesystem boundary (GIT_DISCOVERY_ACROSS_FILESYSTEM not set).
2022-12-10 13:47:40.656 [info] > git rev-parse --show-toplevel [2ms]
2022-12-10 13:47:40.656 [info] > git rev-parse --git-dir --git-common-dir [2ms]
2022-12-10 13:47:40.656 [info] Open repository: /home/team11/pintos
2022-12-10 13:47:40.656 [info] > git config --get commit.template [4ms]
2022-12-10 13:47:40.656 [info] > git rev-parse --show-toplevel [9ms]
2022-12-10 13:47:40.656 [info] fatal: Not a git repository (or any parent up to mount point /home)
Stopping at filesystem boundary (GIT_DISCOVERY_ACROSS_FILESYSTEM not set).
2022-12-10 13:47:40.656 [info] > git rev-parse --show-toplevel [6ms]
2022-12-10 13:47:40.656 [info] fatal: Not a git repository (or any parent up to mount point /home)
Stopping at filesystem boundary (GIT_DISCOVERY_ACROSS_FILESYSTEM not set).
2022-12-10 13:47:40.656 [info] > git for-each-ref --format=%(refname)%00%(upstream:short)%00%(objectname)%00%(upstream:track) refs/heads/submit_project3 refs/remotes/submit_project3 [5ms]
2022-12-10 13:47:40.657 [info] > git rev-parse --show-toplevel [11ms]
2022-12-10 13:47:40.657 [info] fatal: Not a git repository (or any parent up to mount point /home)
Stopping at filesystem boundary (GIT_DISCOVERY_ACROSS_FILESYSTEM not set).
2022-12-10 13:47:40.657 [info] > git status -z -uall [9ms]
2022-12-10 13:47:40.657 [info] > git for-each-ref --sort -committerdate --format %(refname) %(objectname) %(*objectname) [5ms]
2022-12-10 13:47:40.657 [info] > git rev-parse --show-toplevel [13ms]
2022-12-10 13:47:40.657 [info] fatal: Not a git repository (or any parent up to mount point /home)
Stopping at filesystem boundary (GIT_DISCOVERY_ACROSS_FILESYSTEM not set).
2022-12-10 13:47:40.657 [info] > git config --get commit.template [5ms]
2022-12-10 13:47:40.657 [info] > git rev-parse --show-toplevel [5ms]
2022-12-10 13:47:40.657 [info] fatal: Not a git repository (or any parent up to mount point /home)
Stopping at filesystem boundary (GIT_DISCOVERY_ACROSS_FILESYSTEM not set).
2022-12-10 13:47:40.657 [info] > git for-each-ref --format=%(refname)%00%(upstream:short)%00%(objectname)%00%(upstream:track) refs/heads/submit_project3 refs/remotes/submit_project3 [4ms]
2022-12-10 13:47:40.657 [info] > git status -z -uall [5ms]
2022-12-10 13:47:40.657 [info] > git for-each-ref --sort -committerdate --format %(refname) %(objectname) %(*objectname) [3ms]
2022-12-10 13:47:40.657 [info] > git rev-parse --show-toplevel [2ms]
2022-12-10 13:47:40.657 [info] fatal: Not a git repository (or any parent up to mount point /home)
Stopping at filesystem boundary (GIT_DISCOVERY_ACROSS_FILESYSTEM not set).
2022-12-10 13:47:40.657 [info] > git rev-parse --show-toplevel [1ms]
2022-12-10 13:47:40.657 [info] fatal: Not a git repository (or any parent up to mount point /home)
Stopping at filesystem boundary (GIT_DISCOVERY_ACROSS_FILESYSTEM not set).
2022-12-10 13:47:40.657 [info] > git show --textconv :src/userprog/syscall.c [8ms]
2022-12-10 13:47:40.657 [info] > git ls-files --stage -- /home/team11/pintos/src/userprog/syscall.c [2ms]
2022-12-10 13:47:40.657 [info] > git cat-file -s 124c9506cf5379851ee22c312f4cf8fadd7b6a41 [2ms]
2022-12-10 13:47:40.657 [info] > git check-ignore -v -z --stdin [4ms]
2022-12-10 13:48:13.225 [info] > git show --textconv :src/userprog/process.c [9ms]
2022-12-10 13:48:13.226 [info] > git ls-files --stage -- /home/team11/pintos/src/userprog/process.c [3ms]
2022-12-10 13:48:13.233 [info] > git cat-file -s 6a160c04677e7ce8c5d7244f7f59c2390392239d [3ms]
2022-12-10 13:48:23.613 [info] > git show --textconv :src/vm/page.c [7ms]
2022-12-10 13:48:23.614 [info] > git ls-files --stage -- /home/team11/pintos/src/vm/page.c [2ms]
2022-12-10 13:48:23.621 [info] > git cat-file -s 0a6d3afcdaa55bf47a5cecb2641deed57f2197ae [1ms]
2022-12-10 13:48:24.060 [info] > git check-ignore -v -z --stdin [3ms]
2022-12-10 13:54:59.244 [info] > git show --textconv :src/threads/thread.h [5ms]
2022-12-10 13:54:59.245 [info] > git ls-files --stage -- /home/team11/pintos/src/threads/thread.h [2ms]
2022-12-10 13:54:59.250 [info] > git cat-file -s fceba9f981ce0e585481134275f23424f05c3318 [1ms]
2022-12-10 13:54:59.914 [info] > git check-ignore -v -z --stdin [2ms]
2022-12-10 13:55:03.676 [info] > git show --textconv :src/vm/page.h [6ms]
2022-12-10 13:55:03.678 [info] > git ls-files --stage -- /home/team11/pintos/src/vm/page.h [3ms]
2022-12-10 13:55:03.683 [info] > git cat-file -s 54170ee43968ecff5e6384c4c7eced8cbc5bd707 [2ms]
2022-12-10 13:55:19.120 [info] > git show --textconv :src/lib/user/syscall.c [7ms]
2022-12-10 13:55:19.121 [info] > git ls-files --stage -- /home/team11/pintos/src/lib/user/syscall.c [2ms]
2022-12-10 13:55:19.125 [info] > git cat-file -s c8385bc3364b1eabc57e68bae885fe458537b42a [1ms]
2022-12-10 13:55:19.146 [info] > git check-ignore -v -z --stdin [1ms]
2022-12-10 13:55:19.695 [info] > git check-ignore -v -z --stdin [3ms]
2022-12-10 13:59:30.246 [info] > git show --textconv :src/userprog/process.h [6ms]
2022-12-10 13:59:30.248 [info] > git ls-files --stage -- /home/team11/pintos/src/userprog/process.h [2ms]
2022-12-10 13:59:30.252 [info] > git cat-file -s 70d51d9ada88d72e886bb7c9147b62368198ab1a [1ms]
2022-12-10 14:02:20.953 [info] > git config --get commit.template [5ms]
2022-12-10 14:02:20.954 [info] > git for-each-ref --format=%(refname)%00%(upstream:short)%00%(objectname)%00%(upstream:track) refs/heads/submit_project3 refs/remotes/submit_project3 [3ms]
2022-12-10 14:02:20.965 [info] > git for-each-ref --sort -committerdate --format %(refname) %(objectname) %(*objectname) [3ms]
2022-12-10 14:02:20.966 [info] > git status -z -uall [8ms]
2022-12-10 14:02:52.057 [info] > git config --get commit.template [6ms]
2022-12-10 14:02:52.059 [info] > git for-each-ref --format=%(refname)%00%(upstream:short)%00%(objectname)%00%(upstream:track) refs/heads/submit_project3 refs/remotes/submit_project3 [2ms]
2022-12-10 14:02:52.069 [info] > git status -z -uall [6ms]
2022-12-10 14:02:52.071 [info] > git for-each-ref --sort -committerdate --format %(refname) %(objectname) %(*objectname) [2ms]
2022-12-10 14:03:26.181 [info] > git config --get commit.template [6ms]
2022-12-10 14:03:26.182 [info] > git for-each-ref --format=%(refname)%00%(upstream:short)%00%(objectname)%00%(upstream:track) refs/heads/submit_project3 refs/remotes/submit_project3 [2ms]
2022-12-10 14:03:26.193 [info] > git for-each-ref --sort -committerdate --format %(refname) %(objectname) %(*objectname) [3ms]
2022-12-10 14:03:26.193 [info] > git status -z -uall [7ms]
2022-12-10 14:04:12.482 [info] > git show --textconv :src/lib/kernel/list.c [6ms]
2022-12-10 14:04:12.484 [info] > git ls-files --stage -- /home/team11/pintos/src/lib/kernel/list.c [2ms]
2022-12-10 14:04:12.491 [info] > git cat-file -s 316d9ef64cd166e6422117f9c914efde5c5fdfde [2ms]
2022-12-10 14:04:13.128 [info] > git check-ignore -v -z --stdin [2ms]
2022-12-10 14:04:26.349 [info] > git config --get commit.template [5ms]
2022-12-10 14:04:26.349 [info] > git for-each-ref --format=%(refname)%00%(upstream:short)%00%(objectname)%00%(upstream:track) refs/heads/submit_project3 refs/remotes/submit_project3 [1ms]
2022-12-10 14:04:26.357 [info] > git status -z -uall [4ms]
2022-12-10 14:04:26.359 [info] > git for-each-ref --sort -committerdate --format %(refname) %(objectname) %(*objectname) [2ms]
2022-12-10 14:05:02.830 [info] > git config --get commit.template [6ms]
2022-12-10 14:05:02.832 [info] > git for-each-ref --format=%(refname)%00%(upstream:short)%00%(objectname)%00%(upstream:track) refs/heads/submit_project3 refs/remotes/submit_project3 [3ms]
2022-12-10 14:05:02.844 [info] > git status -z -uall [6ms]
2022-12-10 14:05:02.846 [info] > git for-each-ref --sort -committerdate --format %(refname) %(objectname) %(*objectname) [2ms]
2022-12-10 14:05:39.301 [info] > git config --get commit.template [6ms]
2022-12-10 14:05:39.302 [info] > git for-each-ref --format=%(refname)%00%(upstream:short)%00%(objectname)%00%(upstream:track) refs/heads/submit_project3 refs/remotes/submit_project3 [2ms]
2022-12-10 14:05:39.313 [info] > git for-each-ref --sort -committerdate --format %(refname) %(objectname) %(*objectname) [3ms]
2022-12-10 14:05:39.315 [info] > git status -z -uall [8ms]
2022-12-10 14:05:56.844 [info] > git config --get commit.template [7ms]
2022-12-10 14:05:56.846 [info] > git for-each-ref --format=%(refname)%00%(upstream:short)%00%(objectname)%00%(upstream:track) refs/heads/submit_project3 refs/remotes/submit_project3 [3ms]
2022-12-10 14:05:56.855 [info] > git for-each-ref --sort -committerdate --format %(refname) %(objectname) %(*objectname) [1ms]
2022-12-10 14:05:56.858 [info] > git status -z -uall [8ms]
2022-12-10 14:07:32.064 [info] > git config --get commit.template [6ms]
2022-12-10 14:07:32.066 [info] > git for-each-ref --format=%(refname)%00%(upstream:short)%00%(objectname)%00%(upstream:track) refs/heads/submit_project3 refs/remotes/submit_project3 [3ms]
2022-12-10 14:07:32.076 [info] > git for-each-ref --sort -committerdate --format %(refname) %(objectname) %(*objectname) [3ms]
2022-12-10 14:07:32.077 [info] > git status -z -uall [7ms]
2022-12-10 14:07:37.894 [info] > git config --get commit.template [6ms]
2022-12-10 14:07:37.896 [info] > git for-each-ref --format=%(refname)%00%(upstream:short)%00%(objectname)%00%(upstream:track) refs/heads/submit_project3 refs/remotes/submit_project3 [2ms]
2022-12-10 14:07:37.908 [info] > git for-each-ref --sort -committerdate --format %(refname) %(objectname) %(*objectname) [1ms]
2022-12-10 14:07:37.910 [info] > git status -z -uall [8ms]
2022-12-10 14:08:42.005 [info] > git config --get commit.template [8ms]
2022-12-10 14:08:42.007 [info] > git for-each-ref --format=%(refname)%00%(upstream:short)%00%(objectname)%00%(upstream:track) refs/heads/submit_project3 refs/remotes/submit_project3 [3ms]
2022-12-10 14:08:42.018 [info] > git status -z -uall [6ms]
2022-12-10 14:08:42.019 [info] > git for-each-ref --sort -committerdate --format %(refname) %(objectname) %(*objectname) [2ms]
2022-12-10 14:09:27.241 [info] > git show --textconv :src/userprog/exception.c [5ms]
2022-12-10 14:09:27.243 [info] > git ls-files --stage -- /home/team11/pintos/src/userprog/exception.c [2ms]
2022-12-10 14:09:27.249 [info] > git cat-file -s d4849517cfff866b61c7c5886d337b04bc19d585 [2ms]
2022-12-10 14:10:10.081 [info] > git config --get commit.template [6ms]
2022-12-10 14:10:10.083 [info] > git for-each-ref --format=%(refname)%00%(upstream:short)%00%(objectname)%00%(upstream:track) refs/heads/submit_project3 refs/remotes/submit_project3 [2ms]
2022-12-10 14:10:10.096 [info] > git for-each-ref --sort -committerdate --format %(refname) %(objectname) %(*objectname) [3ms]
2022-12-10 14:10:10.097 [info] > git status -z -uall [9ms]
2022-12-10 14:10:57.981 [info] > git config --get commit.template [2ms]
2022-12-10 14:10:57.990 [info] > git for-each-ref --format=%(refname)%00%(upstream:short)%00%(objectname)%00%(upstream:track) refs/heads/submit_project3 refs/remotes/submit_project3 [3ms]
2022-12-10 14:10:58.000 [info] > git for-each-ref --sort -committerdate --format %(refname) %(objectname) %(*objectname) [2ms]
2022-12-10 14:10:58.001 [info] > git status -z -uall [6ms]
2022-12-10 14:11:20.802 [info] > git config --get commit.template [6ms]
2022-12-10 14:11:20.804 [info] > git for-each-ref --format=%(refname)%00%(upstream:short)%00%(objectname)%00%(upstream:track) refs/heads/submit_project3 refs/remotes/submit_project3 [3ms]
2022-12-10 14:11:20.814 [info] > git status -z -uall [6ms]
2022-12-10 14:11:20.815 [info] > git for-each-ref --sort -committerdate --format %(refname) %(objectname) %(*objectname) [3ms]
2022-12-10 14:11:49.704 [info] > git config --get commit.template [6ms]
2022-12-10 14:11:49.704 [info] > git for-each-ref --format=%(refname)%00%(upstream:short)%00%(objectname)%00%(upstream:track) refs/heads/submit_project3 refs/remotes/submit_project3 [1ms]
2022-12-10 14:11:49.717 [info] > git for-each-ref --sort -committerdate --format %(refname) %(objectname) %(*objectname) [3ms]
2022-12-10 14:11:49.717 [info] > git status -z -uall [8ms]
2022-12-10 14:12:08.247 [info] > git config --get commit.template [7ms]
2022-12-10 14:12:08.249 [info] > git for-each-ref --format=%(refname)%00%(upstream:short)%00%(objectname)%00%(upstream:track) refs/heads/submit_project3 refs/remotes/submit_project3 [3ms]
2022-12-10 14:12:08.260 [info] > git status -z -uall [6ms]
2022-12-10 14:12:08.261 [info] > git for-each-ref --sort -committerdate --format %(refname) %(objectname) %(*objectname) [3ms]
2022-12-10 14:14:48.693 [info] > git config --get commit.template [7ms]
2022-12-10 14:14:48.694 [info] > git for-each-ref --format=%(refname)%00%(upstream:short)%00%(objectname)%00%(upstream:track) refs/heads/submit_project3 refs/remotes/submit_project3 [2ms]
2022-12-10 14:14:48.706 [info] > git status -z -uall [7ms]
2022-12-10 14:14:48.707 [info] > git for-each-ref --sort -committerdate --format %(refname) %(objectname) %(*objectname) [3ms]
2022-12-10 14:15:21.070 [info] > git config --get commit.template [7ms]
2022-12-10 14:15:21.072 [info] > git for-each-ref --format=%(refname)%00%(upstream:short)%00%(objectname)%00%(upstream:track) refs/heads/submit_project3 refs/remotes/submit_project3 [3ms]
2022-12-10 14:15:21.084 [info] > git status -z -uall [6ms]
2022-12-10 14:15:21.085 [info] > git for-each-ref --sort -committerdate --format %(refname) %(objectname) %(*objectname) [2ms]
2022-12-10 14:16:55.689 [info] > git config --get commit.template [7ms]
2022-12-10 14:16:55.691 [info] > git for-each-ref --format=%(refname)%00%(upstream:short)%00%(objectname)%00%(upstream:track) refs/heads/submit_project3 refs/remotes/submit_project3 [3ms]
2022-12-10 14:16:55.702 [info] > git status -z -uall [5ms]
2022-12-10 14:16:55.705 [info] > git for-each-ref --sort -committerdate --format %(refname) %(objectname) %(*objectname) [3ms]
2022-12-10 14:17:11.819 [info] > git config --get commit.template [6ms]
2022-12-10 14:17:11.821 [info] > git for-each-ref --format=%(refname)%00%(upstream:short)%00%(objectname)%00%(upstream:track) refs/heads/submit_project3 refs/remotes/submit_project3 [3ms]
2022-12-10 14:17:11.832 [info] > git status -z -uall [6ms]
2022-12-10 14:17:11.834 [info] > git for-each-ref --sort -committerdate --format %(refname) %(objectname) %(*objectname) [3ms]
2022-12-10 14:20:07.609 [info] > git show --textconv :src/lib/kernel/hash.c [7ms]
2022-12-10 14:20:07.610 [info] > git ls-files --stage -- /home/team11/pintos/src/lib/kernel/hash.c [2ms]
2022-12-10 14:20:07.617 [info] > git cat-file -s 57eed450c91cc5dbae214445d16b72f52d7a7c3c [2ms]
2022-12-10 14:22:20.578 [info] > git config --get commit.template [7ms]
2022-12-10 14:22:20.579 [info] > git for-each-ref --format=%(refname)%00%(upstream:short)%00%(objectname)%00%(upstream:track) refs/heads/submit_project3 refs/remotes/submit_project3 [1ms]
2022-12-10 14:22:20.588 [info] > git status -z -uall [4ms]
2022-12-10 14:22:20.589 [info] > git for-each-ref --sort -committerdate --format %(refname) %(objectname) %(*objectname) [2ms]
2022-12-10 14:22:46.055 [info] > git show --textconv :src/threads/thread.c [8ms]
2022-12-10 14:22:46.057 [info] > git ls-files --stage -- /home/team11/pintos/src/threads/thread.c [3ms]
2022-12-10 14:22:46.063 [info] > git cat-file -s 58fadfdc7240641694740e973368e9ae1155a327 [1ms]
2022-12-10 14:22:52.817 [info] > git config --get commit.template [6ms]
2022-12-10 14:22:52.819 [info] > git for-each-ref --format=%(refname)%00%(upstream:short)%00%(objectname)%00%(upstream:track) refs/heads/submit_project3 refs/remotes/submit_project3 [2ms]
2022-12-10 14:22:52.830 [info] > git for-each-ref --sort -committerdate --format %(refname) %(objectname) %(*objectname) [3ms]
2022-12-10 14:22:52.831 [info] > git status -z -uall [7ms]
2022-12-10 14:23:15.154 [info] > git config --get commit.template [6ms]
2022-12-10 14:23:15.156 [info] > git for-each-ref --format=%(refname)%00%(upstream:short)%00%(objectname)%00%(upstream:track) refs/heads/submit_project3 refs/remotes/submit_project3 [3ms]
2022-12-10 14:23:15.169 [info] > git for-each-ref --sort -committerdate --format %(refname) %(objectname) %(*objectname) [3ms]
2022-12-10 14:23:15.169 [info] > git status -z -uall [8ms]
2022-12-10 14:23:20.188 [info] > git config --get commit.template [7ms]
2022-12-10 14:23:20.190 [info] > git for-each-ref --format=%(refname)%00%(upstream:short)%00%(objectname)%00%(upstream:track) refs/heads/submit_project3 refs/remotes/submit_project3 [3ms]
2022-12-10 14:23:20.202 [info] > git status -z -uall [8ms]
2022-12-10 14:23:20.202 [info] > git for-each-ref --sort -committerdate --format %(refname) %(objectname) %(*objectname) [3ms]
2022-12-10 14:23:41.579 [info] > git config --get commit.template [6ms]
2022-12-10 14:23:41.581 [info] > git for-each-ref --format=%(refname)%00%(upstream:short)%00%(objectname)%00%(upstream:track) refs/heads/submit_project3 refs/remotes/submit_project3 [3ms]
2022-12-10 14:23:41.591 [info] > git status -z -uall [5ms]
2022-12-10 14:23:41.593 [info] > git for-each-ref --sort -committerdate --format %(refname) %(objectname) %(*objectname) [2ms]
2022-12-10 14:23:45.963 [info] > git show --textconv :src/threads/vaddr.h [7ms]
2022-12-10 14:23:45.964 [info] > git ls-files --stage -- /home/team11/pintos/src/threads/vaddr.h [2ms]
2022-12-10 14:23:45.972 [info] > git cat-file -s 184c8241c832a6705031b3a1f785eece8e380455 [2ms]
2022-12-10 14:24:05.455 [info] > git config --get commit.template [8ms]
2022-12-10 14:24:05.457 [info] > git for-each-ref --format=%(refname)%00%(upstream:short)%00%(objectname)%00%(upstream:track) refs/heads/submit_project3 refs/remotes/submit_project3 [3ms]
2022-12-10 14:24:05.468 [info] > git for-each-ref --sort -committerdate --format %(refname) %(objectname) %(*objectname) [3ms]
2022-12-10 14:24:05.470 [info] > git status -z -uall [8ms]
2022-12-10 14:24:56.258 [info] > git config --get commit.template [7ms]
2022-12-10 14:24:56.260 [info] > git for-each-ref --format=%(refname)%00%(upstream:short)%00%(objectname)%00%(upstream:track) refs/heads/submit_project3 refs/remotes/submit_project3 [3ms]
2022-12-10 14:24:56.271 [info] > git for-each-ref --sort -committerdate --format %(refname) %(objectname) %(*objectname) [1ms]
2022-12-10 14:24:56.271 [info] > git status -z -uall [6ms]
2022-12-10 14:26:29.705 [info] > git config --get commit.template [5ms]
2022-12-10 14:26:29.707 [info] > git for-each-ref --format=%(refname)%00%(upstream:short)%00%(objectname)%00%(upstream:track) refs/heads/submit_project3 refs/remotes/submit_project3 [2ms]
2022-12-10 14:26:29.717 [info] > git status -z -uall [5ms]
2022-12-10 14:26:29.717 [info] > git for-each-ref --sort -committerdate --format %(refname) %(objectname) %(*objectname) [2ms]
2022-12-10 14:26:37.900 [info] > git config --get commit.template [5ms]
2022-12-10 14:26:37.902 [info] > git for-each-ref --format=%(refname)%00%(upstream:short)%00%(objectname)%00%(upstream:track) refs/heads/submit_project3 refs/remotes/submit_project3 [3ms]
2022-12-10 14:26:37.911 [info] > git status -z -uall [5ms]
2022-12-10 14:26:37.912 [info] > git for-each-ref --sort -committerdate --format %(refname) %(objectname) %(*objectname) [2ms]
2022-12-10 14:27:30.314 [info] > git config --get commit.template [5ms]
2022-12-10 14:27:30.315 [info] > git for-each-ref --format=%(refname)%00%(upstream:short)%00%(objectname)%00%(upstream:track) refs/heads/submit_project3 refs/remotes/submit_project3 [2ms]
2022-12-10 14:27:30.327 [info] > git status -z -uall [6ms]
2022-12-10 14:27:30.328 [info] > git for-each-ref --sort -committerdate --format %(refname) %(objectname) %(*objectname) [4ms]
2022-12-10 14:27:35.346 [info] > git config --get commit.template [7ms]
2022-12-10 14:27:35.347 [info] > git for-each-ref --format=%(refname)%00%(upstream:short)%00%(objectname)%00%(upstream:track) refs/heads/submit_project3 refs/remotes/submit_project3 [2ms]
2022-12-10 14:27:35.356 [info] > git for-each-ref --sort -committerdate --format %(refname) %(objectname) %(*objectname) [2ms]
2022-12-10 14:27:35.359 [info] > git status -z -uall [8ms]
2022-12-10 14:28:09.629 [info] > git config --get commit.template [3ms]
2022-12-10 14:28:09.629 [info] > git for-each-ref --format=%(refname)%00%(upstream:short)%00%(objectname)%00%(upstream:track) refs/heads/submit_project3 refs/remotes/submit_project3 [1ms]
2022-12-10 14:28:09.637 [info] > git status -z -uall [5ms]
2022-12-10 14:28:09.639 [info] > git for-each-ref --sort -committerdate --format %(refname) %(objectname) %(*objectname) [2ms]
2022-12-10 14:28:18.659 [info] > git config --get commit.template [6ms]
2022-12-10 14:28:18.660 [info] > git for-each-ref --format=%(refname)%00%(upstream:short)%00%(objectname)%00%(upstream:track) refs/heads/submit_project3 refs/remotes/submit_project3 [2ms]
2022-12-10 14:28:18.672 [info] > git for-each-ref --sort -committerdate --format %(refname) %(objectname) %(*objectname) [3ms]
2022-12-10 14:28:18.672 [info] > git status -z -uall [7ms]
2022-12-10 14:28:51.556 [info] > git config --get commit.template [6ms]
2022-12-10 14:28:51.558 [info] > git for-each-ref --format=%(refname)%00%(upstream:short)%00%(objectname)%00%(upstream:track) refs/heads/submit_project3 refs/remotes/submit_project3 [2ms]
2022-12-10 14:28:51.567 [info] > git status -z -uall [6ms]
2022-12-10 14:28:51.569 [info] > git for-each-ref --sort -committerdate --format %(refname) %(objectname) %(*objectname) [3ms]
2022-12-10 14:28:56.585 [info] > git config --get commit.template [5ms]
2022-12-10 14:28:56.585 [info] > git for-each-ref --format=%(refname)%00%(upstream:short)%00%(objectname)%00%(upstream:track) refs/heads/submit_project3 refs/remotes/submit_project3 [1ms]
2022-12-10 14:28:56.593 [info] > git status -z -uall [5ms]
2022-12-10 14:28:56.594 [info] > git for-each-ref --sort -committerdate --format %(refname) %(objectname) %(*objectname) [3ms]
2022-12-10 14:29:05.285 [info] > git config --get commit.template [6ms]
2022-12-10 14:29:05.287 [info] > git for-each-ref --format=%(refname)%00%(upstream:short)%00%(objectname)%00%(upstream:track) refs/heads/submit_project3 refs/remotes/submit_project3 [2ms]
2022-12-10 14:29:05.298 [info] > git for-each-ref --sort -committerdate --format %(refname) %(objectname) %(*objectname) [3ms]
2022-12-10 14:29:05.298 [info] > git status -z -uall [7ms]
2022-12-10 14:29:29.413 [info] > git config --get commit.template [7ms]
2022-12-10 14:29:29.414 [info] > git for-each-ref --format=%(refname)%00%(upstream:short)%00%(objectname)%00%(upstream:track) refs/heads/submit_project3 refs/remotes/submit_project3 [2ms]
2022-12-10 14:29:29.423 [info] > git status -z -uall [5ms]
2022-12-10 14:29:29.425 [info] > git for-each-ref --sort -committerdate --format %(refname) %(objectname) %(*objectname) [3ms]
2022-12-10 14:30:29.297 [info] > git rev-parse --show-toplevel [2ms]
2022-12-10 14:30:29.297 [info] fatal: Not a git repository (or any parent up to mount point /home)
Stopping at filesystem boundary (GIT_DISCOVERY_ACROSS_FILESYSTEM not set).
2022-12-10 14:30:30.281 [info] > git config --get commit.template [1ms]
2022-12-10 14:30:30.285 [info] > git for-each-ref --format=%(refname)%00%(upstream:short)%00%(objectname)%00%(upstream:track) refs/heads/submit_project3 refs/remotes/submit_project3 [1ms]
2022-12-10 14:30:30.292 [info] > git status -z -uall [3ms]
2022-12-10 14:30:30.293 [info] > git for-each-ref --sort -committerdate --format %(refname) %(objectname) %(*objectname) [1ms]
2022-12-10 14:31:02.163 [info] > git show --textconv :src/userprog/pagedir.c [6ms]
2022-12-10 14:31:02.165 [info] > git ls-files --stage -- /home/team11/pintos/src/userprog/pagedir.c [2ms]
2022-12-10 14:31:02.171 [info] > git cat-file -s a6a87b827ba16a12157d94df6f2a7233b7c59e8e [1ms]
2022-12-10 14:31:06.751 [info] > git config --get commit.template [8ms]
2022-12-10 14:31:06.752 [info] > git for-each-ref --format=%(refname)%00%(upstream:short)%00%(objectname)%00%(upstream:track) refs/heads/submit_project3 refs/remotes/submit_project3 [2ms]
2022-12-10 14:31:06.763 [info] > git for-each-ref --sort -committerdate --format %(refname) %(objectname) %(*objectname) [2ms]
2022-12-10 14:31:06.766 [info] > git status -z -uall [8ms]
2022-12-10 14:31:11.781 [info] > git config --get commit.template [6ms]
2022-12-10 14:31:11.784 [info] > git for-each-ref --format=%(refname)%00%(upstream:short)%00%(objectname)%00%(upstream:track) refs/heads/submit_project3 refs/remotes/submit_project3 [3ms]
2022-12-10 14:31:11.793 [info] > git for-each-ref --sort -committerdate --format %(refname) %(objectname) %(*objectname) [1ms]
2022-12-10 14:31:11.794 [info] > git status -z -uall [6ms]
2022-12-10 14:32:55.445 [info] > git config --get commit.template [6ms]
2022-12-10 14:32:55.445 [info] > git for-each-ref --format=%(refname)%00%(upstream:short)%00%(objectname)%00%(upstream:track) refs/heads/submit_project3 refs/remotes/submit_project3 [1ms]
2022-12-10 14:32:55.453 [info] > git status -z -uall [5ms]
2022-12-10 14:32:55.456 [info] > git for-each-ref --sort -committerdate --format %(refname) %(objectname) %(*objectname) [4ms]
2022-12-10 14:33:29.528 [info] > git config --get commit.template [5ms]
2022-12-10 14:33:29.529 [info] > git for-each-ref --format=%(refname)%00%(upstream:short)%00%(objectname)%00%(upstream:track) refs/heads/submit_project3 refs/remotes/submit_project3 [1ms]
2022-12-10 14:33:29.538 [info] > git status -z -uall [5ms]
2022-12-10 14:33:29.539 [info] > git for-each-ref --sort -committerdate --format %(refname) %(objectname) %(*objectname) [3ms]
2022-12-10 14:33:41.617 [info] > git show --textconv :src/filesys/file.c [4ms]
2022-12-10 14:33:41.617 [info] > git ls-files --stage -- /home/team11/pintos/src/filesys/file.c [1ms]
2022-12-10 14:33:41.622 [info] > git cat-file -s d5fc10de15004e98d4f8490aa8a7ec8a4c7efcff [1ms]
2022-12-10 14:33:42.043 [info] > git check-ignore -v -z --stdin [1ms]
2022-12-10 14:34:07.429 [info] > git config --get commit.template [6ms]
2022-12-10 14:34:07.430 [info] > git for-each-ref --format=%(refname)%00%(upstream:short)%00%(objectname)%00%(upstream:track) refs/heads/submit_project3 refs/remotes/submit_project3 [2ms]
2022-12-10 14:34:07.440 [info] > git status -z -uall [5ms]
2022-12-10 14:34:07.442 [info] > git for-each-ref --sort -committerdate --format %(refname) %(objectname) %(*objectname) [2ms]
2022-12-10 14:34:36.916 [info] > git config --get commit.template [5ms]
2022-12-10 14:34:36.917 [info] > git for-each-ref --format=%(refname)%00%(upstream:short)%00%(objectname)%00%(upstream:track) refs/heads/submit_project3 refs/remotes/submit_project3 [2ms]
2022-12-10 14:34:36.925 [info] > git status -z -uall [4ms]
2022-12-10 14:34:36.927 [info] > git for-each-ref --sort -committerdate --format %(refname) %(objectname) %(*objectname) [2ms]
2022-12-10 14:34:56.939 [info] > git config --get commit.template [6ms]
2022-12-10 14:34:56.941 [info] > git for-each-ref --format=%(refname)%00%(upstream:short)%00%(objectname)%00%(upstream:track) refs/heads/submit_project3 refs/remotes/submit_project3 [3ms]
2022-12-10 14:34:56.953 [info] > git for-each-ref --sort -committerdate --format %(refname) %(objectname) %(*objectname) [1ms]
2022-12-10 14:34:56.954 [info] > git status -z -uall [7ms]
2022-12-10 14:35:40.338 [info] > git config --get commit.template [6ms]
2022-12-10 14:35:40.340 [info] > git for-each-ref --format=%(refname)%00%(upstream:short)%00%(objectname)%00%(upstream:track) refs/heads/submit_project3 refs/remotes/submit_project3 [2ms]
2022-12-10 14:35:40.351 [info] > git for-each-ref --sort -committerdate --format %(refname) %(objectname) %(*objectname) [2ms]
2022-12-10 14:35:40.352 [info] > git status -z -uall [8ms]
2022-12-10 14:35:57.353 [info] > git config --get commit.template [7ms]
2022-12-10 14:35:57.355 [info] > git for-each-ref --format=%(refname)%00%(upstream:short)%00%(objectname)%00%(upstream:track) refs/heads/submit_project3 refs/remotes/submit_project3 [3ms]
2022-12-10 14:35:57.365 [info] > git for-each-ref --sort -committerdate --format %(refname) %(objectname) %(*objectname) [2ms]
2022-12-10 14:35:57.368 [info] > git status -z -uall [8ms]
2022-12-10 14:37:28.121 [info] > git config --get commit.template [6ms]
2022-12-10 14:37:28.123 [info] > git for-each-ref --format=%(refname)%00%(upstream:short)%00%(objectname)%00%(upstream:track) refs/heads/submit_project3 refs/remotes/submit_project3 [3ms]
2022-12-10 14:37:28.135 [info] > git for-each-ref --sort -committerdate --format %(refname) %(objectname) %(*objectname) [1ms]
2022-12-10 14:37:28.135 [info] > git status -z -uall [7ms]
2022-12-10 14:39:01.594 [info] > git config --get commit.template [7ms]
2022-12-10 14:39:01.596 [info] > git for-each-ref --format=%(refname)%00%(upstream:short)%00%(objectname)%00%(upstream:track) refs/heads/submit_project3 refs/remotes/submit_project3 [3ms]
2022-12-10 14:39:01.609 [info] > git for-each-ref --sort -committerdate --format %(refname) %(objectname) %(*objectname) [3ms]
2022-12-10 14:39:01.609 [info] > git status -z -uall [8ms]
2022-12-10 14:39:19.426 [info] > git config --get commit.template [6ms]
2022-12-10 14:39:19.428 [info] > git for-each-ref --format=%(refname)%00%(upstream:short)%00%(objectname)%00%(upstream:track) refs/heads/submit_project3 refs/remotes/submit_project3 [2ms]
2022-12-10 14:39:19.440 [info] > git status -z -uall [7ms]
2022-12-10 14:39:19.440 [info] > git for-each-ref --sort -committerdate --format %(refname) %(objectname) %(*objectname) [3ms]
2022-12-10 14:39:43.371 [info] > git config --get commit.template [7ms]
2022-12-10 14:39:43.373 [info] > git for-each-ref --format=%(refname)%00%(upstream:short)%00%(objectname)%00%(upstream:track) refs/heads/submit_project3 refs/remotes/submit_project3 [3ms]
2022-12-10 14:39:43.383 [info] > git status -z -uall [5ms]
2022-12-10 14:39:43.385 [info] > git for-each-ref --sort -committerdate --format %(refname) %(objectname) %(*objectname) [3ms]
2022-12-10 14:41:07.923 [info] > git show --textconv :src/filesys/file.h [7ms]
2022-12-10 14:41:07.925 [info] > git ls-files --stage -- /home/team11/pintos/src/filesys/file.h [2ms]
2022-12-10 14:41:07.930 [info] > git cat-file -s a33c5af49f7c9c29142b234290e7c1969b9f54cb [1ms]
2022-12-10 14:41:15.807 [info] > git config --get commit.template [5ms]
2022-12-10 14:41:15.809 [info] > git for-each-ref --format=%(refname)%00%(upstream:short)%00%(objectname)%00%(upstream:track) refs/heads/submit_project3 refs/remotes/submit_project3 [2ms]
2022-12-10 14:41:15.819 [info] > git status -z -uall [6ms]
2022-12-10 14:41:15.819 [info] > git for-each-ref --sort -committerdate --format %(refname) %(objectname) %(*objectname) [2ms]
2022-12-10 14:41:20.834 [info] > git config --get commit.template [6ms]
2022-12-10 14:41:20.836 [info] > git for-each-ref --format=%(refname)%00%(upstream:short)%00%(objectname)%00%(upstream:track) refs/heads/submit_project3 refs/remotes/submit_project3 [2ms]
2022-12-10 14:41:20.849 [info] > git for-each-ref --sort -committerdate --format %(refname) %(objectname) %(*objectname) [3ms]
2022-12-10 14:41:20.850 [info] > git status -z -uall [8ms]
2022-12-10 14:41:25.909 [info] > git config --get commit.template [7ms]
2022-12-10 14:41:25.911 [info] > git for-each-ref --format=%(refname)%00%(upstream:short)%00%(objectname)%00%(upstream:track) refs/heads/submit_project3 refs/remotes/submit_project3 [3ms]
2022-12-10 14:41:25.920 [info] > git for-each-ref --sort -committerdate --format %(refname) %(objectname) %(*objectname) [1ms]
2022-12-10 14:41:25.922 [info] > git status -z -uall [7ms]
2022-12-10 14:41:30.940 [info] > git config --get commit.template [6ms]
2022-12-10 14:41:30.942 [info] > git for-each-ref --format=%(refname)%00%(upstream:short)%00%(objectname)%00%(upstream:track) refs/heads/submit_project3 refs/remotes/submit_project3 [2ms]
2022-12-10 14:41:30.952 [info] > git status -z -uall [6ms]
2022-12-10 14:41:30.953 [info] > git for-each-ref --sort -committerdate --format %(refname) %(objectname) %(*objectname) [3ms]
2022-12-10 14:42:01.638 [info] > git config --get commit.template [6ms]
2022-12-10 14:42:01.639 [info] > git for-each-ref --format=%(refname)%00%(upstream:short)%00%(objectname)%00%(upstream:track) refs/heads/submit_project3 refs/remotes/submit_project3 [2ms]
2022-12-10 14:42:01.649 [info] > git status -z -uall [4ms]
2022-12-10 14:42:01.651 [info] > git for-each-ref --sort -committerdate --format %(refname) %(objectname) %(*objectname) [3ms]
2022-12-10 14:42:02.932 [info] > git ls-files --stage -- /home/team11/pintos/src/filesys/file.c [6ms]
2022-12-10 14:42:02.936 [info] > git ls-files --stage -- /home/team11/pintos/src/userprog/pagedir.c [14ms]
2022-12-10 14:42:02.940 [info] > git ls-files --stage -- /home/team11/pintos/src/threads/vaddr.h [22ms]
2022-12-10 14:42:02.946 [info] > git ls-files --stage -- /home/team11/pintos/src/threads/thread.c [32ms]
2022-12-10 14:42:02.950 [info] > git ls-files --stage -- /home/team11/pintos/src/lib/kernel/hash.c [41ms]
2022-12-10 14:42:02.954 [info] > git ls-files --stage -- /home/team11/pintos/src/userprog/exception.c [49ms]
2022-12-10 14:42:02.957 [info] > git ls-files --stage -- /home/team11/pintos/src/lib/kernel/list.c [57ms]
2022-12-10 14:42:02.961 [info] > git ls-files --stage -- /home/team11/pintos/src/userprog/process.h [65ms]
2022-12-10 14:42:02.965 [info] > git ls-files --stage -- /home/team11/pintos/src/lib/user/syscall.c [73ms]
2022-12-10 14:42:02.969 [info] > git ls-files --stage -- /home/team11/pintos/src/vm/page.h [81ms]
2022-12-10 14:42:02.973 [info] > git ls-files --stage -- /home/team11/pintos/src/threads/thread.h [89ms]
2022-12-10 14:42:02.977 [info] > git ls-files --stage -- /home/team11/pintos/src/vm/page.c [96ms]
2022-12-10 14:42:02.980 [info] > git ls-files --stage -- /home/team11/pintos/src/userprog/process.c [104ms]
2022-12-10 14:42:02.984 [info] > git ls-files --stage -- /home/team11/pintos/src/userprog/syscall.c [115ms]
2022-12-10 14:42:02.991 [info] > git cat-file -s 6a160c04677e7ce8c5d7244f7f59c2390392239d [7ms]
2022-12-10 14:42:02.991 [info] > git cat-file -s 0a6d3afcdaa55bf47a5cecb2641deed57f2197ae [11ms]
2022-12-10 14:42:02.991 [info] > git cat-file -s fceba9f981ce0e585481134275f23424f05c3318 [15ms]
2022-12-10 14:42:02.992 [info] > git cat-file -s 54170ee43968ecff5e6384c4c7eced8cbc5bd707 [19ms]
2022-12-10 14:42:02.992 [info] > git cat-file -s c8385bc3364b1eabc57e68bae885fe458537b42a [24ms]
2022-12-10 14:42:02.992 [info] > git cat-file -s 70d51d9ada88d72e886bb7c9147b62368198ab1a [27ms]
2022-12-10 14:42:02.992 [info] > git cat-file -s 316d9ef64cd166e6422117f9c914efde5c5fdfde [31ms]
2022-12-10 14:42:02.992 [info] > git cat-file -s d4849517cfff866b61c7c5886d337b04bc19d585 [35ms]
2022-12-10 14:42:02.992 [info] > git cat-file -s 57eed450c91cc5dbae214445d16b72f52d7a7c3c [39ms]
2022-12-10 14:42:02.993 [info] > git cat-file -s 58fadfdc7240641694740e973368e9ae1155a327 [43ms]
2022-12-10 14:42:02.993 [info] > git cat-file -s 184c8241c832a6705031b3a1f785eece8e380455 [47ms]
2022-12-10 14:42:02.993 [info] > git cat-file -s a6a87b827ba16a12157d94df6f2a7233b7c59e8e [53ms]
2022-12-10 14:42:02.993 [info] > git cat-file -s d5fc10de15004e98d4f8490aa8a7ec8a4c7efcff [57ms]
2022-12-10 14:42:02.993 [info] > git ls-files --stage -- /home/team11/pintos/src/filesys/file.h [62ms]
2022-12-10 14:42:02.997 [info] > git cat-file -s 124c9506cf5379851ee22c312f4cf8fadd7b6a41 [7ms]
2022-12-10 14:42:02.998 [info] > git cat-file -s a33c5af49f7c9c29142b234290e7c1969b9f54cb [1ms]
2022-12-10 14:42:03.077 [info] > git show --textconv :src/userprog/process.c [53ms]
2022-12-10 14:42:03.077 [info] > git show --textconv :src/vm/page.c [47ms]
2022-12-10 14:42:03.077 [info] > git show --textconv :src/threads/thread.h [43ms]
2022-12-10 14:42:03.077 [info] > git show --textconv :src/vm/page.h [38ms]
2022-12-10 14:42:03.077 [info] > git show --textconv :src/lib/user/syscall.c [33ms]
2022-12-10 14:42:03.077 [info] > git show --textconv :src/userprog/process.h [28ms]
2022-12-10 14:42:03.077 [info] > git show --textconv :src/lib/kernel/list.c [24ms]
2022-12-10 14:42:03.077 [info] > git show --textconv :src/userprog/exception.c [21ms]
2022-12-10 14:42:03.077 [info] > git show --textconv :src/lib/kernel/hash.c [17ms]
2022-12-10 14:42:03.077 [info] > git show --textconv :src/threads/thread.c [13ms]
2022-12-10 14:42:03.077 [info] > git show --textconv :src/threads/vaddr.h [10ms]
2022-12-10 14:42:03.077 [info] > git show --textconv :src/userprog/pagedir.c [5ms]
2022-12-10 14:42:03.077 [info] > git show --textconv :src/filesys/file.c [1ms]
2022-12-10 14:42:03.088 [info] > git show --textconv :src/userprog/syscall.c [5ms]
2022-12-10 14:42:03.090 [info] > git show --textconv :src/filesys/file.h [3ms]
2022-12-10 14:42:06.663 [info] > git config --get commit.template [5ms]
2022-12-10 14:42:06.665 [info] > git for-each-ref --format=%(refname)%00%(upstream:short)%00%(objectname)%00%(upstream:track) refs/heads/submit_project3 refs/remotes/submit_project3 [2ms]
2022-12-10 14:42:06.673 [info] > git for-each-ref --sort -committerdate --format %(refname) %(objectname) %(*objectname) [1ms]
2022-12-10 14:42:06.675 [info] > git status -z -uall [5ms]
2022-12-10 14:42:08.012 [info] > git ls-files --stage -- /home/team11/pintos/src/filesys/file.c [5ms]
2022-12-10 14:42:08.016 [info] > git ls-files --stage -- /home/team11/pintos/src/userprog/pagedir.c [14ms]
2022-12-10 14:42:08.020 [info] > git ls-files --stage -- /home/team11/pintos/src/threads/vaddr.h [22ms]
2022-12-10 14:42:08.024 [info] > git ls-files --stage -- /home/team11/pintos/src/threads/thread.c [30ms]
2022-12-10 14:42:08.028 [info] > git ls-files --stage -- /home/team11/pintos/src/lib/kernel/hash.c [39ms]
2022-12-10 14:42:08.032 [info] > git ls-files --stage -- /home/team11/pintos/src/userprog/exception.c [49ms]
2022-12-10 14:42:08.036 [info] > git ls-files --stage -- /home/team11/pintos/src/lib/kernel/list.c [58ms]
2022-12-10 14:42:08.040 [info] > git ls-files --stage -- /home/team11/pintos/src/userprog/process.h [67ms]
2022-12-10 14:42:08.044 [info] > git ls-files --stage -- /home/team11/pintos/src/lib/user/syscall.c [75ms]
2022-12-10 14:42:08.048 [info] > git ls-files --stage -- /home/team11/pintos/src/vm/page.h [84ms]
2022-12-10 14:42:08.053 [info] > git ls-files --stage -- /home/team11/pintos/src/threads/thread.h [93ms]
2022-12-10 14:42:08.056 [info] > git ls-files --stage -- /home/team11/pintos/src/vm/page.c [102ms]
2022-12-10 14:42:08.060 [info] > git ls-files --stage -- /home/team11/pintos/src/userprog/process.c [109ms]
2022-12-10 14:42:08.064 [info] > git ls-files --stage -- /home/team11/pintos/src/userprog/syscall.c [119ms]
2022-12-10 14:42:08.071 [info] > git cat-file -s 6a160c04677e7ce8c5d7244f7f59c2390392239d [7ms]
2022-12-10 14:42:08.072 [info] > git cat-file -s 0a6d3afcdaa55bf47a5cecb2641deed57f2197ae [13ms]
2022-12-10 14:42:08.072 [info] > git cat-file -s fceba9f981ce0e585481134275f23424f05c3318 [16ms]
2022-12-10 14:42:08.072 [info] > git cat-file -s 54170ee43968ecff5e6384c4c7eced8cbc5bd707 [20ms]
2022-12-10 14:42:08.073 [info] > git cat-file -s c8385bc3364b1eabc57e68bae885fe458537b42a [25ms]
2022-12-10 14:42:08.073 [info] > git cat-file -s 70d51d9ada88d72e886bb7c9147b62368198ab1a [29ms]
2022-12-10 14:42:08.074 [info] > git cat-file -s 316d9ef64cd166e6422117f9c914efde5c5fdfde [34ms]
2022-12-10 14:42:08.074 [info] > git cat-file -s d4849517cfff866b61c7c5886d337b04bc19d585 [38ms]
2022-12-10 14:42:08.074 [info] > git cat-file -s 57eed450c91cc5dbae214445d16b72f52d7a7c3c [42ms]
2022-12-10 14:42:08.075 [info] > git cat-file -s 58fadfdc7240641694740e973368e9ae1155a327 [46ms]
2022-12-10 14:42:08.075 [info] > git cat-file -s 184c8241c832a6705031b3a1f785eece8e380455 [51ms]
2022-12-10 14:42:08.075 [info] > git cat-file -s a6a87b827ba16a12157d94df6f2a7233b7c59e8e [55ms]
2022-12-10 14:42:08.076 [info] > git cat-file -s d5fc10de15004e98d4f8490aa8a7ec8a4c7efcff [60ms]
2022-12-10 14:42:08.076 [info] > git ls-files --stage -- /home/team11/pintos/src/filesys/file.h [66ms]
2022-12-10 14:42:08.081 [info] > git cat-file -s 124c9506cf5379851ee22c312f4cf8fadd7b6a41 [12ms]
2022-12-10 14:42:08.083 [info] > git cat-file -s a33c5af49f7c9c29142b234290e7c1969b9f54cb [1ms]
2022-12-10 14:42:08.217 [info] > git show --textconv :src/userprog/process.c [53ms]
2022-12-10 14:42:08.217 [info] > git show --textconv :src/vm/page.c [47ms]
2022-12-10 14:42:08.217 [info] > git show --textconv :src/threads/thread.h [42ms]
2022-12-10 14:42:08.217 [info] > git show --textconv :src/vm/page.h [38ms]
2022-12-10 14:42:08.217 [info] > git show --textconv :src/lib/user/syscall.c [33ms]
2022-12-10 14:42:08.218 [info] > git show --textconv :src/userprog/process.h [30ms]
2022-12-10 14:42:08.218 [info] > git show --textconv :src/lib/kernel/list.c [27ms]
2022-12-10 14:42:08.218 [info] > git show --textconv :src/userprog/exception.c [23ms]
2022-12-10 14:42:08.218 [info] > git show --textconv :src/lib/kernel/hash.c [19ms]
2022-12-10 14:42:08.218 [info] > git show --textconv :src/threads/thread.c [14ms]
2022-12-10 14:42:08.218 [info] > git show --textconv :src/threads/vaddr.h [10ms]
2022-12-10 14:42:08.218 [info] > git show --textconv :src/userprog/pagedir.c [6ms]
2022-12-10 14:42:08.220 [info] > git show --textconv :src/filesys/file.c [4ms]
2022-12-10 14:42:08.228 [info] > git show --textconv :src/userprog/syscall.c [4ms]
2022-12-10 14:42:08.229 [info] > git show --textconv :src/filesys/file.h [1ms]
2022-12-10 14:42:11.691 [info] > git config --get commit.template [6ms]
2022-12-10 14:42:11.693 [info] > git for-each-ref --format=%(refname)%00%(upstream:short)%00%(objectname)%00%(upstream:track) refs/heads/submit_project3 refs/remotes/submit_project3 [2ms]
2022-12-10 14:42:11.700 [info] > git status -z -uall [5ms]
2022-12-10 14:42:11.702 [info] > git for-each-ref --sort -committerdate --format %(refname) %(objectname) %(*objectname) [3ms]
2022-12-10 14:42:55.892 [info] > git config --get commit.template [6ms]
2022-12-10 14:42:55.894 [info] > git for-each-ref --format=%(refname)%00%(upstream:short)%00%(objectname)%00%(upstream:track) refs/heads/submit_project3 refs/remotes/submit_project3 [2ms]
2022-12-10 14:42:55.902 [info] > git for-each-ref --sort -committerdate --format %(refname) %(objectname) %(*objectname) [1ms]
2022-12-10 14:42:55.904 [info] > git status -z -uall [6ms]
2022-12-10 14:43:00.919 [info] > git config --get commit.template [5ms]
2022-12-10 14:43:00.921 [info] > git for-each-ref --format=%(refname)%00%(upstream:short)%00%(objectname)%00%(upstream:track) refs/heads/submit_project3 refs/remotes/submit_project3 [3ms]
2022-12-10 14:43:00.931 [info] > git status -z -uall [6ms]
2022-12-10 14:43:00.932 [info] > git for-each-ref --sort -committerdate --format %(refname) %(objectname) %(*objectname) [2ms]
2022-12-10 14:43:11.093 [info] > git config --get commit.template [6ms]
2022-12-10 14:43:11.094 [info] > git for-each-ref --format=%(refname)%00%(upstream:short)%00%(objectname)%00%(upstream:track) refs/heads/submit_project3 refs/remotes/submit_project3 [1ms]
2022-12-10 14:43:11.105 [info] > git status -z -uall [6ms]
2022-12-10 14:43:11.106 [info] > git for-each-ref --sort -committerdate --format %(refname) %(objectname) %(*objectname) [4ms]
2022-12-10 14:43:31.462 [info] > git config --get commit.template [7ms]
2022-12-10 14:43:31.464 [info] > git for-each-ref --format=%(refname)%00%(upstream:short)%00%(objectname)%00%(upstream:track) refs/heads/submit_project3 refs/remotes/submit_project3 [3ms]
2022-12-10 14:43:31.473 [info] > git for-each-ref --sort -committerdate --format %(refname) %(objectname) %(*objectname) [1ms]
2022-12-10 14:43:31.476 [info] > git status -z -uall [7ms]
2022-12-10 14:43:47.969 [info] > git config --get commit.template [6ms]
2022-12-10 14:43:47.971 [info] > git for-each-ref --format=%(refname)%00%(upstream:short)%00%(objectname)%00%(upstream:track) refs/heads/submit_project3 refs/remotes/submit_project3 [3ms]
2022-12-10 14:43:47.980 [info] > git status -z -uall [5ms]
2022-12-10 14:43:47.982 [info] > git for-each-ref --sort -committerdate --format %(refname) %(objectname) %(*objectname) [3ms]
2022-12-10 14:43:52.998 [info] > git config --get commit.template [7ms]
2022-12-10 14:43:53.001 [info] > git for-each-ref --format=%(refname)%00%(upstream:short)%00%(objectname)%00%(upstream:track) refs/heads/submit_project3 refs/remotes/submit_project3 [3ms]
2022-12-10 14:43:53.011 [info] > git status -z -uall [7ms]
2022-12-10 14:43:53.011 [info] > git for-each-ref --sort -committerdate --format %(refname) %(objectname) %(*objectname) [3ms]
2022-12-10 14:44:47.638 [info] > git config --get commit.template [6ms]
2022-12-10 14:44:47.640 [info] > git for-each-ref --format=%(refname)%00%(upstream:short)%00%(objectname)%00%(upstream:track) refs/heads/submit_project3 refs/remotes/submit_project3 [3ms]
2022-12-10 14:44:47.650 [info] > git status -z -uall [5ms]
2022-12-10 14:44:47.652 [info] > git for-each-ref --sort -committerdate --format %(refname) %(objectname) %(*objectname) [3ms]
2022-12-10 14:46:00.447 [info] > git config --get commit.template [7ms]
2022-12-10 14:46:00.447 [info] > git for-each-ref --format=%(refname)%00%(upstream:short)%00%(objectname)%00%(upstream:track) refs/heads/submit_project3 refs/remotes/submit_project3 [1ms]
2022-12-10 14:46:00.456 [info] > git for-each-ref --sort -committerdate --format %(refname) %(objectname) %(*objectname) [2ms]
2022-12-10 14:46:00.458 [info] > git status -z -uall [7ms]
2022-12-10 14:46:07.212 [info] > git config --get commit.template [7ms]
2022-12-10 14:46:07.212 [info] > git for-each-ref --format=%(refname)%00%(upstream:short)%00%(objectname)%00%(upstream:track) refs/heads/submit_project3 refs/remotes/submit_project3 [2ms]
2022-12-10 14:46:07.225 [info] > git status -z -uall [6ms]
2022-12-10 14:46:07.226 [info] > git for-each-ref --sort -committerdate --format %(refname) %(objectname) %(*objectname) [2ms]
2022-12-10 14:46:12.241 [info] > git config --get commit.template [6ms]
2022-12-10 14:46:12.242 [info] > git for-each-ref --format=%(refname)%00%(upstream:short)%00%(objectname)%00%(upstream:track) refs/heads/submit_project3 refs/remotes/submit_project3 [2ms]
2022-12-10 14:46:12.253 [info] > git for-each-ref --sort -committerdate --format %(refname) %(objectname) %(*objectname) [2ms]
2022-12-10 14:46:12.254 [info] > git status -z -uall [8ms]
2022-12-10 14:46:28.884 [info] > git config --get commit.template [5ms]
2022-12-10 14:46:28.886 [info] > git for-each-ref --format=%(refname)%00%(upstream:short)%00%(objectname)%00%(upstream:track) refs/heads/submit_project3 refs/remotes/submit_project3 [3ms]
2022-12-10 14:46:28.897 [info] > git for-each-ref --sort -committerdate --format %(refname) %(objectname) %(*objectname) [3ms]
2022-12-10 14:46:28.898 [info] > git status -z -uall [8ms]
2022-12-10 14:46:36.707 [info] > git config --get commit.template [6ms]
2022-12-10 14:46:36.708 [info] > git for-each-ref --format=%(refname)%00%(upstream:short)%00%(objectname)%00%(upstream:track) refs/heads/submit_project3 refs/remotes/submit_project3 [3ms]
2022-12-10 14:46:36.718 [info] > git status -z -uall [6ms]
2022-12-10 14:46:36.720 [info] > git for-each-ref --sort -committerdate --format %(refname) %(objectname) %(*objectname) [3ms]
2022-12-10 14:46:52.994 [info] > git config --get commit.template [5ms]
2022-12-10 14:46:52.994 [info] > git for-each-ref --format=%(refname)%00%(upstream:short)%00%(objectname)%00%(upstream:track) refs/heads/submit_project3 refs/remotes/submit_project3 [1ms]
2022-12-10 14:46:53.003 [info] > git for-each-ref --sort -committerdate --format %(refname) %(objectname) %(*objectname) [2ms]
2022-12-10 14:46:53.003 [info] > git status -z -uall [5ms]
2022-12-10 14:51:40.006 [info] > git config --get commit.template [7ms]
2022-12-10 14:51:40.008 [info] > git for-each-ref --format=%(refname)%00%(upstream:short)%00%(objectname)%00%(upstream:track) refs/heads/submit_project3 refs/remotes/submit_project3 [3ms]
2022-12-10 14:51:40.021 [info] > git for-each-ref --sort -committerdate --format %(refname) %(objectname) %(*objectname) [3ms]
2022-12-10 14:51:40.023 [info] > git status -z -uall [9ms]
2022-12-10 14:51:41.305 [info] > git ls-files --stage -- /home/team11/pintos/src/filesys/file.c [6ms]
2022-12-10 14:51:41.312 [info] > git ls-files --stage -- /home/team11/pintos/src/userprog/pagedir.c [18ms]
2022-12-10 14:51:41.317 [info] > git ls-files --stage -- /home/team11/pintos/src/threads/vaddr.h [28ms]
2022-12-10 14:51:41.321 [info] > git ls-files --stage -- /home/team11/pintos/src/threads/thread.c [37ms]
2022-12-10 14:51:41.326 [info] > git ls-files --stage -- /home/team11/pintos/src/lib/kernel/hash.c [48ms]
2022-12-10 14:51:41.331 [info] > git ls-files --stage -- /home/team11/pintos/src/lib/kernel/list.c [58ms]
2022-12-10 14:51:41.336 [info] > git ls-files --stage -- /home/team11/pintos/src/userprog/process.h [68ms]
2022-12-10 14:51:41.341 [info] > git ls-files --stage -- /home/team11/pintos/src/vm/page.h [78ms]
2022-12-10 14:51:41.346 [info] > git ls-files --stage -- /home/team11/pintos/src/threads/thread.h [88ms]
2022-12-10 14:51:41.351 [info] > git ls-files --stage -- /home/team11/pintos/src/vm/page.c [98ms]
2022-12-10 14:51:41.356 [info] > git ls-files --stage -- /home/team11/pintos/src/userprog/process.c [108ms]
2022-12-10 14:51:41.361 [info] > git ls-files --stage -- /home/team11/pintos/src/userprog/syscall.c [119ms]
2022-12-10 14:51:41.367 [info] > git cat-file -s 6a160c04677e7ce8c5d7244f7f59c2390392239d [6ms]
2022-12-10 14:51:41.367 [info] > git cat-file -s 0a6d3afcdaa55bf47a5cecb2641deed57f2197ae [11ms]
2022-12-10 14:51:41.368 [info] > git cat-file -s fceba9f981ce0e585481134275f23424f05c3318 [16ms]
2022-12-10 14:51:41.368 [info] > git cat-file -s 54170ee43968ecff5e6384c4c7eced8cbc5bd707 [22ms]
2022-12-10 14:51:41.368 [info] > git cat-file -s 70d51d9ada88d72e886bb7c9147b62368198ab1a [27ms]
2022-12-10 14:51:41.368 [info] > git cat-file -s 316d9ef64cd166e6422117f9c914efde5c5fdfde [32ms]
2022-12-10 14:51:41.369 [info] > git cat-file -s 57eed450c91cc5dbae214445d16b72f52d7a7c3c [37ms]
2022-12-10 14:51:41.369 [info] > git cat-file -s 58fadfdc7240641694740e973368e9ae1155a327 [43ms]
2022-12-10 14:51:41.369 [info] > git cat-file -s 184c8241c832a6705031b3a1f785eece8e380455 [48ms]
2022-12-10 14:51:41.370 [info] > git cat-file -s a6a87b827ba16a12157d94df6f2a7233b7c59e8e [53ms]
2022-12-10 14:51:41.370 [info] > git cat-file -s d5fc10de15004e98d4f8490aa8a7ec8a4c7efcff [58ms]
2022-12-10 14:51:41.370 [info] > git ls-files --stage -- /home/team11/pintos/src/filesys/file.h [66ms]
2022-12-10 14:51:41.376 [info] > git cat-file -s a33c5af49f7c9c29142b234290e7c1969b9f54cb [0ms]
2022-12-10 14:51:41.377 [info] > git cat-file -s 124c9506cf5379851ee22c312f4cf8fadd7b6a41 [12ms]
2022-12-10 14:51:41.468 [info] > git show --textconv :src/userprog/process.c [60ms]
2022-12-10 14:51:41.468 [info] > git show --textconv :src/vm/page.c [54ms]
2022-12-10 14:51:41.468 [info] > git show --textconv :src/threads/thread.h [49ms]
2022-12-10 14:51:41.468 [info] > git show --textconv :src/vm/page.h [45ms]
2022-12-10 14:51:41.468 [info] > git show --textconv :src/userprog/process.h [41ms]
2022-12-10 14:51:41.468 [info] > git show --textconv :src/lib/kernel/list.c [35ms]
2022-12-10 14:51:41.468 [info] > git show --textconv :src/lib/kernel/hash.c [31ms]
2022-12-10 14:51:41.468 [info] > git show --textconv :src/threads/thread.c [26ms]
2022-12-10 14:51:41.468 [info] > git show --textconv :src/threads/vaddr.h [21ms]
2022-12-10 14:51:41.468 [info] > git show --textconv :src/userprog/pagedir.c [17ms]
2022-12-10 14:51:41.468 [info] > git show --textconv :src/filesys/file.c [13ms]
2022-12-10 14:51:41.468 [info] > git show --textconv :src/filesys/file.h [8ms]
2022-12-10 14:51:41.468 [info] > git show --textconv :src/userprog/syscall.c [3ms]
2022-12-10 14:51:45.041 [info] > git config --get commit.template [7ms]
2022-12-10 14:51:45.042 [info] > git for-each-ref --format=%(refname)%00%(upstream:short)%00%(objectname)%00%(upstream:track) refs/heads/submit_project3 refs/remotes/submit_project3 [2ms]
2022-12-10 14:51:45.056 [info] > git for-each-ref --sort -committerdate --format %(refname) %(objectname) %(*objectname) [3ms]
2022-12-10 14:51:45.057 [info] > git status -z -uall [8ms]
2022-12-10 14:51:50.074 [info] > git config --get commit.template [5ms]
2022-12-10 14:51:50.075 [info] > git for-each-ref --format=%(refname)%00%(upstream:short)%00%(objectname)%00%(upstream:track) refs/heads/submit_project3 refs/remotes/submit_project3 [1ms]
2022-12-10 14:51:50.084 [info] > git status -z -uall [5ms]
2022-12-10 14:51:50.086 [info] > git for-each-ref --sort -committerdate --format %(refname) %(objectname) %(*objectname) [3ms]
2022-12-10 14:51:51.391 [info] > git ls-files --stage -- /home/team11/pintos/src/filesys/file.c [7ms]
2022-12-10 14:51:51.395 [info] > git ls-files --stage -- /home/team11/pintos/src/userprog/pagedir.c [15ms]
2022-12-10 14:51:51.399 [info] > git ls-files --stage -- /home/team11/pintos/src/threads/vaddr.h [26ms]
2022-12-10 14:51:51.403 [info] > git ls-files --stage -- /home/team11/pintos/src/threads/thread.c [33ms]
2022-12-10 14:51:51.407 [info] > git ls-files --stage -- /home/team11/pintos/src/lib/kernel/hash.c [43ms]
2022-12-10 14:51:51.410 [info] > git ls-files --stage -- /home/team11/pintos/src/lib/kernel/list.c [50ms]
2022-12-10 14:51:51.414 [info] > git ls-files --stage -- /home/team11/pintos/src/userprog/process.h [59ms]
2022-12-10 14:51:51.419 [info] > git ls-files --stage -- /home/team11/pintos/src/vm/page.h [68ms]
2022-12-10 14:51:51.423 [info] > git ls-files --stage -- /home/team11/pintos/src/threads/thread.h [78ms]
2022-12-10 14:51:51.428 [info] > git ls-files --stage -- /home/team11/pintos/src/vm/page.c [90ms]
2022-12-10 14:51:51.434 [info] > git ls-files --stage -- /home/team11/pintos/src/userprog/process.c [103ms]
2022-12-10 14:51:51.441 [info] > git ls-files --stage -- /home/team11/pintos/src/userprog/syscall.c [115ms]
2022-12-10 14:51:51.446 [info] > git cat-file -s 6a160c04677e7ce8c5d7244f7f59c2390392239d [5ms]
2022-12-10 14:51:51.447 [info] > git cat-file -s 0a6d3afcdaa55bf47a5cecb2641deed57f2197ae [13ms]
2022-12-10 14:51:51.447 [info] > git cat-file -s fceba9f981ce0e585481134275f23424f05c3318 [20ms]
2022-12-10 14:51:51.447 [info] > git cat-file -s 54170ee43968ecff5e6384c4c7eced8cbc5bd707 [25ms]
2022-12-10 14:51:51.447 [info] > git cat-file -s 70d51d9ada88d72e886bb7c9147b62368198ab1a [29ms]
2022-12-10 14:51:51.448 [info] > git cat-file -s 316d9ef64cd166e6422117f9c914efde5c5fdfde [34ms]
2022-12-10 14:51:51.448 [info] > git cat-file -s 57eed450c91cc5dbae214445d16b72f52d7a7c3c [38ms]
2022-12-10 14:51:51.448 [info] > git cat-file -s 58fadfdc7240641694740e973368e9ae1155a327 [42ms]
2022-12-10 14:51:51.448 [info] > git cat-file -s 184c8241c832a6705031b3a1f785eece8e380455 [45ms]
2022-12-10 14:51:51.448 [info] > git cat-file -s a6a87b827ba16a12157d94df6f2a7233b7c59e8e [49ms]
2022-12-10 14:51:51.449 [info] > git cat-file -s d5fc10de15004e98d4f8490aa8a7ec8a4c7efcff [54ms]
2022-12-10 14:51:51.449 [info] > git ls-files --stage -- /home/team11/pintos/src/filesys/file.h [60ms]
2022-12-10 14:51:51.455 [info] > git cat-file -s 124c9506cf5379851ee22c312f4cf8fadd7b6a41 [10ms]
2022-12-10 14:51:51.456 [info] > git cat-file -s a33c5af49f7c9c29142b234290e7c1969b9f54cb [3ms]
2022-12-10 14:51:51.540 [info] > git show --textconv :src/userprog/process.c [58ms]
2022-12-10 14:51:51.540 [info] > git show --textconv :src/vm/page.c [53ms]
2022-12-10 14:51:51.540 [info] > git show --textconv :src/threads/thread.h [48ms]
2022-12-10 14:51:51.541 [info] > git show --textconv :src/vm/page.h [45ms]
2022-12-10 14:51:51.541 [info] > git show --textconv :src/userprog/process.h [38ms]
2022-12-10 14:51:51.541 [info] > git show --textconv :src/lib/kernel/list.c [33ms]
2022-12-10 14:51:51.541 [info] > git show --textconv :src/lib/kernel/hash.c [29ms]
2022-12-10 14:51:51.541 [info] > git show --textconv :src/threads/thread.c [25ms]
2022-12-10 14:51:51.541 [info] > git show --textconv :src/threads/vaddr.h [20ms]
2022-12-10 14:51:51.541 [info] > git show --textconv :src/userprog/pagedir.c [15ms]
2022-12-10 14:51:51.541 [info] > git show --textconv :src/filesys/file.c [11ms]
2022-12-10 14:51:51.541 [info] > git show --textconv :src/userprog/syscall.c [7ms]
2022-12-10 14:51:51.541 [info] > git show --textconv :src/filesys/file.h [2ms]
2022-12-10 14:51:55.104 [info] > git config --get commit.template [7ms]
2022-12-10 14:51:55.106 [info] > git for-each-ref --format=%(refname)%00%(upstream:short)%00%(objectname)%00%(upstream:track) refs/heads/submit_project3 refs/remotes/submit_project3 [2ms]
2022-12-10 14:51:55.119 [info] > git status -z -uall [7ms]
2022-12-10 14:51:55.119 [info] > git for-each-ref --sort -committerdate --format %(refname) %(objectname) %(*objectname) [3ms]
2022-12-10 14:52:17.130 [info] > git config --get commit.template [5ms]
2022-12-10 14:52:17.132 [info] > git for-each-ref --format=%(refname)%00%(upstream:short)%00%(objectname)%00%(upstream:track) refs/heads/submit_project3 refs/remotes/submit_project3 [3ms]
2022-12-10 14:52:17.141 [info] > git status -z -uall [5ms]
2022-12-10 14:52:17.142 [info] > git for-each-ref --sort -committerdate --format %(refname) %(objectname) %(*objectname) [2ms]
2022-12-10 14:52:22.160 [info] > git config --get commit.template [8ms]
2022-12-10 14:52:22.161 [info] > git for-each-ref --format=%(refname)%00%(upstream:short)%00%(objectname)%00%(upstream:track) refs/heads/submit_project3 refs/remotes/submit_project3 [2ms]
2022-12-10 14:52:22.171 [info] > git for-each-ref --sort -committerdate --format %(refname) %(objectname) %(*objectname) [1ms]
2022-12-10 14:52:22.171 [info] > git status -z -uall [6ms]
2022-12-10 14:52:57.246 [info] > git config --get commit.template [4ms]
2022-12-10 14:52:57.248 [info] > git for-each-ref --format=%(refname)%00%(upstream:short)%00%(objectname)%00%(upstream:track) refs/heads/submit_project3 refs/remotes/submit_project3 [2ms]
2022-12-10 14:52:57.258 [info] > git status -z -uall [6ms]
2022-12-10 14:52:57.259 [info] > git for-each-ref --sort -committerdate --format %(refname) %(objectname) %(*objectname) [3ms]
2022-12-10 14:53:32.911 [info] > git config --get commit.template [5ms]
2022-12-10 14:53:32.913 [info] > git for-each-ref --format=%(refname)%00%(upstream:short)%00%(objectname)%00%(upstream:track) refs/heads/submit_project3 refs/remotes/submit_project3 [2ms]
2022-12-10 14:53:32.925 [info] > git status -z -uall [6ms]
2022-12-10 14:53:32.926 [info] > git for-each-ref --sort -committerdate --format %(refname) %(objectname) %(*objectname) [4ms]
2022-12-10 14:53:38.277 [info] > git config --get commit.template [5ms]
2022-12-10 14:53:38.278 [info] > git for-each-ref --format=%(refname)%00%(upstream:short)%00%(objectname)%00%(upstream:track) refs/heads/submit_project3 refs/remotes/submit_project3 [2ms]
2022-12-10 14:53:38.288 [info] > git for-each-ref --sort -committerdate --format %(refname) %(objectname) %(*objectname) [2ms]
2022-12-10 14:53:38.288 [info] > git status -z -uall [6ms]
2022-12-10 14:53:53.646 [info] > git config --get commit.template [6ms]
2022-12-10 14:53:53.647 [info] > git for-each-ref --format=%(refname)%00%(upstream:short)%00%(objectname)%00%(upstream:track) refs/heads/submit_project3 refs/remotes/submit_project3 [2ms]
2022-12-10 14:53:53.656 [info] > git status -z -uall [5ms]
2022-12-10 14:53:53.658 [info] > git for-each-ref --sort -committerdate --format %(refname) %(objectname) %(*objectname) [3ms]
2022-12-10 14:54:07.645 [info] > git config --get commit.template [4ms]
2022-12-10 14:54:07.646 [info] > git for-each-ref --format=%(refname)%00%(upstream:short)%00%(objectname)%00%(upstream:track) refs/heads/submit_project3 refs/remotes/submit_project3 [1ms]
2022-12-10 14:54:07.656 [info] > git for-each-ref --sort -committerdate --format %(refname) %(objectname) %(*objectname) [2ms]
2022-12-10 14:54:07.659 [info] > git status -z -uall [8ms]
2022-12-10 14:54:34.425 [info] > git show --textconv :src/lib/user/syscall.h [8ms]
2022-12-10 14:54:34.426 [info] > git ls-files --stage -- /home/team11/pintos/src/lib/user/syscall.h [2ms]
2022-12-10 14:54:34.433 [info] > git cat-file -s 8a9e0c013e91a74bb87b318b7f2f3f094c341bd6 [2ms]
2022-12-10 14:55:13.317 [info] > git show --textconv :src/lib/stdarg.h [5ms]
2022-12-10 14:55:13.318 [info] > git ls-files --stage -- /home/team11/pintos/src/lib/stdarg.h [2ms]
2022-12-10 14:55:13.323 [info] > git cat-file -s 32622b5ab70a6065b091eaf0d14542f09eae1882 [1ms]
2022-12-10 14:55:25.801 [info] > git show --textconv :src/lib/user/syscall.c [7ms]
2022-12-10 14:55:25.803 [info] > git ls-files --stage -- /home/team11/pintos/src/lib/user/syscall.c [3ms]
2022-12-10 14:55:25.808 [info] > git cat-file -s c8385bc3364b1eabc57e68bae885fe458537b42a [1ms]
2022-12-10 14:56:16.999 [info] > git config --get commit.template [5ms]
2022-12-10 14:56:17.001 [info] > git for-each-ref --format=%(refname)%00%(upstream:short)%00%(objectname)%00%(upstream:track) refs/heads/submit_project3 refs/remotes/submit_project3 [2ms]
2022-12-10 14:56:17.012 [info] > git for-each-ref --sort -committerdate --format %(refname) %(objectname) %(*objectname) [2ms]
2022-12-10 14:56:17.014 [info] > git status -z -uall [8ms]
2022-12-10 14:56:37.904 [info] > git config --get commit.template [7ms]
2022-12-10 14:56:37.905 [info] > git for-each-ref --format=%(refname)%00%(upstream:short)%00%(objectname)%00%(upstream:track) refs/heads/submit_project3 refs/remotes/submit_project3 [2ms]
2022-12-10 14:56:37.916 [info] > git for-each-ref --sort -committerdate --format %(refname) %(objectname) %(*objectname) [3ms]
2022-12-10 14:56:37.917 [info] > git status -z -uall [8ms]
2022-12-10 14:56:54.017 [info] > git config --get commit.template [7ms]
2022-12-10 14:56:54.019 [info] > git for-each-ref --format=%(refname)%00%(upstream:short)%00%(objectname)%00%(upstream:track) refs/heads/submit_project3 refs/remotes/submit_project3 [3ms]
2022-12-10 14:56:54.029 [info] > git status -z -uall [5ms]
2022-12-10 14:56:54.030 [info] > git for-each-ref --sort -committerdate --format %(refname) %(objectname) %(*objectname) [1ms]
2022-12-10 14:57:04.799 [info] > git config --get commit.template [6ms]
2022-12-10 14:57:04.800 [info] > git for-each-ref --format=%(refname)%00%(upstream:short)%00%(objectname)%00%(upstream:track) refs/heads/submit_project3 refs/remotes/submit_project3 [2ms]
2022-12-10 14:57:04.808 [info] > git status -z -uall [4ms]
2022-12-10 14:57:04.809 [info] > git for-each-ref --sort -committerdate --format %(refname) %(objectname) %(*objectname) [1ms]
2022-12-10 14:57:39.640 [info] > git config --get commit.template [5ms]
2022-12-10 14:57:39.642 [info] > git for-each-ref --format=%(refname)%00%(upstream:short)%00%(objectname)%00%(upstream:track) refs/heads/submit_project3 refs/remotes/submit_project3 [2ms]
2022-12-10 14:57:39.653 [info] > git for-each-ref --sort -committerdate --format %(refname) %(objectname) %(*objectname) [2ms]
2022-12-10 14:57:39.654 [info] > git status -z -uall [7ms]
2022-12-10 14:57:58.621 [info] > git config --get commit.template [4ms]
2022-12-10 14:57:58.622 [info] > git for-each-ref --format=%(refname)%00%(upstream:short)%00%(objectname)%00%(upstream:track) refs/heads/submit_project3 refs/remotes/submit_project3 [1ms]
2022-12-10 14:57:58.632 [info] > git status -z -uall [6ms]
2022-12-10 14:57:58.634 [info] > git for-each-ref --sort -committerdate --format %(refname) %(objectname) %(*objectname) [3ms]
2022-12-10 14:59:12.750 [info] > git config --get commit.template [8ms]
2022-12-10 14:59:12.751 [info] > git for-each-ref --format=%(refname)%00%(upstream:short)%00%(objectname)%00%(upstream:track) refs/heads/submit_project3 refs/remotes/submit_project3 [2ms]
2022-12-10 14:59:12.759 [info] > git for-each-ref --sort -committerdate --format %(refname) %(objectname) %(*objectname) [1ms]
2022-12-10 14:59:12.760 [info] > git status -z -uall [6ms]
2022-12-10 14:59:32.004 [info] > git config --get commit.template [8ms]
2022-12-10 14:59:32.005 [info] > git for-each-ref --format=%(refname)%00%(upstream:short)%00%(objectname)%00%(upstream:track) refs/heads/submit_project3 refs/remotes/submit_project3 [2ms]
2022-12-10 14:59:32.014 [info] > git for-each-ref --sort -committerdate --format %(refname) %(objectname) %(*objectname) [1ms]
2022-12-10 14:59:32.014 [info] > git status -z -uall [4ms]
2022-12-10 15:04:32.840 [info] > git config --get commit.template [7ms]
2022-12-10 15:04:32.840 [info] > git for-each-ref --format=%(refname)%00%(upstream:short)%00%(objectname)%00%(upstream:track) refs/heads/submit_project3 refs/remotes/submit_project3 [2ms]
2022-12-10 15:04:32.849 [info] > git for-each-ref --sort -committerdate --format %(refname) %(objectname) %(*objectname) [1ms]
2022-12-10 15:04:33.224 [info] > git status -z -uall [380ms]
2022-12-10 15:04:47.487 [info] > git config --get commit.template [6ms]
2022-12-10 15:04:47.489 [info] > git for-each-ref --format=%(refname)%00%(upstream:short)%00%(objectname)%00%(upstream:track) refs/heads/submit_project3 refs/remotes/submit_project3 [2ms]
2022-12-10 15:04:47.497 [info] > git for-each-ref --sort -committerdate --format %(refname) %(objectname) %(*objectname) [2ms]
2022-12-10 15:04:47.515 [info] > git status -z -uall [23ms]
2022-12-10 15:15:23.054 [info] > git config --get commit.template [6ms]
2022-12-10 15:15:23.056 [info] > git for-each-ref --format=%(refname)%00%(upstream:short)%00%(objectname)%00%(upstream:track) refs/heads/submit_project3 refs/remotes/submit_project3 [3ms]
2022-12-10 15:15:23.069 [info] > git status -z -uall [8ms]
2022-12-10 15:15:23.070 [info] > git for-each-ref --sort -committerdate --format %(refname) %(objectname) %(*objectname) [3ms]
2022-12-10 15:17:53.708 [info] > git check-ignore -v -z --stdin [3ms]
2022-12-10 15:17:56.923 [info] > git check-ignore -v -z --stdin [3ms]
2022-12-10 15:17:59.572 [info] > git check-ignore -v -z --stdin [3ms]
2022-12-10 15:18:00.186 [info] > git check-ignore -v -z --stdin [1ms]
2022-12-10 15:18:00.890 [info] > git check-ignore -v -z --stdin [2ms]
2022-12-10 15:18:01.557 [info] > git show --textconv :src/tests/vm/mmap-read.c [7ms]
2022-12-10 15:18:01.558 [info] > git ls-files --stage -- /home/team11/pintos/src/tests/vm/mmap-read.c [2ms]
2022-12-10 15:18:01.564 [info] > git cat-file -s c0f23a1a3111cdbb113c152789a052852238ecdb [1ms]
2022-12-10 15:18:09.500 [info] > git show --textconv :src/tests/vm/mmap-read.ck [7ms]
2022-12-10 15:18:09.501 [info] > git ls-files --stage -- /home/team11/pintos/src/tests/vm/mmap-read.ck [3ms]
2022-12-10 15:18:09.508 [info] > git cat-file -s 95ab7901abfe297f10b9c5eb6f67a6525bad05f9 [2ms]
2022-12-10 15:19:32.849 [info] > git check-ignore -v -z --stdin [2ms]
2022-12-10 15:20:26.165 [info] > git config --get commit.template [6ms]
2022-12-10 15:20:26.167 [info] > git for-each-ref --format=%(refname)%00%(upstream:short)%00%(objectname)%00%(upstream:track) refs/heads/submit_project3 refs/remotes/submit_project3 [2ms]
2022-12-10 15:20:26.176 [info] > git status -z -uall [6ms]
2022-12-10 15:20:26.177 [info] > git for-each-ref --sort -committerdate --format %(refname) %(objectname) %(*objectname) [3ms]
2022-12-10 15:20:31.190 [info] > git config --get commit.template [0ms]
2022-12-10 15:20:31.198 [info] > git for-each-ref --format=%(refname)%00%(upstream:short)%00%(objectname)%00%(upstream:track) refs/heads/submit_project3 refs/remotes/submit_project3 [2ms]
2022-12-10 15:20:31.210 [info] > git for-each-ref --sort -committerdate --format %(refname) %(objectname) %(*objectname) [2ms]
2022-12-10 15:20:31.210 [info] > git status -z -uall [6ms]
2022-12-10 15:20:44.085 [info] > git check-ignore -v -z --stdin [4ms]
2022-12-10 15:20:49.560 [info] > git show --textconv :src/userprog/exception.c [7ms]
2022-12-10 15:20:49.562 [info] > git ls-files --stage -- /home/team11/pintos/src/userprog/exception.c [2ms]
2022-12-10 15:20:49.570 [info] > git cat-file -s d4849517cfff866b61c7c5886d337b04bc19d585 [2ms]
2022-12-10 15:20:56.690 [info] > git config --get commit.template [7ms]
2022-12-10 15:20:56.692 [info] > git for-each-ref --format=%(refname)%00%(upstream:short)%00%(objectname)%00%(upstream:track) refs/heads/submit_project3 refs/remotes/submit_project3 [2ms]
2022-12-10 15:20:56.703 [info] > git for-each-ref --sort -committerdate --format %(refname) %(objectname) %(*objectname) [2ms]
2022-12-10 15:20:56.703 [info] > git status -z -uall [6ms]
2022-12-10 15:21:01.721 [info] > git config --get commit.template [7ms]
2022-12-10 15:21:01.722 [info] > git for-each-ref --format=%(refname)%00%(upstream:short)%00%(objectname)%00%(upstream:track) refs/heads/submit_project3 refs/remotes/submit_project3 [2ms]
2022-12-10 15:21:01.732 [info] > git for-each-ref --sort -committerdate --format %(refname) %(objectname) %(*objectname) [2ms]
2022-12-10 15:21:01.734 [info] > git status -z -uall [8ms]
2022-12-10 15:21:38.229 [info] > git config --get commit.template [5ms]
2022-12-10 15:21:38.229 [info] > git for-each-ref --format=%(refname)%00%(upstream:short)%00%(objectname)%00%(upstream:track) refs/heads/submit_project3 refs/remotes/submit_project3 [1ms]
2022-12-10 15:21:38.239 [info] > git status -z -uall [5ms]
2022-12-10 15:21:38.240 [info] > git for-each-ref --sort -committerdate --format %(refname) %(objectname) %(*objectname) [2ms]
2022-12-10 15:21:43.257 [info] > git config --get commit.template [6ms]
2022-12-10 15:21:43.259 [info] > git for-each-ref --format=%(refname)%00%(upstream:short)%00%(objectname)%00%(upstream:track) refs/heads/submit_project3 refs/remotes/submit_project3 [3ms]
2022-12-10 15:21:43.271 [info] > git for-each-ref --sort -committerdate --format %(refname) %(objectname) %(*objectname) [3ms]
2022-12-10 15:21:43.272 [info] > git status -z -uall [8ms]
2022-12-10 15:22:21.698 [info] > git config --get commit.template [6ms]
2022-12-10 15:22:21.700 [info] > git for-each-ref --format=%(refname)%00%(upstream:short)%00%(objectname)%00%(upstream:track) refs/heads/submit_project3 refs/remotes/submit_project3 [2ms]
2022-12-10 15:22:21.712 [info] > git status -z -uall [7ms]
2022-12-10 15:22:21.713 [info] > git for-each-ref --sort -committerdate --format %(refname) %(objectname) %(*objectname) [3ms]
2022-12-10 15:22:26.726 [info] > git config --get commit.template [2ms]
2022-12-10 15:22:26.734 [info] > git for-each-ref --format=%(refname)%00%(upstream:short)%00%(objectname)%00%(upstream:track) refs/heads/submit_project3 refs/remotes/submit_project3 [2ms]
2022-12-10 15:22:26.744 [info] > git for-each-ref --sort -committerdate --format %(refname) %(objectname) %(*objectname) [2ms]
2022-12-10 15:22:26.745 [info] > git status -z -uall [6ms]
2022-12-10 15:22:41.481 [info] > git config --get commit.template [7ms]
2022-12-10 15:22:41.483 [info] > git for-each-ref --format=%(refname)%00%(upstream:short)%00%(objectname)%00%(upstream:track) refs/heads/submit_project3 refs/remotes/submit_project3 [3ms]
2022-12-10 15:22:41.495 [info] > git status -z -uall [6ms]
2022-12-10 15:22:41.497 [info] > git for-each-ref --sort -committerdate --format %(refname) %(objectname) %(*objectname) [3ms]
2022-12-10 15:22:49.733 [info] > git config --get commit.template [7ms]
2022-12-10 15:22:49.735 [info] > git for-each-ref --format=%(refname)%00%(upstream:short)%00%(objectname)%00%(upstream:track) refs/heads/submit_project3 refs/remotes/submit_project3 [3ms]
2022-12-10 15:22:49.745 [info] > git status -z -uall [6ms]
2022-12-10 15:22:49.746 [info] > git for-each-ref --sort -committerdate --format %(refname) %(objectname) %(*objectname) [3ms]
2022-12-10 15:22:54.763 [info] > git config --get commit.template [7ms]
2022-12-10 15:22:54.765 [info] > git for-each-ref --format=%(refname)%00%(upstream:short)%00%(objectname)%00%(upstream:track) refs/heads/submit_project3 refs/remotes/submit_project3 [3ms]
2022-12-10 15:22:54.776 [info] > git for-each-ref --sort -committerdate --format %(refname) %(objectname) %(*objectname) [2ms]
2022-12-10 15:22:54.779 [info] > git status -z -uall [9ms]
2022-12-10 15:23:02.332 [info] > git config --get commit.template [7ms]
2022-12-10 15:23:02.334 [info] > git for-each-ref --format=%(refname)%00%(upstream:short)%00%(objectname)%00%(upstream:track) refs/heads/submit_project3 refs/remotes/submit_project3 [2ms]
2022-12-10 15:23:02.345 [info] > git for-each-ref --sort -committerdate --format %(refname) %(objectname) %(*objectname) [1ms]
2022-12-10 15:23:02.347 [info] > git status -z -uall [8ms]
2022-12-10 15:23:07.365 [info] > git config --get commit.template [7ms]
2022-12-10 15:23:07.367 [info] > git for-each-ref --format=%(refname)%00%(upstream:short)%00%(objectname)%00%(upstream:track) refs/heads/submit_project3 refs/remotes/submit_project3 [3ms]
2022-12-10 15:23:07.377 [info] > git for-each-ref --sort -committerdate --format %(refname) %(objectname) %(*objectname) [2ms]
2022-12-10 15:23:07.378 [info] > git status -z -uall [6ms]
2022-12-10 15:23:22.949 [info] > git config --get commit.template [6ms]
2022-12-10 15:23:22.951 [info] > git for-each-ref --format=%(refname)%00%(upstream:short)%00%(objectname)%00%(upstream:track) refs/heads/submit_project3 refs/remotes/submit_project3 [2ms]
2022-12-10 15:23:22.960 [info] > git for-each-ref --sort -committerdate --format %(refname) %(objectname) %(*objectname) [2ms]
2022-12-10 15:23:22.961 [info] > git status -z -uall [6ms]
2022-12-10 15:23:27.976 [info] > git config --get commit.template [4ms]
2022-12-10 15:23:27.982 [info] > git for-each-ref --format=%(refname)%00%(upstream:short)%00%(objectname)%00%(upstream:track) refs/heads/submit_project3 refs/remotes/submit_project3 [2ms]
2022-12-10 15:23:27.992 [info] > git status -z -uall [6ms]
2022-12-10 15:23:27.993 [info] > git for-each-ref --sort -committerdate --format %(refname) %(objectname) %(*objectname) [2ms]
2022-12-10 15:23:57.433 [info] > git config --get commit.template [6ms]
2022-12-10 15:23:57.435 [info] > git for-each-ref --format=%(refname)%00%(upstream:short)%00%(objectname)%00%(upstream:track) refs/heads/submit_project3 refs/remotes/submit_project3 [3ms]
2022-12-10 15:23:57.445 [info] > git for-each-ref --sort -committerdate --format %(refname) %(objectname) %(*objectname) [2ms]
2022-12-10 15:23:57.447 [info] > git status -z -uall [7ms]
2022-12-10 15:24:02.464 [info] > git config --get commit.template [7ms]
2022-12-10 15:24:02.465 [info] > git for-each-ref --format=%(refname)%00%(upstream:short)%00%(objectname)%00%(upstream:track) refs/heads/submit_project3 refs/remotes/submit_project3 [2ms]
2022-12-10 15:24:02.477 [info] > git for-each-ref --sort -committerdate --format %(refname) %(objectname) %(*objectname) [3ms]
2022-12-10 15:24:02.478 [info] > git status -z -uall [8ms]
2022-12-10 15:24:58.255 [info] > git rev-parse --show-toplevel [4ms]
2022-12-10 15:24:58.255 [info] fatal: Not a git repository (or any parent up to mount point /home)
Stopping at filesystem boundary (GIT_DISCOVERY_ACROSS_FILESYSTEM not set).
2022-12-10 15:24:59.251 [info] > git config --get commit.template [5ms]
2022-12-10 15:24:59.251 [info] > git for-each-ref --format=%(refname)%00%(upstream:short)%00%(objectname)%00%(upstream:track) refs/heads/submit_project3 refs/remotes/submit_project3 [1ms]
2022-12-10 15:24:59.261 [info] > git status -z -uall [5ms]
2022-12-10 15:24:59.261 [info] > git for-each-ref --sort -committerdate --format %(refname) %(objectname) %(*objectname) [1ms]
2022-12-10 15:25:16.613 [info] > git config --get commit.template [6ms]
2022-12-10 15:25:16.614 [info] > git for-each-ref --format=%(refname)%00%(upstream:short)%00%(objectname)%00%(upstream:track) refs/heads/submit_project3 refs/remotes/submit_project3 [2ms]
2022-12-10 15:25:16.624 [info] > git for-each-ref --sort -committerdate --format %(refname) %(objectname) %(*objectname) [2ms]
2022-12-10 15:25:16.626 [info] > git status -z -uall [7ms]
2022-12-10 15:25:32.126 [info] > git config --get commit.template [6ms]
2022-12-10 15:25:32.127 [info] > git for-each-ref --format=%(refname)%00%(upstream:short)%00%(objectname)%00%(upstream:track) refs/heads/submit_project3 refs/remotes/submit_project3 [2ms]
2022-12-10 15:25:32.138 [info] > git status -z -uall [6ms]
2022-12-10 15:25:32.139 [info] > git for-each-ref --sort -committerdate --format %(refname) %(objectname) %(*objectname) [3ms]
2022-12-10 15:25:43.081 [info] > git config --get commit.template [7ms]
2022-12-10 15:25:43.082 [info] > git for-each-ref --format=%(refname)%00%(upstream:short)%00%(objectname)%00%(upstream:track) refs/heads/submit_project3 refs/remotes/submit_project3 [2ms]
2022-12-10 15:25:43.092 [info] > git status -z -uall [6ms]
2022-12-10 15:25:43.094 [info] > git for-each-ref --sort -committerdate --format %(refname) %(objectname) %(*objectname) [4ms]
2022-12-10 15:25:48.109 [info] > git config --get commit.template [6ms]
2022-12-10 15:25:48.111 [info] > git for-each-ref --format=%(refname)%00%(upstream:short)%00%(objectname)%00%(upstream:track) refs/heads/submit_project3 refs/remotes/submit_project3 [3ms]
2022-12-10 15:25:48.122 [info] > git status -z -uall [7ms]
2022-12-10 15:25:48.122 [info] > git for-each-ref --sort -committerdate --format %(refname) %(objectname) %(*objectname) [3ms]
2022-12-10 15:25:53.139 [info] > git config --get commit.template [4ms]
2022-12-10 15:25:53.140 [info] > git for-each-ref --format=%(refname)%00%(upstream:short)%00%(objectname)%00%(upstream:track) refs/heads/submit_project3 refs/remotes/submit_project3 [1ms]
2022-12-10 15:25:53.151 [info] > git status -z -uall [5ms]
2022-12-10 15:25:53.152 [info] > git for-each-ref --sort -committerdate --format %(refname) %(objectname) %(*objectname) [3ms]
2022-12-10 15:25:58.887 [info] > git config --get commit.template [5ms]
2022-12-10 15:25:58.889 [info] > git for-each-ref --format=%(refname)%00%(upstream:short)%00%(objectname)%00%(upstream:track) refs/heads/submit_project3 refs/remotes/submit_project3 [3ms]
2022-12-10 15:25:58.899 [info] > git status -z -uall [5ms]
2022-12-10 15:25:58.901 [info] > git for-each-ref --sort -committerdate --format %(refname) %(objectname) %(*objectname) [2ms]
2022-12-10 15:26:03.916 [info] > git config --get commit.template [6ms]
2022-12-10 15:26:03.918 [info] > git for-each-ref --format=%(refname)%00%(upstream:short)%00%(objectname)%00%(upstream:track) refs/heads/submit_project3 refs/remotes/submit_project3 [3ms]
2022-12-10 15:26:03.927 [info] > git for-each-ref --sort -committerdate --format %(refname) %(objectname) %(*objectname) [1ms]
2022-12-10 15:26:03.928 [info] > git status -z -uall [6ms]
2022-12-10 15:27:36.686 [info] > git config --get commit.template [6ms]
2022-12-10 15:27:36.688 [info] > git for-each-ref --format=%(refname)%00%(upstream:short)%00%(objectname)%00%(upstream:track) refs/heads/submit_project3 refs/remotes/submit_project3 [2ms]
2022-12-10 15:27:36.701 [info] > git for-each-ref --sort -committerdate --format %(refname) %(objectname) %(*objectname) [3ms]
2022-12-10 15:27:36.701 [info] > git status -z -uall [8ms]
2022-12-10 15:40:25.889 [info] > git config --get commit.template [6ms]
2022-12-10 15:40:25.890 [info] > git for-each-ref --format=%(refname)%00%(upstream:short)%00%(objectname)%00%(upstream:track) refs/heads/submit_project3 refs/remotes/submit_project3 [2ms]
2022-12-10 15:40:25.900 [info] > git status -z -uall [4ms]
2022-12-10 15:40:25.901 [info] > git for-each-ref --sort -committerdate --format %(refname) %(objectname) %(*objectname) [0ms]
2022-12-10 15:43:27.492 [info] > git config --get commit.template [5ms]
2022-12-10 15:43:27.493 [info] > git for-each-ref --format=%(refname)%00%(upstream:short)%00%(objectname)%00%(upstream:track) refs/heads/submit_project3 refs/remotes/submit_project3 [2ms]
2022-12-10 15:43:27.504 [info] > git status -z -uall [6ms]
2022-12-10 15:43:27.506 [info] > git for-each-ref --sort -committerdate --format %(refname) %(objectname) %(*objectname) [3ms]
2022-12-10 15:44:27.049 [info] > git show --textconv :src/tests/vm/mmap-unmap.c [5ms]
2022-12-10 15:44:27.050 [info] > git ls-files --stage -- /home/team11/pintos/src/tests/vm/mmap-unmap.c [1ms]
2022-12-10 15:44:27.055 [info] > git cat-file -s d35a79efc128c1a5be38cc13f0def7f0f953669e [1ms]
2022-12-10 15:45:17.384 [info] > git show --textconv :src/tests/vm/mmap-unmap.ck [5ms]
2022-12-10 15:45:17.384 [info] > git ls-files --stage -- /home/team11/pintos/src/tests/vm/mmap-unmap.ck [1ms]
2022-12-10 15:45:17.389 [info] > git cat-file -s 119658c68108451aa1964298cd8e8f513b275bc8 [1ms]
2022-12-10 15:46:45.559 [info] > git config --get commit.template [6ms]
2022-12-10 15:46:45.561 [info] > git for-each-ref --format=%(refname)%00%(upstream:short)%00%(objectname)%00%(upstream:track) refs/heads/submit_project3 refs/remotes/submit_project3 [2ms]
2022-12-10 15:46:45.573 [info] > git status -z -uall [6ms]
2022-12-10 15:46:45.574 [info] > git for-each-ref --sort -committerdate --format %(refname) %(objectname) %(*objectname) [3ms]
2022-12-10 15:46:52.736 [info] > git config --get commit.template [6ms]
2022-12-10 15:46:52.738 [info] > git for-each-ref --format=%(refname)%00%(upstream:short)%00%(objectname)%00%(upstream:track) refs/heads/submit_project3 refs/remotes/submit_project3 [3ms]
2022-12-10 15:46:52.751 [info] > git for-each-ref --sort -committerdate --format %(refname) %(objectname) %(*objectname) [3ms]
2022-12-10 15:46:52.752 [info] > git status -z -uall [9ms]
2022-12-10 15:52:12.947 [info] > git config --get commit.template [8ms]
2022-12-10 15:52:12.949 [info] > git for-each-ref --format=%(refname)%00%(upstream:short)%00%(objectname)%00%(upstream:track) refs/heads/submit_project3 refs/remotes/submit_project3 [2ms]
2022-12-10 15:52:12.960 [info] > git for-each-ref --sort -committerdate --format %(refname) %(objectname) %(*objectname) [3ms]
2022-12-10 15:52:12.961 [info] > git status -z -uall [8ms]
