2022-12-28 18:54:04.636 [info] Validating found git in: git
2022-12-28 18:54:04.636 [info] Using git 2.7.4 from git
2022-12-28 18:54:04.636 [info] > git rev-parse --show-toplevel [2ms]
2022-12-28 18:54:04.636 [info] fatal: Not a git repository (or any parent up to mount point /home)
Stopping at filesystem boundary (GIT_DISCOVERY_ACROSS_FILESYSTEM not set).
2022-12-28 18:54:04.636 [info] > git rev-parse --show-toplevel [30ms]
2022-12-28 18:54:04.636 [info] fatal: Not a git repository (or any parent up to mount point /home)
Stopping at filesystem boundary (GIT_DISCOVERY_ACROSS_FILESYSTEM not set).
2022-12-28 18:54:04.636 [info] > git rev-parse --show-toplevel [1ms]
2022-12-28 18:54:04.636 [info] fatal: Not a git repository (or any parent up to mount point /home)
Stopping at filesystem boundary (GIT_DISCOVERY_ACROSS_FILESYSTEM not set).
2022-12-28 18:54:04.636 [info] > git rev-parse --show-toplevel [1ms]
2022-12-28 18:54:04.636 [info] fatal: Not a git repository (or any parent up to mount point /home)
Stopping at filesystem boundary (GIT_DISCOVERY_ACROSS_FILESYSTEM not set).
2022-12-28 18:54:04.636 [info] > git rev-parse --show-toplevel [2ms]
2022-12-28 18:54:04.636 [info] fatal: Not a git repository (or any parent up to mount point /home)
Stopping at filesystem boundary (GIT_DISCOVERY_ACROSS_FILESYSTEM not set).
2022-12-28 18:54:04.637 [info] > git rev-parse --show-toplevel [1ms]
2022-12-28 18:54:04.637 [info] fatal: Not a git repository (or any parent up to mount point /home)
Stopping at filesystem boundary (GIT_DISCOVERY_ACROSS_FILESYSTEM not set).
2022-12-28 18:54:04.637 [info] > git rev-parse --show-toplevel [1ms]
2022-12-28 18:54:04.637 [info] > git rev-parse --git-dir --git-common-dir [1ms]
2022-12-28 18:54:04.637 [info] Log level: Info
2022-12-28 18:54:04.637 [info] Open repository: /home/team11/pintos
2022-12-28 18:54:04.637 [info] > git status -z -uall [7ms]
2022-12-28 18:54:04.637 [info] > git remote --verbose [12ms]
2022-12-28 18:54:04.637 [info] > git for-each-ref --sort -committerdate --format %(refname) %(objectname) %(*objectname) [17ms]
2022-12-28 18:54:04.637 [info] > git config --get commit.template [4ms]
2022-12-28 18:54:04.637 [info] > git for-each-ref --format=%(refname)%00%(upstream:short)%00%(objectname)%00%(upstream:track) refs/heads/submit_project3 refs/remotes/submit_project3 [8ms]
2022-12-28 18:54:04.637 [info] > git status -z -uall [9ms]
2022-12-28 18:54:04.637 [info] > git remote --verbose [13ms]
2022-12-28 18:54:04.637 [info] > git for-each-ref --sort -committerdate --format %(refname) %(objectname) %(*objectname) [17ms]
2022-12-28 18:54:04.637 [info] > git config --get commit.template [85ms]
2022-12-28 18:54:04.637 [info] > git for-each-ref --format=%(refname)%00%(upstream:short)%00%(objectname)%00%(upstream:track) refs/heads/submit_project3 refs/remotes/submit_project3 [3ms]
2022-12-28 18:54:04.637 [info] > git rev-parse --show-toplevel [1ms]
2022-12-28 18:54:04.637 [info] fatal: Not a git repository (or any parent up to mount point /home)
Stopping at filesystem boundary (GIT_DISCOVERY_ACROSS_FILESYSTEM not set).
2022-12-28 18:54:04.637 [info] > git rev-parse --show-toplevel [1ms]
2022-12-28 18:54:04.637 [info] fatal: Not a git repository (or any parent up to mount point /home)
Stopping at filesystem boundary (GIT_DISCOVERY_ACROSS_FILESYSTEM not set).
2022-12-28 18:54:04.637 [info] > git rev-parse --show-toplevel [2ms]
2022-12-28 18:54:04.637 [info] fatal: Not a git repository (or any parent up to mount point /home)
Stopping at filesystem boundary (GIT_DISCOVERY_ACROSS_FILESYSTEM not set).
2022-12-28 18:54:04.637 [info] > git rev-parse --show-toplevel [2ms]
2022-12-28 18:54:04.637 [info] fatal: Not a git repository (or any parent up to mount point /home)
Stopping at filesystem boundary (GIT_DISCOVERY_ACROSS_FILESYSTEM not set).
2022-12-28 18:54:04.637 [info] > git check-ignore -v -z --stdin [3ms]
2022-12-28 18:54:11.540 [info] > git fetch [1346ms]
2022-12-28 18:54:11.540 [info] Missing or invalid credentials.
Skip silent fetch commands
Missing or invalid credentials.
Skip silent fetch commands
remote: HTTP Basic: Access denied. The provided password or token is incorrect or your account has 2FA enabled and you must use a personal access token instead of a password. See https://gitlab.com/help/topics/git/troubleshooting_git#error-on-git-fetch-http-basic-access-denied
fatal: Authentication failed for 'https://gitlab.com/2022-2-operating-systme/team6.git/'
2022-12-28 18:54:15.862 [info] > git show --textconv :src/threads/thread.c [7ms]
2022-12-28 18:54:15.865 [info] > git ls-files --stage -- /home/team11/pintos/src/threads/thread.c [3ms]
2022-12-28 18:54:15.871 [info] > git cat-file -s 7168d730a35abf689487b43f5017c757c78510ed [1ms]
2022-12-28 18:54:16.265 [info] > git ls-files --stage -- /home/team11/pintos/src/tests/userprog/args.c [1ms]
2022-12-28 18:54:16.279 [info] > git cat-file -s 20eda447c4998883f693b011f930cc05ca8950e0 [9ms]
2022-12-28 18:54:16.280 [info] > git show --textconv :src/tests/userprog/args.c [24ms]
2022-12-28 18:54:16.903 [info] > git check-ignore -v -z --stdin [6ms]
2022-12-28 18:54:17.135 [info] > git ls-files --stage -- /home/team11/pintos/src/lib/string.c [3ms]
2022-12-28 18:54:17.155 [info] > git cat-file -s d223c89f48493793c52dc45dbcf288328776fd6f [15ms]
2022-12-28 18:54:17.157 [info] > git show --textconv :src/lib/string.c [29ms]
2022-12-28 18:54:17.584 [info] > git check-ignore -v -z --stdin [3ms]
2022-12-28 18:54:26.449 [info] > git remote --verbose [11ms]
2022-12-28 18:54:26.450 [info] > git for-each-ref --sort -committerdate --format %(refname) %(objectname) %(*objectname) [17ms]
2022-12-28 18:54:26.451 [info] > git config --get commit.template [3ms]
2022-12-28 18:54:26.452 [info] > git status -z -uall [9ms]
2022-12-28 18:54:26.460 [info] > git for-each-ref --format=%(refname)%00%(upstream:short)%00%(objectname)%00%(upstream:track) refs/heads/submit_project3 refs/remotes/submit_project3 [3ms]
2022-12-28 18:55:37.865 [info] > git remote --verbose [10ms]
2022-12-28 18:55:37.866 [info] > git for-each-ref --sort -committerdate --format %(refname) %(objectname) %(*objectname) [16ms]
2022-12-28 18:55:37.867 [info] > git config --get commit.template [3ms]
2022-12-28 18:55:37.867 [info] > git status -z -uall [8ms]
2022-12-28 18:55:37.873 [info] > git for-each-ref --format=%(refname)%00%(upstream:short)%00%(objectname)%00%(upstream:track) refs/heads/submit_project3 refs/remotes/submit_project3 [1ms]
2022-12-28 18:56:08.323 [info] > git remote --verbose [11ms]
2022-12-28 18:56:08.324 [info] > git for-each-ref --sort -committerdate --format %(refname) %(objectname) %(*objectname) [16ms]
2022-12-28 18:56:08.324 [info] > git status -z -uall [7ms]
2022-12-28 18:56:08.325 [info] > git config --get commit.template [3ms]
2022-12-28 18:56:08.332 [info] > git for-each-ref --format=%(refname)%00%(upstream:short)%00%(objectname)%00%(upstream:track) refs/heads/submit_project3 refs/remotes/submit_project3 [1ms]
2022-12-28 18:56:23.116 [info] > git check-ignore -v -z --stdin [2ms]
2022-12-28 18:56:33.371 [info] > git check-ignore -v -z --stdin [3ms]
2022-12-28 18:56:34.249 [info] > git show --textconv :src/userprog/exception.c [6ms]
2022-12-28 18:56:34.251 [info] > git ls-files --stage -- /home/team11/pintos/src/userprog/exception.c [2ms]
2022-12-28 18:56:34.259 [info] > git cat-file -s 773628ed473f01e275116eed5abfd52ddff6e1fd [2ms]
2022-12-28 18:56:45.593 [info] > git remote --verbose [9ms]
2022-12-28 18:56:45.593 [info] > git for-each-ref --sort -committerdate --format %(refname) %(objectname) %(*objectname) [16ms]
2022-12-28 18:56:45.594 [info] > git status -z -uall [7ms]
2022-12-28 18:56:45.594 [info] > git config --get commit.template [3ms]
2022-12-28 18:56:45.600 [info] > git for-each-ref --format=%(refname)%00%(upstream:short)%00%(objectname)%00%(upstream:track) refs/heads/submit_project3 refs/remotes/submit_project3 [1ms]
2022-12-28 18:59:16.970 [info] > git remote --verbose [10ms]
2022-12-28 18:59:16.971 [info] > git for-each-ref --sort -committerdate --format %(refname) %(objectname) %(*objectname) [16ms]
2022-12-28 18:59:16.972 [info] > git status -z -uall [7ms]
2022-12-28 18:59:16.972 [info] > git config --get commit.template [3ms]
2022-12-28 18:59:16.980 [info] > git for-each-ref --format=%(refname)%00%(upstream:short)%00%(objectname)%00%(upstream:track) refs/heads/submit_project3 refs/remotes/submit_project3 [3ms]
2022-12-28 19:01:01.184 [info] > git check-ignore -v -z --stdin [2ms]
2022-12-28 19:01:06.829 [info] > git check-ignore -v -z --stdin [3ms]
2022-12-28 19:01:32.342 [info] > git check-ignore -v -z --stdin [2ms]
2022-12-28 19:01:39.386 [info] > git show --textconv :src/userprog/process.c [7ms]
2022-12-28 19:01:39.390 [info] > git ls-files --stage -- /home/team11/pintos/src/userprog/process.c [3ms]
2022-12-28 19:01:39.397 [info] > git cat-file -s f0bc559d5f2ad905d6d0d62ef5a138ccf5653a3a [3ms]
2022-12-28 19:01:49.111 [info] > git remote --verbose [13ms]
2022-12-28 19:01:49.112 [info] > git for-each-ref --sort -committerdate --format %(refname) %(objectname) %(*objectname) [20ms]
2022-12-28 19:01:49.112 [info] > git status -z -uall [7ms]
2022-12-28 19:01:49.113 [info] > git config --get commit.template [2ms]
2022-12-28 19:01:49.119 [info] > git for-each-ref --format=%(refname)%00%(upstream:short)%00%(objectname)%00%(upstream:track) refs/heads/submit_project3 refs/remotes/submit_project3 [1ms]
2022-12-28 19:02:13.300 [info] > git show --textconv :src/userprog/syscall.c [5ms]
2022-12-28 19:02:13.303 [info] > git ls-files --stage -- /home/team11/pintos/src/userprog/syscall.c [2ms]
2022-12-28 19:02:13.309 [info] > git cat-file -s 958fbb9bad99e7f50359a83d8a073ecf36e92ad5 [2ms]
2022-12-28 19:02:14.212 [info] > git ls-files --stage -- /home/team11/pintos/src/userprog/pagedir.h [2ms]
2022-12-28 19:02:14.217 [info] > git show --textconv :src/userprog/pagedir.h [13ms]
2022-12-28 19:02:14.218 [info] > git cat-file -s cd92447c2290bf4d0410a20b6a56af183922b429 [2ms]
2022-12-28 19:02:14.882 [info] > git show --textconv :src/userprog/exception.h [5ms]
2022-12-28 19:02:14.884 [info] > git ls-files --stage -- /home/team11/pintos/src/userprog/exception.h [2ms]
2022-12-28 19:02:14.889 [info] > git cat-file -s f83e615bb1e010c8723510a99abb01d714c0f275 [1ms]
2022-12-28 19:02:15.320 [info] > git show --textconv :src/userprog/exception.c [15ms]
2022-12-28 19:02:15.321 [info] > git ls-files --stage -- /home/team11/pintos/src/userprog/exception.c [11ms]
2022-12-28 19:02:15.328 [info] > git cat-file -s 773628ed473f01e275116eed5abfd52ddff6e1fd [3ms]
2022-12-28 19:02:19.958 [info] > git check-ignore -v -z --stdin [2ms]
2022-12-28 19:02:22.611 [info] > git check-ignore -v -z --stdin [2ms]
2022-12-28 19:02:29.254 [info] > git check-ignore -v -z --stdin [3ms]
2022-12-28 19:02:49.713 [info] > git check-ignore -v -z --stdin [3ms]
2022-12-28 19:02:50.876 [info] > git check-ignore -v -z --stdin [3ms]
2022-12-28 19:03:07.217 [info] > git show --textconv :src/vm/page.c [7ms]
2022-12-28 19:03:07.218 [info] > git ls-files --stage -- /home/team11/pintos/src/vm/page.c [1ms]
2022-12-28 19:03:07.224 [info] > git cat-file -s d629616b16579a0426dc63d8d93b9ec4556f0ae2 [2ms]
2022-12-28 19:03:24.260 [info] > git show --textconv :src/userprog/exception.c [4ms]
2022-12-28 19:03:24.262 [info] > git ls-files --stage -- /home/team11/pintos/src/userprog/exception.c [2ms]
2022-12-28 19:03:24.267 [info] > git cat-file -s 773628ed473f01e275116eed5abfd52ddff6e1fd [1ms]
2022-12-28 19:03:27.181 [info] > git show --textconv :src/userprog/exception.h [7ms]
2022-12-28 19:03:27.182 [info] > git ls-files --stage -- /home/team11/pintos/src/userprog/exception.h [2ms]
2022-12-28 19:03:27.188 [info] > git cat-file -s f83e615bb1e010c8723510a99abb01d714c0f275 [2ms]
2022-12-28 19:03:35.668 [info] > git show --textconv :src/threads/thread.c [8ms]
2022-12-28 19:03:35.669 [info] > git ls-files --stage -- /home/team11/pintos/src/threads/thread.c [3ms]
2022-12-28 19:03:35.675 [info] > git cat-file -s 7168d730a35abf689487b43f5017c757c78510ed [1ms]
2022-12-28 19:03:36.622 [info] > git ls-files --stage -- /home/team11/pintos/src/threads/synch.h [3ms]
2022-12-28 19:03:36.635 [info] > git show --textconv :src/threads/synch.h [21ms]
2022-12-28 19:03:36.635 [info] > git cat-file -s c5dfbd63d2c0a8084e98308e479e6d3f7163eba7 [9ms]
2022-12-28 19:03:37.026 [info] > git ls-files --stage -- /home/team11/pintos/src/threads/synch.c [2ms]
2022-12-28 19:03:37.034 [info] > git cat-file -s 078b0ba30533e47a955982c92f323b6d86d03474 [2ms]
2022-12-28 19:03:37.034 [info] > git show --textconv :src/threads/synch.c [15ms]
2022-12-28 19:03:37.722 [info] > git show --textconv :src/threads/switch.S [6ms]
2022-12-28 19:03:37.724 [info] > git ls-files --stage -- /home/team11/pintos/src/threads/switch.S [2ms]
2022-12-28 19:03:37.730 [info] > git cat-file -s feca86cd16d02e3d6f31d1dde25cff379c0861a4 [2ms]
2022-12-28 19:03:38.455 [info] > git show --textconv :src/threads/start.S [7ms]
2022-12-28 19:03:38.457 [info] > git ls-files --stage -- /home/team11/pintos/src/threads/start.S [2ms]
2022-12-28 19:03:38.462 [info] > git cat-file -s 29ffa7a42f3ed45a948befce9bceb9bd3c518ff5 [2ms]
2022-12-28 19:03:39.139 [info] > git show --textconv :src/threads/pte.h [6ms]
2022-12-28 19:03:39.141 [info] > git ls-files --stage -- /home/team11/pintos/src/threads/pte.h [2ms]
2022-12-28 19:03:39.147 [info] > git cat-file -s 1660727108385418a2cf07edba939f2a77ed9399 [1ms]
2022-12-28 19:03:39.371 [info] > git show --textconv :src/threads/palloc.h [4ms]
2022-12-28 19:03:39.374 [info] > git ls-files --stage -- /home/team11/pintos/src/threads/palloc.h [2ms]
2022-12-28 19:03:39.379 [info] > git cat-file -s cb3b70e94c93b6642ae35b74eee636da594c2d8d [1ms]
2022-12-28 19:03:40.157 [info] > git show --textconv :src/threads/palloc.c [7ms]
2022-12-28 19:03:40.159 [info] > git ls-files --stage -- /home/team11/pintos/src/threads/palloc.c [2ms]
2022-12-28 19:03:40.168 [info] > git cat-file -s 4fc8394c8f078a20c5a48722c36e3e022658620e [2ms]
2022-12-28 19:03:40.752 [info] > git show --textconv :src/threads/malloc.h [7ms]
2022-12-28 19:03:40.753 [info] > git ls-files --stage -- /home/team11/pintos/src/threads/malloc.h [2ms]
2022-12-28 19:03:40.760 [info] > git cat-file -s bc55d362b0c7276eb335b8d5d898c508db48675f [2ms]
2022-12-28 19:03:41.146 [info] > git show --textconv :src/threads/malloc.c [7ms]
2022-12-28 19:03:41.147 [info] > git ls-files --stage -- /home/team11/pintos/src/threads/malloc.c [2ms]
2022-12-28 19:03:41.152 [info] > git cat-file -s f6f803b9b6dc437a25876928679ab393176c086d [1ms]
2022-12-28 19:03:41.646 [info] > git show --textconv :src/threads/Makefile [8ms]
2022-12-28 19:03:41.648 [info] > git ls-files --stage -- /home/team11/pintos/src/threads/Makefile [1ms]
2022-12-28 19:03:41.653 [info] > git cat-file -s 34c10aa4f508714da040e81389fa51e56ba2d97a [0ms]
2022-12-28 19:03:43.125 [info] > git show --textconv :src/threads/thread.h [7ms]
2022-12-28 19:03:43.127 [info] > git ls-files --stage -- /home/team11/pintos/src/threads/thread.h [1ms]
2022-12-28 19:03:43.133 [info] > git cat-file -s a65678d2ff923fbb9b3e15026a395092a75df4c0 [2ms]
2022-12-28 19:03:43.393 [info] > git show --textconv :src/threads/vaddr.h [8ms]
2022-12-28 19:03:43.395 [info] > git ls-files --stage -- /home/team11/pintos/src/threads/vaddr.h [4ms]
2022-12-28 19:03:43.404 [info] > git cat-file -s 184c8241c832a6705031b3a1f785eece8e380455 [3ms]
2022-12-28 19:03:49.316 [info] > git show --textconv :src/userprog/syscall.h [5ms]
2022-12-28 19:03:49.317 [info] > git ls-files --stage -- /home/team11/pintos/src/userprog/syscall.h [2ms]
2022-12-28 19:03:49.323 [info] > git cat-file -s 90590967a9f96f9ea359d15c672b815dfb4379cb [1ms]
2022-12-28 19:03:49.913 [info] > git show --textconv :src/userprog/process.h [7ms]
2022-12-28 19:03:49.916 [info] > git ls-files --stage -- /home/team11/pintos/src/userprog/process.h [2ms]
2022-12-28 19:03:49.920 [info] > git cat-file -s 0fec52697ef532a6a1e01e03d0aaeacb1a1e1529 [1ms]
2022-12-28 19:03:50.404 [info] > git show --textconv :src/userprog/process.c [6ms]
2022-12-28 19:03:50.405 [info] > git ls-files --stage -- /home/team11/pintos/src/userprog/process.c [2ms]
2022-12-28 19:03:50.411 [info] > git cat-file -s f0bc559d5f2ad905d6d0d62ef5a138ccf5653a3a [2ms]
2022-12-28 19:04:13.814 [info] > git show --textconv :src/userprog/process.h [7ms]
2022-12-28 19:04:13.816 [info] > git ls-files --stage -- /home/team11/pintos/src/userprog/process.h [2ms]
2022-12-28 19:04:13.822 [info] > git cat-file -s 0fec52697ef532a6a1e01e03d0aaeacb1a1e1529 [1ms]
2022-12-28 19:04:14.497 [info] > git show --textconv :src/userprog/process.c [8ms]
2022-12-28 19:04:14.498 [info] > git ls-files --stage -- /home/team11/pintos/src/userprog/process.c [2ms]
2022-12-28 19:04:14.505 [info] > git cat-file -s f0bc559d5f2ad905d6d0d62ef5a138ccf5653a3a [2ms]
2022-12-28 19:04:15.053 [info] > git show --textconv :src/userprog/pagedir.h [7ms]
2022-12-28 19:04:15.056 [info] > git ls-files --stage -- /home/team11/pintos/src/userprog/pagedir.h [2ms]
2022-12-28 19:04:15.062 [info] > git cat-file -s cd92447c2290bf4d0410a20b6a56af183922b429 [2ms]
2022-12-28 19:04:15.437 [info] > git show --textconv :src/userprog/pagedir.c [7ms]
2022-12-28 19:04:15.439 [info] > git ls-files --stage -- /home/team11/pintos/src/userprog/pagedir.c [3ms]
2022-12-28 19:04:15.445 [info] > git cat-file -s a6a87b827ba16a12157d94df6f2a7233b7c59e8e [2ms]
2022-12-28 19:04:16.340 [info] > git show --textconv :src/userprog/gdt.h [8ms]
2022-12-28 19:04:16.342 [info] > git ls-files --stage -- /home/team11/pintos/src/userprog/gdt.h [2ms]
2022-12-28 19:04:16.350 [info] > git cat-file -s 81fe50cbd39c9a0a40642e5ed741001dac726b43 [2ms]
2022-12-28 19:04:17.216 [info] > git show --textconv :src/userprog/gdt.c [9ms]
2022-12-28 19:04:17.217 [info] > git ls-files --stage -- /home/team11/pintos/src/userprog/gdt.c [2ms]
2022-12-28 19:04:17.223 [info] > git cat-file -s e866037e2a24dc412da2f2068d4fe69476260756 [2ms]
2022-12-28 19:04:18.134 [info] > git show --textconv :src/userprog/syscall.h [8ms]
2022-12-28 19:04:18.135 [info] > git ls-files --stage -- /home/team11/pintos/src/userprog/syscall.h [2ms]
2022-12-28 19:04:18.142 [info] > git cat-file -s 90590967a9f96f9ea359d15c672b815dfb4379cb [2ms]
2022-12-28 19:04:18.688 [info] > git show --textconv :src/userprog/syscall.c [8ms]
2022-12-28 19:04:18.693 [info] > git ls-files --stage -- /home/team11/pintos/src/userprog/syscall.c [5ms]
2022-12-28 19:04:18.698 [info] > git cat-file -s 958fbb9bad99e7f50359a83d8a073ecf36e92ad5 [1ms]
2022-12-28 19:04:27.257 [info] > git show --textconv :src/userprog/pagedir.c [8ms]
2022-12-28 19:04:27.258 [info] > git ls-files --stage -- /home/team11/pintos/src/userprog/pagedir.c [2ms]
2022-12-28 19:04:27.265 [info] > git cat-file -s a6a87b827ba16a12157d94df6f2a7233b7c59e8e [1ms]
2022-12-28 19:04:29.830 [info] > git show --textconv :src/userprog/pagedir.h [8ms]
2022-12-28 19:04:29.831 [info] > git ls-files --stage -- /home/team11/pintos/src/userprog/pagedir.h [2ms]
2022-12-28 19:04:29.838 [info] > git cat-file -s cd92447c2290bf4d0410a20b6a56af183922b429 [2ms]
2022-12-28 19:04:35.444 [info] > git show --textconv :src/vm/swap.c [8ms]
2022-12-28 19:04:35.446 [info] > git ls-files --stage -- /home/team11/pintos/src/vm/swap.c [2ms]
2022-12-28 19:04:35.455 [info] > git cat-file -s 5d8c247522dbed8e33cc0f8b87fa4f0ff4235dd8 [1ms]
2022-12-28 19:04:36.169 [info] > git show --textconv :src/vm/swap.h [8ms]
2022-12-28 19:04:36.171 [info] > git ls-files --stage -- /home/team11/pintos/src/vm/swap.h [2ms]
2022-12-28 19:04:36.178 [info] > git cat-file -s 76864a1d35fc66ba556b2e7e1d1083833a3d9ae3 [2ms]
2022-12-28 19:04:37.304 [info] > git show --textconv :src/vm/swap.c [8ms]
2022-12-28 19:04:37.306 [info] > git ls-files --stage -- /home/team11/pintos/src/vm/swap.c [2ms]
2022-12-28 19:04:37.312 [info] > git cat-file -s 5d8c247522dbed8e33cc0f8b87fa4f0ff4235dd8 [2ms]
2022-12-28 19:04:38.228 [info] > git show --textconv :src/vm/page.h [7ms]
2022-12-28 19:04:38.230 [info] > git ls-files --stage -- /home/team11/pintos/src/vm/page.h [2ms]
2022-12-28 19:04:38.236 [info] > git cat-file -s a1803348613cdcd1ca92e85ccc10bddbcbb4ced6 [2ms]
2022-12-28 19:04:38.991 [info] > git show --textconv :src/vm/page.c [7ms]
2022-12-28 19:04:38.992 [info] > git ls-files --stage -- /home/team11/pintos/src/vm/page.c [2ms]
2022-12-28 19:04:39.000 [info] > git cat-file -s d629616b16579a0426dc63d8d93b9ec4556f0ae2 [2ms]
2022-12-28 19:05:03.729 [info] > git check-ignore -v -z --stdin [2ms]
2022-12-28 19:05:31.487 [info] > git show --textconv :src/userprog/Make.vars [8ms]
2022-12-28 19:05:31.489 [info] > git ls-files --stage -- /home/team11/pintos/src/userprog/Make.vars [3ms]
2022-12-28 19:05:31.496 [info] > git cat-file -s e4dbb087c332564db792a930c06dfbac6d2d4eb4 [2ms]
2022-12-28 19:05:32.114 [info] > git show --textconv :src/userprog/Makefile [8ms]
2022-12-28 19:05:32.114 [info] > git ls-files --stage -- /home/team11/pintos/src/userprog/Makefile [2ms]
2022-12-28 19:05:32.119 [info] > git cat-file -s 34c10aa4f508714da040e81389fa51e56ba2d97a [1ms]
2022-12-28 19:05:32.870 [info] > git show --textconv :src/userprog/pagedir.c [8ms]
2022-12-28 19:05:32.871 [info] > git ls-files --stage -- /home/team11/pintos/src/userprog/pagedir.c [2ms]
2022-12-28 19:05:32.876 [info] > git cat-file -s a6a87b827ba16a12157d94df6f2a7233b7c59e8e [1ms]
2022-12-28 19:05:33.489 [info] > git show --textconv :src/userprog/process.c [8ms]
2022-12-28 19:05:33.501 [info] > git ls-files --stage -- /home/team11/pintos/src/userprog/process.c [12ms]
2022-12-28 19:05:33.508 [info] > git cat-file -s f0bc559d5f2ad905d6d0d62ef5a138ccf5653a3a [2ms]
2022-12-28 19:05:36.008 [info] > git show --textconv :src/userprog/pagedir.c [8ms]
2022-12-28 19:05:36.009 [info] > git ls-files --stage -- /home/team11/pintos/src/userprog/pagedir.c [2ms]
2022-12-28 19:05:36.016 [info] > git cat-file -s a6a87b827ba16a12157d94df6f2a7233b7c59e8e [2ms]
2022-12-28 19:05:37.284 [info] > git show --textconv :src/userprog/exception.c [8ms]
2022-12-28 19:05:37.286 [info] > git ls-files --stage -- /home/team11/pintos/src/userprog/exception.c [3ms]
2022-12-28 19:05:37.293 [info] > git cat-file -s 773628ed473f01e275116eed5abfd52ddff6e1fd [2ms]
2022-12-28 19:06:16.331 [info] > git show --textconv :src/threads/thread.h [8ms]
2022-12-28 19:06:16.333 [info] > git ls-files --stage -- /home/team11/pintos/src/threads/thread.h [3ms]
2022-12-28 19:06:16.338 [info] > git cat-file -s a65678d2ff923fbb9b3e15026a395092a75df4c0 [1ms]
2022-12-28 19:06:19.871 [info] > git show --textconv :src/threads/thread.c [7ms]
2022-12-28 19:06:19.873 [info] > git ls-files --stage -- /home/team11/pintos/src/threads/thread.c [2ms]
2022-12-28 19:06:19.879 [info] > git cat-file -s 7168d730a35abf689487b43f5017c757c78510ed [1ms]
2022-12-28 19:06:24.829 [info] > git show --textconv :src/threads/synch.h [8ms]
2022-12-28 19:06:24.831 [info] > git ls-files --stage -- /home/team11/pintos/src/threads/synch.h [2ms]
2022-12-28 19:06:24.838 [info] > git cat-file -s c5dfbd63d2c0a8084e98308e479e6d3f7163eba7 [2ms]
2022-12-28 19:06:25.189 [info] > git show --textconv :src/threads/synch.c [8ms]
2022-12-28 19:06:25.191 [info] > git ls-files --stage -- /home/team11/pintos/src/threads/synch.c [2ms]
2022-12-28 19:06:25.199 [info] > git cat-file -s 078b0ba30533e47a955982c92f323b6d86d03474 [2ms]
2022-12-28 19:06:25.926 [info] > git show --textconv :src/threads/switch.h [8ms]
2022-12-28 19:06:25.928 [info] > git ls-files --stage -- /home/team11/pintos/src/threads/switch.h [2ms]
2022-12-28 19:06:25.936 [info] > git cat-file -s cc156b6d5eddd8e52378be5e17952d6e650ea5c8 [2ms]
2022-12-28 19:06:32.097 [info] > git show --textconv :src/threads/loader.h [7ms]
2022-12-28 19:06:32.099 [info] > git ls-files --stage -- /home/team11/pintos/src/threads/loader.h [2ms]
2022-12-28 19:06:32.107 [info] > git cat-file -s 1bfe111185d0f777f5cadf83824d5abe03b64b00 [2ms]
2022-12-28 19:06:34.217 [info] > git show --textconv :src/threads/io.h [7ms]
2022-12-28 19:06:34.219 [info] > git ls-files --stage -- /home/team11/pintos/src/threads/io.h [2ms]
2022-12-28 19:06:34.226 [info] > git cat-file -s 30d52da046ee2faa2d0caac142f67a3730cb9c5f [2ms]
2022-12-28 19:06:34.796 [info] > git show --textconv :src/threads/intr-stubs.h [8ms]
2022-12-28 19:06:34.798 [info] > git ls-files --stage -- /home/team11/pintos/src/threads/intr-stubs.h [2ms]
2022-12-28 19:06:34.805 [info] > git cat-file -s 9ceba157e27e57d74a9096a2f35f0ff3008ffb10 [1ms]
2022-12-28 19:06:35.492 [info] > git show --textconv :src/threads/interrupt.h [7ms]
2022-12-28 19:06:35.494 [info] > git ls-files --stage -- /home/team11/pintos/src/threads/interrupt.h [2ms]
2022-12-28 19:06:35.501 [info] > git cat-file -s d43e06d90831f76d54e04c4693765565f96ded7c [1ms]
2022-12-28 19:06:39.098 [info] > git show --textconv :src/threads/interrupt.c [8ms]
2022-12-28 19:06:39.100 [info] > git ls-files --stage -- /home/team11/pintos/src/threads/interrupt.c [2ms]
2022-12-28 19:06:39.107 [info] > git cat-file -s e3b90dcb566e3512b8ea1b9e69d2544d64e5933b [1ms]
2022-12-28 19:06:44.572 [info] > git show --textconv :src/userprog/exception.c [7ms]
2022-12-28 19:06:44.574 [info] > git ls-files --stage -- /home/team11/pintos/src/userprog/exception.c [3ms]
2022-12-28 19:06:44.581 [info] > git cat-file -s 773628ed473f01e275116eed5abfd52ddff6e1fd [2ms]
2022-12-28 19:06:49.830 [info] > git show --textconv :src/userprog/pagedir.c [8ms]
2022-12-28 19:06:49.832 [info] > git ls-files --stage -- /home/team11/pintos/src/userprog/pagedir.c [2ms]
2022-12-28 19:06:49.839 [info] > git cat-file -s a6a87b827ba16a12157d94df6f2a7233b7c59e8e [2ms]
2022-12-28 19:06:54.786 [info] > git show --textconv :src/userprog/pagedir.h [7ms]
2022-12-28 19:06:54.788 [info] > git ls-files --stage -- /home/team11/pintos/src/userprog/pagedir.h [3ms]
2022-12-28 19:06:54.794 [info] > git cat-file -s cd92447c2290bf4d0410a20b6a56af183922b429 [1ms]
2022-12-28 19:06:58.563 [info] > git show --textconv :src/userprog/process.c [8ms]
2022-12-28 19:06:58.565 [info] > git ls-files --stage -- /home/team11/pintos/src/userprog/process.c [2ms]
2022-12-28 19:06:58.571 [info] > git cat-file -s f0bc559d5f2ad905d6d0d62ef5a138ccf5653a3a [2ms]
2022-12-28 19:06:59.056 [info] > git show --textconv :src/userprog/process.h [7ms]
2022-12-28 19:06:59.058 [info] > git ls-files --stage -- /home/team11/pintos/src/userprog/process.h [2ms]
2022-12-28 19:06:59.064 [info] > git cat-file -s 0fec52697ef532a6a1e01e03d0aaeacb1a1e1529 [2ms]
2022-12-28 19:06:59.439 [info] > git show --textconv :src/userprog/process.c [7ms]
2022-12-28 19:06:59.442 [info] > git ls-files --stage -- /home/team11/pintos/src/userprog/process.c [2ms]
2022-12-28 19:06:59.447 [info] > git cat-file -s f0bc559d5f2ad905d6d0d62ef5a138ccf5653a3a [1ms]
2022-12-28 19:07:04.677 [info] > git status -z -uall [7ms]
2022-12-28 19:07:04.678 [info] > git remote --verbose [14ms]
2022-12-28 19:07:04.679 [info] > git for-each-ref --sort -committerdate --format %(refname) %(objectname) %(*objectname) [19ms]
2022-12-28 19:07:04.680 [info] > git config --get commit.template [2ms]
2022-12-28 19:07:04.687 [info] > git for-each-ref --format=%(refname)%00%(upstream:short)%00%(objectname)%00%(upstream:track) refs/heads/submit_project3 refs/remotes/submit_project3 [2ms]
2022-12-28 19:09:38.913 [info] > git status -z -uall [6ms]
2022-12-28 19:09:38.913 [info] > git remote --verbose [11ms]
2022-12-28 19:09:38.914 [info] > git for-each-ref --sort -committerdate --format %(refname) %(objectname) %(*objectname) [18ms]
2022-12-28 19:09:38.915 [info] > git config --get commit.template [2ms]
2022-12-28 19:09:38.923 [info] > git for-each-ref --format=%(refname)%00%(upstream:short)%00%(objectname)%00%(upstream:track) refs/heads/submit_project3 refs/remotes/submit_project3 [2ms]
2022-12-28 19:28:01.790 [info] > git show --textconv :src/userprog/exception.c [8ms]
2022-12-28 19:28:01.792 [info] > git ls-files --stage -- /home/team11/pintos/src/userprog/exception.c [2ms]
2022-12-28 19:28:01.799 [info] > git cat-file -s 773628ed473f01e275116eed5abfd52ddff6e1fd [2ms]
2022-12-28 19:28:05.827 [info] > git rev-parse --show-toplevel [2ms]
2022-12-28 19:28:05.828 [info] fatal: Not a git repository (or any parent up to mount point /home)
Stopping at filesystem boundary (GIT_DISCOVERY_ACROSS_FILESYSTEM not set).
2022-12-28 19:28:06.339 [info] > git check-ignore -v -z --stdin [3ms]
2022-12-28 19:28:08.020 [info] > git show --textconv HEAD:src/userprog/exception.c [6ms]
2022-12-28 19:28:08.022 [info] > git ls-tree -l HEAD -- /home/team11/pintos/src/userprog/exception.c [2ms]
2022-12-28 19:28:20.048 [info] > git ls-tree -l HEAD -- /home/team11/pintos/src/userprog/exception.c [2ms]
2022-12-28 19:28:27.031 [info] > git ls-tree -l HEAD -- /home/team11/pintos/src/userprog/exception.c [3ms]
2022-12-28 19:29:08.742 [info] > git ls-tree -l HEAD -- /home/team11/pintos/src/userprog/exception.c [2ms]
2022-12-28 19:29:10.770 [info] > git show --textconv HEAD:src/userprog/process.c [6ms]
2022-12-28 19:29:10.772 [info] > git ls-tree -l HEAD -- /home/team11/pintos/src/userprog/process.c [3ms]
2022-12-28 19:29:13.389 [info] > git ls-tree -l HEAD -- /home/team11/pintos/src/userprog/process.c [2ms]
2022-12-28 19:29:19.472 [info] > git ls-tree -l HEAD -- /home/team11/pintos/src/userprog/process.c [2ms]
2022-12-28 19:30:23.300 [info] > git ls-tree -l HEAD -- /home/team11/pintos/src/userprog/process.c [2ms]
