2022-12-11 10:25:44.632 [info] 로그 수준: Info
2022-12-11 10:25:44.633 [info] "git"에서 찾은 git 유효성을 검사하는 중
2022-12-11 10:25:44.633 [info] "2.7.4"에서 git "git"을(를) 사용하는 중
2022-12-11 10:25:44.633 [info] > git rev-parse --show-toplevel [5ms]
2022-12-11 10:25:44.633 [info] fatal: Not a git repository (or any parent up to mount point /home)
Stopping at filesystem boundary (GIT_DISCOVERY_ACROSS_FILESYSTEM not set).
2022-12-11 10:25:44.633 [info] > git rev-parse --show-toplevel [2ms]
2022-12-11 10:25:44.633 [info] fatal: Not a git repository (or any parent up to mount point /home)
Stopping at filesystem boundary (GIT_DISCOVERY_ACROSS_FILESYSTEM not set).
2022-12-11 10:25:44.633 [info] > git rev-parse --show-toplevel [2ms]
2022-12-11 10:25:44.633 [info] fatal: Not a git repository (or any parent up to mount point /home)
Stopping at filesystem boundary (GIT_DISCOVERY_ACROSS_FILESYSTEM not set).
2022-12-11 10:25:44.633 [info] > git rev-parse --show-toplevel [1ms]
2022-12-11 10:25:44.633 [info] fatal: Not a git repository (or any parent up to mount point /home)
Stopping at filesystem boundary (GIT_DISCOVERY_ACROSS_FILESYSTEM not set).
2022-12-11 10:25:44.633 [info] > git rev-parse --show-toplevel [2ms]
2022-12-11 10:25:44.633 [info] fatal: Not a git repository (or any parent up to mount point /home)
Stopping at filesystem boundary (GIT_DISCOVERY_ACROSS_FILESYSTEM not set).
2022-12-11 10:25:44.633 [info] > git rev-parse --show-toplevel [1ms]
2022-12-11 10:25:44.633 [info] fatal: Not a git repository (or any parent up to mount point /home)
Stopping at filesystem boundary (GIT_DISCOVERY_ACROSS_FILESYSTEM not set).
2022-12-11 10:25:44.633 [info] > git rev-parse --show-toplevel [1ms]
2022-12-11 10:25:44.633 [info] > git rev-parse --git-dir --git-common-dir [1ms]
2022-12-11 10:25:44.633 [info] Open repository: /home/team11/pintos
2022-12-11 10:25:44.633 [info] > git config --get commit.template [5ms]
2022-12-11 10:25:44.633 [info] > git for-each-ref --format=%(refname)%00%(upstream:short)%00%(objectname)%00%(upstream:track) refs/heads/submit_project3 refs/remotes/submit_project3 [2ms]
2022-12-11 10:25:44.633 [info] > git status -z -uall [25ms]
2022-12-11 10:25:44.633 [info] > git show --textconv HEAD:src/vm/page.c [6ms]
2022-12-11 10:25:44.633 [info] > git ls-tree -l HEAD -- /home/team11/pintos/src/vm/page.c [3ms]
2022-12-11 10:25:44.633 [info] > git for-each-ref --sort -committerdate --format %(refname) %(objectname) %(*objectname) [24ms]
2022-12-11 10:25:44.633 [info] > git config --get commit.template [7ms]
2022-12-11 10:25:44.633 [info] > git for-each-ref --format=%(refname)%00%(upstream:short)%00%(objectname)%00%(upstream:track) refs/heads/submit_project3 refs/remotes/submit_project3 [2ms]
2022-12-11 10:25:44.633 [info] > git status -z -uall [6ms]
2022-12-11 10:25:44.634 [info] > git for-each-ref --sort -committerdate --format %(refname) %(objectname) %(*objectname) [3ms]
2022-12-11 10:25:44.634 [info] > git ls-tree -l HEAD -- /home/team11/pintos/src/vm/page.c [2ms]
2022-12-11 10:25:44.801 [info] > git check-ignore -v -z --stdin [3ms]
2022-12-11 10:25:46.228 [info] > git fetch [2003ms]
2022-12-11 10:25:46.228 [info] Missing or invalid credentials.
Skip silent fetch commands
Missing or invalid credentials.
Skip silent fetch commands
remote: HTTP Basic: Access denied. The provided password or token is incorrect or your account has 2FA enabled and you must use a personal access token instead of a password. See https://gitlab.com/help/topics/git/troubleshooting_git#error-on-git-fetch-http-basic-access-denied
fatal: Authentication failed for 'https://gitlab.com/2022-2-operating-systme/team6.git/'
2022-12-11 10:25:53.145 [info] > git check-ignore -v -z --stdin [2ms]
2022-12-11 10:25:54.012 [info] > git show --textconv :src/vm/frame.c [7ms]
2022-12-11 10:25:54.014 [info] > git ls-files --stage -- /home/team11/pintos/src/vm/frame.c [2ms]
2022-12-11 10:25:54.548 [info] > git show --textconv :src/vm/frame.h [7ms]
2022-12-11 10:25:54.549 [info] > git ls-files --stage -- /home/team11/pintos/src/vm/frame.h [3ms]
2022-12-11 10:25:54.654 [info] > git config --get commit.template [6ms]
2022-12-11 10:25:54.654 [info] > git for-each-ref --format=%(refname)%00%(upstream:short)%00%(objectname)%00%(upstream:track) refs/heads/submit_project3 refs/remotes/submit_project3 [2ms]
2022-12-11 10:25:54.665 [info] > git status -z -uall [6ms]
2022-12-11 10:25:54.666 [info] > git for-each-ref --sort -committerdate --format %(refname) %(objectname) %(*objectname) [2ms]
2022-12-11 10:25:55.345 [info] > git show --textconv :src/vm/frame.c [9ms]
2022-12-11 10:25:55.347 [info] > git ls-files --stage -- /home/team11/pintos/src/vm/frame.c [3ms]
2022-12-11 10:26:00.825 [info] > git config --get commit.template [2ms]
2022-12-11 10:26:00.829 [info] > git for-each-ref --format=%(refname)%00%(upstream:short)%00%(objectname)%00%(upstream:track) refs/heads/submit_project3 refs/remotes/submit_project3 [1ms]
2022-12-11 10:26:00.838 [info] > git for-each-ref --sort -committerdate --format %(refname) %(objectname) %(*objectname) [1ms]
2022-12-11 10:26:00.839 [info] > git status -z -uall [5ms]
2022-12-11 10:26:01.673 [info] > git show --textconv :src/vm/page.c [7ms]
2022-12-11 10:26:01.674 [info] > git ls-files --stage -- /home/team11/pintos/src/vm/page.c [2ms]
2022-12-11 10:26:01.680 [info] > git cat-file -s 0a6d3afcdaa55bf47a5cecb2641deed57f2197ae [2ms]
2022-12-11 10:26:08.224 [info] > git show --textconv :src/vm/swap.c [7ms]
2022-12-11 10:26:08.226 [info] > git ls-files --stage -- /home/team11/pintos/src/vm/swap.c [2ms]
2022-12-11 10:26:21.785 [info] > git show --textconv :src/vm/swap.h [7ms]
2022-12-11 10:26:21.786 [info] > git ls-files --stage -- /home/team11/pintos/src/vm/swap.h [3ms]
2022-12-11 10:26:40.446 [info] > git show --textconv :src/vm/swap.c [7ms]
2022-12-11 10:26:40.448 [info] > git ls-files --stage -- /home/team11/pintos/src/vm/swap.c [2ms]
2022-12-11 10:26:57.163 [info] > git config --get commit.template [5ms]
2022-12-11 10:26:57.164 [info] > git for-each-ref --format=%(refname)%00%(upstream:short)%00%(objectname)%00%(upstream:track) refs/heads/submit_project3 refs/remotes/submit_project3 [2ms]
2022-12-11 10:26:57.175 [info] > git status -z -uall [6ms]
2022-12-11 10:26:57.176 [info] > git for-each-ref --sort -committerdate --format %(refname) %(objectname) %(*objectname) [3ms]
2022-12-11 10:27:17.105 [info] > git show --textconv :src/vm/page.c [6ms]
2022-12-11 10:27:17.107 [info] > git ls-files --stage -- /home/team11/pintos/src/vm/page.c [2ms]
2022-12-11 10:27:17.113 [info] > git cat-file -s 0a6d3afcdaa55bf47a5cecb2641deed57f2197ae [2ms]
2022-12-11 10:27:31.083 [info] > git show --textconv :src/vm/swap.h [6ms]
2022-12-11 10:27:31.085 [info] > git ls-files --stage -- /home/team11/pintos/src/vm/swap.h [2ms]
2022-12-11 10:27:32.977 [info] > git show --textconv :src/vm/page.h [6ms]
2022-12-11 10:27:32.978 [info] > git ls-files --stage -- /home/team11/pintos/src/vm/page.h [2ms]
2022-12-11 10:27:32.985 [info] > git cat-file -s 54170ee43968ecff5e6384c4c7eced8cbc5bd707 [2ms]
2022-12-11 10:27:38.445 [info] > git show --textconv :src/vm/page.c [7ms]
2022-12-11 10:27:38.446 [info] > git ls-files --stage -- /home/team11/pintos/src/vm/page.c [2ms]
2022-12-11 10:27:38.452 [info] > git cat-file -s 0a6d3afcdaa55bf47a5cecb2641deed57f2197ae [1ms]
2022-12-11 10:29:37.297 [info] > git show --textconv :src/vm/page.c [8ms]
2022-12-11 10:29:37.298 [info] > git ls-files --stage -- /home/team11/pintos/src/vm/page.c [2ms]
2022-12-11 10:29:37.303 [info] > git cat-file -s 0a6d3afcdaa55bf47a5cecb2641deed57f2197ae [1ms]
2022-12-11 10:29:38.846 [info] > git config --get commit.template [8ms]
2022-12-11 10:29:38.847 [info] > git for-each-ref --format=%(refname)%00%(upstream:short)%00%(objectname)%00%(upstream:track) refs/heads/submit_project3 refs/remotes/submit_project3 [2ms]
2022-12-11 10:29:38.858 [info] > git status -z -uall [6ms]
2022-12-11 10:29:38.859 [info] > git for-each-ref --sort -committerdate --format %(refname) %(objectname) %(*objectname) [2ms]
2022-12-11 10:29:39.651 [info] > git show --textconv :src/vm/page.h [7ms]
2022-12-11 10:29:39.653 [info] > git ls-files --stage -- /home/team11/pintos/src/vm/page.h [3ms]
2022-12-11 10:29:39.662 [info] > git cat-file -s 54170ee43968ecff5e6384c4c7eced8cbc5bd707 [2ms]
2022-12-11 10:33:00.801 [info] > git config --get commit.template [7ms]
2022-12-11 10:33:00.802 [info] > git for-each-ref --format=%(refname)%00%(upstream:short)%00%(objectname)%00%(upstream:track) refs/heads/submit_project3 refs/remotes/submit_project3 [1ms]
2022-12-11 10:33:00.813 [info] > git for-each-ref --sort -committerdate --format %(refname) %(objectname) %(*objectname) [2ms]
2022-12-11 10:33:00.815 [info] > git status -z -uall [8ms]
2022-12-11 10:33:19.680 [info] > git check-ignore -v -z --stdin [3ms]
2022-12-11 10:33:21.585 [info] > git show --textconv :src/userprog/process.c [7ms]
2022-12-11 10:33:21.586 [info] > git ls-files --stage -- /home/team11/pintos/src/userprog/process.c [2ms]
2022-12-11 10:33:21.591 [info] > git cat-file -s 6a160c04677e7ce8c5d7244f7f59c2390392239d [1ms]
2022-12-11 10:35:27.451 [info] > git show --textconv :src/userprog/exception.c [8ms]
2022-12-11 10:35:27.453 [info] > git ls-files --stage -- /home/team11/pintos/src/userprog/exception.c [2ms]
2022-12-11 10:35:27.460 [info] > git cat-file -s d4849517cfff866b61c7c5886d337b04bc19d585 [2ms]
2022-12-11 10:43:21.373 [info] > git config --get commit.template [7ms]
2022-12-11 10:43:21.375 [info] > git for-each-ref --format=%(refname)%00%(upstream:short)%00%(objectname)%00%(upstream:track) refs/heads/submit_project3 refs/remotes/submit_project3 [2ms]
2022-12-11 10:43:21.384 [info] > git for-each-ref --sort -committerdate --format %(refname) %(objectname) %(*objectname) [1ms]
2022-12-11 10:43:21.386 [info] > git status -z -uall [6ms]
2022-12-11 10:43:26.404 [info] > git config --get commit.template [6ms]
2022-12-11 10:43:26.406 [info] > git for-each-ref --format=%(refname)%00%(upstream:short)%00%(objectname)%00%(upstream:track) refs/heads/submit_project3 refs/remotes/submit_project3 [2ms]
2022-12-11 10:43:26.418 [info] > git for-each-ref --sort -committerdate --format %(refname) %(objectname) %(*objectname) [1ms]
2022-12-11 10:43:26.418 [info] > git status -z -uall [7ms]
2022-12-11 10:43:43.591 [info] > git show --textconv :src/userprog/process.c [5ms]
2022-12-11 10:43:43.593 [info] > git ls-files --stage -- /home/team11/pintos/src/userprog/process.c [2ms]
2022-12-11 10:43:43.599 [info] > git cat-file -s 6a160c04677e7ce8c5d7244f7f59c2390392239d [2ms]
2022-12-11 10:43:47.732 [info] > git show --textconv :src/userprog/process.h [6ms]
2022-12-11 10:43:47.734 [info] > git ls-files --stage -- /home/team11/pintos/src/userprog/process.h [2ms]
2022-12-11 10:43:47.738 [info] > git cat-file -s 70d51d9ada88d72e886bb7c9147b62368198ab1a [1ms]
2022-12-11 10:43:48.307 [info] > git show --textconv :src/userprog/syscall.c [7ms]
2022-12-11 10:43:48.309 [info] > git ls-files --stage -- /home/team11/pintos/src/userprog/syscall.c [2ms]
2022-12-11 10:43:48.314 [info] > git cat-file -s 124c9506cf5379851ee22c312f4cf8fadd7b6a41 [1ms]
2022-12-11 10:43:58.900 [info] > git check-ignore -v -z --stdin [3ms]
2022-12-11 10:43:59.646 [info] > git check-ignore -v -z --stdin [1ms]
2022-12-11 10:44:00.832 [info] > git show --textconv :src/threads/thread.c [8ms]
2022-12-11 10:44:00.832 [info] > git ls-files --stage -- /home/team11/pintos/src/threads/thread.c [2ms]
2022-12-11 10:44:00.837 [info] > git cat-file -s 58fadfdc7240641694740e973368e9ae1155a327 [1ms]
2022-12-11 10:44:07.475 [info] > git show --textconv :src/vm/page.c [8ms]
2022-12-11 10:44:07.477 [info] > git ls-files --stage -- /home/team11/pintos/src/vm/page.c [2ms]
2022-12-11 10:44:07.483 [info] > git cat-file -s 0a6d3afcdaa55bf47a5cecb2641deed57f2197ae [2ms]
2022-12-11 10:44:15.940 [info] > git show --textconv :src/vm/swap.c [7ms]
2022-12-11 10:44:15.942 [info] > git ls-files --stage -- /home/team11/pintos/src/vm/swap.c [2ms]
2022-12-11 10:44:19.541 [info] > git show --textconv :src/userprog/exception.c [8ms]
2022-12-11 10:44:19.542 [info] > git ls-files --stage -- /home/team11/pintos/src/userprog/exception.c [2ms]
2022-12-11 10:44:19.546 [info] > git cat-file -s d4849517cfff866b61c7c5886d337b04bc19d585 [1ms]
2022-12-11 10:44:36.137 [info] > git config --get commit.template [5ms]
2022-12-11 10:44:36.139 [info] > git for-each-ref --format=%(refname)%00%(upstream:short)%00%(objectname)%00%(upstream:track) refs/heads/submit_project3 refs/remotes/submit_project3 [2ms]
2022-12-11 10:44:36.152 [info] > git status -z -uall [5ms]
2022-12-11 10:44:36.153 [info] > git for-each-ref --sort -committerdate --format %(refname) %(objectname) %(*objectname) [2ms]
2022-12-11 10:45:00.238 [info] > git show --textconv :src/userprog/process.c [7ms]
2022-12-11 10:45:00.240 [info] > git ls-files --stage -- /home/team11/pintos/src/userprog/process.c [2ms]
2022-12-11 10:45:00.246 [info] > git cat-file -s 6a160c04677e7ce8c5d7244f7f59c2390392239d [1ms]
2022-12-11 11:02:54.856 [info] > git config --get commit.template [6ms]
2022-12-11 11:02:54.857 [info] > git for-each-ref --format=%(refname)%00%(upstream:short)%00%(objectname)%00%(upstream:track) refs/heads/submit_project3 refs/remotes/submit_project3 [2ms]
2022-12-11 11:02:54.873 [info] > git status -z -uall [8ms]
2022-12-11 11:02:54.874 [info] > git for-each-ref --sort -committerdate --format %(refname) %(objectname) %(*objectname) [4ms]
2022-12-11 11:02:59.897 [info] > git config --get commit.template [8ms]
2022-12-11 11:02:59.898 [info] > git for-each-ref --format=%(refname)%00%(upstream:short)%00%(objectname)%00%(upstream:track) refs/heads/submit_project3 refs/remotes/submit_project3 [2ms]
2022-12-11 11:02:59.910 [info] > git for-each-ref --sort -committerdate --format %(refname) %(objectname) %(*objectname) [1ms]
2022-12-11 11:02:59.910 [info] > git status -z -uall [6ms]
2022-12-11 11:03:32.272 [info] > git show --textconv :src/userprog/syscall.c [8ms]
2022-12-11 11:03:32.274 [info] > git ls-files --stage -- /home/team11/pintos/src/userprog/syscall.c [3ms]
2022-12-11 11:03:32.280 [info] > git cat-file -s 124c9506cf5379851ee22c312f4cf8fadd7b6a41 [2ms]
2022-12-11 11:10:19.625 [info] > git config --get commit.template [6ms]
2022-12-11 11:10:19.626 [info] > git for-each-ref --format=%(refname)%00%(upstream:short)%00%(objectname)%00%(upstream:track) refs/heads/submit_project3 refs/remotes/submit_project3 [2ms]
2022-12-11 11:10:19.639 [info] > git status -z -uall [7ms]
2022-12-11 11:10:19.640 [info] > git for-each-ref --sort -committerdate --format %(refname) %(objectname) %(*objectname) [3ms]
2022-12-11 11:10:24.658 [info] > git config --get commit.template [7ms]
2022-12-11 11:10:24.660 [info] > git for-each-ref --format=%(refname)%00%(upstream:short)%00%(objectname)%00%(upstream:track) refs/heads/submit_project3 refs/remotes/submit_project3 [3ms]
2022-12-11 11:10:24.672 [info] > git for-each-ref --sort -committerdate --format %(refname) %(objectname) %(*objectname) [2ms]
2022-12-11 11:10:24.673 [info] > git status -z -uall [8ms]
2022-12-11 11:10:34.389 [info] > git show --textconv :src/threads/thread.h [7ms]
2022-12-11 11:10:34.391 [info] > git ls-files --stage -- /home/team11/pintos/src/threads/thread.h [2ms]
2022-12-11 11:10:34.399 [info] > git cat-file -s fceba9f981ce0e585481134275f23424f05c3318 [2ms]
2022-12-11 11:10:42.875 [info] > git config --get commit.template [7ms]
2022-12-11 11:10:42.876 [info] > git for-each-ref --format=%(refname)%00%(upstream:short)%00%(objectname)%00%(upstream:track) refs/heads/submit_project3 refs/remotes/submit_project3 [1ms]
2022-12-11 11:10:42.888 [info] > git status -z -uall [7ms]
2022-12-11 11:10:42.890 [info] > git for-each-ref --sort -committerdate --format %(refname) %(objectname) %(*objectname) [3ms]
2022-12-11 11:10:50.095 [info] > git config --get commit.template [8ms]
2022-12-11 11:10:50.097 [info] > git for-each-ref --format=%(refname)%00%(upstream:short)%00%(objectname)%00%(upstream:track) refs/heads/submit_project3 refs/remotes/submit_project3 [3ms]
2022-12-11 11:10:50.109 [info] > git status -z -uall [6ms]
2022-12-11 11:10:50.111 [info] > git for-each-ref --sort -committerdate --format %(refname) %(objectname) %(*objectname) [3ms]
2022-12-11 11:15:30.329 [info] > git config --get commit.template [9ms]
2022-12-11 11:15:30.330 [info] > git for-each-ref --format=%(refname)%00%(upstream:short)%00%(objectname)%00%(upstream:track) refs/heads/submit_project3 refs/remotes/submit_project3 [2ms]
2022-12-11 11:15:30.343 [info] > git status -z -uall [7ms]
2022-12-11 11:15:30.344 [info] > git for-each-ref --sort -committerdate --format %(refname) %(objectname) %(*objectname) [3ms]
2022-12-11 11:15:30.706 [info] > git show --textconv :src/threads/thread.c [6ms]
2022-12-11 11:15:30.708 [info] > git ls-files --stage -- /home/team11/pintos/src/threads/thread.c [2ms]
2022-12-11 11:15:30.716 [info] > git cat-file -s 58fadfdc7240641694740e973368e9ae1155a327 [2ms]
2022-12-11 11:15:35.362 [info] > git config --get commit.template [7ms]
2022-12-11 11:15:35.363 [info] > git for-each-ref --format=%(refname)%00%(upstream:short)%00%(objectname)%00%(upstream:track) refs/heads/submit_project3 refs/remotes/submit_project3 [2ms]
2022-12-11 11:15:35.375 [info] > git status -z -uall [6ms]
2022-12-11 11:15:35.377 [info] > git for-each-ref --sort -committerdate --format %(refname) %(objectname) %(*objectname) [3ms]
2022-12-11 11:15:40.396 [info] > git config --get commit.template [7ms]
2022-12-11 11:15:40.398 [info] > git for-each-ref --format=%(refname)%00%(upstream:short)%00%(objectname)%00%(upstream:track) refs/heads/submit_project3 refs/remotes/submit_project3 [3ms]
2022-12-11 11:15:40.412 [info] > git status -z -uall [8ms]
2022-12-11 11:15:40.412 [info] > git for-each-ref --sort -committerdate --format %(refname) %(objectname) %(*objectname) [3ms]
2022-12-11 11:15:40.443 [info] > git show --textconv :src/threads/thread.h [6ms]
2022-12-11 11:15:40.444 [info] > git ls-files --stage -- /home/team11/pintos/src/threads/thread.h [1ms]
2022-12-11 11:15:40.452 [info] > git cat-file -s fceba9f981ce0e585481134275f23424f05c3318 [3ms]
2022-12-11 11:15:41.574 [info] > git show --textconv :src/threads/thread.c [8ms]
2022-12-11 11:15:41.576 [info] > git ls-files --stage -- /home/team11/pintos/src/threads/thread.c [3ms]
2022-12-11 11:15:41.583 [info] > git cat-file -s 58fadfdc7240641694740e973368e9ae1155a327 [1ms]
2022-12-11 11:17:53.965 [info] > git config --get commit.template [8ms]
2022-12-11 11:17:53.966 [info] > git for-each-ref --format=%(refname)%00%(upstream:short)%00%(objectname)%00%(upstream:track) refs/heads/submit_project3 refs/remotes/submit_project3 [2ms]
2022-12-11 11:17:53.976 [info] > git status -z -uall [5ms]
2022-12-11 11:17:53.978 [info] > git for-each-ref --sort -committerdate --format %(refname) %(objectname) %(*objectname) [2ms]
2022-12-11 11:17:54.402 [info] > git show --textconv :src/threads/thread.c [7ms]
2022-12-11 11:17:54.404 [info] > git ls-files --stage -- /home/team11/pintos/src/threads/thread.c [2ms]
2022-12-11 11:17:54.411 [info] > git cat-file -s 58fadfdc7240641694740e973368e9ae1155a327 [2ms]
2022-12-11 11:17:58.998 [info] > git config --get commit.template [7ms]
2022-12-11 11:17:58.999 [info] > git for-each-ref --format=%(refname)%00%(upstream:short)%00%(objectname)%00%(upstream:track) refs/heads/submit_project3 refs/remotes/submit_project3 [2ms]
2022-12-11 11:17:59.011 [info] > git status -z -uall [6ms]
2022-12-11 11:17:59.012 [info] > git for-each-ref --sort -committerdate --format %(refname) %(objectname) %(*objectname) [2ms]
2022-12-11 11:19:20.229 [info] > git show --textconv :src/userprog/process.c [7ms]
2022-12-11 11:19:20.230 [info] > git ls-files --stage -- /home/team11/pintos/src/userprog/process.c [2ms]
2022-12-11 11:19:20.235 [info] > git cat-file -s 6a160c04677e7ce8c5d7244f7f59c2390392239d [1ms]
2022-12-11 11:19:42.228 [info] > git show --textconv :src/vm/page.c [9ms]
2022-12-11 11:19:42.229 [info] > git ls-files --stage -- /home/team11/pintos/src/vm/page.c [2ms]
2022-12-11 11:19:42.235 [info] > git cat-file -s 0a6d3afcdaa55bf47a5cecb2641deed57f2197ae [1ms]
2022-12-11 11:19:43.617 [info] > git show --textconv :src/vm/page.h [10ms]
2022-12-11 11:19:43.618 [info] > git ls-files --stage -- /home/team11/pintos/src/vm/page.h [2ms]
2022-12-11 11:19:43.625 [info] > git cat-file -s 54170ee43968ecff5e6384c4c7eced8cbc5bd707 [1ms]
2022-12-11 11:19:47.481 [info] > git show --textconv :src/userprog/process.c [7ms]
2022-12-11 11:19:47.484 [info] > git ls-files --stage -- /home/team11/pintos/src/userprog/process.c [2ms]
2022-12-11 11:19:47.491 [info] > git cat-file -s 6a160c04677e7ce8c5d7244f7f59c2390392239d [2ms]
2022-12-11 11:20:53.945 [info] > git config --get commit.template [7ms]
2022-12-11 11:20:53.947 [info] > git for-each-ref --format=%(refname)%00%(upstream:short)%00%(objectname)%00%(upstream:track) refs/heads/submit_project3 refs/remotes/submit_project3 [2ms]
2022-12-11 11:20:53.954 [info] > git status -z -uall [4ms]
2022-12-11 11:20:53.955 [info] > git for-each-ref --sort -committerdate --format %(refname) %(objectname) %(*objectname) [1ms]
2022-12-11 11:21:09.879 [info] > git config --get commit.template [7ms]
2022-12-11 11:21:09.881 [info] > git for-each-ref --format=%(refname)%00%(upstream:short)%00%(objectname)%00%(upstream:track) refs/heads/submit_project3 refs/remotes/submit_project3 [3ms]
2022-12-11 11:21:09.891 [info] > git status -z -uall [5ms]
2022-12-11 11:21:09.893 [info] > git for-each-ref --sort -committerdate --format %(refname) %(objectname) %(*objectname) [3ms]
2022-12-11 11:25:34.076 [info] > git config --get commit.template [8ms]
2022-12-11 11:25:34.078 [info] > git for-each-ref --format=%(refname)%00%(upstream:short)%00%(objectname)%00%(upstream:track) refs/heads/submit_project3 refs/remotes/submit_project3 [3ms]
2022-12-11 11:25:34.088 [info] > git status -z -uall [6ms]
2022-12-11 11:25:34.090 [info] > git for-each-ref --sort -committerdate --format %(refname) %(objectname) %(*objectname) [2ms]
2022-12-11 11:25:37.413 [info] > git show --textconv :src/vm/page.c [8ms]
2022-12-11 11:25:37.414 [info] > git ls-files --stage -- /home/team11/pintos/src/vm/page.c [2ms]
2022-12-11 11:25:37.421 [info] > git cat-file -s 0a6d3afcdaa55bf47a5cecb2641deed57f2197ae [2ms]
2022-12-11 11:25:39.110 [info] > git config --get commit.template [7ms]
2022-12-11 11:25:39.112 [info] > git for-each-ref --format=%(refname)%00%(upstream:short)%00%(objectname)%00%(upstream:track) refs/heads/submit_project3 refs/remotes/submit_project3 [3ms]
2022-12-11 11:25:39.126 [info] > git status -z -uall [8ms]
2022-12-11 11:25:39.127 [info] > git for-each-ref --sort -committerdate --format %(refname) %(objectname) %(*objectname) [3ms]
2022-12-11 11:25:51.205 [info] > git config --get commit.template [8ms]
2022-12-11 11:25:51.207 [info] > git for-each-ref --format=%(refname)%00%(upstream:short)%00%(objectname)%00%(upstream:track) refs/heads/submit_project3 refs/remotes/submit_project3 [2ms]
2022-12-11 11:25:51.219 [info] > git status -z -uall [7ms]
2022-12-11 11:25:51.220 [info] > git for-each-ref --sort -committerdate --format %(refname) %(objectname) %(*objectname) [3ms]
2022-12-11 11:26:00.255 [info] > git config --get commit.template [8ms]
2022-12-11 11:26:00.257 [info] > git for-each-ref --format=%(refname)%00%(upstream:short)%00%(objectname)%00%(upstream:track) refs/heads/submit_project3 refs/remotes/submit_project3 [3ms]
2022-12-11 11:26:00.270 [info] > git for-each-ref --sort -committerdate --format %(refname) %(objectname) %(*objectname) [3ms]
2022-12-11 11:26:00.271 [info] > git status -z -uall [9ms]
2022-12-11 11:26:05.505 [info] > git show --textconv :src/vm/page.h [7ms]
2022-12-11 11:26:05.506 [info] > git ls-files --stage -- /home/team11/pintos/src/vm/page.h [2ms]
2022-12-11 11:26:05.511 [info] > git cat-file -s 54170ee43968ecff5e6384c4c7eced8cbc5bd707 [1ms]
2022-12-11 11:32:01.122 [info] > git config --get commit.template [6ms]
2022-12-11 11:32:01.123 [info] > git for-each-ref --format=%(refname)%00%(upstream:short)%00%(objectname)%00%(upstream:track) refs/heads/submit_project3 refs/remotes/submit_project3 [2ms]
2022-12-11 11:32:01.132 [info] > git for-each-ref --sort -committerdate --format %(refname) %(objectname) %(*objectname) [1ms]
2022-12-11 11:32:01.132 [info] > git status -z -uall [5ms]
2022-12-11 11:32:06.147 [info] > git config --get commit.template [6ms]
2022-12-11 11:32:06.149 [info] > git for-each-ref --format=%(refname)%00%(upstream:short)%00%(objectname)%00%(upstream:track) refs/heads/submit_project3 refs/remotes/submit_project3 [3ms]
2022-12-11 11:32:06.160 [info] > git for-each-ref --sort -committerdate --format %(refname) %(objectname) %(*objectname) [2ms]
2022-12-11 11:32:06.160 [info] > git status -z -uall [6ms]
2022-12-11 11:32:16.669 [info] > git show --textconv :src/userprog/process.c [6ms]
2022-12-11 11:32:16.670 [info] > git ls-files --stage -- /home/team11/pintos/src/userprog/process.c [2ms]
2022-12-11 11:32:16.677 [info] > git cat-file -s 6a160c04677e7ce8c5d7244f7f59c2390392239d [2ms]
2022-12-11 11:34:47.767 [info] > git show --textconv :src/vm/page.c [6ms]
2022-12-11 11:34:47.768 [info] > git ls-files --stage -- /home/team11/pintos/src/vm/page.c [2ms]
2022-12-11 11:34:47.774 [info] > git cat-file -s 0a6d3afcdaa55bf47a5cecb2641deed57f2197ae [1ms]
2022-12-11 11:47:20.516 [info] > git rev-parse --show-toplevel [1ms]
2022-12-11 11:47:20.516 [info] fatal: Not a git repository (or any parent up to mount point /home)
Stopping at filesystem boundary (GIT_DISCOVERY_ACROSS_FILESYSTEM not set).
2022-12-11 11:47:21.144 [info] > git check-ignore -v -z --stdin [3ms]
2022-12-11 11:47:25.601 [info] > git checkout -q -- /home/team11/pintos/src/tests/vm/page-linear.c [5ms]
2022-12-11 11:47:25.615 [info] > git config --get commit.template [8ms]
2022-12-11 11:47:25.616 [info] > git for-each-ref --format=%(refname)%00%(upstream:short)%00%(objectname)%00%(upstream:track) refs/heads/submit_project3 refs/remotes/submit_project3 [3ms]
2022-12-11 11:47:25.627 [info] > git status -z -uall [5ms]
2022-12-11 11:47:25.628 [info] > git for-each-ref --sort -committerdate --format %(refname) %(objectname) %(*objectname) [2ms]
2022-12-11 11:47:26.780 [info] > git config --get commit.template [6ms]
2022-12-11 11:47:26.782 [info] > git for-each-ref --format=%(refname)%00%(upstream:short)%00%(objectname)%00%(upstream:track) refs/heads/submit_project3 refs/remotes/submit_project3 [3ms]
2022-12-11 11:47:26.795 [info] > git status -z -uall [8ms]
2022-12-11 11:47:26.797 [info] > git for-each-ref --sort -committerdate --format %(refname) %(objectname) %(*objectname) [3ms]
2022-12-11 11:47:26.894 [info] > git ls-files --stage -- /home/team11/pintos/src/vm/page.h [8ms]
2022-12-11 11:47:26.911 [info] > git cat-file -s 54170ee43968ecff5e6384c4c7eced8cbc5bd707 [12ms]
2022-12-11 11:47:26.911 [info] > git ls-files --stage -- /home/team11/pintos/src/vm/page.c [18ms]
2022-12-11 11:47:26.918 [info] > git cat-file -s 0a6d3afcdaa55bf47a5cecb2641deed57f2197ae [1ms]
2022-12-11 11:47:26.979 [info] > git show --textconv :src/vm/page.h [6ms]
2022-12-11 11:47:26.981 [info] > git show --textconv :src/vm/page.c [2ms]
2022-12-11 11:47:27.574 [info] > git add -A -- /home/team11/pintos/src/threads/thread.c [5ms]
2022-12-11 11:47:27.585 [info] > git config --get commit.template [5ms]
2022-12-11 11:47:27.587 [info] > git for-each-ref --format=%(refname)%00%(upstream:short)%00%(objectname)%00%(upstream:track) refs/heads/submit_project3 refs/remotes/submit_project3 [2ms]
2022-12-11 11:47:27.599 [info] > git status -z -uall [7ms]
2022-12-11 11:47:27.600 [info] > git for-each-ref --sort -committerdate --format %(refname) %(objectname) %(*objectname) [3ms]
2022-12-11 11:47:28.930 [info] > git ls-files --stage -- /home/team11/pintos/src/vm/page.h [6ms]
2022-12-11 11:47:28.934 [info] > git ls-files --stage -- /home/team11/pintos/src/vm/page.c [4ms]
2022-12-11 11:47:28.938 [info] > git cat-file -s 54170ee43968ecff5e6384c4c7eced8cbc5bd707 [4ms]
2022-12-11 11:47:28.939 [info] > git cat-file -s 0a6d3afcdaa55bf47a5cecb2641deed57f2197ae [1ms]
2022-12-11 11:47:28.971 [info] > git show --textconv :src/vm/page.h [7ms]
2022-12-11 11:47:28.972 [info] > git show --textconv :src/vm/page.c [2ms]
2022-12-11 11:47:29.061 [info] > git add -A -- /home/team11/pintos/src/threads/thread.h [5ms]
2022-12-11 11:47:29.072 [info] > git config --get commit.template [4ms]
2022-12-11 11:47:29.073 [info] > git for-each-ref --format=%(refname)%00%(upstream:short)%00%(objectname)%00%(upstream:track) refs/heads/submit_project3 refs/remotes/submit_project3 [1ms]
2022-12-11 11:47:29.087 [info] > git for-each-ref --sort -committerdate --format %(refname) %(objectname) %(*objectname) [2ms]
2022-12-11 11:47:29.088 [info] > git status -z -uall [9ms]
2022-12-11 11:47:30.293 [info] > git ls-files --stage -- /home/team11/pintos/src/vm/page.h [6ms]
2022-12-11 11:47:30.299 [info] > git ls-files --stage -- /home/team11/pintos/src/vm/page.c [6ms]
2022-12-11 11:47:30.304 [info] > git cat-file -s 54170ee43968ecff5e6384c4c7eced8cbc5bd707 [6ms]
2022-12-11 11:47:30.305 [info] > git cat-file -s 0a6d3afcdaa55bf47a5cecb2641deed57f2197ae [2ms]
2022-12-11 11:47:30.331 [info] > git show --textconv :src/vm/page.h [7ms]
2022-12-11 11:47:30.333 [info] > git show --textconv :src/vm/page.c [3ms]
2022-12-11 11:47:30.440 [info] > git add -A -- /home/team11/pintos/src/userprog/exception.c [3ms]
2022-12-11 11:47:30.452 [info] > git config --get commit.template [6ms]
2022-12-11 11:47:30.454 [info] > git for-each-ref --format=%(refname)%00%(upstream:short)%00%(objectname)%00%(upstream:track) refs/heads/submit_project3 refs/remotes/submit_project3 [3ms]
2022-12-11 11:47:30.466 [info] > git for-each-ref --sort -committerdate --format %(refname) %(objectname) %(*objectname) [3ms]
2022-12-11 11:47:30.467 [info] > git status -z -uall [9ms]
2022-12-11 11:47:31.570 [info] > git add -A -- /home/team11/pintos/src/userprog/process.c [6ms]
2022-12-11 11:47:31.583 [info] > git config --get commit.template [6ms]
2022-12-11 11:47:31.585 [info] > git for-each-ref --format=%(refname)%00%(upstream:short)%00%(objectname)%00%(upstream:track) refs/heads/submit_project3 refs/remotes/submit_project3 [2ms]
2022-12-11 11:47:31.594 [info] > git status -z -uall [4ms]
2022-12-11 11:47:31.595 [info] > git for-each-ref --sort -committerdate --format %(refname) %(objectname) %(*objectname) [1ms]
2022-12-11 11:47:31.690 [info] > git ls-files --stage -- /home/team11/pintos/src/vm/page.h [7ms]
2022-12-11 11:47:31.695 [info] > git ls-files --stage -- /home/team11/pintos/src/vm/page.c [7ms]
2022-12-11 11:47:31.709 [info] > git cat-file -s 0a6d3afcdaa55bf47a5cecb2641deed57f2197ae [10ms]
2022-12-11 11:47:31.709 [info] > git cat-file -s 54170ee43968ecff5e6384c4c7eced8cbc5bd707 [15ms]
2022-12-11 11:47:31.826 [info] > git show --textconv :src/vm/page.c [5ms]
2022-12-11 11:47:31.826 [info] > git show --textconv :src/vm/page.h [2ms]
2022-12-11 11:47:31.826 [info] > git for-each-ref --format=%(refname)%00%(upstream:short)%00%(objectname)%00%(upstream:track) refs/heads/submit_project3 refs/remotes/submit_project3 [11ms]
2022-12-11 11:47:31.827 [info] > git config --get commit.template [18ms]
2022-12-11 11:47:31.837 [info] > git status -z -uall [6ms]
2022-12-11 11:47:31.838 [info] > git for-each-ref --sort -committerdate --format %(refname) %(objectname) %(*objectname) [3ms]
2022-12-11 11:47:32.895 [info] > git add -A -- /home/team11/pintos/src/userprog/process.h [3ms]
2022-12-11 11:47:32.908 [info] > git config --get commit.template [6ms]
2022-12-11 11:47:32.909 [info] > git for-each-ref --format=%(refname)%00%(upstream:short)%00%(objectname)%00%(upstream:track) refs/heads/submit_project3 refs/remotes/submit_project3 [1ms]
2022-12-11 11:47:32.921 [info] > git for-each-ref --sort -committerdate --format %(refname) %(objectname) %(*objectname) [2ms]
2022-12-11 11:47:32.921 [info] > git status -z -uall [7ms]
2022-12-11 11:47:33.013 [info] > git ls-files --stage -- /home/team11/pintos/src/vm/page.h [8ms]
2022-12-11 11:47:33.018 [info] > git ls-files --stage -- /home/team11/pintos/src/vm/page.c [6ms]
2022-12-11 11:47:33.029 [info] > git cat-file -s 0a6d3afcdaa55bf47a5cecb2641deed57f2197ae [7ms]
2022-12-11 11:47:33.030 [info] > git cat-file -s 54170ee43968ecff5e6384c4c7eced8cbc5bd707 [12ms]
2022-12-11 11:47:33.141 [info] > git show --textconv :src/vm/page.c [7ms]
2022-12-11 11:47:33.143 [info] > git show --textconv :src/vm/page.h [3ms]
2022-12-11 11:47:33.843 [info] > git add -A -- /home/team11/pintos/src/userprog/syscall.c [5ms]
2022-12-11 11:47:33.855 [info] > git config --get commit.template [6ms]
2022-12-11 11:47:33.856 [info] > git for-each-ref --format=%(refname)%00%(upstream:short)%00%(objectname)%00%(upstream:track) refs/heads/submit_project3 refs/remotes/submit_project3 [2ms]
2022-12-11 11:47:33.867 [info] > git for-each-ref --sort -committerdate --format %(refname) %(objectname) %(*objectname) [2ms]
2022-12-11 11:47:33.873 [info] > git status -z -uall [12ms]
2022-12-11 11:47:35.069 [info] > git ls-files --stage -- /home/team11/pintos/src/vm/page.h [8ms]
2022-12-11 11:47:35.074 [info] > git ls-files --stage -- /home/team11/pintos/src/vm/page.c [5ms]
2022-12-11 11:47:35.080 [info] > git cat-file -s 54170ee43968ecff5e6384c4c7eced8cbc5bd707 [5ms]
2022-12-11 11:47:35.081 [info] > git cat-file -s 0a6d3afcdaa55bf47a5cecb2641deed57f2197ae [2ms]
2022-12-11 11:47:35.094 [info] > git show --textconv :src/vm/page.h [2ms]
2022-12-11 11:47:35.104 [info] > git show --textconv :src/vm/page.c [3ms]
2022-12-11 11:47:35.326 [info] > git add -A -- /home/team11/pintos/src/vm/page.c [4ms]
2022-12-11 11:47:35.336 [info] > git config --get commit.template [4ms]
2022-12-11 11:47:35.338 [info] > git for-each-ref --format=%(refname)%00%(upstream:short)%00%(objectname)%00%(upstream:track) refs/heads/submit_project3 refs/remotes/submit_project3 [2ms]
2022-12-11 11:47:35.350 [info] > git status -z -uall [7ms]
2022-12-11 11:47:35.352 [info] > git for-each-ref --sort -committerdate --format %(refname) %(objectname) %(*objectname) [5ms]
2022-12-11 11:47:36.285 [info] > git add -A -- /home/team11/pintos/src/vm/page.h [4ms]
2022-12-11 11:47:36.298 [info] > git config --get commit.template [4ms]
2022-12-11 11:47:36.299 [info] > git for-each-ref --format=%(refname)%00%(upstream:short)%00%(objectname)%00%(upstream:track) refs/heads/submit_project3 refs/remotes/submit_project3 [1ms]
2022-12-11 11:47:36.308 [info] > git status -z -uall [5ms]
2022-12-11 11:47:36.310 [info] > git for-each-ref --sort -committerdate --format %(refname) %(objectname) %(*objectname) [2ms]
2022-12-11 11:47:36.855 [info] > git config --get commit.template [7ms]
2022-12-11 11:47:36.857 [info] > git for-each-ref --format=%(refname)%00%(upstream:short)%00%(objectname)%00%(upstream:track) refs/heads/submit_project3 refs/remotes/submit_project3 [2ms]
2022-12-11 11:47:36.869 [info] > git for-each-ref --sort -committerdate --format %(refname) %(objectname) %(*objectname) [3ms]
2022-12-11 11:47:36.874 [info] > git status -z -uall [12ms]
2022-12-11 11:47:37.511 [info] > git ls-files --stage -- /home/team11/pintos/src/vm/page.h [7ms]
2022-12-11 11:47:37.515 [info] > git ls-files --stage -- /home/team11/pintos/src/vm/page.c [5ms]
2022-12-11 11:47:37.519 [info] > git cat-file -s a1803348613cdcd1ca92e85ccc10bddbcbb4ced6 [5ms]
2022-12-11 11:47:37.520 [info] > git cat-file -s d629616b16579a0426dc63d8d93b9ec4556f0ae2 [2ms]
2022-12-11 11:47:37.550 [info] > git show --textconv :src/vm/page.h [5ms]
2022-12-11 11:47:37.551 [info] > git show --textconv :src/vm/page.c [2ms]
2022-12-11 11:47:37.903 [info] > git add -A -- /home/team11/pintos/src/vm/swap.c [3ms]
2022-12-11 11:47:37.912 [info] > git config --get commit.template [5ms]
2022-12-11 11:47:37.914 [info] > git for-each-ref --format=%(refname)%00%(upstream:short)%00%(objectname)%00%(upstream:track) refs/heads/submit_project3 refs/remotes/submit_project3 [3ms]
2022-12-11 11:47:37.926 [info] > git for-each-ref --sort -committerdate --format %(refname) %(objectname) %(*objectname) [3ms]
2022-12-11 11:47:37.926 [info] > git status -z -uall [8ms]
2022-12-11 11:47:39.137 [info] > git ls-files --stage -- /home/team11/pintos/src/vm/page.h [6ms]
2022-12-11 11:47:39.142 [info] > git ls-files --stage -- /home/team11/pintos/src/vm/page.c [6ms]
2022-12-11 11:47:39.147 [info] > git cat-file -s a1803348613cdcd1ca92e85ccc10bddbcbb4ced6 [5ms]
2022-12-11 11:47:39.149 [info] > git cat-file -s d629616b16579a0426dc63d8d93b9ec4556f0ae2 [2ms]
2022-12-11 11:47:39.174 [info] > git show --textconv :src/vm/page.h [5ms]
2022-12-11 11:47:39.177 [info] > git show --textconv :src/vm/page.c [3ms]
2022-12-11 11:47:41.693 [info] > git add -A -- /home/team11/pintos/src/Makefile.build [5ms]
2022-12-11 11:47:41.701 [info] > git config --get commit.template [3ms]
2022-12-11 11:47:41.708 [info] > git for-each-ref --format=%(refname)%00%(upstream:short)%00%(objectname)%00%(upstream:track) refs/heads/submit_project3 refs/remotes/submit_project3 [2ms]
2022-12-11 11:47:41.719 [info] > git for-each-ref --sort -committerdate --format %(refname) %(objectname) %(*objectname) [2ms]
2022-12-11 11:47:41.721 [info] > git status -z -uall [9ms]
2022-12-11 11:47:41.892 [info] > git config --get commit.template [7ms]
2022-12-11 11:47:41.894 [info] > git for-each-ref --format=%(refname)%00%(upstream:short)%00%(objectname)%00%(upstream:track) refs/heads/submit_project3 refs/remotes/submit_project3 [2ms]
2022-12-11 11:47:41.904 [info] > git for-each-ref --sort -committerdate --format %(refname) %(objectname) %(*objectname) [3ms]
2022-12-11 11:47:41.906 [info] > git status -z -uall [9ms]
2022-12-11 11:47:42.931 [info] > git ls-files --stage -- /home/team11/pintos/src/vm/page.h [6ms]
2022-12-11 11:47:42.936 [info] > git ls-files --stage -- /home/team11/pintos/src/vm/page.c [6ms]
2022-12-11 11:47:42.941 [info] > git cat-file -s a1803348613cdcd1ca92e85ccc10bddbcbb4ced6 [6ms]
2022-12-11 11:47:42.942 [info] > git cat-file -s d629616b16579a0426dc63d8d93b9ec4556f0ae2 [2ms]
2022-12-11 11:47:42.973 [info] > git show --textconv :src/vm/page.h [6ms]
2022-12-11 11:47:42.975 [info] > git show --textconv :src/vm/page.c [2ms]
2022-12-11 11:47:46.926 [info] > git config --get commit.template [7ms]
2022-12-11 11:47:46.928 [info] > git for-each-ref --format=%(refname)%00%(upstream:short)%00%(objectname)%00%(upstream:track) refs/heads/submit_project3 refs/remotes/submit_project3 [3ms]
2022-12-11 11:47:46.941 [info] > git for-each-ref --sort -committerdate --format %(refname) %(objectname) %(*objectname) [2ms]
2022-12-11 11:47:46.946 [info] > git status -z -uall [11ms]
2022-12-11 11:47:53.365 [info] > git config --get commit.template [6ms]
2022-12-11 11:47:53.367 [info] > git for-each-ref --format=%(refname)%00%(upstream:short)%00%(objectname)%00%(upstream:track) refs/heads/submit_project3 refs/remotes/submit_project3 [3ms]
2022-12-11 11:47:53.379 [info] > git status -z -uall [6ms]
2022-12-11 11:47:53.381 [info] > git for-each-ref --sort -committerdate --format %(refname) %(objectname) %(*objectname) [2ms]
2022-12-11 11:47:53.506 [info] > git ls-files --stage -- /home/team11/pintos/src/vm/page.h [5ms]
2022-12-11 11:47:53.511 [info] > git ls-files --stage -- /home/team11/pintos/src/vm/page.c [5ms]
2022-12-11 11:47:53.516 [info] > git cat-file -s a1803348613cdcd1ca92e85ccc10bddbcbb4ced6 [5ms]
2022-12-11 11:47:53.518 [info] > git cat-file -s d629616b16579a0426dc63d8d93b9ec4556f0ae2 [2ms]
2022-12-11 11:47:53.623 [info] > git show --textconv :src/vm/page.h [3ms]
2022-12-11 11:47:53.644 [info] > git show --textconv :src/vm/page.c [3ms]
2022-12-11 11:47:58.403 [info] > git config --get commit.template [6ms]
2022-12-11 11:47:58.405 [info] > git for-each-ref --format=%(refname)%00%(upstream:short)%00%(objectname)%00%(upstream:track) refs/heads/submit_project3 refs/remotes/submit_project3 [3ms]
2022-12-11 11:47:58.419 [info] > git status -z -uall [9ms]
2022-12-11 11:47:58.420 [info] > git for-each-ref --sort -committerdate --format %(refname) %(objectname) %(*objectname) [4ms]
2022-12-11 11:48:15.514 [info] > git config --get commit.template [6ms]
2022-12-11 11:48:15.516 [info] > git for-each-ref --format=%(refname)%00%(upstream:short)%00%(objectname)%00%(upstream:track) refs/heads/submit_project3 refs/remotes/submit_project3 [2ms]
2022-12-11 11:48:15.528 [info] > git status -z -uall [6ms]
2022-12-11 11:48:15.529 [info] > git for-each-ref --sort -committerdate --format %(refname) %(objectname) %(*objectname) [1ms]
2022-12-11 11:48:15.673 [info] > git ls-files --stage -- /home/team11/pintos/src/vm/page.h [7ms]
2022-12-11 11:48:15.678 [info] > git ls-files --stage -- /home/team11/pintos/src/vm/page.c [7ms]
2022-12-11 11:48:15.683 [info] > git cat-file -s a1803348613cdcd1ca92e85ccc10bddbcbb4ced6 [5ms]
2022-12-11 11:48:15.683 [info] > git cat-file -s d629616b16579a0426dc63d8d93b9ec4556f0ae2 [1ms]
2022-12-11 11:48:15.722 [info] > git show --textconv :src/vm/page.h [7ms]
2022-12-11 11:48:15.724 [info] > git show --textconv :src/vm/page.c [2ms]
2022-12-11 11:48:20.550 [info] > git config --get commit.template [8ms]
2022-12-11 11:48:20.552 [info] > git for-each-ref --format=%(refname)%00%(upstream:short)%00%(objectname)%00%(upstream:track) refs/heads/submit_project3 refs/remotes/submit_project3 [3ms]
2022-12-11 11:48:20.565 [info] > git status -z -uall [8ms]
2022-12-11 11:48:20.565 [info] > git for-each-ref --sort -committerdate --format %(refname) %(objectname) %(*objectname) [3ms]
2022-12-11 11:48:23.027 [info] > git add -A -- /home/team11/pintos/src/vm/swap.h [3ms]
2022-12-11 11:48:23.036 [info] > git config --get commit.template [4ms]
2022-12-11 11:48:23.037 [info] > git for-each-ref --format=%(refname)%00%(upstream:short)%00%(objectname)%00%(upstream:track) refs/heads/submit_project3 refs/remotes/submit_project3 [2ms]
2022-12-11 11:48:23.047 [info] > git status -z -uall [7ms]
2022-12-11 11:48:23.049 [info] > git for-each-ref --sort -committerdate --format %(refname) %(objectname) %(*objectname) [2ms]
2022-12-11 11:48:24.256 [info] > git ls-files --stage -- /home/team11/pintos/src/vm/page.h [6ms]
2022-12-11 11:48:24.261 [info] > git ls-files --stage -- /home/team11/pintos/src/vm/page.c [6ms]
2022-12-11 11:48:24.265 [info] > git cat-file -s a1803348613cdcd1ca92e85ccc10bddbcbb4ced6 [4ms]
2022-12-11 11:48:24.266 [info] > git cat-file -s d629616b16579a0426dc63d8d93b9ec4556f0ae2 [1ms]
2022-12-11 11:48:24.294 [info] > git show --textconv :src/vm/page.h [6ms]
2022-12-11 11:48:24.295 [info] > git show --textconv :src/vm/page.c [2ms]
2022-12-11 11:48:25.584 [info] > git config --get commit.template [7ms]
2022-12-11 11:48:25.586 [info] > git for-each-ref --format=%(refname)%00%(upstream:short)%00%(objectname)%00%(upstream:track) refs/heads/submit_project3 refs/remotes/submit_project3 [2ms]
2022-12-11 11:48:25.596 [info] > git for-each-ref --sort -committerdate --format %(refname) %(objectname) %(*objectname) [2ms]
2022-12-11 11:48:25.598 [info] > git status -z -uall [7ms]
2022-12-11 11:48:36.652 [info] > git config --get commit.template [7ms]
2022-12-11 11:48:36.655 [info] > git for-each-ref --format=%(refname)%00%(upstream:short)%00%(objectname)%00%(upstream:track) refs/heads/submit_project3 refs/remotes/submit_project3 [3ms]
2022-12-11 11:48:36.667 [info] > git status -z -uall [6ms]
2022-12-11 11:48:36.667 [info] > git for-each-ref --sort -committerdate --format %(refname) %(objectname) %(*objectname) [3ms]
2022-12-11 11:48:36.791 [info] > git ls-files --stage -- /home/team11/pintos/src/vm/page.h [6ms]
2022-12-11 11:48:36.795 [info] > git ls-files --stage -- /home/team11/pintos/src/vm/page.c [5ms]
2022-12-11 11:48:36.799 [info] > git cat-file -s a1803348613cdcd1ca92e85ccc10bddbcbb4ced6 [4ms]
2022-12-11 11:48:36.800 [info] > git cat-file -s d629616b16579a0426dc63d8d93b9ec4556f0ae2 [1ms]
2022-12-11 11:48:36.917 [info] > git show --textconv :src/vm/page.h [3ms]
2022-12-11 11:48:36.949 [info] > git show --textconv :src/vm/page.c [2ms]
2022-12-11 11:48:41.682 [info] > git config --get commit.template [5ms]
2022-12-11 11:48:41.683 [info] > git for-each-ref --format=%(refname)%00%(upstream:short)%00%(objectname)%00%(upstream:track) refs/heads/submit_project3 refs/remotes/submit_project3 [2ms]
2022-12-11 11:48:41.694 [info] > git status -z -uall [5ms]
2022-12-11 11:48:41.695 [info] > git for-each-ref --sort -committerdate --format %(refname) %(objectname) %(*objectname) [1ms]
2022-12-11 11:48:44.027 [info] > git ls-files --stage -- /home/team11/pintos/src/vm/page.h [7ms]
2022-12-11 11:48:44.031 [info] > git ls-files --stage -- /home/team11/pintos/src/vm/page.c [5ms]
2022-12-11 11:48:44.036 [info] > git cat-file -s a1803348613cdcd1ca92e85ccc10bddbcbb4ced6 [5ms]
2022-12-11 11:48:44.038 [info] > git cat-file -s d629616b16579a0426dc63d8d93b9ec4556f0ae2 [2ms]
2022-12-11 11:48:44.055 [info] > git show --textconv :src/vm/page.h [5ms]
2022-12-11 11:48:44.056 [info] > git show --textconv :src/vm/page.c [1ms]
2022-12-11 11:49:47.072 [info] > git config --get commit.template [8ms]
2022-12-11 11:49:47.074 [info] > git for-each-ref --format=%(refname)%00%(upstream:short)%00%(objectname)%00%(upstream:track) refs/heads/submit_project3 refs/remotes/submit_project3 [3ms]
2022-12-11 11:49:47.085 [info] > git status -z -uall [7ms]
2022-12-11 11:49:47.086 [info] > git for-each-ref --sort -committerdate --format %(refname) %(objectname) %(*objectname) [2ms]
2022-12-11 11:56:19.983 [info] > git config --get commit.template [8ms]
2022-12-11 11:56:19.985 [info] > git for-each-ref --format=%(refname)%00%(upstream:short)%00%(objectname)%00%(upstream:track) refs/heads/submit_project3 refs/remotes/submit_project3 [3ms]
2022-12-11 11:56:19.995 [info] > git for-each-ref --sort -committerdate --format %(refname) %(objectname) %(*objectname) [1ms]
2022-12-11 11:56:19.996 [info] > git status -z -uall [6ms]
2022-12-11 11:56:20.045 [info] > git ls-files --stage -- /home/team11/pintos/src/vm/page.h [8ms]
2022-12-11 11:56:20.051 [info] > git ls-files --stage -- /home/team11/pintos/src/vm/page.c [7ms]
2022-12-11 11:56:20.057 [info] > git cat-file -s a1803348613cdcd1ca92e85ccc10bddbcbb4ced6 [7ms]
2022-12-11 11:56:20.059 [info] > git cat-file -s d629616b16579a0426dc63d8d93b9ec4556f0ae2 [3ms]
2022-12-11 11:56:20.112 [info] > git show --textconv :src/vm/page.h [15ms]
2022-12-11 11:56:20.113 [info] > git show --textconv :src/vm/page.c [7ms]
2022-12-11 11:56:35.213 [info] > git config --get commit.template [2ms]
2022-12-11 11:56:35.220 [info] > git for-each-ref --format=%(refname)%00%(upstream:short)%00%(objectname)%00%(upstream:track) refs/heads/submit_project3 refs/remotes/submit_project3 [2ms]
2022-12-11 11:56:35.231 [info] > git status -z -uall [6ms]
2022-12-11 11:56:35.233 [info] > git for-each-ref --sort -committerdate --format %(refname) %(objectname) %(*objectname) [3ms]
2022-12-11 12:02:26.088 [info] > git config --get commit.template [2ms]
2022-12-11 12:02:26.095 [info] > git for-each-ref --format=%(refname)%00%(upstream:short)%00%(objectname)%00%(upstream:track) refs/heads/submit_project3 refs/remotes/submit_project3 [2ms]
2022-12-11 12:02:26.108 [info] > git for-each-ref --sort -committerdate --format %(refname) %(objectname) %(*objectname) [3ms]
2022-12-11 12:02:26.109 [info] > git status -z -uall [9ms]
