*
* Visual Studio Code Server
*
* By using the software, you agree to
* the Visual Studio Code Server License Terms (https://aka.ms/vscode-server-license) and
* the Microsoft Privacy Statement (https://privacy.microsoft.com/en-US/privacystatement).
*
Server bound to 127.0.0.1:33689 (IPv4)
Extension host agent listening on 33689

[18:53:59] Extension host agent started.
[18:53:59] [127.0.0.1][b85bf574][ExtensionHostConnection] New connection established.
[18:53:59] Deleted from disk ms-ceintl.vscode-language-pack-ko /home/team11/.vscode-server/extensions/ms-ceintl.vscode-language-pack-ko-1.74.12070924
[18:53:59] [127.0.0.1][56b20e6c][ManagementConnection] New connection established.
[18:53:59] [127.0.0.1][b85bf574][ExtensionHostConnection] <26785> Launched Extension Host Process.
[IPC Library: Pty Host]  WARN Shell integration cannot be enabled for executable "/bin/sh" and args [
  '-c',
  'wget --version > /dev/null\n' +
    'if [ $? -eq 0 ]\n' +
    'then\n' +
    "\twget --connect-timeout=7 --tries=1 --dns-timeout=7 -q --header='Metadata:true' -O - http://169.254.169.254/metadata/instance?api-version=2019-03-11\n" +
    'else\n' +
    '\tcurl --version > /dev/null\n' +
    '\tif [ $? -eq 0 ]\n' +
    '\tthen\n' +
    "\t\tcurl --connect-timeout 7 -s --header='Metadata:true' http://169.254.169.254/metadata/instance?api-version=2019-03-11\n" +
    '\tfi\n' +
    'fi\n' +
    'exit 0'
]
[IPC Library: Pty Host]  WARN Shell integration cannot be enabled for executable "/bin/sh" and args [
  '-c',
  'wget --version > /dev/null\n' +
    'if [ $? -eq 0 ]\n' +
    'then\n' +
    '\twget --connect-timeout=7 --tries=1 --dns-timeout=7 -q  -O - http://169.254.169.254/latest/meta-data/instance-id\n' +
    'else\n' +
    '\tcurl --version > /dev/null\n' +
    '\tif [ $? -eq 0 ]\n' +
    '\tthen\n' +
    '\t\tcurl --connect-timeout 7 -s  http://169.254.169.254/latest/meta-data/instance-id\n' +
    '\tfi\n' +
    'fi\n' +
    'exit 0'
]
[IPC Library: Pty Host]  WARN Shell integration cannot be enabled for executable "/bin/sh" and args [
  '-c',
  'wget --version > /dev/null\n' +
    'if [ $? -eq 0 ]\n' +
    'then\n' +
    '\twget --connect-timeout=7 --tries=1 --dns-timeout=7 -q  -O - http://169.254.169.254/metadata/v1/id\n' +
    'else\n' +
    '\tcurl --version > /dev/null\n' +
    '\tif [ $? -eq 0 ]\n' +
    '\tthen\n' +
    '\t\tcurl --connect-timeout 7 -s  http://169.254.169.254/metadata/v1/id\n' +
    '\tfi\n' +
    'fi\n' +
    'exit 0'
]
[IPC Library: Pty Host]  WARN Shell integration cannot be enabled for executable "/bin/sh" and args [
  '-c',
  'wget --version > /dev/null\n' +
    'if [ $? -eq 0 ]\n' +
    'then\n' +
    "\twget --connect-timeout=7 --tries=1 --dns-timeout=7 -q --header='Metadata-Flavor:Google' -O - http://metadata.google.internal/computeMetadata/v1/instance/id\n" +
    'else\n' +
    '\tcurl --version > /dev/null\n' +
    '\tif [ $? -eq 0 ]\n' +
    '\tthen\n' +
    "\t\tcurl --connect-timeout 7 -s --header='Metadata-Flavor:Google' http://metadata.google.internal/computeMetadata/v1/instance/id\n" +
    '\tfi\n' +
    'fi\n' +
    'exit 0'
]
rejected promise not handled within 1 second: CodeExpectedError: Could not find pty on pty host
stack trace: CodeExpectedError: Could not find pty on pty host
    at d._throwIfNoPty (/home/team11/.vscode-server/bin/6261075646f055b99068d3688932416f2346dd3b/out/vs/platform/terminal/node/ptyHostMain.js:27:7199)
    at d.updateIcon (/home/team11/.vscode-server/bin/6261075646f055b99068d3688932416f2346dd3b/out/vs/platform/terminal/node/ptyHostMain.js:27:2993)
    at Object.call (/home/team11/.vscode-server/bin/6261075646f055b99068d3688932416f2346dd3b/out/vs/platform/terminal/node/ptyHostMain.js:17:5858)
    at s.onPromise (/home/team11/.vscode-server/bin/6261075646f055b99068d3688932416f2346dd3b/out/vs/platform/terminal/node/ptyHostMain.js:15:5833)
    at s.onRawMessage (/home/team11/.vscode-server/bin/6261075646f055b99068d3688932416f2346dd3b/out/vs/platform/terminal/node/ptyHostMain.js:15:5216)
    at /home/team11/.vscode-server/bin/6261075646f055b99068d3688932416f2346dd3b/out/vs/platform/terminal/node/ptyHostMain.js:15:4502
    at r.invoke (/home/team11/.vscode-server/bin/6261075646f055b99068d3688932416f2346dd3b/out/vs/platform/terminal/node/ptyHostMain.js:11:145)
    at P.deliver (/home/team11/.vscode-server/bin/6261075646f055b99068d3688932416f2346dd3b/out/vs/platform/terminal/node/ptyHostMain.js:11:2275)
    at w.fire (/home/team11/.vscode-server/bin/6261075646f055b99068d3688932416f2346dd3b/out/vs/platform/terminal/node/ptyHostMain.js:11:1853)
    at process.M (/home/team11/.vscode-server/bin/6261075646f055b99068d3688932416f2346dd3b/out/vs/platform/terminal/node/ptyHostMain.js:9:21066)
    at process.emit (node:events:526:28)
    at emit (node:internal/child_process:938:14)
    at processTicksAndRejections (node:internal/process/task_queues:84:21)
[18:54:04] Error [CodeExpectedError]: Could not find pty on pty host
    at d._throwIfNoPty (/home/team11/.vscode-server/bin/6261075646f055b99068d3688932416f2346dd3b/out/vs/platform/terminal/node/ptyHostMain.js:27:7199)
    at d.updateIcon (/home/team11/.vscode-server/bin/6261075646f055b99068d3688932416f2346dd3b/out/vs/platform/terminal/node/ptyHostMain.js:27:2993)
    at Object.call (/home/team11/.vscode-server/bin/6261075646f055b99068d3688932416f2346dd3b/out/vs/platform/terminal/node/ptyHostMain.js:17:5858)
    at s.onPromise (/home/team11/.vscode-server/bin/6261075646f055b99068d3688932416f2346dd3b/out/vs/platform/terminal/node/ptyHostMain.js:15:5833)
    at s.onRawMessage (/home/team11/.vscode-server/bin/6261075646f055b99068d3688932416f2346dd3b/out/vs/platform/terminal/node/ptyHostMain.js:15:5216)
    at /home/team11/.vscode-server/bin/6261075646f055b99068d3688932416f2346dd3b/out/vs/platform/terminal/node/ptyHostMain.js:15:4502
    at r.invoke (/home/team11/.vscode-server/bin/6261075646f055b99068d3688932416f2346dd3b/out/vs/platform/terminal/node/ptyHostMain.js:11:145)
    at P.deliver (/home/team11/.vscode-server/bin/6261075646f055b99068d3688932416f2346dd3b/out/vs/platform/terminal/node/ptyHostMain.js:11:2275)
    at w.fire (/home/team11/.vscode-server/bin/6261075646f055b99068d3688932416f2346dd3b/out/vs/platform/terminal/node/ptyHostMain.js:11:1853)
    at process.M (/home/team11/.vscode-server/bin/6261075646f055b99068d3688932416f2346dd3b/out/vs/platform/terminal/node/ptyHostMain.js:9:21066)
    at process.emit (node:events:526:28)
    at emit (node:internal/child_process:938:14)
    at processTicksAndRejections (node:internal/process/task_queues:84:21)
[19:30:29] [127.0.0.1][56b20e6c][ManagementConnection] The client has disconnected gracefully, so the connection will be disposed.
[19:30:29] [127.0.0.1][b85bf574][ExtensionHostConnection] <26785> Extension Host Process exited with code: 0, signal: null.
Last EH closed, waiting before shutting down
[19:30:29] Last EH closed, waiting before shutting down
Last EH closed, shutting down
[19:35:29] Last EH closed, shutting down
