*
* Visual Studio Code Server
*
* By using the software, you agree to
* the Visual Studio Code Server License Terms (https://aka.ms/vscode-server-license) and
* the Microsoft Privacy Statement (https://privacy.microsoft.com/en-US/privacystatement).
*
Server bound to 127.0.0.1:44001 (IPv4)
Extension host agent listening on 44001

[18:25:43] 




[18:25:43] Extension host agent started.
[18:25:43] [127.0.0.1][29c9ba14][ManagementConnection] New connection established.
[18:25:43] [127.0.0.1][4f5e94ba][ExtensionHostConnection] New connection established.
[18:25:43] [127.0.0.1][4f5e94ba][ExtensionHostConnection] <27701> Launched Extension Host Process.
rejected promise not handled within 1 second: CodeExpectedError: Could not find pty on pty host
stack trace: CodeExpectedError: Could not find pty on pty host
    at $.P (/home/team11/.vscode-server/bin/abd2f3db4bdb28f9e95536dfa84d8479f1eb312d/out/vs/platform/terminal/node/ptyHostMain.js:27:32310)
    at $.updateTitle (/home/team11/.vscode-server/bin/abd2f3db4bdb28f9e95536dfa84d8479f1eb312d/out/vs/platform/terminal/node/ptyHostMain.js:27:27490)
    at T.<computed> (/home/team11/.vscode-server/bin/abd2f3db4bdb28f9e95536dfa84d8479f1eb312d/out/vs/platform/terminal/node/ptyHostMain.js:27:22750)
    at Object.call (/home/team11/.vscode-server/bin/abd2f3db4bdb28f9e95536dfa84d8479f1eb312d/out/vs/platform/terminal/node/ptyHostMain.js:17:4907)
    at u.s (/home/team11/.vscode-server/bin/abd2f3db4bdb28f9e95536dfa84d8479f1eb312d/out/vs/platform/terminal/node/ptyHostMain.js:15:5150)
    at u.q (/home/team11/.vscode-server/bin/abd2f3db4bdb28f9e95536dfa84d8479f1eb312d/out/vs/platform/terminal/node/ptyHostMain.js:15:4661)
    at i.value (/home/team11/.vscode-server/bin/abd2f3db4bdb28f9e95536dfa84d8479f1eb312d/out/vs/platform/terminal/node/ptyHostMain.js:15:4066)
    at C.w (/home/team11/.vscode-server/bin/abd2f3db4bdb28f9e95536dfa84d8479f1eb312d/out/vs/platform/terminal/node/ptyHostMain.js:10:1902)
    at C.fire (/home/team11/.vscode-server/bin/abd2f3db4bdb28f9e95536dfa84d8479f1eb312d/out/vs/platform/terminal/node/ptyHostMain.js:10:2119)
    at process.G (/home/team11/.vscode-server/bin/abd2f3db4bdb28f9e95536dfa84d8479f1eb312d/out/vs/platform/terminal/node/ptyHostMain.js:8:27561)
    at process.emit (node:events:513:28)
    at emit (node:internal/child_process:937:14)
    at process.processTicksAndRejections (node:internal/process/task_queues:83:21)
[18:25:46] Error [CodeExpectedError]: Could not find pty on pty host
    at $.P (/home/team11/.vscode-server/bin/abd2f3db4bdb28f9e95536dfa84d8479f1eb312d/out/vs/platform/terminal/node/ptyHostMain.js:27:32310)
    at $.updateTitle (/home/team11/.vscode-server/bin/abd2f3db4bdb28f9e95536dfa84d8479f1eb312d/out/vs/platform/terminal/node/ptyHostMain.js:27:27490)
    at T.<computed> (/home/team11/.vscode-server/bin/abd2f3db4bdb28f9e95536dfa84d8479f1eb312d/out/vs/platform/terminal/node/ptyHostMain.js:27:22750)
    at Object.call (/home/team11/.vscode-server/bin/abd2f3db4bdb28f9e95536dfa84d8479f1eb312d/out/vs/platform/terminal/node/ptyHostMain.js:17:4907)
    at u.s (/home/team11/.vscode-server/bin/abd2f3db4bdb28f9e95536dfa84d8479f1eb312d/out/vs/platform/terminal/node/ptyHostMain.js:15:5150)
    at u.q (/home/team11/.vscode-server/bin/abd2f3db4bdb28f9e95536dfa84d8479f1eb312d/out/vs/platform/terminal/node/ptyHostMain.js:15:4661)
    at i.value (/home/team11/.vscode-server/bin/abd2f3db4bdb28f9e95536dfa84d8479f1eb312d/out/vs/platform/terminal/node/ptyHostMain.js:15:4066)
    at C.w (/home/team11/.vscode-server/bin/abd2f3db4bdb28f9e95536dfa84d8479f1eb312d/out/vs/platform/terminal/node/ptyHostMain.js:10:1902)
    at C.fire (/home/team11/.vscode-server/bin/abd2f3db4bdb28f9e95536dfa84d8479f1eb312d/out/vs/platform/terminal/node/ptyHostMain.js:10:2119)
    at process.G (/home/team11/.vscode-server/bin/abd2f3db4bdb28f9e95536dfa84d8479f1eb312d/out/vs/platform/terminal/node/ptyHostMain.js:8:27561)
    at process.emit (node:events:513:28)
    at emit (node:internal/child_process:937:14)
    at process.processTicksAndRejections (node:internal/process/task_queues:83:21)
[18:26:24] [127.0.0.1][29c9ba14][ManagementConnection] The client has disconnected gracefully, so the connection will be disposed.
[18:26:24] Error: Throttler is disposed
    at c.queue (/home/team11/.vscode-server/bin/abd2f3db4bdb28f9e95536dfa84d8479f1eb312d/out/vs/server/node/server.main.js:70:13632)
    at /home/team11/.vscode-server/bin/abd2f3db4bdb28f9e95536dfa84d8479f1eb312d/out/vs/server/node/server.main.js:70:15216
    at /home/team11/.vscode-server/bin/abd2f3db4bdb28f9e95536dfa84d8479f1eb312d/out/vs/server/node/server.main.js:70:14852
    at runNextTicks (node:internal/process/task_queues:60:5)
    at listOnTimeout (node:internal/timers:538:9)
    at process.processTimers (node:internal/timers:512:7)
[18:26:29] [127.0.0.1][4f5e94ba][ExtensionHostConnection] <27701> Extension Host Process exited with code: 0, signal: null.
Cancelling previous shutdown timeout
[18:26:29] Cancelling previous shutdown timeout
Last EH closed, waiting before shutting down
[18:26:29] Last EH closed, waiting before shutting down
Got delay-shutdown request while in shutdown timeout, delaying
[18:26:33] Got delay-shutdown request while in shutdown timeout, delaying
Cancelling previous shutdown timeout
[18:26:33] Cancelling previous shutdown timeout
[18:26:33] [127.0.0.1][017dd332][ManagementConnection] New connection established.
[18:26:33] [127.0.0.1][9f248417][ExtensionHostConnection] New connection established.
[18:26:33] [127.0.0.1][9f248417][ExtensionHostConnection] <27912> Launched Extension Host Process.
rejected promise not handled within 1 second: CodeExpectedError: Could not find pty on pty host
stack trace: CodeExpectedError: Could not find pty on pty host
    at $.P (/home/team11/.vscode-server/bin/abd2f3db4bdb28f9e95536dfa84d8479f1eb312d/out/vs/platform/terminal/node/ptyHostMain.js:27:32310)
    at $.updateTitle (/home/team11/.vscode-server/bin/abd2f3db4bdb28f9e95536dfa84d8479f1eb312d/out/vs/platform/terminal/node/ptyHostMain.js:27:27490)
    at T.<computed> (/home/team11/.vscode-server/bin/abd2f3db4bdb28f9e95536dfa84d8479f1eb312d/out/vs/platform/terminal/node/ptyHostMain.js:27:22750)
    at Object.call (/home/team11/.vscode-server/bin/abd2f3db4bdb28f9e95536dfa84d8479f1eb312d/out/vs/platform/terminal/node/ptyHostMain.js:17:4907)
    at u.s (/home/team11/.vscode-server/bin/abd2f3db4bdb28f9e95536dfa84d8479f1eb312d/out/vs/platform/terminal/node/ptyHostMain.js:15:5150)
    at u.q (/home/team11/.vscode-server/bin/abd2f3db4bdb28f9e95536dfa84d8479f1eb312d/out/vs/platform/terminal/node/ptyHostMain.js:15:4661)
    at i.value (/home/team11/.vscode-server/bin/abd2f3db4bdb28f9e95536dfa84d8479f1eb312d/out/vs/platform/terminal/node/ptyHostMain.js:15:4066)
    at C.w (/home/team11/.vscode-server/bin/abd2f3db4bdb28f9e95536dfa84d8479f1eb312d/out/vs/platform/terminal/node/ptyHostMain.js:10:1902)
    at C.fire (/home/team11/.vscode-server/bin/abd2f3db4bdb28f9e95536dfa84d8479f1eb312d/out/vs/platform/terminal/node/ptyHostMain.js:10:2119)
    at process.G (/home/team11/.vscode-server/bin/abd2f3db4bdb28f9e95536dfa84d8479f1eb312d/out/vs/platform/terminal/node/ptyHostMain.js:8:27561)
    at process.emit (node:events:513:28)
    at emit (node:internal/child_process:937:14)
    at process.processTicksAndRejections (node:internal/process/task_queues:83:21)
[18:26:36] Error [CodeExpectedError]: Could not find pty on pty host
    at $.P (/home/team11/.vscode-server/bin/abd2f3db4bdb28f9e95536dfa84d8479f1eb312d/out/vs/platform/terminal/node/ptyHostMain.js:27:32310)
    at $.updateTitle (/home/team11/.vscode-server/bin/abd2f3db4bdb28f9e95536dfa84d8479f1eb312d/out/vs/platform/terminal/node/ptyHostMain.js:27:27490)
    at T.<computed> (/home/team11/.vscode-server/bin/abd2f3db4bdb28f9e95536dfa84d8479f1eb312d/out/vs/platform/terminal/node/ptyHostMain.js:27:22750)
    at Object.call (/home/team11/.vscode-server/bin/abd2f3db4bdb28f9e95536dfa84d8479f1eb312d/out/vs/platform/terminal/node/ptyHostMain.js:17:4907)
    at u.s (/home/team11/.vscode-server/bin/abd2f3db4bdb28f9e95536dfa84d8479f1eb312d/out/vs/platform/terminal/node/ptyHostMain.js:15:5150)
    at u.q (/home/team11/.vscode-server/bin/abd2f3db4bdb28f9e95536dfa84d8479f1eb312d/out/vs/platform/terminal/node/ptyHostMain.js:15:4661)
    at i.value (/home/team11/.vscode-server/bin/abd2f3db4bdb28f9e95536dfa84d8479f1eb312d/out/vs/platform/terminal/node/ptyHostMain.js:15:4066)
    at C.w (/home/team11/.vscode-server/bin/abd2f3db4bdb28f9e95536dfa84d8479f1eb312d/out/vs/platform/terminal/node/ptyHostMain.js:10:1902)
    at C.fire (/home/team11/.vscode-server/bin/abd2f3db4bdb28f9e95536dfa84d8479f1eb312d/out/vs/platform/terminal/node/ptyHostMain.js:10:2119)
    at process.G (/home/team11/.vscode-server/bin/abd2f3db4bdb28f9e95536dfa84d8479f1eb312d/out/vs/platform/terminal/node/ptyHostMain.js:8:27561)
    at process.emit (node:events:513:28)
    at emit (node:internal/child_process:937:14)
    at process.processTicksAndRejections (node:internal/process/task_queues:83:21)
New EH opened, aborting shutdown
[18:31:33] New EH opened, aborting shutdown
