2022-12-10 02:20:51.879 [info] Log level: Info
2022-12-10 02:20:51.880 [info] Validating found git in: "git"
2022-12-10 02:20:51.880 [info] Using git "2.7.4" from "git"
2022-12-10 02:20:51.880 [info] > git rev-parse --show-toplevel [6ms]
2022-12-10 02:20:51.880 [info] fatal: Not a git repository (or any parent up to mount point /home)
Stopping at filesystem boundary (GIT_DISCOVERY_ACROSS_FILESYSTEM not set).
2022-12-10 02:20:51.880 [info] > git rev-parse --show-toplevel [1ms]
2022-12-10 02:20:51.880 [info] fatal: Not a git repository (or any parent up to mount point /home)
Stopping at filesystem boundary (GIT_DISCOVERY_ACROSS_FILESYSTEM not set).
2022-12-10 02:20:51.880 [info] > git rev-parse --show-toplevel [2ms]
2022-12-10 02:20:51.880 [info] fatal: Not a git repository (or any parent up to mount point /home)
Stopping at filesystem boundary (GIT_DISCOVERY_ACROSS_FILESYSTEM not set).
2022-12-10 02:20:51.880 [info] > git rev-parse --show-toplevel [1ms]
2022-12-10 02:20:51.880 [info] fatal: Not a git repository (or any parent up to mount point /home)
Stopping at filesystem boundary (GIT_DISCOVERY_ACROSS_FILESYSTEM not set).
2022-12-10 02:20:51.880 [info] > git rev-parse --show-toplevel [1ms]
2022-12-10 02:20:51.880 [info] fatal: Not a git repository (or any parent up to mount point /home)
Stopping at filesystem boundary (GIT_DISCOVERY_ACROSS_FILESYSTEM not set).
2022-12-10 02:20:51.880 [info] > git rev-parse --show-toplevel [1ms]
2022-12-10 02:20:51.880 [info] fatal: Not a git repository (or any parent up to mount point /home)
Stopping at filesystem boundary (GIT_DISCOVERY_ACROSS_FILESYSTEM not set).
2022-12-10 02:20:51.880 [info] > git rev-parse --show-toplevel [1ms]
2022-12-10 02:20:51.880 [info] > git rev-parse --git-dir --git-common-dir [1ms]
2022-12-10 02:20:51.880 [info] Open repository: /home/team11/pintos
2022-12-10 02:20:51.881 [info] > git config --get commit.template [7ms]
2022-12-10 02:20:51.881 [info] > git for-each-ref --format=%(refname)%00%(upstream:short)%00%(objectname)%00%(upstream:track) refs/heads/submit_project3 refs/remotes/submit_project3 [2ms]
2022-12-10 02:20:51.881 [info] > git status -z -uall [9ms]
2022-12-10 02:20:51.881 [info] > git for-each-ref --sort -committerdate --format %(refname) %(objectname) %(*objectname) [6ms]
2022-12-10 02:20:51.881 [info] > git config --get commit.template [4ms]
2022-12-10 02:20:51.881 [info] > git for-each-ref --format=%(refname)%00%(upstream:short)%00%(objectname)%00%(upstream:track) refs/heads/submit_project3 refs/remotes/submit_project3 [1ms]
2022-12-10 02:20:51.881 [info] > git status -z -uall [6ms]
2022-12-10 02:20:51.881 [info] > git for-each-ref --sort -committerdate --format %(refname) %(objectname) %(*objectname) [3ms]
2022-12-10 02:20:51.881 [info] > git show --textconv HEAD:src/userprog/process.c [17ms]
2022-12-10 02:20:51.881 [info] > git show --textconv :src/userprog/process.c [12ms]
2022-12-10 02:20:51.881 [info] > git ls-tree -l HEAD -- /home/team11/pintos/src/userprog/process.c [7ms]
2022-12-10 02:20:51.881 [info] > git ls-files --stage -- /home/team11/pintos/src/userprog/process.c [4ms]
2022-12-10 02:20:51.881 [info] > git cat-file -s 6a160c04677e7ce8c5d7244f7f59c2390392239d [2ms]
2022-12-10 02:20:51.881 [info] > git check-ignore -v -z --stdin [4ms]
2022-12-10 02:20:51.881 [info] > git ls-tree -l HEAD -- /home/team11/pintos/src/userprog/process.c [6ms]
2022-12-10 02:20:51.881 [info] > git ls-files --stage -- /home/team11/pintos/src/userprog/process.c [5ms]
2022-12-10 02:20:51.881 [info] > git ls-tree -l HEAD -- /home/team11/pintos/src/userprog/process.c [18ms]
2022-12-10 02:20:51.881 [info] > git ls-files --stage -- /home/team11/pintos/src/userprog/process.c [7ms]
2022-12-10 02:20:51.881 [info] > git cat-file -s 6a160c04677e7ce8c5d7244f7f59c2390392239d [7ms]
2022-12-10 02:20:51.881 [info] > git cat-file -s 6a160c04677e7ce8c5d7244f7f59c2390392239d [2ms]
2022-12-10 02:20:51.881 [info] > git check-ignore -v -z --stdin [2ms]
2022-12-10 02:20:51.881 [info] > git rev-parse --show-toplevel [2ms]
2022-12-10 02:20:51.881 [info] fatal: Not a git repository (or any parent up to mount point /home)
Stopping at filesystem boundary (GIT_DISCOVERY_ACROSS_FILESYSTEM not set).
2022-12-10 02:20:51.881 [info] > git rev-parse --show-toplevel [3ms]
2022-12-10 02:20:51.881 [info] fatal: Not a git repository (or any parent up to mount point /home)
Stopping at filesystem boundary (GIT_DISCOVERY_ACROSS_FILESYSTEM not set).
2022-12-10 02:20:51.881 [info] > git rev-parse --show-toplevel [6ms]
2022-12-10 02:20:51.881 [info] fatal: Not a git repository (or any parent up to mount point /home)
Stopping at filesystem boundary (GIT_DISCOVERY_ACROSS_FILESYSTEM not set).
2022-12-10 02:20:51.881 [info] > git rev-parse --show-toplevel [1ms]
2022-12-10 02:20:51.881 [info] fatal: Not a git repository (or any parent up to mount point /home)
Stopping at filesystem boundary (GIT_DISCOVERY_ACROSS_FILESYSTEM not set).
2022-12-10 02:20:53.066 [info] > git check-ignore -v -z --stdin [3ms]
2022-12-10 02:20:53.315 [info] > git show --textconv :src/userprog/exception.c [7ms]
2022-12-10 02:20:53.317 [info] > git ls-files --stage -- /home/team11/pintos/src/userprog/exception.c [2ms]
2022-12-10 02:20:53.324 [info] > git cat-file -s d4849517cfff866b61c7c5886d337b04bc19d585 [1ms]
2022-12-10 02:20:54.202 [info] > git check-ignore -v -z --stdin [4ms]
2022-12-10 02:20:54.603 [info] > git show --textconv :src/threads/thread.c [7ms]
2022-12-10 02:20:54.605 [info] > git ls-files --stage -- /home/team11/pintos/src/threads/thread.c [3ms]
2022-12-10 02:20:54.612 [info] > git cat-file -s 58fadfdc7240641694740e973368e9ae1155a327 [2ms]
2022-12-10 02:20:56.001 [info] > git check-ignore -v -z --stdin [3ms]
2022-12-10 02:20:58.367 [info] > git check-ignore -v -z --stdin [2ms]
2022-12-10 02:20:59.682 [info] > git check-ignore -v -z --stdin [3ms]
2022-12-10 02:21:08.595 [info] > git show --textconv :src/userprog/syscall.c [7ms]
2022-12-10 02:21:08.597 [info] > git ls-files --stage -- /home/team11/pintos/src/userprog/syscall.c [2ms]
2022-12-10 02:21:08.602 [info] > git cat-file -s 124c9506cf5379851ee22c312f4cf8fadd7b6a41 [1ms]
2022-12-10 02:21:08.744 [info] > git check-ignore -v -z --stdin [2ms]
2022-12-10 02:21:09.714 [info] > git show --textconv :src/vm/page.c [7ms]
2022-12-10 02:21:09.716 [info] > git ls-files --stage -- /home/team11/pintos/src/vm/page.c [2ms]
2022-12-10 02:21:09.721 [info] > git cat-file -s 0a6d3afcdaa55bf47a5cecb2641deed57f2197ae [1ms]
2022-12-10 02:21:10.709 [info] > git check-ignore -v -z --stdin [2ms]
2022-12-10 02:28:29.274 [info] > git show --textconv :src/.gitignore [7ms]
2022-12-10 02:28:29.277 [info] > git ls-files --stage -- /home/team11/pintos/src/.gitignore [2ms]
2022-12-10 02:28:29.289 [info] > git cat-file -s 0ab34c0fac314d536c06b4e06b1358cade0e21b0 [7ms]
2022-12-10 02:28:30.468 [info] > git show --textconv :src/vm/page.h [6ms]
2022-12-10 02:28:30.469 [info] > git ls-files --stage -- /home/team11/pintos/src/vm/page.h [1ms]
2022-12-10 02:28:30.476 [info] > git cat-file -s 54170ee43968ecff5e6384c4c7eced8cbc5bd707 [2ms]
2022-12-10 02:30:48.162 [info] > git show --textconv :src/userprog/process.c [4ms]
2022-12-10 02:30:48.163 [info] > git ls-files --stage -- /home/team11/pintos/src/userprog/process.c [2ms]
2022-12-10 02:30:48.167 [info] > git cat-file -s 6a160c04677e7ce8c5d7244f7f59c2390392239d [1ms]
2022-12-10 02:31:53.579 [info] > git show --textconv :src/userprog/process.h [6ms]
2022-12-10 02:31:53.581 [info] > git ls-files --stage -- /home/team11/pintos/src/userprog/process.h [3ms]
2022-12-10 02:31:53.586 [info] > git cat-file -s 70d51d9ada88d72e886bb7c9147b62368198ab1a [1ms]
2022-12-10 02:31:58.234 [info] > git config --get commit.template [6ms]
2022-12-10 02:31:58.235 [info] > git for-each-ref --format=%(refname)%00%(upstream:short)%00%(objectname)%00%(upstream:track) refs/heads/submit_project3 refs/remotes/submit_project3 [2ms]
2022-12-10 02:31:58.246 [info] > git for-each-ref --sort -committerdate --format %(refname) %(objectname) %(*objectname) [1ms]
2022-12-10 02:31:58.249 [info] > git status -z -uall [8ms]
2022-12-10 02:32:08.599 [info] > git config --get commit.template [5ms]
2022-12-10 02:32:08.601 [info] > git for-each-ref --format=%(refname)%00%(upstream:short)%00%(objectname)%00%(upstream:track) refs/heads/submit_project3 refs/remotes/submit_project3 [2ms]
2022-12-10 02:32:08.610 [info] > git status -z -uall [5ms]
2022-12-10 02:32:08.612 [info] > git for-each-ref --sort -committerdate --format %(refname) %(objectname) %(*objectname) [3ms]
2022-12-10 02:35:06.741 [info] > git config --get commit.template [6ms]
2022-12-10 02:35:06.742 [info] > git for-each-ref --format=%(refname)%00%(upstream:short)%00%(objectname)%00%(upstream:track) refs/heads/submit_project3 refs/remotes/submit_project3 [2ms]
2022-12-10 02:35:06.751 [info] > git status -z -uall [5ms]
2022-12-10 02:35:06.753 [info] > git for-each-ref --sort -committerdate --format %(refname) %(objectname) %(*objectname) [3ms]
2022-12-10 02:35:28.637 [info] > git config --get commit.template [5ms]
2022-12-10 02:35:28.639 [info] > git for-each-ref --format=%(refname)%00%(upstream:short)%00%(objectname)%00%(upstream:track) refs/heads/submit_project3 refs/remotes/submit_project3 [2ms]
2022-12-10 02:35:28.652 [info] > git for-each-ref --sort -committerdate --format %(refname) %(objectname) %(*objectname) [3ms]
2022-12-10 02:35:28.652 [info] > git status -z -uall [8ms]
2022-12-10 02:35:33.675 [info] > git config --get commit.template [7ms]
2022-12-10 02:35:33.677 [info] > git for-each-ref --format=%(refname)%00%(upstream:short)%00%(objectname)%00%(upstream:track) refs/heads/submit_project3 refs/remotes/submit_project3 [3ms]
2022-12-10 02:35:33.690 [info] > git status -z -uall [6ms]
2022-12-10 02:35:33.691 [info] > git for-each-ref --sort -committerdate --format %(refname) %(objectname) %(*objectname) [2ms]
2022-12-10 02:35:56.866 [info] > git config --get commit.template [7ms]
2022-12-10 02:35:56.868 [info] > git for-each-ref --format=%(refname)%00%(upstream:short)%00%(objectname)%00%(upstream:track) refs/heads/submit_project3 refs/remotes/submit_project3 [3ms]
2022-12-10 02:35:56.878 [info] > git for-each-ref --sort -committerdate --format %(refname) %(objectname) %(*objectname) [3ms]
2022-12-10 02:35:56.878 [info] > git status -z -uall [6ms]
2022-12-10 02:36:02.737 [info] > git check-ignore -v -z --stdin [1ms]
2022-12-10 02:36:04.266 [info] > git show --textconv :src/filesys/file.c [6ms]
2022-12-10 02:36:04.268 [info] > git ls-files --stage -- /home/team11/pintos/src/filesys/file.c [2ms]
2022-12-10 02:36:04.272 [info] > git cat-file -s d5fc10de15004e98d4f8490aa8a7ec8a4c7efcff [1ms]
2022-12-10 02:36:07.019 [info] > git show --textconv :src/filesys/file.h [6ms]
2022-12-10 02:36:07.020 [info] > git ls-files --stage -- /home/team11/pintos/src/filesys/file.h [2ms]
2022-12-10 02:36:07.026 [info] > git cat-file -s a33c5af49f7c9c29142b234290e7c1969b9f54cb [1ms]
2022-12-10 02:37:18.070 [info] > git config --get commit.template [1ms]
2022-12-10 02:37:18.077 [info] > git for-each-ref --format=%(refname)%00%(upstream:short)%00%(objectname)%00%(upstream:track) refs/heads/submit_project3 refs/remotes/submit_project3 [2ms]
2022-12-10 02:37:18.085 [info] > git for-each-ref --sort -committerdate --format %(refname) %(objectname) %(*objectname) [1ms]
2022-12-10 02:37:18.089 [info] > git status -z -uall [8ms]
2022-12-10 02:38:15.194 [info] > git config --get commit.template [7ms]
2022-12-10 02:38:15.195 [info] > git for-each-ref --format=%(refname)%00%(upstream:short)%00%(objectname)%00%(upstream:track) refs/heads/submit_project3 refs/remotes/submit_project3 [2ms]
2022-12-10 02:38:15.207 [info] > git for-each-ref --sort -committerdate --format %(refname) %(objectname) %(*objectname) [3ms]
2022-12-10 02:38:15.209 [info] > git status -z -uall [9ms]
2022-12-10 02:39:08.751 [info] > git config --get commit.template [6ms]
2022-12-10 02:39:08.751 [info] > git for-each-ref --format=%(refname)%00%(upstream:short)%00%(objectname)%00%(upstream:track) refs/heads/submit_project3 refs/remotes/submit_project3 [1ms]
2022-12-10 02:39:08.764 [info] > git for-each-ref --sort -committerdate --format %(refname) %(objectname) %(*objectname) [3ms]
2022-12-10 02:39:08.765 [info] > git status -z -uall [8ms]
2022-12-10 02:39:10.044 [info] > git ls-files --stage -- /home/team11/pintos/src/filesys/file.c [5ms]
2022-12-10 02:39:10.050 [info] > git ls-files --stage -- /home/team11/pintos/src/userprog/process.h [16ms]
2022-12-10 02:39:10.055 [info] > git ls-files --stage -- /home/team11/pintos/src/userprog/process.c [24ms]
2022-12-10 02:39:10.059 [info] > git ls-files --stage -- /home/team11/pintos/src/vm/page.h [34ms]
2022-12-10 02:39:10.064 [info] > git ls-files --stage -- /home/team11/pintos/src/vm/page.c [43ms]
2022-12-10 02:39:10.068 [info] > git ls-files --stage -- /home/team11/pintos/src/userprog/syscall.c [53ms]
2022-12-10 02:39:10.073 [info] > git ls-files --stage -- /home/team11/pintos/src/threads/thread.c [63ms]
2022-12-10 02:39:10.078 [info] > git cat-file -s 124c9506cf5379851ee22c312f4cf8fadd7b6a41 [6ms]
2022-12-10 02:39:10.078 [info] > git cat-file -s 0a6d3afcdaa55bf47a5cecb2641deed57f2197ae [10ms]
2022-12-10 02:39:10.079 [info] > git cat-file -s 54170ee43968ecff5e6384c4c7eced8cbc5bd707 [16ms]
2022-12-10 02:39:10.079 [info] > git cat-file -s 6a160c04677e7ce8c5d7244f7f59c2390392239d [20ms]
2022-12-10 02:39:10.079 [info] > git cat-file -s 70d51d9ada88d72e886bb7c9147b62368198ab1a [25ms]
2022-12-10 02:39:10.080 [info] > git cat-file -s d5fc10de15004e98d4f8490aa8a7ec8a4c7efcff [30ms]
2022-12-10 02:39:10.080 [info] > git ls-files --stage -- /home/team11/pintos/src/filesys/file.h [37ms]
2022-12-10 02:39:10.085 [info] > git cat-file -s 58fadfdc7240641694740e973368e9ae1155a327 [7ms]
2022-12-10 02:39:10.086 [info] > git cat-file -s a33c5af49f7c9c29142b234290e7c1969b9f54cb [1ms]
2022-12-10 02:39:10.152 [info] > git show --textconv :src/userprog/syscall.c [36ms]
2022-12-10 02:39:10.152 [info] > git show --textconv :src/vm/page.c [30ms]
2022-12-10 02:39:10.152 [info] > git show --textconv :src/vm/page.h [25ms]
2022-12-10 02:39:10.152 [info] > git show --textconv :src/userprog/process.c [20ms]
2022-12-10 02:39:10.152 [info] > git show --textconv :src/userprog/process.h [15ms]
2022-12-10 02:39:10.153 [info] > git show --textconv :src/filesys/file.c [9ms]
2022-12-10 02:39:10.155 [info] > git show --textconv :src/threads/thread.c [4ms]
2022-12-10 02:39:10.163 [info] > git show --textconv :src/filesys/file.h [3ms]
2022-12-10 02:39:13.783 [info] > git config --get commit.template [5ms]
2022-12-10 02:39:13.785 [info] > git for-each-ref --format=%(refname)%00%(upstream:short)%00%(objectname)%00%(upstream:track) refs/heads/submit_project3 refs/remotes/submit_project3 [2ms]
2022-12-10 02:39:13.796 [info] > git status -z -uall [6ms]
2022-12-10 02:39:13.798 [info] > git for-each-ref --sort -committerdate --format %(refname) %(objectname) %(*objectname) [3ms]
2022-12-10 02:39:46.370 [info] > git show --textconv :src/threads/thread.h [7ms]
2022-12-10 02:39:46.372 [info] > git ls-files --stage -- /home/team11/pintos/src/threads/thread.h [2ms]
2022-12-10 02:39:46.379 [info] > git cat-file -s fceba9f981ce0e585481134275f23424f05c3318 [2ms]
2022-12-10 02:57:43.325 [info] > git show --textconv :src/userprog/exception.c [4ms]
2022-12-10 02:57:43.326 [info] > git ls-files --stage -- /home/team11/pintos/src/userprog/exception.c [1ms]
2022-12-10 02:57:43.330 [info] > git cat-file -s d4849517cfff866b61c7c5886d337b04bc19d585 [0ms]
2022-12-10 03:08:56.398 [info] > git check-ignore -v -z --stdin [3ms]
2022-12-10 03:08:58.328 [info] > git show --textconv :src/lib/user/syscall.c [7ms]
2022-12-10 03:08:58.330 [info] > git ls-files --stage -- /home/team11/pintos/src/lib/user/syscall.c [3ms]
2022-12-10 03:08:58.337 [info] > git cat-file -s c8385bc3364b1eabc57e68bae885fe458537b42a [2ms]
2022-12-10 03:09:32.062 [info] > git check-ignore -v -z --stdin [2ms]
2022-12-10 03:09:35.029 [info] > git check-ignore -v -z --stdin [3ms]
2022-12-10 03:09:35.746 [info] > git check-ignore -v -z --stdin [2ms]
2022-12-10 03:09:36.728 [info] > git check-ignore -v -z --stdin [1ms]
2022-12-10 03:09:38.211 [info] > git check-ignore -v -z --stdin [3ms]
2022-12-10 03:09:39.894 [info] > git check-ignore -v -z --stdin [2ms]
2022-12-10 03:09:41.295 [info] > git check-ignore -v -z --stdin [2ms]
2022-12-10 03:09:43.948 [info] > git show --textconv :src/tests/userprog/read-bad-fd.c [6ms]
2022-12-10 03:09:43.949 [info] > git ls-files --stage -- /home/team11/pintos/src/tests/userprog/read-bad-fd.c [2ms]
2022-12-10 03:09:43.953 [info] > git cat-file -s a8b190d0d4b6092609ba0826eb2a49c4b4936f36 [1ms]
2022-12-10 03:09:48.752 [info] > git check-ignore -v -z --stdin [1ms]
2022-12-10 03:09:49.587 [info] > git check-ignore -v -z --stdin [2ms]
2022-12-10 03:10:09.702 [info] > git check-ignore -v -z --stdin [2ms]
2022-12-10 03:10:10.320 [info] > git check-ignore -v -z --stdin [2ms]
2022-12-10 03:10:36.980 [info] > git show --textconv :src/userprog/syscall.h [7ms]
2022-12-10 03:10:36.981 [info] > git ls-files --stage -- /home/team11/pintos/src/userprog/syscall.h [2ms]
2022-12-10 03:10:36.986 [info] > git cat-file -s 90590967a9f96f9ea359d15c672b815dfb4379cb [1ms]
2022-12-10 03:12:51.737 [info] > git config --get commit.template [5ms]
2022-12-10 03:12:51.738 [info] > git for-each-ref --format=%(refname)%00%(upstream:short)%00%(objectname)%00%(upstream:track) refs/heads/submit_project3 refs/remotes/submit_project3 [2ms]
2022-12-10 03:12:51.746 [info] > git status -z -uall [4ms]
2022-12-10 03:12:51.749 [info] > git for-each-ref --sort -committerdate --format %(refname) %(objectname) %(*objectname) [3ms]
2022-12-10 03:13:07.821 [info] > git config --get commit.template [7ms]
2022-12-10 03:13:07.822 [info] > git for-each-ref --format=%(refname)%00%(upstream:short)%00%(objectname)%00%(upstream:track) refs/heads/submit_project3 refs/remotes/submit_project3 [2ms]
2022-12-10 03:13:07.834 [info] > git for-each-ref --sort -committerdate --format %(refname) %(objectname) %(*objectname) [3ms]
2022-12-10 03:13:07.834 [info] > git status -z -uall [7ms]
2022-12-10 03:16:13.075 [info] > git show --textconv :src/userprog/pagedir.c [8ms]
2022-12-10 03:16:13.076 [info] > git ls-files --stage -- /home/team11/pintos/src/userprog/pagedir.c [2ms]
2022-12-10 03:16:13.082 [info] > git cat-file -s a6a87b827ba16a12157d94df6f2a7233b7c59e8e [2ms]
2022-12-10 03:16:44.523 [info] > git show --textconv :src/filesys/directory.c [6ms]
2022-12-10 03:16:44.525 [info] > git ls-files --stage -- /home/team11/pintos/src/filesys/directory.c [3ms]
2022-12-10 03:16:44.529 [info] > git cat-file -s 030c1c9b0dbaf9b3a41a4decaadd7c76793b1d63 [1ms]
2022-12-10 03:17:01.867 [info] > git show --textconv :src/threads/palloc.c [4ms]
2022-12-10 03:17:01.868 [info] > git ls-files --stage -- /home/team11/pintos/src/threads/palloc.c [1ms]
2022-12-10 03:17:01.872 [info] > git cat-file -s 4fc8394c8f078a20c5a48722c36e3e022658620e [1ms]
2022-12-10 03:17:49.252 [info] > git show --textconv :src/userprog/pagedir.c [8ms]
2022-12-10 03:17:49.252 [info] > git ls-files --stage -- /home/team11/pintos/src/userprog/pagedir.c [2ms]
2022-12-10 03:17:49.259 [info] > git cat-file -s a6a87b827ba16a12157d94df6f2a7233b7c59e8e [1ms]
2022-12-10 03:18:04.577 [info] > git check-ignore -v -z --stdin [2ms]
2022-12-10 03:18:05.486 [info] > git check-ignore -v -z --stdin [2ms]
2022-12-10 03:18:28.815 [info] > git show --textconv :src/lib/round.h [6ms]
2022-12-10 03:18:28.815 [info] > git ls-files --stage -- /home/team11/pintos/src/lib/round.h [1ms]
2022-12-10 03:18:28.819 [info] > git cat-file -s 3aa66427409c4e3be1e061a8d910cba38b4766f3 [1ms]
2022-12-10 03:18:39.497 [info] > git check-ignore -v -z --stdin [3ms]
2022-12-10 03:18:49.690 [info] > git show --textconv :src/threads/palloc.c [7ms]
2022-12-10 03:18:49.691 [info] > git ls-files --stage -- /home/team11/pintos/src/threads/palloc.c [1ms]
2022-12-10 03:18:49.695 [info] > git cat-file -s 4fc8394c8f078a20c5a48722c36e3e022658620e [1ms]
2022-12-10 03:18:56.101 [info] > git show --textconv :src/userprog/pagedir.c [6ms]
2022-12-10 03:18:56.102 [info] > git ls-files --stage -- /home/team11/pintos/src/userprog/pagedir.c [2ms]
2022-12-10 03:18:56.106 [info] > git cat-file -s a6a87b827ba16a12157d94df6f2a7233b7c59e8e [1ms]
2022-12-10 03:19:00.521 [info] > git show --textconv :src/userprog/pagedir.h [5ms]
2022-12-10 03:19:00.522 [info] > git ls-files --stage -- /home/team11/pintos/src/userprog/pagedir.h [2ms]
2022-12-10 03:19:00.526 [info] > git cat-file -s cd92447c2290bf4d0410a20b6a56af183922b429 [1ms]
2022-12-10 03:21:54.414 [info] > git check-ignore -v -z --stdin [3ms]
2022-12-10 03:22:11.434 [info] > git show --textconv :src/userprog/pagedir.c [7ms]
2022-12-10 03:22:11.436 [info] > git ls-files --stage -- /home/team11/pintos/src/userprog/pagedir.c [3ms]
2022-12-10 03:22:11.442 [info] > git cat-file -s a6a87b827ba16a12157d94df6f2a7233b7c59e8e [2ms]
2022-12-10 03:22:14.546 [info] > git check-ignore -v -z --stdin [3ms]
2022-12-10 03:22:23.785 [info] > git show --textconv :src/threads/vaddr.h [6ms]
2022-12-10 03:22:23.786 [info] > git ls-files --stage -- /home/team11/pintos/src/threads/vaddr.h [2ms]
2022-12-10 03:22:23.792 [info] > git cat-file -s 184c8241c832a6705031b3a1f785eece8e380455 [1ms]
2022-12-10 03:45:27.360 [info] > git config --get commit.template [7ms]
2022-12-10 03:45:27.361 [info] > git for-each-ref --format=%(refname)%00%(upstream:short)%00%(objectname)%00%(upstream:track) refs/heads/submit_project3 refs/remotes/submit_project3 [2ms]
2022-12-10 03:45:27.375 [info] > git status -z -uall [6ms]
2022-12-10 03:45:27.378 [info] > git for-each-ref --sort -committerdate --format %(refname) %(objectname) %(*objectname) [3ms]
2022-12-10 03:47:27.741 [info] > git config --get commit.template [6ms]
2022-12-10 03:47:27.742 [info] > git for-each-ref --format=%(refname)%00%(upstream:short)%00%(objectname)%00%(upstream:track) refs/heads/submit_project3 refs/remotes/submit_project3 [2ms]
2022-12-10 03:47:27.754 [info] > git for-each-ref --sort -committerdate --format %(refname) %(objectname) %(*objectname) [3ms]
2022-12-10 03:47:27.754 [info] > git status -z -uall [7ms]
2022-12-10 03:53:23.104 [info] > git config --get commit.template [7ms]
2022-12-10 03:53:23.106 [info] > git for-each-ref --format=%(refname)%00%(upstream:short)%00%(objectname)%00%(upstream:track) refs/heads/submit_project3 refs/remotes/submit_project3 [4ms]
2022-12-10 03:53:23.118 [info] > git status -z -uall [6ms]
2022-12-10 03:53:23.120 [info] > git for-each-ref --sort -committerdate --format %(refname) %(objectname) %(*objectname) [2ms]
2022-12-10 03:53:28.137 [info] > git config --get commit.template [6ms]
2022-12-10 03:53:28.139 [info] > git for-each-ref --format=%(refname)%00%(upstream:short)%00%(objectname)%00%(upstream:track) refs/heads/submit_project3 refs/remotes/submit_project3 [2ms]
2022-12-10 03:53:28.151 [info] > git status -z -uall [6ms]
2022-12-10 03:53:28.153 [info] > git for-each-ref --sort -committerdate --format %(refname) %(objectname) %(*objectname) [3ms]
2022-12-10 03:58:52.978 [info] > git config --get commit.template [8ms]
2022-12-10 03:58:52.979 [info] > git for-each-ref --format=%(refname)%00%(upstream:short)%00%(objectname)%00%(upstream:track) refs/heads/submit_project3 refs/remotes/submit_project3 [2ms]
2022-12-10 03:58:52.992 [info] > git status -z -uall [7ms]
2022-12-10 03:58:52.993 [info] > git for-each-ref --sort -committerdate --format %(refname) %(objectname) %(*objectname) [3ms]
2022-12-10 04:00:27.452 [info] > git config --get commit.template [6ms]
2022-12-10 04:00:27.453 [info] > git for-each-ref --format=%(refname)%00%(upstream:short)%00%(objectname)%00%(upstream:track) refs/heads/submit_project3 refs/remotes/submit_project3 [2ms]
2022-12-10 04:00:27.461 [info] > git status -z -uall [4ms]
2022-12-10 04:00:27.462 [info] > git for-each-ref --sort -committerdate --format %(refname) %(objectname) %(*objectname) [1ms]
2022-12-10 04:01:36.162 [info] > git config --get commit.template [4ms]
2022-12-10 04:01:36.163 [info] > git for-each-ref --format=%(refname)%00%(upstream:short)%00%(objectname)%00%(upstream:track) refs/heads/submit_project3 refs/remotes/submit_project3 [2ms]
2022-12-10 04:01:36.175 [info] > git for-each-ref --sort -committerdate --format %(refname) %(objectname) %(*objectname) [3ms]
2022-12-10 04:01:36.176 [info] > git status -z -uall [8ms]
2022-12-10 04:02:34.848 [info] > git config --get commit.template [7ms]
2022-12-10 04:02:34.849 [info] > git for-each-ref --format=%(refname)%00%(upstream:short)%00%(objectname)%00%(upstream:track) refs/heads/submit_project3 refs/remotes/submit_project3 [2ms]
2022-12-10 04:02:34.859 [info] > git for-each-ref --sort -committerdate --format %(refname) %(objectname) %(*objectname) [2ms]
2022-12-10 04:02:34.860 [info] > git status -z -uall [7ms]
2022-12-10 04:02:52.761 [info] > git config --get commit.template [7ms]
2022-12-10 04:02:52.761 [info] > git for-each-ref --format=%(refname)%00%(upstream:short)%00%(objectname)%00%(upstream:track) refs/heads/submit_project3 refs/remotes/submit_project3 [2ms]
2022-12-10 04:02:52.772 [info] > git for-each-ref --sort -committerdate --format %(refname) %(objectname) %(*objectname) [3ms]
2022-12-10 04:02:52.773 [info] > git status -z -uall [7ms]
2022-12-10 04:03:07.036 [info] > git config --get commit.template [4ms]
2022-12-10 04:03:07.037 [info] > git for-each-ref --format=%(refname)%00%(upstream:short)%00%(objectname)%00%(upstream:track) refs/heads/submit_project3 refs/remotes/submit_project3 [1ms]
2022-12-10 04:03:07.045 [info] > git for-each-ref --sort -committerdate --format %(refname) %(objectname) %(*objectname) [1ms]
2022-12-10 04:03:07.047 [info] > git status -z -uall [7ms]
2022-12-10 04:05:38.674 [info] > git config --get commit.template [5ms]
2022-12-10 04:05:38.675 [info] > git for-each-ref --format=%(refname)%00%(upstream:short)%00%(objectname)%00%(upstream:track) refs/heads/submit_project3 refs/remotes/submit_project3 [2ms]
2022-12-10 04:05:38.685 [info] > git status -z -uall [4ms]
2022-12-10 04:05:38.687 [info] > git for-each-ref --sort -committerdate --format %(refname) %(objectname) %(*objectname) [2ms]
2022-12-10 04:05:43.703 [info] > git config --get commit.template [4ms]
2022-12-10 04:05:43.703 [info] > git for-each-ref --format=%(refname)%00%(upstream:short)%00%(objectname)%00%(upstream:track) refs/heads/submit_project3 refs/remotes/submit_project3 [1ms]
2022-12-10 04:05:43.710 [info] > git status -z -uall [4ms]
2022-12-10 04:05:43.711 [info] > git for-each-ref --sort -committerdate --format %(refname) %(objectname) %(*objectname) [1ms]
2022-12-10 04:07:15.553 [info] > git config --get commit.template [1ms]
2022-12-10 04:07:15.560 [info] > git for-each-ref --format=%(refname)%00%(upstream:short)%00%(objectname)%00%(upstream:track) refs/heads/submit_project3 refs/remotes/submit_project3 [1ms]
2022-12-10 04:07:15.569 [info] > git for-each-ref --sort -committerdate --format %(refname) %(objectname) %(*objectname) [2ms]
2022-12-10 04:07:15.573 [info] > git status -z -uall [8ms]
2022-12-10 04:07:25.744 [info] > git config --get commit.template [5ms]
2022-12-10 04:07:25.746 [info] > git for-each-ref --format=%(refname)%00%(upstream:short)%00%(objectname)%00%(upstream:track) refs/heads/submit_project3 refs/remotes/submit_project3 [2ms]
2022-12-10 04:07:25.755 [info] > git status -z -uall [5ms]
2022-12-10 04:07:25.757 [info] > git for-each-ref --sort -committerdate --format %(refname) %(objectname) %(*objectname) [3ms]
2022-12-10 04:10:25.846 [info] > git config --get commit.template [2ms]
2022-12-10 04:10:25.853 [info] > git for-each-ref --format=%(refname)%00%(upstream:short)%00%(objectname)%00%(upstream:track) refs/heads/submit_project3 refs/remotes/submit_project3 [2ms]
2022-12-10 04:10:25.862 [info] > git for-each-ref --sort -committerdate --format %(refname) %(objectname) %(*objectname) [1ms]
2022-12-10 04:10:25.865 [info] > git status -z -uall [8ms]
2022-12-10 04:11:15.101 [info] > git config --get commit.template [5ms]
2022-12-10 04:11:15.102 [info] > git for-each-ref --format=%(refname)%00%(upstream:short)%00%(objectname)%00%(upstream:track) refs/heads/submit_project3 refs/remotes/submit_project3 [2ms]
2022-12-10 04:11:15.113 [info] > git for-each-ref --sort -committerdate --format %(refname) %(objectname) %(*objectname) [2ms]
2022-12-10 04:11:15.115 [info] > git status -z -uall [8ms]
2022-12-10 04:11:21.517 [info] > git config --get commit.template [7ms]
2022-12-10 04:11:21.519 [info] > git for-each-ref --format=%(refname)%00%(upstream:short)%00%(objectname)%00%(upstream:track) refs/heads/submit_project3 refs/remotes/submit_project3 [3ms]
2022-12-10 04:11:21.527 [info] > git status -z -uall [5ms]
2022-12-10 04:11:21.530 [info] > git for-each-ref --sort -committerdate --format %(refname) %(objectname) %(*objectname) [4ms]
2022-12-10 04:11:26.549 [info] > git for-each-ref --format=%(refname)%00%(upstream:short)%00%(objectname)%00%(upstream:track) refs/heads/submit_project3 refs/remotes/submit_project3 [3ms]
2022-12-10 04:11:26.549 [info] > git config --get commit.template [8ms]
2022-12-10 04:11:26.559 [info] > git status -z -uall [5ms]
2022-12-10 04:11:26.560 [info] > git for-each-ref --sort -committerdate --format %(refname) %(objectname) %(*objectname) [3ms]
2022-12-10 04:11:35.212 [info] > git config --get commit.template [5ms]
2022-12-10 04:11:35.214 [info] > git for-each-ref --format=%(refname)%00%(upstream:short)%00%(objectname)%00%(upstream:track) refs/heads/submit_project3 refs/remotes/submit_project3 [2ms]
2022-12-10 04:11:35.223 [info] > git status -z -uall [5ms]
2022-12-10 04:11:35.224 [info] > git for-each-ref --sort -committerdate --format %(refname) %(objectname) %(*objectname) [2ms]
2022-12-10 04:12:50.637 [info] > git config --get commit.template [8ms]
2022-12-10 04:12:50.639 [info] > git for-each-ref --format=%(refname)%00%(upstream:short)%00%(objectname)%00%(upstream:track) refs/heads/submit_project3 refs/remotes/submit_project3 [1ms]
2022-12-10 04:12:50.649 [info] > git status -z -uall [5ms]
2022-12-10 04:12:50.651 [info] > git for-each-ref --sort -committerdate --format %(refname) %(objectname) %(*objectname) [3ms]
2022-12-10 04:13:16.692 [info] > git config --get commit.template [7ms]
2022-12-10 04:13:16.694 [info] > git for-each-ref --format=%(refname)%00%(upstream:short)%00%(objectname)%00%(upstream:track) refs/heads/submit_project3 refs/remotes/submit_project3 [2ms]
2022-12-10 04:13:16.704 [info] > git status -z -uall [5ms]
2022-12-10 04:13:16.706 [info] > git for-each-ref --sort -committerdate --format %(refname) %(objectname) %(*objectname) [3ms]
2022-12-10 04:20:00.938 [info] > git config --get commit.template [8ms]
2022-12-10 04:20:00.938 [info] > git for-each-ref --format=%(refname)%00%(upstream:short)%00%(objectname)%00%(upstream:track) refs/heads/submit_project3 refs/remotes/submit_project3 [1ms]
2022-12-10 04:20:00.952 [info] > git for-each-ref --sort -committerdate --format %(refname) %(objectname) %(*objectname) [2ms]
2022-12-10 04:20:00.952 [info] > git status -z -uall [8ms]
2022-12-10 04:20:49.747 [info] > git config --get commit.template [6ms]
2022-12-10 04:20:49.747 [info] > git for-each-ref --format=%(refname)%00%(upstream:short)%00%(objectname)%00%(upstream:track) refs/heads/submit_project3 refs/remotes/submit_project3 [1ms]
2022-12-10 04:20:49.757 [info] > git status -z -uall [5ms]
2022-12-10 04:20:49.760 [info] > git for-each-ref --sort -committerdate --format %(refname) %(objectname) %(*objectname) [3ms]
2022-12-10 04:20:56.114 [info] > git config --get commit.template [8ms]
2022-12-10 04:20:56.115 [info] > git for-each-ref --format=%(refname)%00%(upstream:short)%00%(objectname)%00%(upstream:track) refs/heads/submit_project3 refs/remotes/submit_project3 [2ms]
2022-12-10 04:20:56.127 [info] > git for-each-ref --sort -committerdate --format %(refname) %(objectname) %(*objectname) [1ms]
2022-12-10 04:20:56.130 [info] > git status -z -uall [8ms]
2022-12-10 04:22:45.977 [info] > git config --get commit.template [8ms]
2022-12-10 04:22:45.978 [info] > git for-each-ref --format=%(refname)%00%(upstream:short)%00%(objectname)%00%(upstream:track) refs/heads/submit_project3 refs/remotes/submit_project3 [3ms]
2022-12-10 04:22:45.989 [info] > git status -z -uall [5ms]
2022-12-10 04:22:45.991 [info] > git for-each-ref --sort -committerdate --format %(refname) %(objectname) %(*objectname) [3ms]
2022-12-10 04:23:17.489 [info] > git config --get commit.template [8ms]
2022-12-10 04:23:17.490 [info] > git for-each-ref --format=%(refname)%00%(upstream:short)%00%(objectname)%00%(upstream:track) refs/heads/submit_project3 refs/remotes/submit_project3 [2ms]
2022-12-10 04:23:17.503 [info] > git for-each-ref --sort -committerdate --format %(refname) %(objectname) %(*objectname) [3ms]
2022-12-10 04:23:17.504 [info] > git status -z -uall [8ms]
2022-12-10 04:23:22.514 [info] > git config --get commit.template [1ms]
2022-12-10 04:23:22.520 [info] > git for-each-ref --format=%(refname)%00%(upstream:short)%00%(objectname)%00%(upstream:track) refs/heads/submit_project3 refs/remotes/submit_project3 [1ms]
2022-12-10 04:23:22.528 [info] > git status -z -uall [4ms]
2022-12-10 04:23:22.530 [info] > git for-each-ref --sort -committerdate --format %(refname) %(objectname) %(*objectname) [2ms]
2022-12-10 04:24:50.950 [info] > git config --get commit.template [5ms]
2022-12-10 04:24:50.952 [info] > git for-each-ref --format=%(refname)%00%(upstream:short)%00%(objectname)%00%(upstream:track) refs/heads/submit_project3 refs/remotes/submit_project3 [2ms]
2022-12-10 04:24:50.962 [info] > git status -z -uall [5ms]
2022-12-10 04:24:50.964 [info] > git for-each-ref --sort -committerdate --format %(refname) %(objectname) %(*objectname) [3ms]
2022-12-10 04:25:06.037 [info] > git config --get commit.template [6ms]
2022-12-10 04:25:06.039 [info] > git for-each-ref --format=%(refname)%00%(upstream:short)%00%(objectname)%00%(upstream:track) refs/heads/submit_project3 refs/remotes/submit_project3 [3ms]
2022-12-10 04:25:06.050 [info] > git status -z -uall [7ms]
2022-12-10 04:25:06.051 [info] > git for-each-ref --sort -committerdate --format %(refname) %(objectname) %(*objectname) [3ms]
2022-12-10 04:31:29.411 [info] > git config --get commit.template [6ms]
2022-12-10 04:31:29.412 [info] > git for-each-ref --format=%(refname)%00%(upstream:short)%00%(objectname)%00%(upstream:track) refs/heads/submit_project3 refs/remotes/submit_project3 [2ms]
2022-12-10 04:31:29.422 [info] > git status -z -uall [5ms]
2022-12-10 04:31:29.423 [info] > git for-each-ref --sort -committerdate --format %(refname) %(objectname) %(*objectname) [2ms]
2022-12-10 04:32:25.761 [info] > git config --get commit.template [7ms]
2022-12-10 04:32:25.762 [info] > git for-each-ref --format=%(refname)%00%(upstream:short)%00%(objectname)%00%(upstream:track) refs/heads/submit_project3 refs/remotes/submit_project3 [2ms]
2022-12-10 04:32:25.774 [info] > git for-each-ref --sort -committerdate --format %(refname) %(objectname) %(*objectname) [2ms]
2022-12-10 04:32:25.774 [info] > git status -z -uall [7ms]
2022-12-10 04:32:49.079 [info] > git config --get commit.template [2ms]
2022-12-10 04:32:49.085 [info] > git for-each-ref --format=%(refname)%00%(upstream:short)%00%(objectname)%00%(upstream:track) refs/heads/submit_project3 refs/remotes/submit_project3 [2ms]
2022-12-10 04:32:49.098 [info] > git status -z -uall [8ms]
2022-12-10 04:32:49.098 [info] > git for-each-ref --sort -committerdate --format %(refname) %(objectname) %(*objectname) [3ms]
2022-12-10 04:32:59.845 [info] > git config --get commit.template [6ms]
2022-12-10 04:32:59.847 [info] > git for-each-ref --format=%(refname)%00%(upstream:short)%00%(objectname)%00%(upstream:track) refs/heads/submit_project3 refs/remotes/submit_project3 [2ms]
2022-12-10 04:32:59.859 [info] > git status -z -uall [7ms]
2022-12-10 04:32:59.859 [info] > git for-each-ref --sort -committerdate --format %(refname) %(objectname) %(*objectname) [3ms]
2022-12-10 04:33:27.780 [info] > git config --get commit.template [6ms]
2022-12-10 04:33:27.781 [info] > git for-each-ref --format=%(refname)%00%(upstream:short)%00%(objectname)%00%(upstream:track) refs/heads/submit_project3 refs/remotes/submit_project3 [1ms]
2022-12-10 04:33:27.793 [info] > git status -z -uall [6ms]
2022-12-10 04:33:27.793 [info] > git for-each-ref --sort -committerdate --format %(refname) %(objectname) %(*objectname) [3ms]
2022-12-10 04:33:32.809 [info] > git config --get commit.template [6ms]
2022-12-10 04:33:32.809 [info] > git for-each-ref --format=%(refname)%00%(upstream:short)%00%(objectname)%00%(upstream:track) refs/heads/submit_project3 refs/remotes/submit_project3 [1ms]
2022-12-10 04:33:32.820 [info] > git for-each-ref --sort -committerdate --format %(refname) %(objectname) %(*objectname) [2ms]
2022-12-10 04:33:32.821 [info] > git status -z -uall [6ms]
2022-12-10 04:35:21.457 [info] > git config --get commit.template [5ms]
2022-12-10 04:35:21.459 [info] > git for-each-ref --format=%(refname)%00%(upstream:short)%00%(objectname)%00%(upstream:track) refs/heads/submit_project3 refs/remotes/submit_project3 [1ms]
2022-12-10 04:35:21.471 [info] > git status -z -uall [7ms]
2022-12-10 04:35:21.471 [info] > git for-each-ref --sort -committerdate --format %(refname) %(objectname) %(*objectname) [2ms]
2022-12-10 04:38:40.252 [info] > git config --get commit.template [5ms]
2022-12-10 04:38:40.253 [info] > git for-each-ref --format=%(refname)%00%(upstream:short)%00%(objectname)%00%(upstream:track) refs/heads/submit_project3 refs/remotes/submit_project3 [2ms]
2022-12-10 04:38:40.264 [info] > git for-each-ref --sort -committerdate --format %(refname) %(objectname) %(*objectname) [2ms]
2022-12-10 04:38:40.266 [info] > git status -z -uall [8ms]
2022-12-10 04:38:58.755 [info] > git config --get commit.template [6ms]
2022-12-10 04:38:58.757 [info] > git for-each-ref --format=%(refname)%00%(upstream:short)%00%(objectname)%00%(upstream:track) refs/heads/submit_project3 refs/remotes/submit_project3 [2ms]
2022-12-10 04:38:58.765 [info] > git for-each-ref --sort -committerdate --format %(refname) %(objectname) %(*objectname) [1ms]
2022-12-10 04:38:58.767 [info] > git status -z -uall [6ms]
2022-12-10 04:39:50.687 [info] > git config --get commit.template [7ms]
2022-12-10 04:39:50.687 [info] > git for-each-ref --format=%(refname)%00%(upstream:short)%00%(objectname)%00%(upstream:track) refs/heads/submit_project3 refs/remotes/submit_project3 [1ms]
2022-12-10 04:39:50.696 [info] > git status -z -uall [5ms]
2022-12-10 04:39:50.696 [info] > git for-each-ref --sort -committerdate --format %(refname) %(objectname) %(*objectname) [2ms]
2022-12-10 04:40:14.282 [info] > git show --textconv :src/lib/kernel/hash.c [6ms]
2022-12-10 04:40:14.284 [info] > git ls-files --stage -- /home/team11/pintos/src/lib/kernel/hash.c [3ms]
2022-12-10 04:40:14.290 [info] > git cat-file -s 57eed450c91cc5dbae214445d16b72f52d7a7c3c [2ms]
2022-12-10 04:40:47.655 [info] > git show --textconv :src/lib/kernel/list.c [7ms]
2022-12-10 04:40:47.656 [info] > git ls-files --stage -- /home/team11/pintos/src/lib/kernel/list.c [3ms]
2022-12-10 04:40:47.662 [info] > git cat-file -s 316d9ef64cd166e6422117f9c914efde5c5fdfde [2ms]
2022-12-10 04:58:04.835 [info] > git config --get commit.template [5ms]
2022-12-10 04:58:04.836 [info] > git for-each-ref --format=%(refname)%00%(upstream:short)%00%(objectname)%00%(upstream:track) refs/heads/submit_project3 refs/remotes/submit_project3 [2ms]
2022-12-10 04:58:04.847 [info] > git status -z -uall [6ms]
2022-12-10 04:58:04.848 [info] > git for-each-ref --sort -committerdate --format %(refname) %(objectname) %(*objectname) [3ms]
2022-12-10 04:59:02.442 [info] > git config --get commit.template [7ms]
2022-12-10 04:59:02.443 [info] > git for-each-ref --format=%(refname)%00%(upstream:short)%00%(objectname)%00%(upstream:track) refs/heads/submit_project3 refs/remotes/submit_project3 [2ms]
2022-12-10 04:59:02.456 [info] > git status -z -uall [7ms]
2022-12-10 04:59:02.457 [info] > git for-each-ref --sort -committerdate --format %(refname) %(objectname) %(*objectname) [3ms]
2022-12-10 05:02:41.004 [info] > git config --get commit.template [7ms]
2022-12-10 05:02:41.005 [info] > git for-each-ref --format=%(refname)%00%(upstream:short)%00%(objectname)%00%(upstream:track) refs/heads/submit_project3 refs/remotes/submit_project3 [3ms]
2022-12-10 05:02:41.014 [info] > git status -z -uall [5ms]
2022-12-10 05:02:41.015 [info] > git for-each-ref --sort -committerdate --format %(refname) %(objectname) %(*objectname) [2ms]
2022-12-10 05:02:48.738 [info] > git show --textconv :src/userprog/syscall.h [6ms]
2022-12-10 05:02:48.741 [info] > git ls-files --stage -- /home/team11/pintos/src/userprog/syscall.h [2ms]
2022-12-10 05:02:48.747 [info] > git cat-file -s 90590967a9f96f9ea359d15c672b815dfb4379cb [2ms]
2022-12-10 05:04:55.293 [info] > git config --get commit.template [8ms]
2022-12-10 05:04:55.294 [info] > git for-each-ref --format=%(refname)%00%(upstream:short)%00%(objectname)%00%(upstream:track) refs/heads/submit_project3 refs/remotes/submit_project3 [3ms]
2022-12-10 05:04:55.303 [info] > git status -z -uall [5ms]
2022-12-10 05:04:55.305 [info] > git for-each-ref --sort -committerdate --format %(refname) %(objectname) %(*objectname) [2ms]
2022-12-10 05:05:52.298 [info] > git config --get commit.template [6ms]
2022-12-10 05:05:52.300 [info] > git for-each-ref --format=%(refname)%00%(upstream:short)%00%(objectname)%00%(upstream:track) refs/heads/submit_project3 refs/remotes/submit_project3 [3ms]
2022-12-10 05:05:52.309 [info] > git for-each-ref --sort -committerdate --format %(refname) %(objectname) %(*objectname) [2ms]
2022-12-10 05:05:52.310 [info] > git status -z -uall [6ms]
2022-12-10 05:14:05.441 [info] > git show --textconv :src/userprog/pagedir.c [8ms]
2022-12-10 05:14:05.442 [info] > git ls-files --stage -- /home/team11/pintos/src/userprog/pagedir.c [2ms]
2022-12-10 05:14:05.448 [info] > git cat-file -s a6a87b827ba16a12157d94df6f2a7233b7c59e8e [2ms]
2022-12-10 05:19:10.398 [info] > git config --get commit.template [6ms]
2022-12-10 05:19:10.400 [info] > git for-each-ref --format=%(refname)%00%(upstream:short)%00%(objectname)%00%(upstream:track) refs/heads/submit_project3 refs/remotes/submit_project3 [3ms]
2022-12-10 05:19:10.410 [info] > git status -z -uall [5ms]
2022-12-10 05:19:10.412 [info] > git for-each-ref --sort -committerdate --format %(refname) %(objectname) %(*objectname) [2ms]
2022-12-10 05:19:30.674 [info] > git config --get commit.template [7ms]
2022-12-10 05:19:30.676 [info] > git for-each-ref --format=%(refname)%00%(upstream:short)%00%(objectname)%00%(upstream:track) refs/heads/submit_project3 refs/remotes/submit_project3 [3ms]
2022-12-10 05:19:30.687 [info] > git status -z -uall [7ms]
2022-12-10 05:19:30.687 [info] > git for-each-ref --sort -committerdate --format %(refname) %(objectname) %(*objectname) [2ms]
2022-12-10 05:20:10.966 [info] > git config --get commit.template [7ms]
2022-12-10 05:20:10.967 [info] > git for-each-ref --format=%(refname)%00%(upstream:short)%00%(objectname)%00%(upstream:track) refs/heads/submit_project3 refs/remotes/submit_project3 [2ms]
2022-12-10 05:20:10.979 [info] > git status -z -uall [7ms]
2022-12-10 05:20:10.980 [info] > git for-each-ref --sort -committerdate --format %(refname) %(objectname) %(*objectname) [3ms]
2022-12-10 05:21:05.310 [info] > git config --get commit.template [8ms]
2022-12-10 05:21:05.311 [info] > git for-each-ref --format=%(refname)%00%(upstream:short)%00%(objectname)%00%(upstream:track) refs/heads/submit_project3 refs/remotes/submit_project3 [3ms]
2022-12-10 05:21:05.324 [info] > git for-each-ref --sort -committerdate --format %(refname) %(objectname) %(*objectname) [3ms]
2022-12-10 05:21:05.324 [info] > git status -z -uall [8ms]
2022-12-10 05:21:18.208 [info] > git config --get commit.template [8ms]
2022-12-10 05:21:18.210 [info] > git for-each-ref --format=%(refname)%00%(upstream:short)%00%(objectname)%00%(upstream:track) refs/heads/submit_project3 refs/remotes/submit_project3 [3ms]
2022-12-10 05:21:18.220 [info] > git status -z -uall [6ms]
2022-12-10 05:21:18.222 [info] > git for-each-ref --sort -committerdate --format %(refname) %(objectname) %(*objectname) [3ms]
2022-12-10 05:22:34.436 [info] > git config --get commit.template [4ms]
2022-12-10 05:22:34.436 [info] > git for-each-ref --format=%(refname)%00%(upstream:short)%00%(objectname)%00%(upstream:track) refs/heads/submit_project3 refs/remotes/submit_project3 [0ms]
2022-12-10 05:22:34.447 [info] > git status -z -uall [5ms]
2022-12-10 05:22:34.448 [info] > git for-each-ref --sort -committerdate --format %(refname) %(objectname) %(*objectname) [2ms]
2022-12-10 05:22:45.877 [info] > git config --get commit.template [5ms]
2022-12-10 05:22:45.879 [info] > git for-each-ref --format=%(refname)%00%(upstream:short)%00%(objectname)%00%(upstream:track) refs/heads/submit_project3 refs/remotes/submit_project3 [2ms]
2022-12-10 05:22:45.890 [info] > git status -z -uall [7ms]
2022-12-10 05:22:45.891 [info] > git for-each-ref --sort -committerdate --format %(refname) %(objectname) %(*objectname) [3ms]
